1443710671.246043 [97163] Logging in
1443710674.7111769 [97163] size: 272011 elapsed_time: 2.5552680492401123
1443710677.8949518 [97163] size: 265337 elapsed_time: 3.183696746826172
1443710680.313736 [97163] size: 265606 elapsed_time: 2.418708086013794
1443710682.451627 [97163] size: 70377 elapsed_time: 2.137807846069336
1443710685.226222 [97163] size: 99254 elapsed_time: 2.7745232582092285
1443710686.957464 [97163] size: 41145 elapsed_time: 1.731147050857544
1443710690.128743 [97163] size: 5401221 elapsed_time: 3.1712069511413574
1443710693.38648 [97163] size: 6554544 elapsed_time: 3.257668972015381
1443710695.534857 [97163] size: 2617607 elapsed_time: 2.1482949256896973
1443710699.0615108 [97163] size: 131047 elapsed_time: 3.5265820026397705
1443710705.2612858 [97163] size: 272011 elapsed_time: 6.199674129486084
1443710708.258326 [97163] size: 265337 elapsed_time: 2.9969780445098877
1443710711.9509 [97163] size: 265606 elapsed_time: 3.6925101280212402
1443710713.085533 [97163] size: 70377 elapsed_time: 1.134565830230713
1443710715.166979 [97163] size: 99254 elapsed_time: 2.081329107284546
1443710717.0808582 [97163] size: 41145 elapsed_time: 1.9138109683990479
1443710719.9643352 [97163] size: 5401221 elapsed_time: 2.883410930633545
1443710723.920518 [97163] size: 6554544 elapsed_time: 3.956120252609253
1443710726.815569 [97163] size: 2617607 elapsed_time: 2.8949761390686035
1443710730.404035 [97163] size: 131047 elapsed_time: 3.588369131088257
1443710734.323603 [97163] size: 272011 elapsed_time: 3.919394016265869
1443710737.435006 [97163] size: 265337 elapsed_time: 3.1113240718841553
1443710742.443119 [97163] size: 265606 elapsed_time: 5.008050203323364
1443710747.300562 [97163] size: 70377 elapsed_time: 4.857347249984741
1443710757.18798 [97163] size: 99254 elapsed_time: 9.887133836746216
1443710768.4445472 [97163] size: 41145 elapsed_time: 11.256486892700195
1443710782.7878458 [97163] size: 5401221 elapsed_time: 14.343169689178467
1443710797.210148 [97163] size: 6554544 elapsed_time: 14.422199010848999
1443710801.779099 [97163] size: 2617607 elapsed_time: 4.568873882293701
1443710806.259286 [97163] size: 131047 elapsed_time: 4.480114936828613
1443710816.119245 [97163] size: 272011 elapsed_time: 9.85982084274292
1443710830.659797 [97163] size: 265337 elapsed_time: 14.54047679901123
1443710851.311881 [97163] size: 265606 elapsed_time: 20.65200686454773
1443710880.2671008 [97163] size: 70377 elapsed_time: 28.955103874206543
1443710940.057755 [97163] size: 99254 elapsed_time: 59.79056692123413
1443711000.056034 [97163] size: 41145 elapsed_time: 59.99819803237915
1443711043.590189 [97163] size: 5401221 elapsed_time: 43.5340359210968
1443711075.174602 [97163] size: 6554544 elapsed_time: 31.584336042404175
1443711116.199125 [97163] size: 2617607 elapsed_time: 41.02443194389343
1443711150.455883 [97163] size: 131047 elapsed_time: 34.25664281845093
1443711168.399873 [97163] size: 272011 elapsed_time: 17.94386911392212
1443711187.536653 [97163] size: 265337 elapsed_time: 19.13668990135193
1443711216.063787 [97163] size: 265606 elapsed_time: 28.527052879333496
1443711276.059721 [97163] size: 70377 elapsed_time: 59.99584698677063
1443711314.2117949 [97163] size: 99254 elapsed_time: 38.1519877910614
1443711375.060574 [97163] size: 41145 elapsed_time: 60.84870481491089
1443711413.7883918 [97163] size: 5401221 elapsed_time: 38.727739095687866
1443711460.930064 [97163] size: 6554544 elapsed_time: 47.14158272743225
1443711484.714139 [97163] size: 2617607 elapsed_time: 23.783995151519775
1443711496.076896 [97163] size: 131047 elapsed_time: 11.362663745880127
1443711556.062295 [97163] size: 272011 elapsed_time: 59.98516392707825
1443711616.064342 [97163] size: 265337 elapsed_time: 60.00196313858032
1443711668.526356 [97163] size: 265606 elapsed_time: 52.46184492111206
1443711710.4234638 [97163] size: 70377 elapsed_time: 41.89701867103577
1443711733.32972 [97163] size: 99254 elapsed_time: 22.906187057495117
1443711793.065807 [97163] size: 41145 elapsed_time: 59.73599100112915
1443711854.0692239 [97163] size: 5401221 elapsed_time: 61.003308057785034
1443711876.0689752 [97163] size: 6554544 elapsed_time: 21.999648809432983
1443711884.155073 [97163] size: 2617607 elapsed_time: 8.085984945297241
1443711915.491938 [97163] size: 131047 elapsed_time: 31.336764097213745
1443711976.070081 [97163] size: 272011 elapsed_time: 60.57801818847656
1443712036.0728152 [97163] size: 265337 elapsed_time: 60.002644062042236
1443712077.588613 [97163] size: 265606 elapsed_time: 41.515713930130005
1443712093.948548 [97163] size: 70377 elapsed_time: 16.359822034835815
1443712100.450953 [97163] size: 99254 elapsed_time: 6.502325057983398
1443712115.044731 [97163] size: 41145 elapsed_time: 14.593656063079834
1443712129.1794949 [97163] size: 5401221 elapsed_time: 14.134682893753052
1443712132.317139 [97163] size: 6554544 elapsed_time: 3.137510061264038
1443712133.886312 [97163] size: 2617607 elapsed_time: 1.5690860748291016
1443712134.6811252 [97163] size: 131047 elapsed_time: 0.7947127819061279
1443712138.4386802 [97163] size: 272011 elapsed_time: 3.757430076599121
1443712144.3426712 [97163] size: 265337 elapsed_time: 5.903918981552124
1443712147.5065331 [97163] size: 265606 elapsed_time: 3.163778066635132
1443712149.7543309 [97163] size: 70377 elapsed_time: 2.2476961612701416
1443712150.560027 [97163] size: 99254 elapsed_time: 0.8055999279022217
1443712152.567522 [97163] size: 41145 elapsed_time: 2.0074009895324707
1443712156.173027 [97163] size: 5401221 elapsed_time: 3.605412244796753
1443712159.9699562 [97163] size: 6554544 elapsed_time: 3.796849012374878
1443712162.937846 [97163] size: 2617607 elapsed_time: 2.9678151607513428
1443712164.927358 [97163] size: 131047 elapsed_time: 1.9894280433654785
1443712168.004456 [97163] size: 272011 elapsed_time: 3.0769829750061035
1443712174.0707579 [97163] size: 265337 elapsed_time: 6.066230058670044
1443712177.118784 [97163] size: 265606 elapsed_time: 3.0479559898376465
1443712178.037106 [97163] size: 70377 elapsed_time: 0.9182488918304443
1443712179.868055 [97163] size: 99254 elapsed_time: 1.8308727741241455
1443712181.820533 [97163] size: 41145 elapsed_time: 1.9524061679840088
1443712184.9002938 [97163] size: 5401221 elapsed_time: 3.0796868801116943
1443712190.305978 [97163] size: 6554544 elapsed_time: 5.405611038208008
1443712191.9885461 [97163] size: 2617607 elapsed_time: 1.6824991703033447
1443712194.346992 [97163] size: 131047 elapsed_time: 2.358372211456299
1443712198.0400152 [97163] size: 272011 elapsed_time: 3.6929171085357666
1443712202.9473531 [97163] size: 265337 elapsed_time: 4.90726900100708
1443712205.100756 [97163] size: 265606 elapsed_time: 2.153329849243164
1443712206.3331058 [97163] size: 70377 elapsed_time: 1.2322289943695068
1443712208.245486 [97163] size: 99254 elapsed_time: 1.912297010421753
1443712209.5873349 [97163] size: 41145 elapsed_time: 1.341784954071045
1443712213.3951979 [97163] size: 5401221 elapsed_time: 3.8077900409698486
1443712217.071912 [97163] size: 6554544 elapsed_time: 3.676647186279297
1443712218.8793752 [97163] size: 2617607 elapsed_time: 1.8073909282684326
1443712221.148617 [97163] size: 131047 elapsed_time: 2.269179344177246
1443712224.15013 [97163] size: 272011 elapsed_time: 3.0013949871063232
1443712228.15405 [97163] size: 265337 elapsed_time: 4.003849029541016
1443712233.672996 [97163] size: 265606 elapsed_time: 5.518864154815674
1443712234.8557491 [97163] size: 70377 elapsed_time: 1.1826868057250977
1443712236.68985 [97163] size: 99254 elapsed_time: 1.8340260982513428
1443712238.9485178 [97163] size: 41145 elapsed_time: 2.2585289478302
1443712242.328595 [97163] size: 5401221 elapsed_time: 3.379918098449707
1443712246.2958431 [97163] size: 6554544 elapsed_time: 3.96714186668396
1443712247.838141 [97163] size: 2617607 elapsed_time: 1.542207956314087
1443712249.64389 [97163] size: 131047 elapsed_time: 1.8056790828704834
1443712253.164248 [97163] size: 272011 elapsed_time: 3.520259141921997
1443712258.859228 [97163] size: 265337 elapsed_time: 5.694825172424316
1443712263.1680799 [97163] size: 265606 elapsed_time: 4.308734893798828
1443712264.524149 [97163] size: 70377 elapsed_time: 1.35599398612976071443710678.941482 [97182] Logging in
1443710684.168132 [97182] size: 272011 elapsed_time: 2.690896987915039
1443710687.789475 [97182] size: 265337 elapsed_time: 3.6212737560272217
1443710691.2754052 [97182] size: 265606 elapsed_time: 3.485872268676758
1443710694.244739 [97182] size: 70377 elapsed_time: 2.969266891479492
1443710695.5812328 [97182] size: 99254 elapsed_time: 1.3364322185516357
1443710698.8008718 [97182] size: 41145 elapsed_time: 3.2195730209350586
1443710702.938996 [97182] size: 5401221 elapsed_time: 4.138048887252808
1443710706.97213 [97182] size: 6554544 elapsed_time: 4.033057928085327
1443710710.191669 [97182] size: 2617607 elapsed_time: 3.2194621562957764
1443710712.253819 [97182] size: 131047 elapsed_time: 2.0620808601379395
1443710714.848701 [97182] size: 272011 elapsed_time: 2.5947718620300293
1443710717.8107688 [97182] size: 265337 elapsed_time: 2.961993932723999
1443710720.783896 [97182] size: 265606 elapsed_time: 2.9730448722839355
1443710724.64976 [97182] size: 70377 elapsed_time: 3.8657989501953125
1443710726.901004 [97182] size: 99254 elapsed_time: 2.2511377334594727
1443710730.654614 [97182] size: 41145 elapsed_time: 3.7535347938537598
1443710734.2415528 [97182] size: 5401221 elapsed_time: 3.586862802505493
1443710738.0362802 [97182] size: 6554544 elapsed_time: 3.794633150100708
1443710742.341034 [97182] size: 2617607 elapsed_time: 4.304672002792358
1443710747.269815 [97182] size: 131047 elapsed_time: 4.928619861602783
1443710758.5231261 [97182] size: 272011 elapsed_time: 11.253178119659424
1443710771.262316 [97182] size: 265337 elapsed_time: 12.739097118377686
1443710786.433387 [97182] size: 265606 elapsed_time: 15.171005964279175
1443710798.174677 [97182] size: 70377 elapsed_time: 11.741209030151367
1443710801.824882 [97182] size: 99254 elapsed_time: 3.650099039077759
1443710806.026022 [97182] size: 41145 elapsed_time: 4.201073169708252
1443710814.595079 [97182] size: 5401221 elapsed_time: 8.56895899772644
1443710828.72075 [97182] size: 6554544 elapsed_time: 14.125585079193115
1443710847.745265 [97182] size: 2617607 elapsed_time: 19.02445077896118
1443710869.7876108 [97182] size: 131047 elapsed_time: 22.042277812957764
1443710887.438154 [97182] size: 272011 elapsed_time: 17.650379180908203
1443710910.8563929 [97182] size: 265337 elapsed_time: 23.418161869049072
1443710941.957014 [97182] size: 265606 elapsed_time: 31.10054087638855
1443710979.888084 [97182] size: 70377 elapsed_time: 37.93098282814026
1443711040.095307 [97182] size: 99254 elapsed_time: 60.20714807510376
1443711083.265106 [97182] size: 41145 elapsed_time: 43.169724225997925
1443711125.8785868 [97182] size: 5401221 elapsed_time: 42.61340308189392
1443711154.9407842 [97182] size: 6554544 elapsed_time: 29.062089204788208
1443711170.9449759 [97182] size: 2617607 elapsed_time: 16.004114866256714
1443711193.807662 [97182] size: 131047 elapsed_time: 22.862603902816772
1443711213.1156201 [97182] size: 272011 elapsed_time: 19.30784797668457
1443711231.417755 [97182] size: 265337 elapsed_time: 18.302043676376343
1443711252.838942 [97182] size: 265606 elapsed_time: 21.421108961105347
1443711274.066644 [97182] size: 70377 elapsed_time: 21.227626085281372
1443711322.125129 [97182] size: 99254 elapsed_time: 48.058379888534546
1443711382.059403 [97182] size: 41145 elapsed_time: 59.93414902687073
1443711422.886762 [97182] size: 5401221 elapsed_time: 40.827290058135986
1443711483.061855 [97182] size: 6554544 elapsed_time: 60.174999952316284
1443711543.063024 [97182] size: 2617607 elapsed_time: 60.00110220909119
1443711597.008617 [97182] size: 131047 elapsed_time: 53.945523262023926
1443711657.063482 [97182] size: 272011 elapsed_time: 60.05473613739014
1443711717.0643048 [97182] size: 265337 elapsed_time: 60.00072979927063
1443711777.066355 [97182] size: 265606 elapsed_time: 60.00190806388855
1443711837.067837 [97182] size: 70377 elapsed_time: 60.00140118598938
1443711868.2267258 [97182] size: 99254 elapsed_time: 31.158799171447754
1443711878.508152 [97182] size: 41145 elapsed_time: 10.281360149383545
1443711939.0678132 [97182] size: 5401221 elapsed_time: 60.55955100059509
1443711971.044362 [97182] size: 6554544 elapsed_time: 31.976468086242676
1443712031.070632 [97182] size: 2617607 elapsed_time: 60.026183128356934
1443712069.226061 [97182] size: 131047 elapsed_time: 38.155340909957886
1443712093.733412 [97182] size: 272011 elapsed_time: 24.507147073745728
1443712101.0305002 [97182] size: 265337 elapsed_time: 7.296993970870972
1443712118.972888 [97182] size: 265606 elapsed_time: 17.94232201576233
1443712129.1773171 [97182] size: 70377 elapsed_time: 10.20435881614685
1443712129.9191942 [97182] size: 99254 elapsed_time: 0.7417080402374268
1443712132.6428192 [97182] size: 41145 elapsed_time: 2.723508834838867
1443712134.3936 [97182] size: 5401221 elapsed_time: 1.7506701946258545
1443712138.8552818 [97182] size: 6554544 elapsed_time: 4.4615209102630615
1443712143.27724 [97182] size: 2617607 elapsed_time: 4.4218590259552
1443712146.086556 [97182] size: 131047 elapsed_time: 2.8092339038848877
1443712148.582428 [97182] size: 272011 elapsed_time: 2.495760202407837
1443712151.1543438 [97182] size: 265337 elapsed_time: 2.571824789047241
1443712154.2023911 [97182] size: 265606 elapsed_time: 3.0479800701141357
1443712156.566518 [97182] size: 70377 elapsed_time: 2.364051103591919
1443712157.2890759 [97182] size: 99254 elapsed_time: 0.7224798202514648
1443712159.359135 [97182] size: 41145 elapsed_time: 2.0699920654296875
1443712162.105626 [97182] size: 5401221 elapsed_time: 2.7464168071746826
1443712165.086282 [97182] size: 6554544 elapsed_time: 2.9805822372436523
1443712167.935939 [97182] size: 2617607 elapsed_time: 2.8495829105377197
1443712171.615018 [97182] size: 131047 elapsed_time: 3.679003953933716
1443712175.377393 [97182] size: 272011 elapsed_time: 3.7622578144073486
1443712178.2381592 [97182] size: 265337 elapsed_time: 2.8606910705566406
1443712181.7571478 [97182] size: 265606 elapsed_time: 3.5189151763916016
1443712182.765315 [97182] size: 70377 elapsed_time: 1.0080931186676025
1443712185.145719 [97182] size: 99254 elapsed_time: 2.380328893661499
1443712186.380801 [97182] size: 41145 elapsed_time: 1.2350120544433594
1443712190.2271318 [97182] size: 5401221 elapsed_time: 3.846254825592041
1443712194.5808809 [97182] size: 6554544 elapsed_time: 4.353668928146362
1443712199.0256221 [97182] size: 2617607 elapsed_time: 4.4446656703948975
1443712203.3253272 [97182] size: 131047 elapsed_time: 4.299615144729614
1443712206.166475 [97182] size: 272011 elapsed_time: 2.8410348892211914
1443712209.276839 [97182] size: 265337 elapsed_time: 3.110291004180908
1443712213.395125 [97182] size: 265606 elapsed_time: 4.1181440353393555
1443712214.532671 [97182] size: 70377 elapsed_time: 1.1373980045318604
1443712217.347723 [97182] size: 99254 elapsed_time: 2.8149430751800537
1443712218.030165 [97182] size: 41145 elapsed_time: 0.6823699474334717
1443712220.864513 [97182] size: 5401221 elapsed_time: 2.8342809677124023
1443712224.2298582 [97182] size: 6554544 elapsed_time: 3.3652358055114746
1443712227.987616 [97182] size: 2617607 elapsed_time: 3.7576310634613037
1443712231.5964851 [97182] size: 131047 elapsed_time: 3.608793020248413
1443712234.638241 [97182] size: 272011 elapsed_time: 3.0416109561920166
1443712236.442858 [97182] size: 265337 elapsed_time: 1.8045141696929932
1443712239.591545 [97182] size: 265606 elapsed_time: 3.148611068725586
1443712242.811098 [97182] size: 70377 elapsed_time: 3.2194528579711914
1443712246.324178 [97182] size: 99254 elapsed_time: 3.512938976287842
1443712246.9296541 [97182] size: 41145 elapsed_time: 0.6053640842437744
1443712249.647163 [97182] size: 5401221 elapsed_time: 2.717412233352661
1443712253.0251021 [97182] size: 6554544 elapsed_time: 3.3777759075164795
1443712256.4299278 [97182] size: 2617607 elapsed_time: 3.4046852588653564
1443712261.014709 [97182] size: 131047 elapsed_time: 4.584709882736206
1443712264.5663328 [97182] size: 272011 elapsed_time: 3.551530122756958
1443712267.14449 [97182] size: 265337 elapsed_time: 2.5780632495880127
1443712271.455746 [97182] size: 265606 elapsed_time: 4.311149835586548
1443712272.7873049 [97182] size: 70377 elapsed_time: 1.33148598670959471443710673.7600331 [97167] Logging in
1443710679.392025 [97167] size: 272011 elapsed_time: 4.030339002609253
1443710683.2544131 [97167] size: 265337 elapsed_time: 3.8623228073120117
1443710686.750557 [97167] size: 265606 elapsed_time: 3.4960739612579346
1443710688.00797 [97167] size: 70377 elapsed_time: 1.2573211193084717
1443710690.3965929 [97167] size: 99254 elapsed_time: 2.388551950454712
1443710691.1168299 [97167] size: 41145 elapsed_time: 0.7201669216156006
1443710694.647988 [97167] size: 5401221 elapsed_time: 3.531087875366211
1443710698.9212632 [97167] size: 6554544 elapsed_time: 4.273205041885376
1443710703.125213 [97167] size: 2617607 elapsed_time: 4.203840970993042
1443710704.7404082 [97167] size: 131047 elapsed_time: 1.6151330471038818
1443710711.113556 [97167] size: 272011 elapsed_time: 6.373003005981445
1443710713.834501 [97167] size: 265337 elapsed_time: 2.720863103866577
1443710716.7685661 [97167] size: 265606 elapsed_time: 2.933995008468628
1443710717.810848 [97167] size: 70377 elapsed_time: 1.0421710014343262
1443710719.517014 [97167] size: 99254 elapsed_time: 1.706056833267212
1443710720.3941052 [97167] size: 41145 elapsed_time: 0.8770217895507812
1443710726.3914728 [97167] size: 5401221 elapsed_time: 5.99729585647583
1443710730.4079602 [97167] size: 6554544 elapsed_time: 4.01638126373291
1443710732.281194 [97167] size: 2617607 elapsed_time: 1.873161792755127
1443710735.045909 [97167] size: 131047 elapsed_time: 2.7645859718322754
1443710741.3156621 [97167] size: 272011 elapsed_time: 6.269648313522339
1443710747.014842 [97167] size: 265337 elapsed_time: 5.699106931686401
1443710756.9144871 [97167] size: 265606 elapsed_time: 9.899578094482422
1443710768.168688 [97167] size: 70377 elapsed_time: 11.25409984588623
1443710781.035101 [97167] size: 99254 elapsed_time: 12.866289138793945
1443710793.941459 [97167] size: 41145 elapsed_time: 12.906288862228394
1443710801.195091 [97167] size: 5401221 elapsed_time: 7.253567934036255
1443710806.1616 [97167] size: 6554544 elapsed_time: 4.966436147689819
1443710815.791022 [97167] size: 2617607 elapsed_time: 9.629348993301392
1443710828.762963 [97167] size: 131047 elapsed_time: 12.97186279296875
1443710848.6410182 [97167] size: 272011 elapsed_time: 19.877936840057373
1443710868.506162 [97167] size: 265337 elapsed_time: 19.865056037902832
1443710903.331381 [97167] size: 265606 elapsed_time: 34.82515001296997
1443710963.080765 [97167] size: 70377 elapsed_time: 59.74926686286926
1443711002.16705 [97167] size: 99254 elapsed_time: 39.08620643615723
1443711063.066232 [97167] size: 41145 elapsed_time: 60.89911508560181
1443711094.852066 [97167] size: 5401221 elapsed_time: 31.785757064819336
1443711155.064229 [97167] size: 6554544 elapsed_time: 60.21208691596985
1443711171.735181 [97167] size: 2617607 elapsed_time: 16.670855045318604
1443711189.599778 [97167] size: 131047 elapsed_time: 17.8645281791687
1443711211.3783932 [97167] size: 272011 elapsed_time: 21.778490781784058
1443711271.066665 [97167] size: 265337 elapsed_time: 59.6881799697876
1443711310.5567281 [97167] size: 265606 elapsed_time: 39.489952087402344
1443711368.7372859 [97167] size: 70377 elapsed_time: 58.18046283721924
1443711390.171233 [97167] size: 99254 elapsed_time: 21.433860301971436
1443711412.5963771 [97167] size: 41145 elapsed_time: 22.42506504058838
1443711473.0704498 [97167] size: 5401221 elapsed_time: 60.47400522232056
1443711534.064225 [97167] size: 6554544 elapsed_time: 60.99368190765381
1443711594.067657 [97167] size: 2617607 elapsed_time: 60.003296852111816
1443711654.064734 [97167] size: 131047 elapsed_time: 59.99694514274597
1443711714.068039 [97167] size: 272011 elapsed_time: 60.00320291519165
1443711774.0664861 [97167] size: 265337 elapsed_time: 59.99836301803589
1443711834.066388 [97167] size: 265606 elapsed_time: 59.99980902671814
1443711894.0685089 [97167] size: 70377 elapsed_time: 60.00197505950928
1443711907.856447 [97167] size: 99254 elapsed_time: 13.787875890731812
1443711968.0683992 [97167] size: 41145 elapsed_time: 60.2118821144104
1443712027.919765 [97167] size: 5401221 elapsed_time: 59.851284980773926
1443712061.970287 [97167] size: 6554544 elapsed_time: 34.050451040267944
1443712091.1597419 [97167] size: 2617607 elapsed_time: 29.189385175704956
1443712097.420332 [97167] size: 131047 elapsed_time: 6.260498285293579
1443712110.912489 [97167] size: 272011 elapsed_time: 13.492012739181519
1443712127.059201 [97167] size: 265337 elapsed_time: 16.146644830703735
1443712132.396596 [97167] size: 265606 elapsed_time: 5.337278842926025
1443712133.0301929 [97167] size: 70377 elapsed_time: 0.633530855178833
1443712134.113481 [97167] size: 99254 elapsed_time: 1.083211898803711
1443712134.882018 [97167] size: 41145 elapsed_time: 0.7684421539306641
1443712142.3724911 [97167] size: 5401221 elapsed_time: 7.490403890609741
1443712146.193791 [97167] size: 6554544 elapsed_time: 3.821164131164551
1443712149.505078 [97167] size: 2617607 elapsed_time: 3.3112189769744873
1443712150.266199 [97167] size: 131047 elapsed_time: 0.7610170841217041
1443712153.3290298 [97167] size: 272011 elapsed_time: 3.0627200603485107
1443712157.469253 [97167] size: 265337 elapsed_time: 4.14015793800354
1443712162.089547 [97167] size: 265606 elapsed_time: 4.620208740234375
1443712163.06742 [97167] size: 70377 elapsed_time: 0.977787971496582
1443712165.108566 [97167] size: 99254 elapsed_time: 2.0410680770874023
1443712167.01525 [97167] size: 41145 elapsed_time: 1.9066238403320312
1443712170.28066 [97167] size: 5401221 elapsed_time: 3.265350818634033
1443712174.273025 [97167] size: 6554544 elapsed_time: 3.9922640323638916
1443712176.5336142 [97167] size: 2617607 elapsed_time: 2.2605109214782715
1443712177.729562 [97167] size: 131047 elapsed_time: 1.19588303565979
1443712180.636271 [97167] size: 272011 elapsed_time: 2.9065942764282227
1443712184.826984 [97167] size: 265337 elapsed_time: 4.190642833709717
1443712188.390246 [97167] size: 265606 elapsed_time: 3.5631821155548096
1443712190.5411031 [97167] size: 70377 elapsed_time: 2.150787115097046
1443712192.3174882 [97167] size: 99254 elapsed_time: 1.7763099670410156
1443712194.35059 [97167] size: 41145 elapsed_time: 2.0330159664154053
1443712198.042036 [97167] size: 5401221 elapsed_time: 3.691356897354126
1443712203.543602 [97167] size: 6554544 elapsed_time: 5.501504898071289
1443712205.871677 [97167] size: 2617607 elapsed_time: 2.3280019760131836
1443712206.554949 [97167] size: 131047 elapsed_time: 0.6831402778625488
1443712210.448224 [97167] size: 272011 elapsed_time: 3.8931570053100586
1443712214.35479 [97167] size: 265337 elapsed_time: 3.906489133834839
1443712217.851338 [97167] size: 265606 elapsed_time: 3.4964349269866943
1443712218.773525 [97167] size: 70377 elapsed_time: 0.9221158027648926
1443712220.858798 [97167] size: 99254 elapsed_time: 2.0852019786834717
1443712221.443126 [97167] size: 41145 elapsed_time: 0.5842571258544922
1443712227.0882828 [97167] size: 5401221 elapsed_time: 5.645044803619385
1443712231.747252 [97167] size: 6554544 elapsed_time: 4.658890962600708
1443712234.445438 [97167] size: 2617607 elapsed_time: 2.6981189250946045
1443712235.148862 [97167] size: 131047 elapsed_time: 0.7033469676971436
1443712238.8922791 [97167] size: 272011 elapsed_time: 3.743302822113037
1443712242.2762182 [97167] size: 265337 elapsed_time: 3.383852005004883
1443712246.266054 [97167] size: 265606 elapsed_time: 3.989750862121582
1443712246.893204 [97167] size: 70377 elapsed_time: 0.6270339488983154
1443712248.0533319 [97167] size: 99254 elapsed_time: 1.1600611209869385
1443712249.795818 [97167] size: 41145 elapsed_time: 1.7423648834228516
1443712254.703202 [97167] size: 5401221 elapsed_time: 4.907294273376465
1443712259.14884 [97167] size: 6554544 elapsed_time: 4.445547103881836
1443712262.003225 [97167] size: 2617607 elapsed_time: 2.8543059825897217
1443712264.261535 [97167] size: 131047 elapsed_time: 2.25822377204895
1443712266.232917 [97167] size: 272011 elapsed_time: 1.9712779521942139
1443712269.302786 [97167] size: 265337 elapsed_time: 3.0697810649871826
1443712275.139866 [97167] size: 265606 elapsed_time: 5.836977243423462
1443712275.8000598 [97167] size: 70377 elapsed_time: 0.66012477874755861443710676.797858 [97178] Logging in
1443710682.0357718 [97178] size: 272011 elapsed_time: 3.8350207805633545
1443710685.357336 [97178] size: 265337 elapsed_time: 3.321485996246338
1443710689.8249128 [97178] size: 265606 elapsed_time: 4.46749472618103
1443710690.6365938 [97178] size: 70377 elapsed_time: 0.8116028308868408
1443710691.412251 [97178] size: 99254 elapsed_time: 0.7755870819091797
1443710694.52295 [97178] size: 41145 elapsed_time: 3.1106159687042236
1443710697.618741 [97178] size: 5401221 elapsed_time: 3.0957229137420654
1443710700.935966 [97178] size: 6554544 elapsed_time: 3.317157030105591
1443710704.178659 [97178] size: 2617607 elapsed_time: 3.2426161766052246
1443710706.9232352 [97178] size: 131047 elapsed_time: 2.744418144226074
1443710709.44694 [97178] size: 272011 elapsed_time: 2.523597002029419
1443710712.840199 [97178] size: 265337 elapsed_time: 3.3931360244750977
1443710715.9750621 [97178] size: 265606 elapsed_time: 3.1347179412841797
1443710717.337127 [97178] size: 70377 elapsed_time: 1.3619778156280518
1443710718.2627058 [97178] size: 99254 elapsed_time: 0.9254207611083984
1443710720.173207 [97178] size: 41145 elapsed_time: 1.9104278087615967
1443710724.9315772 [97178] size: 5401221 elapsed_time: 4.758286714553833
1443710728.92297 [97178] size: 6554544 elapsed_time: 3.9913058280944824
1443710731.496274 [97178] size: 2617607 elapsed_time: 2.573223114013672
1443710734.844942 [97178] size: 131047 elapsed_time: 3.348529100418091
1443710739.408108 [97178] size: 272011 elapsed_time: 4.562907934188843
1443710744.521766 [97178] size: 265337 elapsed_time: 5.113584041595459
1443710752.328894 [97178] size: 265606 elapsed_time: 7.807021141052246
1443710763.1667352 [97178] size: 70377 elapsed_time: 10.837721109390259
1443710775.196289 [97178] size: 99254 elapsed_time: 12.029438972473145
1443710790.105418 [97178] size: 41145 elapsed_time: 14.909056901931763
1443710800.297456 [97178] size: 5401221 elapsed_time: 10.191972970962524
1443710804.757188 [97178] size: 6554544 elapsed_time: 4.4596617221832275
1443710811.843167 [97178] size: 2617607 elapsed_time: 7.085915803909302
1443710825.173714 [97178] size: 131047 elapsed_time: 13.330481052398682
1443710841.71259 [97178] size: 272011 elapsed_time: 16.538750886917114
1443710865.0627751 [97178] size: 265337 elapsed_time: 23.35012197494507
1443710882.982062 [97178] size: 265606 elapsed_time: 17.91922116279602
1443710943.087838 [97178] size: 70377 elapsed_time: 60.10569787025452
1443710988.264283 [97178] size: 99254 elapsed_time: 45.17636823654175
1443711004.016087 [97178] size: 41145 elapsed_time: 15.751741886138916
1443711055.517333 [97178] size: 5401221 elapsed_time: 51.50117301940918
1443711116.07091 [97178] size: 6554544 elapsed_time: 60.55341601371765
1443711151.6941922 [97178] size: 2617607 elapsed_time: 35.62319898605347
1443711168.0909162 [97178] size: 131047 elapsed_time: 16.396615982055664
1443711186.2228649 [97178] size: 272011 elapsed_time: 18.131822109222412
1443711246.0753028 [97178] size: 265337 elapsed_time: 59.85236406326294
1443711306.142734 [97178] size: 265606 elapsed_time: 60.067363023757935
1443711357.457807 [97178] size: 70377 elapsed_time: 51.31499910354614
1443711417.062287 [97178] size: 99254 elapsed_time: 59.60440492630005
1443711477.0682392 [97178] size: 41145 elapsed_time: 60.005833864212036
1443711491.331761 [97178] size: 5401221 elapsed_time: 14.263388872146606
1443711512.71235 [97178] size: 6554544 elapsed_time: 21.380519151687622
1443711524.607079 [97178] size: 2617607 elapsed_time: 11.894651889801025
1443711554.126425 [97178] size: 131047 elapsed_time: 29.519261121749878
1443711590.347744 [97178] size: 272011 elapsed_time: 36.22120213508606
1443711651.062728 [97178] size: 265337 elapsed_time: 60.714884996414185
1443711711.064356 [97178] size: 265606 elapsed_time: 60.00154900550842
1443711771.0655181 [97178] size: 70377 elapsed_time: 60.00103282928467
1443711831.0662909 [97178] size: 99254 elapsed_time: 60.00066828727722
1443711861.8309739 [97178] size: 41145 elapsed_time: 30.76460313796997
1443711922.0668008 [97178] size: 5401221 elapsed_time: 60.235718727111816
1443711982.0699148 [97178] size: 6554544 elapsed_time: 60.00303411483765
1443712042.0698528 [97178] size: 2617607 elapsed_time: 59.99984097480774
1443712078.741261 [97178] size: 131047 elapsed_time: 36.67133116722107
1443712096.1718268 [97178] size: 272011 elapsed_time: 17.430455207824707
1443712105.417278 [97178] size: 265337 elapsed_time: 9.245378971099854
1443712125.268796 [97178] size: 265606 elapsed_time: 19.851438999176025
1443712129.2014022 [97178] size: 70377 elapsed_time: 3.932516098022461
1443712130.198219 [97178] size: 99254 elapsed_time: 0.9967331886291504
1443712132.6397681 [97178] size: 41145 elapsed_time: 2.441469192504883
1443712134.7352908 [97178] size: 5401221 elapsed_time: 2.095444917678833
1443712141.5235689 [97178] size: 6554544 elapsed_time: 6.7881269454956055
1443712144.22149 [97178] size: 2617607 elapsed_time: 2.6978392601013184
1443712146.3638568 [97178] size: 131047 elapsed_time: 2.142277717590332
1443712149.860051 [97178] size: 272011 elapsed_time: 3.496044158935547
1443712152.566862 [97178] size: 265337 elapsed_time: 2.706721782684326
1443712156.148074 [97178] size: 265606 elapsed_time: 3.5811238288879395
1443712157.5010078 [97178] size: 70377 elapsed_time: 1.3528637886047363
1443712160.2839732 [97178] size: 99254 elapsed_time: 2.7828969955444336
1443712162.793141 [97178] size: 41145 elapsed_time: 2.5090599060058594
1443712167.0138009 [97178] size: 5401221 elapsed_time: 4.220544815063477
1443712171.633974 [97178] size: 6554544 elapsed_time: 4.620085000991821
1443712175.330104 [97178] size: 2617607 elapsed_time: 3.6960558891296387
1443712177.400568 [97178] size: 131047 elapsed_time: 2.070297956466675
1443712179.601102 [97178] size: 272011 elapsed_time: 2.200425863265991
1443712182.560399 [97178] size: 265337 elapsed_time: 2.9592227935791016
1443712186.360321 [97178] size: 265606 elapsed_time: 3.7998111248016357
1443712188.58454 [97178] size: 70377 elapsed_time: 2.2241458892822266
1443712190.6238 [97178] size: 99254 elapsed_time: 2.0391879081726074
1443712192.018857 [97178] size: 41145 elapsed_time: 1.394982099533081
1443712196.499019 [97178] size: 5401221 elapsed_time: 4.480085134506226
1443712200.499108 [97178] size: 6554544 elapsed_time: 4.000017166137695
1443712204.259351 [97178] size: 2617607 elapsed_time: 3.7601611614227295
1443712206.1233091 [97178] size: 131047 elapsed_time: 1.863860845565796
1443712208.1764522 [97178] size: 272011 elapsed_time: 2.0530049800872803
1443712211.549567 [97178] size: 265337 elapsed_time: 3.373037099838257
1443712216.773966 [97178] size: 265606 elapsed_time: 5.224294185638428
1443712218.011096 [97178] size: 70377 elapsed_time: 1.2370171546936035
1443712219.081781 [97178] size: 99254 elapsed_time: 1.0706157684326172
1443712221.110305 [97178] size: 41145 elapsed_time: 2.0284359455108643
1443712225.996664 [97178] size: 5401221 elapsed_time: 4.8862457275390625
1443712230.902839 [97178] size: 6554544 elapsed_time: 4.906098127365112
1443712232.748354 [97178] size: 2617607 elapsed_time: 1.8454267978668213
1443712234.7174778 [97178] size: 131047 elapsed_time: 1.969019889831543
1443712237.5681229 [97178] size: 272011 elapsed_time: 2.8505241870880127
1443712240.7334569 [97178] size: 265337 elapsed_time: 3.1652369499206543
1443712243.7429838 [97178] size: 265606 elapsed_time: 3.0094451904296875
1443712246.485285 [97178] size: 70377 elapsed_time: 2.7421770095825195
1443712248.191701 [97178] size: 99254 elapsed_time: 1.706334114074707
1443712249.830024 [97178] size: 41145 elapsed_time: 1.6382191181182861
1443712255.747117 [97178] size: 5401221 elapsed_time: 5.916951894760132
1443712261.014533 [97178] size: 6554544 elapsed_time: 5.267334938049316
1443712263.986153 [97178] size: 2617607 elapsed_time: 2.971550226211548
1443712264.776861 [97178] size: 131047 elapsed_time: 0.7906250953674316
1443712268.2124102 [97178] size: 272011 elapsed_time: 3.4354090690612793
1443712272.555406 [97178] size: 265337 elapsed_time: 4.342937231063843
1443712276.9896011 [97178] size: 265606 elapsed_time: 4.4341208934783936
1443712278.14851 [97178] size: 70377 elapsed_time: 1.1588213443756104
1443712265.2630389 [97163] size: 99254 elapsed_time: 0.738732099533081
1443712267.385395 [97163] size: 41145 elapsed_time: 2.122278928756714
1443712271.597058 [97163] size: 5401221 elapsed_time: 4.2115960121154785
1443712275.1433501 [97163] size: 6554544 elapsed_time: 3.5461959838867188
1443712276.991013 [97163] size: 2617607 elapsed_time: 1.8476002216339111
1443712278.2515562 [97163] size: 131047 elapsed_time: 1.2604637145996094
1443712281.899364 [97163] size: 272011 elapsed_time: 3.647709846496582
1443712284.1244411 [97163] size: 265337 elapsed_time: 2.2249250411987305
1443712290.2559528 [97163] size: 265606 elapsed_time: 6.131443023681641
1443712290.939483 [97163] size: 70377 elapsed_time: 0.6834719181060791
1443712292.589491 [97163] size: 99254 elapsed_time: 1.6499371528625488
1443712293.254434 [97163] size: 41145 elapsed_time: 0.6648740768432617
1443712297.978539 [97163] size: 5401221 elapsed_time: 4.724026203155518
1443712302.193761 [97163] size: 6554544 elapsed_time: 4.215143918991089
1443712304.9186401 [97163] size: 2617607 elapsed_time: 2.724802255630493
1443712305.595274 [97163] size: 131047 elapsed_time: 0.67653489112854

1443712277.104188 [97167] size: 99254 elapsed_time: 1.3040292263031006
1443712277.9330702 [97167] size: 41145 elapsed_time: 0.8288099765777588
1443712282.252172 [97167] size: 5401221 elapsed_time: 4.3190319538116455
1443712287.798105 [97167] size: 6554544 elapsed_time: 5.54585075378418
1443712290.9931479 [97167] size: 2617607 elapsed_time: 3.19498610496521
1443712292.840072 [97167] size: 131047 elapsed_time: 1.8468546867370605
1443712294.8006139 [97167] size: 272011 elapsed_time: 1.9604318141937256
1443712299.1340249 [97167] size: 265337 elapsed_time: 4.333337783813477
1443712305.156142 [97167] size: 265606 elapsed_time: 6.022040128707886
1443712305.806387 [97167] size: 70377 elapsed_time: 0.650172233581543
1443712306.7211788 [97167] size: 99254 elapsed_time: 0.9147210121154785
1443712308.970863 [97167] size: 41145 elapsed_time: 2.249613046646118

1443712279.4559062 [97178] size: 99254 elapsed_time: 1.3072099685668945
1443712282.058847 [97178] size: 41145 elapsed_time: 2.6028690338134766
1443712285.895503 [97178] size: 5401221 elapsed_time: 3.8365848064422607
1443712290.440772 [97178] size: 6554544 elapsed_time: 4.545166969299316
1443712292.345013 [97178] size: 2617607 elapsed_time: 1.9041557312011719
1443712293.091695 [97178] size: 131047 elapsed_time: 0.7466099262237549
1443712295.7181451 [97178] size: 272011 elapsed_time: 2.6263551712036133
1443712302.174612 [97178] size: 265337 elapsed_time: 6.456407785415649
1443712304.323554 [97178] size: 265606 elapsed_time: 2.1488640308380127
1443712305.327507 [97178] size: 70377 elapsed_time: 1.0038847923278809
1443712305.9550369 [97178] size: 99254 elapsed_time: 0.6274631023406982
1443712306.940703 [97178] size: 41145 elapsed_time: 0.9855959415435791
1443712311.603172 [97178] size: 5401221 elapsed_time: 4.6623921394348145

1443712275.4215732 [97182] size: 99254 elapsed_time: 2.634117841720581
1443712277.023476 [97182] size: 41145 elapsed_time: 1.6018078327178955
1443712280.181033 [97182] size: 5401221 elapsed_time: 3.1574840545654297
1443712283.9320781 [97182] size: 6554544 elapsed_time: 3.7509708404541016
1443712287.7352908 [97182] size: 2617607 elapsed_time: 3.8031349182128906
1443712290.2584279 [97182] size: 131047 elapsed_time: 2.523071050643921
1443712293.2163808 [97182] size: 272011 elapsed_time: 2.9578609466552734
1443712297.878932 [97182] size: 265337 elapsed_time: 4.6624181270599365
1443712300.3316438 [97182] size: 265606 elapsed_time: 2.4526400566101074
1443712302.408915 [97182] size: 70377 elapsed_time: 2.0771939754486084
1443712305.129055 [97182] size: 99254 elapsed_time: 2.7200679779052734
1443712305.727914 [97182] size: 41145 elapsed_time: 0.5987799167633057
1443712309.058753 [97182] size: 5401221 elapsed_time: 3.330738067626953
1443712313.650832 [97182] size: 6554544 elapsed_time: 4.591997861862183
