
=INFO REPORT==== 8-May-2014::09:27:32 ===
    ts_config_server:(5:<0.55.0>) Config server started, logdir is "/home/stephen/.tsung/log/20140508-0927"
 
=INFO REPORT==== 8-May-2014::09:27:32 ===
              ts_mon:(5:<0.54.0>) starting monitor, global 

=INFO REPORT==== 8-May-2014::09:27:32 ===
           ts_config:(5:<0.55.0>) Reading config file: xml/full_load_2-4-6_per_sec_for_15_mins.xml

=INFO REPORT==== 8-May-2014::09:27:32 ===
      ts_config_http:(4:<0.55.0>) Get user agent: 80 "Mozilla/5.0 (X11; U; Linux i686; en-US; rv:1.7.8) Gecko/20050513 Galeon/1.3.21" 

=INFO REPORT==== 8-May-2014::09:27:32 ===
      ts_config_http:(4:<0.55.0>) Get user agent: 20 "Mozilla/5.0 (Windows; U; Windows NT 5.2; fr-FR; rv:1.7.8) Gecko/20050511 Firefox/1.0.4" 

=INFO REPORT==== 8-May-2014::09:27:32 ===
           ts_config:(5:<0.55.0>) Session name for id 1 is "hit_landing_page_only-20140508-102542"

=INFO REPORT==== 8-May-2014::09:27:32 ===
           ts_config:(5:<0.55.0>) Session name for id 2 is "hit_landing_page_and_register-20140508-102542"

=INFO REPORT==== 8-May-2014::09:27:32 ===
           ts_config:(5:<0.55.0>) Session name for id 3 is "full_run-20140508-102542"

=INFO REPORT==== 8-May-2014::09:27:32 ===
    ts_config_server:(4:<0.55.0>) SYSINFO:Tsung version: 1.5.1

=INFO REPORT==== 8-May-2014::09:27:32 ===
    ts_config_server:(4:<0.55.0>) SYSINFO:Erlang version: Erlang R14B04 (erts-5.8.5) [source] [64-bit] [smp:2:2] [rq:2] [async-threads:16] [kernel-poll:true]


=INFO REPORT==== 8-May-2014::09:27:32 ===
    ts_config_server:(4:<0.55.0>) SYSINFO:System architecture x86_64-pc-linux-gnu

=INFO REPORT==== 8-May-2014::09:27:32 ===
    ts_config_server:(4:<0.55.0>) SYSINFO:Current path: /usr/lib/erlang/lib/tsung-1.5.1/ebin/tsung.beam

=INFO REPORT==== 8-May-2014::09:27:32 ===
         ts_launcher:(2:<0.89.0>) WARNING !!! too few file descriptors available (1024), you should decrease maxusers (currently 9000)
=INFO REPORT==== 8-May-2014::09:33:15 ===
           ts_search:(4:<0.1428.0>) Dyn Var (RE): no Match (varname=activationurl), 

=INFO REPORT==== 8-May-2014::09:33:26 ===
           ts_search:(4:<0.1568.0>) Dyn Var (RE): no Match (varname=activationurl), 

=INFO REPORT==== 8-May-2014::09:33:30 ===
           ts_search:(4:<0.1548.0>) Dyn Var (RE): no Match (varname=activationurl), 

=INFO REPORT==== 8-May-2014::09:33:33 ===
           ts_search:(4:<0.1574.0>) Dyn Var (RE): no Match (varname=activationurl), 

=INFO REPORT==== 8-May-2014::09:33:34 ===
           ts_search:(4:<0.1597.0>) Dyn Var (RE): no Match (varname=activationurl), 

=INFO REPORT==== 8-May-2014::09:33:48 ===
           ts_search:(4:<0.1701.0>) Dyn Var (RE): no Match (varname=activationurl), 

=INFO REPORT==== 8-May-2014::09:34:03 ===
           ts_search:(4:<0.1789.0>) Dyn Var (RE): no Match (varname=activationurl), 

=INFO REPORT==== 8-May-2014::09:34:07 ===
           ts_search:(4:<0.1955.0>) Dyn Var (RE): no Match (varname=activationurl), 

=INFO REPORT==== 8-May-2014::09:34:11 ===
           ts_search:(4:<0.1945.0>) Dyn Var (RE): no Match (varname=activationurl), 

=INFO REPORT==== 8-May-2014::09:34:17 ===
           ts_search:(4:<0.1999.0>) Dyn Var (RE): no Match (varname=activationurl), 

=INFO REPORT==== 8-May-2014::09:34:19 ===
           ts_search:(4:<0.2030.0>) Dyn Var (RE): no Match (varname=activationurl), 

=INFO REPORT==== 8-May-2014::09:34:25 ===
           ts_search:(4:<0.2014.0>) Dyn Var (RE): no Match (varname=activationurl), 

=INFO REPORT==== 8-May-2014::09:34:37 ===
           ts_search:(4:<0.2177.0>) Dyn Var (RE): no Match (varname=activationurl), 

=INFO REPORT==== 8-May-2014::09:34:38 ===
           ts_search:(4:<0.2225.0>) Dyn Var (RE): no Match (varname=activationurl), 

=INFO REPORT==== 8-May-2014::09:34:41 ===
           ts_search:(4:<0.2218.0>) Dyn Var (RE): no Match (varname=activationurl), 

=INFO REPORT==== 8-May-2014::09:34:45 ===
           ts_search:(4:<0.2161.0>) Dyn Var (RE): no Match (varname=activationurl), 

=INFO REPORT==== 8-May-2014::09:34:48 ===
           ts_search:(4:<0.2268.0>) Dyn Var (RE): no Match (varname=activationurl), 

=INFO REPORT==== 8-May-2014::09:34:57 ===
           ts_search:(4:<0.2288.0>) Dyn Var (RE): no Match (varname=activationurl), 

=INFO REPORT==== 8-May-2014::09:34:57 ===
           ts_search:(4:<0.2256.0>) Dyn Var (RE): no Match (varname=activationurl), 

=INFO REPORT==== 8-May-2014::09:35:03 ===
           ts_search:(4:<0.2372.0>) Dyn Var (RE): no Match (varname=activationurl), 

=INFO REPORT==== 8-May-2014::09:35:04 ===
           ts_search:(4:<0.2410.0>) Dyn Var (RE): no Match (varname=activationurl), 

=INFO REPORT==== 8-May-2014::09:35:05 ===
           ts_search:(4:<0.2407.0>) Dyn Var (RE): no Match (varname=activationurl), 

=INFO REPORT==== 8-May-2014::09:35:14 ===
           ts_search:(4:<0.2444.0>) Dyn Var (RE): no Match (varname=activationurl), 

=INFO REPORT==== 8-May-2014::09:35:40 ===
           ts_search:(4:<0.2725.0>) Dyn Var (RE): no Match (varname=activationurl), 

=INFO REPORT==== 8-May-2014::09:35:47 ===
           ts_search:(4:<0.2740.0>) Dyn Var (RE): no Match (varname=activationurl), 

=INFO REPORT==== 8-May-2014::09:35:47 ===
           ts_search:(4:<0.2709.0>) Dyn Var (RE): no Match (varname=activationurl), 

=INFO REPORT==== 8-May-2014::09:35:49 ===
           ts_search:(4:<0.2698.0>) Dyn Var (RE): no Match (varname=activationurl), 

=INFO REPORT==== 8-May-2014::09:35:50 ===
           ts_search:(4:<0.2759.0>) Dyn Var (RE): no Match (varname=activationurl), 

=INFO REPORT==== 8-May-2014::09:35:52 ===
           ts_search:(4:<0.2702.0>) Dyn Var (RE): no Match (varname=activationurl), 

=INFO REPORT==== 8-May-2014::09:35:56 ===
           ts_search:(4:<0.2730.0>) Dyn Var (RE): no Match (varname=activationurl), 

=INFO REPORT==== 8-May-2014::09:36:09 ===
           ts_search:(4:<0.2847.0>) Dyn Var (RE): no Match (varname=activationurl), 

=INFO REPORT==== 8-May-2014::09:36:12 ===
           ts_search:(4:<0.2805.0>) Dyn Var (RE): no Match (varname=activationurl), 

=INFO REPORT==== 8-May-2014::09:36:12 ===
           ts_search:(4:<0.2899.0>) Dyn Var (RE): no Match (varname=activationurl), 

=INFO REPORT==== 8-May-2014::09:36:20 ===
           ts_search:(4:<0.3054.0>) Dyn Var (RE): no Match (varname=activationurl), 

=INFO REPORT==== 8-May-2014::09:36:33 ===
           ts_search:(4:<0.3160.0>) Dyn Var (RE): no Match (varname=activationurl), 

=INFO REPORT==== 8-May-2014::09:36:57 ===
           ts_search:(4:<0.3341.0>) Dyn Var (RE): no Match (varname=activationurl), 

=INFO REPORT==== 8-May-2014::09:36:59 ===
           ts_search:(4:<0.3379.0>) Dyn Var (RE): no Match (varname=activationurl), 

=INFO REPORT==== 8-May-2014::09:36:59 ===
           ts_search:(4:<0.3377.0>) Dyn Var (RE): no Match (varname=activationurl), 

=INFO REPORT==== 8-May-2014::09:37:02 ===
           ts_search:(4:<0.3414.0>) Dyn Var (RE): no Match (varname=activationurl), 

=INFO REPORT==== 8-May-2014::09:37:03 ===
           ts_search:(4:<0.3265.0>) Dyn Var (RE): no Match (varname=activationurl), 

=INFO REPORT==== 8-May-2014::09:37:13 ===
         ts_launcher:(4:<0.89.0>) Need to wait 20.278 sec before changing phase, going to sleep

=INFO REPORT==== 8-May-2014::09:37:15 ===
           ts_search:(4:<0.3444.0>) Dyn Var (RE): no Match (varname=activationurl), 

=INFO REPORT==== 8-May-2014::09:37:42 ===
           ts_search:(4:<0.3625.0>) Dyn Var (RE): no Match (varname=activationurl), 

=INFO REPORT==== 8-May-2014::09:37:44 ===
           ts_search:(4:<0.3675.0>) Dyn Var (RE): no Match (varname=activationurl), 

=INFO REPORT==== 8-May-2014::09:38:06 ===
           ts_search:(4:<0.3936.0>) Dyn Var (RE): no Match (varname=activationurl), 

=INFO REPORT==== 8-May-2014::09:38:06 ===
           ts_search:(4:<0.3742.0>) Dyn Var (RE): no Match (varname=activationurl), 

=INFO REPORT==== 8-May-2014::09:38:06 ===
           ts_search:(4:<0.3847.0>) Dyn Var (RE): no Match (varname=activationurl), 

=INFO REPORT==== 8-May-2014::09:38:08 ===
           ts_search:(4:<0.3896.0>) Dyn Var (RE): no Match (varname=activationurl), 

=INFO REPORT==== 8-May-2014::09:38:10 ===
           ts_search:(4:<0.3913.0>) Dyn Var (RE): no Match (varname=activationurl), 

=INFO REPORT==== 8-May-2014::09:38:13 ===
           ts_search:(4:<0.3928.0>) Dyn Var (RE): no Match (varname=activationurl), 

=INFO REPORT==== 8-May-2014::09:38:17 ===
           ts_search:(4:<0.3937.0>) Dyn Var (RE): no Match (varname=activationurl), 

=INFO REPORT==== 8-May-2014::09:38:17 ===
           ts_search:(4:<0.3989.0>) Dyn Var (RE): no Match (varname=activationurl), 

=INFO REPORT==== 8-May-2014::09:38:17 ===
           ts_search:(4:<0.3797.0>) Dyn Var (RE): no Match (varname=activationurl), 

=INFO REPORT==== 8-May-2014::09:38:20 ===
           ts_search:(4:<0.4011.0>) Dyn Var (RE): no Match (varname=activationurl), 

=INFO REPORT==== 8-May-2014::09:38:21 ===
           ts_search:(4:<0.3968.0>) Dyn Var (RE): no Match (varname=activationurl), 

=INFO REPORT==== 8-May-2014::09:38:22 ===
           ts_search:(4:<0.3973.0>) Dyn Var (RE): no Match (varname=activationurl), 

=INFO REPORT==== 8-May-2014::09:38:22 ===
           ts_search:(4:<0.3980.0>) Dyn Var (RE): no Match (varname=activationurl), 

=INFO REPORT==== 8-May-2014::09:38:28 ===
           ts_search:(4:<0.4077.0>) Dyn Var (RE): no Match (varname=activationurl), 

=INFO REPORT==== 8-May-2014::09:38:35 ===
           ts_search:(4:<0.4176.0>) Dyn Var (RE): no Match (varname=activationurl), 

=INFO REPORT==== 8-May-2014::09:38:47 ===
           ts_search:(4:<0.4335.0>) Dyn Var (RE): no Match (varname=activationurl), 

=INFO REPORT==== 8-May-2014::09:38:48 ===
           ts_search:(4:<0.4351.0>) Dyn Var (RE): no Match (varname=activationurl), 

=INFO REPORT==== 8-May-2014::09:38:48 ===
           ts_search:(4:<0.4428.0>) Dyn Var (RE): no Match (varname=activationurl), 

=INFO REPORT==== 8-May-2014::09:38:48 ===
           ts_search:(4:<0.4505.0>) Dyn Var (RE): no Match (varname=activationurl), 

=INFO REPORT==== 8-May-2014::09:39:00 ===
           ts_search:(4:<0.4548.0>) Dyn Var (RE): no Match (varname=activationurl), 

=INFO REPORT==== 8-May-2014::09:39:04 ===
           ts_search:(4:<0.4495.0>) Dyn Var (RE): no Match (varname=activationurl), 

=INFO REPORT==== 8-May-2014::09:39:04 ===
           ts_search:(4:<0.4571.0>) Dyn Var (RE): no Match (varname=activationurl), 

=INFO REPORT==== 8-May-2014::09:39:07 ===
           ts_search:(4:<0.4631.0>) Dyn Var (RE): no Match (varname=activationurl), 

=INFO REPORT==== 8-May-2014::09:39:09 ===
           ts_search:(4:<0.4544.0>) Dyn Var (RE): no Match (varname=activationurl), 

=INFO REPORT==== 8-May-2014::09:39:21 ===
           ts_search:(4:<0.4841.0>) Dyn Var (RE): no Match (varname=activationurl), 

=INFO REPORT==== 8-May-2014::09:39:21 ===
           ts_search:(4:<0.4677.0>) Dyn Var (RE): no Match (varname=activationurl), 

=INFO REPORT==== 8-May-2014::09:39:24 ===
           ts_search:(4:<0.4839.0>) Dyn Var (RE): no Match (varname=activationurl), 

=INFO REPORT==== 8-May-2014::09:39:31 ===
           ts_search:(4:<0.4758.0>) Dyn Var (RE): no Match (varname=activationurl), 

=INFO REPORT==== 8-May-2014::09:39:31 ===
           ts_search:(4:<0.4949.0>) Dyn Var (RE): no Match (varname=activationurl), 

=INFO REPORT==== 8-May-2014::09:39:33 ===
           ts_search:(4:<0.4819.0>) Dyn Var (RE): no Match (varname=activationurl), 

=INFO REPORT==== 8-May-2014::09:39:37 ===
           ts_search:(4:<0.4688.0>) Dyn Var (RE): no Match (varname=activationurl), 

=INFO REPORT==== 8-May-2014::09:39:39 ===
           ts_search:(4:<0.4950.0>) Dyn Var (RE): no Match (varname=activationurl), 

=INFO REPORT==== 8-May-2014::09:39:40 ===
           ts_search:(4:<0.4957.0>) Dyn Var (RE): no Match (varname=activationurl), 

=INFO REPORT==== 8-May-2014::09:39:45 ===
           ts_search:(4:<0.5056.0>) Dyn Var (RE): no Match (varname=activationurl), 

=INFO REPORT==== 8-May-2014::09:39:56 ===
           ts_search:(4:<0.5224.0>) Dyn Var (RE): no Match (varname=activationurl), 

=INFO REPORT==== 8-May-2014::09:39:56 ===
           ts_search:(4:<0.5139.0>) Dyn Var (RE): no Match (varname=activationurl), 

=INFO REPORT==== 8-May-2014::09:39:56 ===
           ts_search:(4:<0.5233.0>) Dyn Var (RE): no Match (varname=activationurl), 

=INFO REPORT==== 8-May-2014::09:39:56 ===
           ts_search:(4:<0.5197.0>) Dyn Var (RE): no Match (varname=activationurl), 

=INFO REPORT==== 8-May-2014::09:40:11 ===
           ts_search:(4:<0.5317.0>) Dyn Var (RE): no Match (varname=activationurl), 

=INFO REPORT==== 8-May-2014::09:40:11 ===
           ts_search:(4:<0.5425.0>) Dyn Var (RE): no Match (varname=activationurl), 

=INFO REPORT==== 8-May-2014::09:40:11 ===
           ts_search:(4:<0.5230.0>) Dyn Var (RE): no Match (varname=activationurl), 

=INFO REPORT==== 8-May-2014::09:40:14 ===
           ts_search:(4:<0.5372.0>) Dyn Var (RE): no Match (varname=activationurl), 

=INFO REPORT==== 8-May-2014::09:40:15 ===
           ts_search:(4:<0.5321.0>) Dyn Var (RE): no Match (varname=activationurl), 

=INFO REPORT==== 8-May-2014::09:40:27 ===
           ts_search:(4:<0.5489.0>) Dyn Var (RE): no Match (varname=activationurl), 

=INFO REPORT==== 8-May-2014::09:40:27 ===
           ts_search:(4:<0.5606.0>) Dyn Var (RE): no Match (varname=activationurl), 

=INFO REPORT==== 8-May-2014::09:40:28 ===
           ts_search:(4:<0.5639.0>) Dyn Var (RE): no Match (varname=activationurl), 

=INFO REPORT==== 8-May-2014::09:40:29 ===
           ts_search:(4:<0.5598.0>) Dyn Var (RE): no Match (varname=activationurl), 

=INFO REPORT==== 8-May-2014::09:40:32 ===
           ts_search:(4:<0.5644.0>) Dyn Var (RE): no Match (varname=activationurl), 

=INFO REPORT==== 8-May-2014::09:40:37 ===
           ts_search:(4:<0.5742.0>) Dyn Var (RE): no Match (varname=activationurl), 

=INFO REPORT==== 8-May-2014::09:40:37 ===
           ts_search:(4:<0.5663.0>) Dyn Var (RE): no Match (varname=activationurl), 

=INFO REPORT==== 8-May-2014::09:40:37 ===
           ts_search:(4:<0.5735.0>) Dyn Var (RE): no Match (varname=activationurl), 

=INFO REPORT==== 8-May-2014::09:40:40 ===
           ts_search:(4:<0.5732.0>) Dyn Var (RE): no Match (varname=activationurl), 

=INFO REPORT==== 8-May-2014::09:40:40 ===
           ts_search:(4:<0.5710.0>) Dyn Var (RE): no Match (varname=activationurl), 

=INFO REPORT==== 8-May-2014::09:40:54 ===
           ts_search:(4:<0.5858.0>) Dyn Var (RE): no Match (varname=activationurl), 

=INFO REPORT==== 8-May-2014::09:40:55 ===
           ts_search:(4:<0.5903.0>) Dyn Var (RE): no Match (varname=activationurl), 

=INFO REPORT==== 8-May-2014::09:41:05 ===
           ts_search:(4:<0.6033.0>) Dyn Var (RE): no Match (varname=activationurl), 

=INFO REPORT==== 8-May-2014::09:41:05 ===
           ts_search:(4:<0.6081.0>) Dyn Var (RE): no Match (varname=activationurl), 

=INFO REPORT==== 8-May-2014::09:41:06 ===
           ts_search:(4:<0.6187.0>) Dyn Var (RE): no Match (varname=activationurl), 

=INFO REPORT==== 8-May-2014::09:41:07 ===
           ts_search:(4:<0.6026.0>) Dyn Var (RE): no Match (varname=activationurl), 

=INFO REPORT==== 8-May-2014::09:41:10 ===
           ts_search:(4:<0.6134.0>) Dyn Var (RE): no Match (varname=activationurl), 

=INFO REPORT==== 8-May-2014::09:41:13 ===
           ts_search:(4:<0.6060.0>) Dyn Var (RE): no Match (varname=activationurl), 

=INFO REPORT==== 8-May-2014::09:41:13 ===
           ts_search:(4:<0.6242.0>) Dyn Var (RE): no Match (varname=activationurl), 

=INFO REPORT==== 8-May-2014::09:41:14 ===
           ts_search:(4:<0.6240.0>) Dyn Var (RE): no Match (varname=activationurl), 

=INFO REPORT==== 8-May-2014::09:41:22 ===
           ts_search:(4:<0.6309.0>) Dyn Var (RE): no Match (varname=activationurl), 

=INFO REPORT==== 8-May-2014::09:41:27 ===
           ts_search:(4:<0.6322.0>) Dyn Var (RE): no Match (varname=activationurl), 

=INFO REPORT==== 8-May-2014::09:41:27 ===
           ts_search:(4:<0.6315.0>) Dyn Var (RE): no Match (varname=activationurl), 

=INFO REPORT==== 8-May-2014::09:41:30 ===
           ts_search:(4:<0.6320.0>) Dyn Var (RE): no Match (varname=activationurl), 

=INFO REPORT==== 8-May-2014::09:41:42 ===
           ts_search:(4:<0.6397.0>) Dyn Var (RE): no Match (varname=activationurl), 

=INFO REPORT==== 8-May-2014::09:41:53 ===
           ts_search:(4:<0.6653.0>) Dyn Var (RE): no Match (varname=activationurl), 

=INFO REPORT==== 8-May-2014::09:41:53 ===
           ts_search:(4:<0.6687.0>) Dyn Var (RE): no Match (varname=activationurl), 

=INFO REPORT==== 8-May-2014::09:41:53 ===
           ts_search:(4:<0.6608.0>) Dyn Var (RE): no Match (varname=activationurl), 

=INFO REPORT==== 8-May-2014::09:41:53 ===
           ts_search:(4:<0.6701.0>) Dyn Var (RE): no Match (varname=activationurl), 

=INFO REPORT==== 8-May-2014::09:41:55 ===
           ts_search:(4:<0.6586.0>) Dyn Var (RE): no Match (varname=activationurl), 

=INFO REPORT==== 8-May-2014::09:41:55 ===
           ts_search:(4:<0.6716.0>) Dyn Var (RE): no Match (varname=activationurl), 

=INFO REPORT==== 8-May-2014::09:42:02 ===
           ts_search:(4:<0.6759.0>) Dyn Var (RE): no Match (varname=activationurl), 

=INFO REPORT==== 8-May-2014::09:42:03 ===
           ts_search:(4:<0.6688.0>) Dyn Var (RE): no Match (varname=activationurl), 

=INFO REPORT==== 8-May-2014::09:42:03 ===
           ts_search:(4:<0.6734.0>) Dyn Var (RE): no Match (varname=activationurl), 

=INFO REPORT==== 8-May-2014::09:42:03 ===
           ts_search:(4:<0.6806.0>) Dyn Var (RE): no Match (varname=activationurl), 

=INFO REPORT==== 8-May-2014::09:42:11 ===
           ts_search:(4:<0.6756.0>) Dyn Var (RE): no Match (varname=activationurl), 

=INFO REPORT==== 8-May-2014::09:42:16 ===
           ts_search:(4:<0.6871.0>) Dyn Var (RE): no Match (varname=activationurl), 

=INFO REPORT==== 8-May-2014::09:42:16 ===
           ts_search:(4:<0.6730.0>) Dyn Var (RE): no Match (varname=activationurl), 

=INFO REPORT==== 8-May-2014::09:42:16 ===
           ts_search:(4:<0.6740.0>) Dyn Var (RE): no Match (varname=activationurl), 

=INFO REPORT==== 8-May-2014::09:42:18 ===
           ts_search:(4:<0.6881.0>) Dyn Var (RE): no Match (varname=activationurl), 

=INFO REPORT==== 8-May-2014::09:42:18 ===
           ts_search:(4:<0.6831.0>) Dyn Var (RE): no Match (varname=activationurl), 

=INFO REPORT==== 8-May-2014::09:42:37 ===
           ts_search:(4:<0.7230.0>) Dyn Var (RE): no Match (varname=activationurl), 
