# timestamp userid sessionid requestid event transaction name
1399555702.599839 195 1 7 match_stop - abort_unless_success_or_redirect
1399555703.242059 68 1 35 match_stop - abort_unless_success_or_redirect
1399555703.397843 172 1 9 match_stop - abort_unless_success_or_redirect
1399555703.504710 167 1 11 match_stop - abort_unless_success_or_redirect
1399555704.918950 35 1 47 match_stop - abort_unless_success_or_redirect
1399555705.004912 171 1 11 match_stop - abort_unless_success_or_redirect
1399555705.238147 10 1 47 match_stop - abort_unless_success_or_redirect
1399555705.759896 189 1 7 match_stop - abort_unless_success_or_redirect
1399555705.836848 28 1 39 match_stop - abort_unless_success_or_redirect
1399555705.837598 105 1 27 match_stop - abort_unless_success_or_redirect
1399555705.895752 135 1 19 match_stop - abort_unless_success_or_redirect
1399555706.016315 34 1 51 match_stop - abort_unless_success_or_redirect
1399555706.281815 109 1 25 match_stop - abort_unless_success_or_redirect
1399555706.431288 136 1 19 match_stop - abort_unless_success_or_redirect
1399555709.530834 141 1 13 match_stop - abort_unless_success_or_redirect
1399555709.583473 54 1 45 match_stop - abort_unless_success_or_redirect
1399555709.609468 2 1 55 match_stop - abort_unless_success_or_redirect
1399555709.676353 51 1 37 match_stop - abort_unless_success_or_redirect
1399555709.724421 11 1 57 match_stop - abort_unless_success_or_redirect
1399555710.231614 216 1 3 match_stop - abort_unless_success_or_redirect
1399555710.260669 71 1 31 match_stop - abort_unless_success_or_redirect
1399555710.592903 198 1 5 match_stop - abort_unless_success_or_redirect
1399555716.855064 23 1 59 match_stop - abort_unless_success_or_redirect
1399555717.058482 104 1 27 match_stop - abort_unless_success_or_redirect
1399555717.069421 205 1 5 match_stop - abort_unless_success_or_redirect
1399555717.124311 163 1 11 match_stop - abort_unless_success_or_redirect
1399555717.151904 31 1 39 match_stop - abort_unless_success_or_redirect
1399555717.214764 151 1 11 match_stop - abort_unless_success_or_redirect
1399555717.251297 185 1 9 match_stop - abort_unless_success_or_redirect
1399555717.253930 158 1 13 match_stop - abort_unless_success_or_redirect
1399555717.576207 15 1 57 match_stop - abort_unless_success_or_redirect
1399555729.278724 203 1 9 match_stop - abort_unless_success_or_redirect
1399555729.349584 174 1 11 match_stop - abort_unless_success_or_redirect
1399555729.620914 83 1 29 match_stop - abort_unless_success_or_redirect
1399555730.603444 213 1 7 match_stop - abort_unless_success_or_redirect
1399555730.622059 40 1 51 match_stop - abort_unless_success_or_redirect
1399555730.761711 118 1 27 match_stop - abort_unless_success_or_redirect
1399555730.824821 179 1 13 match_stop - abort_unless_success_or_redirect
1399555730.880940 214 1 7 match_stop - abort_unless_success_or_redirect
1399555732.231507 101 1 29 match_stop - abort_unless_success_or_redirect
1399555732.269245 208 1 7 match_stop - abort_unless_success_or_redirect
1399555745.781951 148 1 21 match_stop - abort_unless_success_or_redirect
1399555745.784893 153 1 19 match_stop - abort_unless_success_or_redirect
1399555745.822184 91 1 31 match_stop - abort_unless_success_or_redirect
1399555747.035183 250 1 3 match_stop - abort_unless_success_or_redirect
1399555750.965105 125 1 27 match_stop - abort_unless_success_or_redirect
1399555751.170513 64 1 41 match_stop - abort_unless_success_or_redirect
1399555753.563744 160 1 17 match_stop - abort_unless_success_or_redirect
1399555753.943561 138 1 19 match_stop - abort_unless_success_or_redirect
1399555753.946662 246 1 5 match_stop - abort_unless_success_or_redirect
1399555753.955194 236 1 7 match_stop - abort_unless_success_or_redirect
1399555753.977876 116 1 27 match_stop - abort_unless_success_or_redirect
1399555754.732990 58 1 55 match_stop - abort_unless_success_or_redirect
1399555754.754479 27 1 57 match_stop - abort_unless_success_or_redirect
1399555755.673657 157 1 19 match_stop - abort_unless_success_or_redirect
1399555755.676013 242 1 7 match_stop - abort_unless_success_or_redirect
1399555755.765315 190 1 15 match_stop - abort_unless_success_or_redirect
1399555755.810094 98 1 33 match_stop - abort_unless_success_or_redirect
1399555755.940770 73 1 37 match_stop - abort_unless_success_or_redirect
1399555756.116396 111 1 31 match_stop - abort_unless_success_or_redirect
1399555758.906658 129 1 21 match_stop - abort_unless_success_or_redirect
1399555761.042292 77 1 39 match_stop - abort_unless_success_or_redirect
1399555761.172779 226 1 11 match_stop - abort_unless_success_or_redirect
1399555762.738028 267 1 3 match_stop - abort_unless_success_or_redirect
1399555763.002344 183 1 13 match_stop - abort_unless_success_or_redirect
1399555763.069937 261 1 5 match_stop - abort_unless_success_or_redirect
1399555764.201838 263 1 3 match_stop - abort_unless_success_or_redirect
1399555764.207180 243 1 7 match_stop - abort_unless_success_or_redirect
1399555764.377250 42 1 45 match_stop - abort_unless_success_or_redirect
1399555765.329839 248 1 7 match_stop - abort_unless_success_or_redirect
1399555765.388224 271 1 3 match_stop - abort_unless_success_or_redirect
1399555765.804863 19 1 73 match_stop - abort_unless_success_or_redirect
1399555765.995795 131 1 27 match_stop - abort_unless_success_or_redirect
1399555766.200231 262 1 5 match_stop - abort_unless_success_or_redirect
1399555766.202538 120 1 31 match_stop - abort_unless_success_or_redirect
1399555766.223899 276 1 3 match_stop - abort_unless_success_or_redirect
1399555767.206018 217 1 11 match_stop - abort_unless_success_or_redirect
1399555767.219143 176 1 17 match_stop - abort_unless_success_or_redirect
1399555767.309295 113 1 29 match_stop - abort_unless_success_or_redirect
1399555767.945957 235 1 5 match_stop - abort_unless_success_or_redirect
1399555767.979174 146 1 23 match_stop - abort_unless_success_or_redirect
1399555768.077417 5 1 63 match_stop - abort_unless_success_or_redirect
1399555768.148137 36 1 47 match_stop - abort_unless_success_or_redirect
1399555768.352543 52 1 51 match_stop - abort_unless_success_or_redirect
1399555768.377473 38 1 49 match_stop - abort_unless_success_or_redirect
1399555768.415856 281 1 3 match_stop - abort_unless_success_or_redirect
1399555768.474297 238 1 9 match_stop - abort_unless_success_or_redirect
1399555768.841427 99 1 29 match_stop - abort_unless_success_or_redirect
1399555768.905667 221 1 9 match_stop - abort_unless_success_or_redirect
1399555768.961331 175 1 19 match_stop - abort_unless_success_or_redirect
1399555780.729125 210 1 15 match_stop - abort_unless_success_or_redirect
1399555780.885034 193 1 17 match_stop - abort_unless_success_or_redirect
1399555790.914846 78 1 39 match_stop - abort_unless_success_or_redirect
1399555790.923247 22 1 69 match_stop - abort_unless_success_or_redirect
1399555790.924474 305 1 3 match_stop - abort_unless_success_or_redirect
1399555791.154810 181 1 21 match_stop - abort_unless_success_or_redirect
1399555791.155535 134 1 29 match_stop - abort_unless_success_or_redirect
1399555791.404736 29 1 71 match_stop - abort_unless_success_or_redirect
1399555791.417021 233 1 11 match_stop - abort_unless_success_or_redirect
1399555791.499144 259 1 9 match_stop - abort_unless_success_or_redirect
1399555791.504510 194 1 17 match_stop - abort_unless_success_or_redirect
1399555792.304517 228 1 13 match_stop - abort_unless_success_or_redirect
1399555798.832036 295 1 5 match_stop - abort_unless_success_or_redirect
1399555798.873536 311 1 3 match_stop - abort_unless_success_or_redirect
1399555799.298018 196 1 19 match_stop - abort_unless_success_or_redirect
1399555799.418329 278 1 7 match_stop - abort_unless_success_or_redirect
1399555799.719958 161 1 25 match_stop - abort_unless_success_or_redirect
1399555799.730930 207 1 15 match_stop - abort_unless_success_or_redirect
1399555805.407975 321 1 3 match_stop - abort_unless_success_or_redirect
1399555805.954527 115 1 37 match_stop - abort_unless_success_or_redirect
1399555805.972693 96 1 35 match_stop - abort_unless_success_or_redirect
1399555811.448721 6 1 73 match_stop - abort_unless_success_or_redirect
1399555811.530369 270 1 11 match_stop - abort_unless_success_or_redirect
1399555812.784766 137 1 31 match_stop - abort_unless_success_or_redirect
1399555812.809242 61 1 45 match_stop - abort_unless_success_or_redirect
1399555812.823288 170 1 23 match_stop - abort_unless_success_or_redirect
1399555814.055682 86 1 43 match_stop - abort_unless_success_or_redirect
1399555814.305540 32 1 53 match_stop - abort_unless_success_or_redirect
1399555814.344849 97 1 35 match_stop - abort_unless_success_or_redirect
1399555814.368871 308 1 5 match_stop - abort_unless_success_or_redirect
1399555814.388063 156 1 27 match_stop - abort_unless_success_or_redirect
1399555814.440058 302 1 7 match_stop - abort_unless_success_or_redirect
1399555816.517690 334 1 3 match_stop - abort_unless_success_or_redirect
1399555816.718841 304 1 7 match_stop - abort_unless_success_or_redirect
1399555816.745600 297 1 7 match_stop - abort_unless_success_or_redirect
1399555816.749198 76 1 49 match_stop - abort_unless_success_or_redirect
1399555816.899368 200 1 19 match_stop - abort_unless_success_or_redirect
1399555818.238337 70 1 53 match_stop - abort_unless_success_or_redirect
1399555818.249729 309 1 5 match_stop - abort_unless_success_or_redirect
1399555818.299647 164 1 25 match_stop - abort_unless_success_or_redirect
1399555818.868252 279 1 11 match_stop - abort_unless_success_or_redirect
1399555818.906295 53 1 53 match_stop - abort_unless_success_or_redirect
1399555818.930404 20 1 59 match_stop - abort_unless_success_or_redirect
1399555819.104031 291 1 9 match_stop - abort_unless_success_or_redirect
1399555819.144241 237 1 13 match_stop - abort_unless_success_or_redirect
1399555819.313292 266 1 11 match_stop - abort_unless_success_or_redirect
1399555819.705402 225 1 19 match_stop - abort_unless_success_or_redirect
1399555831.771784 16 1 71 match_stop - abort_unless_success_or_redirect
1399555831.883821 37 1 63 match_stop - abort_unless_success_or_redirect
1399555831.884780 253 1 17 match_stop - abort_unless_success_or_redirect
1399555835.480800 223 1 21 match_stop - abort_unless_success_or_redirect
1399555835.924832 340 1 5 match_stop - abort_unless_success_or_redirect
1399555835.974211 316 1 9 match_stop - abort_unless_success_or_redirect
1399555836.691799 258 1 15 match_stop - abort_unless_success_or_redirect
1399555836.744678 201 1 23 match_stop - abort_unless_success_or_redirect
1399555836.770670 209 1 21 match_stop - abort_unless_success_or_redirect
1399555836.781954 239 1 21 match_stop - abort_unless_success_or_redirect
1399555836.808066 102 1 37 match_stop - abort_unless_success_or_redirect
1399555836.873427 169 1 27 match_stop - abort_unless_success_or_redirect
1399555836.928463 128 1 35 match_stop - abort_unless_success_or_redirect
1399555837.000932 192 1 25 match_stop - abort_unless_success_or_redirect
1399555837.197381 344 1 5 match_stop - abort_unless_success_or_redirect
1399555837.917913 280 1 15 match_stop - abort_unless_success_or_redirect
1399555838.042284 241 1 17 match_stop - abort_unless_success_or_redirect
1399555838.059034 289 1 13 match_stop - abort_unless_success_or_redirect
1399555838.304171 30 1 65 match_stop - abort_unless_success_or_redirect
1399555838.391859 337 1 5 match_stop - abort_unless_success_or_redirect
1399555838.613278 65 1 55 match_stop - abort_unless_success_or_redirect
1399555838.756890 342 1 5 match_stop - abort_unless_success_or_redirect
1399555838.766052 348 1 5 match_stop - abort_unless_success_or_redirect
1399555839.056183 165 1 25 match_stop - abort_unless_success_or_redirect
1399555839.131855 88 1 47 match_stop - abort_unless_success_or_redirect
1399555839.151171 90 1 45 match_stop - abort_unless_success_or_redirect
1399555839.232696 219 1 21 match_stop - abort_unless_success_or_redirect
1399555839.391626 220 1 23 match_stop - abort_unless_success_or_redirect
1399555839.424125 93 1 47 match_stop - abort_unless_success_or_redirect
1399555849.465420 81 1 53 match_stop - abort_unless_success_or_redirect
1399555849.466071 376 1 3 match_stop - abort_unless_success_or_redirect
1399555849.574757 7 1 69 match_stop - abort_unless_success_or_redirect
1399555850.055905 149 1 29 match_stop - abort_unless_success_or_redirect
1399555850.101603 94 1 45 match_stop - abort_unless_success_or_redirect
1399555850.116652 290 1 13 match_stop - abort_unless_success_or_redirect
1399555850.244879 187 1 25 match_stop - abort_unless_success_or_redirect
1399555850.365618 378 1 3 match_stop - abort_unless_success_or_redirect
1399555851.921317 366 1 3 match_stop - abort_unless_success_or_redirect
1399555860.841463 315 1 11 match_stop - abort_unless_success_or_redirect
1399555860.881882 383 1 3 match_stop - abort_unless_success_or_redirect
1399555860.996809 292 1 15 match_stop - abort_unless_success_or_redirect
1399555861.015166 349 1 7 match_stop - abort_unless_success_or_redirect
1399555861.137487 132 1 33 match_stop - abort_unless_success_or_redirect
1399555861.153950 1 1 71 match_stop - abort_unless_success_or_redirect
1399555861.203646 345 1 9 match_stop - abort_unless_success_or_redirect
1399555861.622197 108 1 45 match_stop - abort_unless_success_or_redirect
1399555861.644779 324 1 11 match_stop - abort_unless_success_or_redirect
1399555870.360699 300 1 13 match_stop - abort_unless_success_or_redirect
1399555870.381697 82 1 51 match_stop - abort_unless_success_or_redirect
1399555870.424539 254 1 21 match_stop - abort_unless_success_or_redirect
1399555870.427815 268 1 19 match_stop - abort_unless_success_or_redirect
1399555870.530350 224 1 23 match_stop - abort_unless_success_or_redirect
1399555870.596660 126 1 35 match_stop - abort_unless_success_or_redirect
1399555870.599830 379 1 5 match_stop - abort_unless_success_or_redirect
1399555870.605678 370 1 7 match_stop - abort_unless_success_or_redirect
1399555874.866288 184 1 29 match_stop - abort_unless_success_or_redirect
1399555875.414486 341 1 13 match_stop - abort_unless_success_or_redirect
1399555875.438072 335 1 11 match_stop - abort_unless_success_or_redirect
1399555884.061845 57 1 61 match_stop - abort_unless_success_or_redirect
1399555884.226519 411 1 3 match_stop - abort_unless_success_or_redirect
1399555884.240788 230 1 25 match_stop - abort_unless_success_or_redirect
1399555884.262608 353 1 9 match_stop - abort_unless_success_or_redirect
1399555884.288329 222 1 25 match_stop - abort_unless_success_or_redirect
1399555884.789875 67 1 61 match_stop - abort_unless_success_or_redirect
1399555884.793718 273 1 19 match_stop - abort_unless_success_or_redirect
1399555884.842482 355 1 11 match_stop - abort_unless_success_or_redirect
1399555885.032725 255 1 19 match_stop - abort_unless_success_or_redirect
1399555885.049708 412 1 3 match_stop - abort_unless_success_or_redirect
1399555885.964059 188 1 31 match_stop - abort_unless_success_or_redirect
1399555886.051069 354 1 11 match_stop - abort_unless_success_or_redirect
1399555886.145413 322 1 15 match_stop - abort_unless_success_or_redirect
1399555886.165043 63 1 67 match_stop - abort_unless_success_or_redirect
1399555886.165977 25 1 79 match_stop - abort_unless_success_or_redirect
1399555886.390120 49 1 65 match_stop - abort_unless_success_or_redirect
1399555886.470383 377 1 9 match_stop - abort_unless_success_or_redirect
1399555886.482457 339 1 11 match_stop - abort_unless_success_or_redirect
1399555886.557610 218 1 29 match_stop - abort_unless_success_or_redirect
1399555887.018029 159 1 33 match_stop - abort_unless_success_or_redirect
1399555894.081074 396 1 7 match_stop - abort_unless_success_or_redirect
1399555899.191091 202 1 33 match_stop - abort_unless_success_or_redirect
1399555899.245190 346 1 13 match_stop - abort_unless_success_or_redirect
1399555899.377856 423 1 3 match_stop - abort_unless_success_or_redirect
1399555899.385193 392 1 7 match_stop - abort_unless_success_or_redirect
1399555900.157512 401 1 5 match_stop - abort_unless_success_or_redirect
1399555900.208893 114 1 47 match_stop - abort_unless_success_or_redirect
1399555900.231724 245 1 27 match_stop - abort_unless_success_or_redirect
1399555900.244356 381 1 11 match_stop - abort_unless_success_or_redirect
1399555900.314302 336 1 15 match_stop - abort_unless_success_or_redirect
1399555900.315334 272 1 21 match_stop - abort_unless_success_or_redirect
1399555900.334197 420 1 3 match_stop - abort_unless_success_or_redirect
1399555900.339096 13 1 81 match_stop - abort_unless_success_or_redirect
1399555905.774759 313 1 15 match_stop - abort_unless_success_or_redirect
1399555907.155116 394 1 9 match_stop - abort_unless_success_or_redirect
1399555908.662157 413 1 5 match_stop - abort_unless_success_or_redirect
1399555908.690013 439 1 3 match_stop - abort_unless_success_or_redirect
1399555909.055400 143 1 39 match_stop - abort_unless_success_or_redirect
1399555909.205708 133 1 41 match_stop - abort_unless_success_or_redirect
1399555909.207578 438 1 3 match_stop - abort_unless_success_or_redirect
1399555909.360828 422 1 5 match_stop - abort_unless_success_or_redirect
1399555909.504066 59 1 63 match_stop - abort_unless_success_or_redirect
1399555920.119978 414 1 9 match_stop - abort_unless_success_or_redirect
1399555920.706011 50 1 59 match_stop - abort_unless_success_or_redirect
1399555920.880518 397 1 11 match_stop - abort_unless_success_or_redirect
1399555920.952129 323 1 19 match_stop - abort_unless_success_or_redirect
1399555921.391134 106 1 51 match_stop - abort_unless_success_or_redirect
1399555921.509828 441 1 5 match_stop - abort_unless_success_or_redirect
1399555921.693541 75 1 63 match_stop - abort_unless_success_or_redirect
1399555921.726553 252 1 29 match_stop - abort_unless_success_or_redirect
1399555922.262673 360 1 13 match_stop - abort_unless_success_or_redirect
1399555922.274284 231 1 29 match_stop - abort_unless_success_or_redirect
1399555922.349175 103 1 55 match_stop - abort_unless_success_or_redirect
1399555923.016085 130 1 43 match_stop - abort_unless_success_or_redirect
1399555923.021128 317 1 21 match_stop - abort_unless_success_or_redirect
1399555923.025012 100 1 51 match_stop - abort_unless_success_or_redirect
1399555923.040121 428 1 5 match_stop - abort_unless_success_or_redirect
1399555923.984406 197 1 31 match_stop - abort_unless_success_or_redirect
1399555924.397973 285 1 27 match_stop - abort_unless_success_or_redirect
1399555924.405698 455 1 3 match_stop - abort_unless_success_or_redirect
1399555924.429735 72 1 57 match_stop - abort_unless_success_or_redirect
1399555925.814160 87 1 53 match_stop - abort_unless_success_or_redirect
1399555925.989718 117 1 47 match_stop - abort_unless_success_or_redirect
1399555933.325045 265 1 25 match_stop - abort_unless_success_or_redirect
1399555933.430704 347 1 19 match_stop - abort_unless_success_or_redirect
1399555933.450192 408 1 11 match_stop - abort_unless_success_or_redirect
1399555933.453329 286 1 25 match_stop - abort_unless_success_or_redirect
1399555945.650160 326 1 23 match_stop - abort_unless_success_or_redirect
1399555945.730404 451 1 7 match_stop - abort_unless_success_or_redirect
1399555945.760051 74 1 59 match_stop - abort_unless_success_or_redirect
1399555945.924114 43 1 81 match_stop - abort_unless_success_or_redirect
1399555946.111364 410 1 13 match_stop - abort_unless_success_or_redirect
1399555946.114963 391 1 15 match_stop - abort_unless_success_or_redirect
1399555946.118010 145 1 43 match_stop - abort_unless_success_or_redirect
1399555946.131252 48 1 71 match_stop - abort_unless_success_or_redirect
1399555948.032042 251 1 29 match_stop - abort_unless_success_or_redirect
1399555948.121200 362 1 19 match_stop - abort_unless_success_or_redirect
1399555948.209835 191 1 35 match_stop - abort_unless_success_or_redirect
1399555948.661585 473 1 3 match_stop - abort_unless_success_or_redirect
1399555953.924905 47 1 75 match_stop - abort_unless_success_or_redirect
1399555953.976776 472 1 3 match_stop - abort_unless_success_or_redirect
1399555953.979118 457 1 7 match_stop - abort_unless_success_or_redirect
1399555953.981602 95 1 59 match_stop - abort_unless_success_or_redirect
1399555954.951796 178 1 39 match_stop - abort_unless_success_or_redirect
1399555969.707644 418 1 13 match_stop - abort_unless_success_or_redirect
1399555969.816567 45 1 77 match_stop - abort_unless_success_or_redirect
1399555969.846823 372 1 21 match_stop - abort_unless_success_or_redirect
1399555969.887944 426 1 11 match_stop - abort_unless_success_or_redirect
1399555971.396109 491 1 3 match_stop - abort_unless_success_or_redirect
1399555971.457070 39 1 75 match_stop - abort_unless_success_or_redirect
1399555971.488735 388 1 19 match_stop - abort_unless_success_or_redirect
1399555971.693159 430 1 13 match_stop - abort_unless_success_or_redirect
1399555971.758292 495 1 3 match_stop - abort_unless_success_or_redirect
1399555971.811056 427 1 15 match_stop - abort_unless_success_or_redirect
1399555971.878030 415 1 13 match_stop - abort_unless_success_or_redirect
1399555972.069843 498 1 3 match_stop - abort_unless_success_or_redirect
1399555975.755970 501 1 3 match_stop - abort_unless_success_or_redirect
1399555975.763217 488 1 5 match_stop - abort_unless_success_or_redirect
1399555978.209224 445 1 9 match_stop - abort_unless_success_or_redirect
1399555980.784431 325 1 25 match_stop - abort_unless_success_or_redirect
1399555980.800947 421 1 17 match_stop - abort_unless_success_or_redirect
1399555980.961362 494 1 5 match_stop - abort_unless_success_or_redirect
1399555983.165328 469 1 9 match_stop - abort_unless_success_or_redirect
1399555983.202687 26 1 93 match_stop - abort_unless_success_or_redirect
1399555983.361374 338 1 27 match_stop - abort_unless_success_or_redirect
1399555983.393858 211 1 41 match_stop - abort_unless_success_or_redirect
1399555983.440233 162 1 47 match_stop - abort_unless_success_or_redirect
1399555984.687230 55 1 73 match_stop - abort_unless_success_or_redirect
1399555984.734875 343 1 25 match_stop - abort_unless_success_or_redirect
1399555991.424752 405 1 21 match_stop - abort_unless_success_or_redirect
1399555991.432093 493 1 7 match_stop - abort_unless_success_or_redirect
1399555992.033679 215 1 43 match_stop - abort_unless_success_or_redirect
1399555999.328962 9 1 95 match_stop - abort_unless_success_or_redirect
1399555999.366088 249 1 33 match_stop - abort_unless_success_or_redirect
1399555999.386234 154 1 49 match_stop - abort_unless_success_or_redirect
1399555999.441748 407 1 17 match_stop - abort_unless_success_or_redirect
1399555999.458602 471 1 9 match_stop - abort_unless_success_or_redirect
1399556000.833263 406 1 19 match_stop - abort_unless_success_or_redirect
1399556000.841878 144 1 47 match_stop - abort_unless_success_or_redirect
1399556001.842353 380 1 23 match_stop - abort_unless_success_or_redirect
1399556001.999597 521 1 3 match_stop - abort_unless_success_or_redirect
1399556002.023882 382 1 21 match_stop - abort_unless_success_or_redirect
1399556002.152195 373 1 25 match_stop - abort_unless_success_or_redirect
1399556002.157175 8 1 89 match_stop - abort_unless_success_or_redirect
1399556002.343113 386 1 19 match_stop - abort_unless_success_or_redirect
1399556002.367155 509 1 5 match_stop - abort_unless_success_or_redirect
1399556002.402316 416 1 19 match_stop - abort_unless_success_or_redirect
1399556002.427130 123 1 55 match_stop - abort_unless_success_or_redirect
1399556011.094056 480 1 11 match_stop - abort_unless_success_or_redirect
1399556011.163389 449 1 15 match_stop - abort_unless_success_or_redirect
1399556011.166768 356 1 29 match_stop - abort_unless_success_or_redirect
1399556011.222654 399 1 19 match_stop - abort_unless_success_or_redirect
1399556012.457113 12 1 95 match_stop - abort_unless_success_or_redirect
1399556012.570680 467 1 15 match_stop - abort_unless_success_or_redirect
1399556012.589701 69 1 71 match_stop - abort_unless_success_or_redirect
1399556012.682842 400 1 23 match_stop - abort_unless_success_or_redirect
1399556012.781124 506 1 7 match_stop - abort_unless_success_or_redirect
1399556012.892548 282 1 35 match_stop - abort_unless_success_or_redirect
1399556012.978297 199 1 47 match_stop - abort_unless_success_or_redirect
1399556012.980311 465 1 15 match_stop - abort_unless_success_or_redirect
1399556013.026382 482 1 11 match_stop - abort_unless_success_or_redirect
1399556013.633724 454 1 17 match_stop - abort_unless_success_or_redirect
1399556013.831829 487 1 9 match_stop - abort_unless_success_or_redirect
1399556034.723341 461 1 17 match_stop - abort_unless_success_or_redirect
1399556034.878815 502 1 11 match_stop - abort_unless_success_or_redirect
1399556034.907587 547 1 3 match_stop - abort_unless_success_or_redirect
1399556035.321190 516 1 7 match_stop - abort_unless_success_or_redirect
1399556035.888574 56 1 75 match_stop - abort_unless_success_or_redirect
1399556035.937803 541 1 5 match_stop - abort_unless_success_or_redirect
1399556035.996571 554 1 3 match_stop - abort_unless_success_or_redirect
1399556036.697620 89 1 69 match_stop - abort_unless_success_or_redirect
1399556036.712878 530 1 5 match_stop - abort_unless_success_or_redirect
1399556036.804956 542 1 5 match_stop - abort_unless_success_or_redirect
1399556036.829792 450 1 19 match_stop - abort_unless_success_or_redirect
1399556037.024914 62 1 83 match_stop - abort_unless_success_or_redirect
1399556037.079450 364 1 29 match_stop - abort_unless_success_or_redirect
1399556038.683879 555 1 3 match_stop - abort_unless_success_or_redirect
1399556039.793716 403 1 25 match_stop - abort_unless_success_or_redirect
1399556039.850345 390 1 21 match_stop - abort_unless_success_or_redirect
1399556039.898884 535 1 5 match_stop - abort_unless_success_or_redirect
1399556039.906609 443 1 19 match_stop - abort_unless_success_or_redirect
1399556039.966300 204 1 43 match_stop - abort_unless_success_or_redirect
1399556039.974547 244 1 43 match_stop - abort_unless_success_or_redirect
1399556039.975081 453 1 19 match_stop - abort_unless_success_or_redirect
1399556039.988604 496 1 13 match_stop - abort_unless_success_or_redirect
1399556041.672195 177 1 51 match_stop - abort_unless_success_or_redirect
1399556041.806973 548 1 5 match_stop - abort_unless_success_or_redirect
1399556043.136559 546 1 5 match_stop - abort_unless_success_or_redirect
1399556043.685215 363 1 31 match_stop - abort_unless_success_or_redirect
1399556043.718720 444 1 21 match_stop - abort_unless_success_or_redirect
1399556045.008180 124 1 61 match_stop - abort_unless_success_or_redirect
1399556045.014280 436 1 23 match_stop - abort_unless_success_or_redirect
1399556045.059003 466 1 19 match_stop - abort_unless_success_or_redirect
1399556045.602768 479 1 17 match_stop - abort_unless_success_or_redirect
1399556045.786934 320 1 35 match_stop - abort_unless_success_or_redirect
1399556046.244803 182 1 51 match_stop - abort_unless_success_or_redirect
1399556064.903920 307 1 35 match_stop - abort_unless_success_or_redirect
1399556065.104047 524 1 9 match_stop - abort_unless_success_or_redirect
1399556066.168514 523 1 11 match_stop - abort_unless_success_or_redirect
1399556067.988091 483 1 19 match_stop - abort_unless_success_or_redirect
1399556068.268026 460 1 21 match_stop - abort_unless_success_or_redirect
1399556068.325432 567 1 5 match_stop - abort_unless_success_or_redirect
1399556068.824183 545 1 9 match_stop - abort_unless_success_or_redirect
1399556068.857997 560 1 7 match_stop - abort_unless_success_or_redirect
1399556069.230535 500 1 13 match_stop - abort_unless_success_or_redirect
1399556069.243659 121 1 67 match_stop - abort_unless_success_or_redirect
1399556069.279133 497 1 17 match_stop - abort_unless_success_or_redirect
1399556069.297471 256 1 45 match_stop - abort_unless_success_or_redirect
1399556069.400343 463 1 21 match_stop - abort_unless_success_or_redirect
1399556069.509683 33 1 93 match_stop - abort_unless_success_or_redirect
1399556069.566505 512 1 11 match_stop - abort_unless_success_or_redirect
1399556069.743125 474 1 19 match_stop - abort_unless_success_or_redirect
1399556070.250995 296 1 41 match_stop - abort_unless_success_or_redirect
1399556070.356648 492 1 19 match_stop - abort_unless_success_or_redirect
1399556070.358904 574 1 5 match_stop - abort_unless_success_or_redirect
1399556072.078602 306 1 33 match_stop - abort_unless_success_or_redirect
1399556072.294474 486 1 19 match_stop - abort_unless_success_or_redirect
1399556072.324198 66 1 75 match_stop - abort_unless_success_or_redirect
1399556072.360817 587 1 3 match_stop - abort_unless_success_or_redirect
1399556072.406940 564 1 7 match_stop - abort_unless_success_or_redirect
1399556072.637990 328 1 39 match_stop - abort_unless_success_or_redirect
1399556072.678191 107 1 69 match_stop - abort_unless_success_or_redirect
1399556072.744176 484 1 19 match_stop - abort_unless_success_or_redirect
1399556072.795707 589 1 3 match_stop - abort_unless_success_or_redirect
1399556072.839877 389 1 29 match_stop - abort_unless_success_or_redirect
1399556083.161166 424 1 25 match_stop - abort_unless_success_or_redirect
1399556083.250587 359 1 33 match_stop - abort_unless_success_or_redirect
1399556083.556805 312 1 39 match_stop - abort_unless_success_or_redirect
1399556083.619681 533 1 11 match_stop - abort_unless_success_or_redirect
1399556083.757552 459 1 23 match_stop - abort_unless_success_or_redirect
1399556083.784057 368 1 31 match_stop - abort_unless_success_or_redirect
1399556084.293449 517 1 15 match_stop - abort_unless_success_or_redirect
1399556085.379706 434 1 27 match_stop - abort_unless_success_or_redirect
1399556086.074064 601 1 3 match_stop - abort_unless_success_or_redirect
1399556086.148985 602 1 3 match_stop - abort_unless_success_or_redirect
1399556086.153022 522 1 15 match_stop - abort_unless_success_or_redirect
1399556086.255947 452 1 25 match_stop - abort_unless_success_or_redirect
1399556086.294966 435 1 25 match_stop - abort_unless_success_or_redirect
1399556086.430204 470 1 21 match_stop - abort_unless_success_or_redirect
1399556086.493228 166 1 57 match_stop - abort_unless_success_or_redirect
1399556086.547965 375 1 31 match_stop - abort_unless_success_or_redirect
1399556086.972102 60 1 89 match_stop - abort_unless_success_or_redirect
1399556087.018618 139 1 63 match_stop - abort_unless_success_or_redirect
1399556101.547741 552 1 13 match_stop - abort_unless_success_or_redirect
1399556101.548449 294 1 47 match_stop - abort_unless_success_or_redirect
1399556101.596005 510 1 17 match_stop - abort_unless_success_or_redirect
1399556102.375362 433 1 29 match_stop - abort_unless_success_or_redirect
1399556102.415419 478 1 23 match_stop - abort_unless_success_or_redirect
1399556102.488992 299 1 41 match_stop - abort_unless_success_or_redirect
1399556102.492500 600 1 3 match_stop - abort_unless_success_or_redirect
1399556102.587201 576 1 9 match_stop - abort_unless_success_or_redirect
1399556102.658221 597 1 7 match_stop - abort_unless_success_or_redirect
1399556102.700809 80 1 77 match_stop - abort_unless_success_or_redirect
1399556102.878350 612 1 5 match_stop - abort_unless_success_or_redirect
1399556103.050605 531 1 15 match_stop - abort_unless_success_or_redirect
1399556116.140935 559 1 13 match_stop - abort_unless_success_or_redirect
1399556116.179404 629 1 3 match_stop - abort_unless_success_or_redirect
1399556116.621734 127 1 65 match_stop - abort_unless_success_or_redirect
1399556116.720947 352 1 41 match_stop - abort_unless_success_or_redirect
1399556117.006135 168 1 59 match_stop - abort_unless_success_or_redirect
1399556117.017981 14 1 101 match_stop - abort_unless_success_or_redirect
1399556117.040649 507 1 19 match_stop - abort_unless_success_or_redirect
1399556117.412961 417 1 33 match_stop - abort_unless_success_or_redirect
1399556117.740094 476 1 25 match_stop - abort_unless_success_or_redirect
1399556125.424149 437 1 31 match_stop - abort_unless_success_or_redirect
1399556125.581112 646 1 3 match_stop - abort_unless_success_or_redirect
1399556126.291719 611 1 7 match_stop - abort_unless_success_or_redirect
1399556126.355976 569 1 15 match_stop - abort_unless_success_or_redirect
1399556126.423916 584 1 13 match_stop - abort_unless_success_or_redirect
1399556131.084877 614 1 9 match_stop - abort_unless_success_or_redirect
1399556131.098049 212 1 55 match_stop - abort_unless_success_or_redirect
1399556131.110527 526 1 21 match_stop - abort_unless_success_or_redirect
1399556131.175385 257 1 51 match_stop - abort_unless_success_or_redirect
1399556131.429249 462 1 31 match_stop - abort_unless_success_or_redirect
1399556131.526723 540 1 19 match_stop - abort_unless_success_or_redirect
1399556131.646957 654 1 3 match_stop - abort_unless_success_or_redirect
1399556131.658277 656 1 3 match_stop - abort_unless_success_or_redirect
1399556131.670886 485 1 25 match_stop - abort_unless_success_or_redirect
1399556131.813763 275 1 51 match_stop - abort_unless_success_or_redirect
1399556131.968849 186 1 57 match_stop - abort_unless_success_or_redirect
1399556132.123730 623 1 7 match_stop - abort_unless_success_or_redirect
1399556132.219317 318 1 43 match_stop - abort_unless_success_or_redirect
1399556132.289758 608 1 9 match_stop - abort_unless_success_or_redirect
1399556132.307472 477 1 29 match_stop - abort_unless_success_or_redirect
1399556132.857075 549 1 19 match_stop - abort_unless_success_or_redirect
1399556135.464226 206 1 61 match_stop - abort_unless_success_or_redirect
1399556135.467734 599 1 11 match_stop - abort_unless_success_or_redirect
1399556135.518073 330 1 41 match_stop - abort_unless_success_or_redirect
1399556135.663228 46 1 93 match_stop - abort_unless_success_or_redirect
1399556135.818662 544 1 19 match_stop - abort_unless_success_or_redirect
1399556145.400273 229 1 57 match_stop - abort_unless_success_or_redirect
1399556145.418949 591 1 11 match_stop - abort_unless_success_or_redirect
1399556145.499431 558 1 15 match_stop - abort_unless_success_or_redirect
1399556145.506244 513 1 23 match_stop - abort_unless_success_or_redirect
1399556146.728083 284 1 49 match_stop - abort_unless_success_or_redirect
1399556146.781301 641 1 7 match_stop - abort_unless_success_or_redirect
1399556149.714130 155 1 67 match_stop - abort_unless_success_or_redirect
1399556150.040425 562 1 19 match_stop - abort_unless_success_or_redirect
1399556150.106032 274 1 49 match_stop - abort_unless_success_or_redirect
1399556150.108498 653 1 5 match_stop - abort_unless_success_or_redirect
1399556152.173232 666 1 3 match_stop - abort_unless_success_or_redirect
1399556152.260078 140 1 69 match_stop - abort_unless_success_or_redirect
1399556152.265516 674 1 3 match_stop - abort_unless_success_or_redirect
1399556152.293655 667 1 3 match_stop - abort_unless_success_or_redirect
1399556152.415327 671 1 3 match_stop - abort_unless_success_or_redirect
1399556163.565155 583 1 17 match_stop - abort_unless_success_or_redirect
1399556163.593250 687 1 3 match_stop - abort_unless_success_or_redirect
1399556163.655483 511 1 25 match_stop - abort_unless_success_or_redirect
1399556163.748558 331 1 47 match_stop - abort_unless_success_or_redirect
1399556164.088740 234 1 53 match_stop - abort_unless_success_or_redirect
1399556164.135392 675 1 3 match_stop - abort_unless_success_or_redirect
1399556164.153818 327 1 49 match_stop - abort_unless_success_or_redirect
1399556164.177142 672 1 5 match_stop - abort_unless_success_or_redirect
1399556164.197136 615 1 11 match_stop - abort_unless_success_or_redirect
1399556164.614291 515 1 27 match_stop - abort_unless_success_or_redirect
1399556164.723740 565 1 19 match_stop - abort_unless_success_or_redirect
1399556164.860902 632 1 11 match_stop - abort_unless_success_or_redirect
1399556164.908512 350 1 45 match_stop - abort_unless_success_or_redirect
1399556168.776229 398 1 41 match_stop - abort_unless_success_or_redirect
1399556168.782748 357 1 45 match_stop - abort_unless_success_or_redirect
1399556168.792515 84 1 83 match_stop - abort_unless_success_or_redirect
1399556169.137506 634 1 9 match_stop - abort_unless_success_or_redirect
1399556169.153214 681 1 3 match_stop - abort_unless_success_or_redirect
1399556184.261581 277 1 49 match_stop - abort_unless_success_or_redirect
1399556184.264625 693 1 5 match_stop - abort_unless_success_or_redirect
1399556184.279462 4 1 107 match_stop - abort_unless_success_or_redirect
1399556184.627469 647 1 13 match_stop - abort_unless_success_or_redirect
1399556184.957261 458 1 33 match_stop - abort_unless_success_or_redirect
1399556185.360292 351 1 49 match_stop - abort_unless_success_or_redirect
1399556185.402697 561 1 25 match_stop - abort_unless_success_or_redirect
1399556185.404343 395 1 43 match_stop - abort_unless_success_or_redirect
1399556185.581997 598 1 17 match_stop - abort_unless_success_or_redirect
1399556185.636001 630 1 15 match_stop - abort_unless_success_or_redirect
1399556187.899704 409 1 41 match_stop - abort_unless_success_or_redirect
1399556187.906328 419 1 41 match_stop - abort_unless_success_or_redirect
1399556187.918457 595 1 19 match_stop - abort_unless_success_or_redirect
1399556187.929592 652 1 11 match_stop - abort_unless_success_or_redirect
1399556187.931051 21 1 95 match_stop - abort_unless_success_or_redirect
1399556189.021854 152 1 75 match_stop - abort_unless_success_or_redirect
1399556191.786167 721 1 3 match_stop - abort_unless_success_or_redirect
1399556191.804634 301 1 57 match_stop - abort_unless_success_or_redirect
1399556191.874405 446 1 39 match_stop - abort_unless_success_or_redirect
1399556191.879979 287 1 57 match_stop - abort_unless_success_or_redirect
1399556191.920027 686 1 5 match_stop - abort_unless_success_or_redirect
1399556191.926498 705 1 5 match_stop - abort_unless_success_or_redirect
1399556191.954495 570 1 23 match_stop - abort_unless_success_or_redirect
1399556191.968164 310 1 51 match_stop - abort_unless_success_or_redirect
1399556192.019858 505 1 29 match_stop - abort_unless_success_or_redirect
1399556192.127137 713 1 5 match_stop - abort_unless_success_or_redirect
1399556192.703508 605 1 17 match_stop - abort_unless_success_or_redirect
1399556192.839026 41 1 101 match_stop - abort_unless_success_or_redirect
1399556209.188843 737 1 5 match_stop - abort_unless_success_or_redirect
1399556209.423599 680 1 9 match_stop - abort_unless_success_or_redirect
1399556209.531118 673 1 11 match_stop - abort_unless_success_or_redirect
1399556209.605788 742 1 3 match_stop - abort_unless_success_or_redirect
1399556209.844050 643 1 13 match_stop - abort_unless_success_or_redirect
1399556209.883878 678 1 11 match_stop - abort_unless_success_or_redirect
1399556211.006370 683 1 9 match_stop - abort_unless_success_or_redirect
1399556219.865699 750 1 3 match_stop - abort_unless_success_or_redirect
1399556219.898390 393 1 45 match_stop - abort_unless_success_or_redirect
1399556223.277809 283 1 59 match_stop - abort_unless_success_or_redirect
1399556223.478440 706 1 9 match_stop - abort_unless_success_or_redirect
1399556223.837457 580 1 23 match_stop - abort_unless_success_or_redirect
1399556223.877986 609 1 21 match_stop - abort_unless_success_or_redirect
1399556223.900233 520 1 29 match_stop - abort_unless_success_or_redirect
1399556223.916176 757 1 3 match_stop - abort_unless_success_or_redirect
1399556224.027755 691 1 11 match_stop - abort_unless_success_or_redirect
1399556224.261488 749 1 5 match_stop - abort_unless_success_or_redirect
1399556224.266381 696 1 9 match_stop - abort_unless_success_or_redirect
1399556224.309784 319 1 59 match_stop - abort_unless_success_or_redirect
1399556224.596251 637 1 17 match_stop - abort_unless_success_or_redirect
1399556224.606203 607 1 23 match_stop - abort_unless_success_or_redirect
1399556224.618600 670 1 15 match_stop - abort_unless_success_or_redirect
1399556224.678995 688 1 13 match_stop - abort_unless_success_or_redirect
1399556224.690822 707 1 9 match_stop - abort_unless_success_or_redirect
1399556224.712389 722 1 9 match_stop - abort_unless_success_or_redirect
1399556224.754388 708 1 11 match_stop - abort_unless_success_or_redirect
1399556224.769609 645 1 17 match_stop - abort_unless_success_or_redirect
1399556224.914752 626 1 19 match_stop - abort_unless_success_or_redirect
1399556225.054145 682 1 13 match_stop - abort_unless_success_or_redirect
1399556225.087563 404 1 43 match_stop - abort_unless_success_or_redirect
1399556225.382221 447 1 35 match_stop - abort_unless_success_or_redirect
1399556229.268537 760 1 3 match_stop - abort_unless_success_or_redirect
1399556229.419711 639 1 21 match_stop - abort_unless_success_or_redirect
1399556229.464657 468 1 43 match_stop - abort_unless_success_or_redirect
1399556229.561404 358 1 51 match_stop - abort_unless_success_or_redirect
1399556229.588125 741 1 7 match_stop - abort_unless_success_or_redirect
1399556229.632605 606 1 25 match_stop - abort_unless_success_or_redirect
1399556234.855069 112 1 87 match_stop - abort_unless_success_or_redirect
1399556235.716357 734 1 9 match_stop - abort_unless_success_or_redirect
1399556237.747071 769 1 3 match_stop - abort_unless_success_or_redirect
1399556237.758746 736 1 7 match_stop - abort_unless_success_or_redirect
1399556237.786594 604 1 21 match_stop - abort_unless_success_or_redirect
1399556237.842870 543 1 29 match_stop - abort_unless_success_or_redirect
1399556237.896434 669 1 15 match_stop - abort_unless_success_or_redirect
1399556237.924408 665 1 17 match_stop - abort_unless_success_or_redirect
1399556237.941962 650 1 19 match_stop - abort_unless_success_or_redirect
1399556238.107486 374 1 49 match_stop - abort_unless_success_or_redirect
1399556238.140037 710 1 13 match_stop - abort_unless_success_or_redirect
1399556238.257886 772 1 3 match_stop - abort_unless_success_or_redirect
1399556238.268433 644 1 19 match_stop - abort_unless_success_or_redirect
1399556241.975982 442 1 45 match_stop - abort_unless_success_or_redirect
1399556242.127689 776 1 3 match_stop - abort_unless_success_or_redirect
1399556242.172171 779 1 3 match_stop - abort_unless_success_or_redirect
1399556244.791770 180 1 75 match_stop - abort_unless_success_or_redirect
1399556244.833695 703 1 13 match_stop - abort_unless_success_or_redirect
1399556246.476256 658 1 17 match_stop - abort_unless_success_or_redirect
1399556253.957882 795 1 3 match_stop - abort_unless_success_or_redirect
1399556256.734371 571 1 29 match_stop - abort_unless_success_or_redirect
1399556267.462842 787 1 5 match_stop - abort_unless_success_or_redirect
1399556267.481287 811 1 3 match_stop - abort_unless_success_or_redirect
1399556267.605264 448 1 45 match_stop - abort_unless_success_or_redirect
1399556268.714251 627 1 27 match_stop - abort_unless_success_or_redirect
1399556269.221561 800 1 5 match_stop - abort_unless_success_or_redirect
1399556269.413323 538 1 31 match_stop - abort_unless_success_or_redirect
1399556271.158577 636 1 23 match_stop - abort_unless_success_or_redirect
1399556271.181438 699 1 19 match_stop - abort_unless_success_or_redirect
1399556271.199058 796 1 7 match_stop - abort_unless_success_or_redirect
1399556272.340454 661 1 21 match_stop - abort_unless_success_or_redirect
1399556272.429502 573 1 33 match_stop - abort_unless_success_or_redirect
1399556273.099970 539 1 33 match_stop - abort_unless_success_or_redirect
1399556273.135618 794 1 5 match_stop - abort_unless_success_or_redirect
1399556273.145516 519 1 35 match_stop - abort_unless_success_or_redirect
1399556273.353355 365 1 57 match_stop - abort_unless_success_or_redirect
1399556273.377929 725 1 17 match_stop - abort_unless_success_or_redirect
1399556273.389627 802 1 5 match_stop - abort_unless_success_or_redirect
1399556273.682239 793 1 7 match_stop - abort_unless_success_or_redirect
1399556273.820939 818 1 3 match_stop - abort_unless_success_or_redirect
1399556273.840464 701 1 15 match_stop - abort_unless_success_or_redirect
1399556273.894872 631 1 23 match_stop - abort_unless_success_or_redirect
1399556273.905414 610 1 27 match_stop - abort_unless_success_or_redirect
1399556273.936856 592 1 27 match_stop - abort_unless_success_or_redirect
1399556273.970841 712 1 15 match_stop - abort_unless_success_or_redirect
1399556274.039735 773 1 9 match_stop - abort_unless_success_or_redirect
1399556276.940365 819 1 3 match_stop - abort_unless_success_or_redirect
1399556277.105897 596 1 29 match_stop - abort_unless_success_or_redirect
1399556277.136573 232 1 75 match_stop - abort_unless_success_or_redirect
1399556278.400368 763 1 11 match_stop - abort_unless_success_or_redirect
1399556282.131324 801 1 5 match_stop - abort_unless_success_or_redirect
1399556282.142849 808 1 5 match_stop - abort_unless_success_or_redirect
1399556282.198718 293 1 67 match_stop - abort_unless_success_or_redirect
1399556282.620081 826 1 3 match_stop - abort_unless_success_or_redirect
1399556282.745172 812 1 5 match_stop - abort_unless_success_or_redirect
1399556292.861825 835 1 3 match_stop - abort_unless_success_or_redirect
1399556292.880641 475 1 51 match_stop - abort_unless_success_or_redirect
1399556292.888947 761 1 11 match_stop - abort_unless_success_or_redirect
1399556293.332606 778 1 9 match_stop - abort_unless_success_or_redirect
1399556293.341630 173 1 79 match_stop - abort_unless_success_or_redirect
1399556293.373450 813 1 7 match_stop - abort_unless_success_or_redirect
1399556293.659159 774 1 11 match_stop - abort_unless_success_or_redirect
1399556293.807806 147 1 83 match_stop - abort_unless_success_or_redirect
1399556293.819454 728 1 19 match_stop - abort_unless_success_or_redirect
1399556301.869647 823 1 5 match_stop - abort_unless_success_or_redirect
1399556301.953711 853 1 3 match_stop - abort_unless_success_or_redirect
1399556302.367635 816 1 7 match_stop - abort_unless_success_or_redirect
1399556302.489062 655 1 25 match_stop - abort_unless_success_or_redirect
1399556302.504326 668 1 25 match_stop - abort_unless_success_or_redirect
1399556302.530770 649 1 25 match_stop - abort_unless_success_or_redirect
1399556302.552815 662 1 25 match_stop - abort_unless_success_or_redirect
1399556302.569685 536 1 39 match_stop - abort_unless_success_or_redirect
1399556302.576401 578 1 35 match_stop - abort_unless_success_or_redirect
1399556302.631517 850 1 3 match_stop - abort_unless_success_or_redirect
1399556302.649771 387 1 57 match_stop - abort_unless_success_or_redirect
1399556303.086211 777 1 11 match_stop - abort_unless_success_or_redirect
1399556303.260172 329 1 67 match_stop - abort_unless_success_or_redirect
1399556303.262711 402 1 57 match_stop - abort_unless_success_or_redirect
1399556303.911180 588 1 35 match_stop - abort_unless_success_or_redirect
1399556304.474743 657 1 27 match_stop - abort_unless_success_or_redirect
1399556304.674324 690 1 21 match_stop - abort_unless_success_or_redirect
1399556304.779976 635 1 27 match_stop - abort_unless_success_or_redirect
1399556307.316072 843 1 5 match_stop - abort_unless_success_or_redirect
1399556309.121685 857 1 3 match_stop - abort_unless_success_or_redirect
1399556309.719976 717 1 19 match_stop - abort_unless_success_or_redirect
1399556309.731702 831 1 7 match_stop - abort_unless_success_or_redirect
1399556309.809181 836 1 5 match_stop - abort_unless_success_or_redirect
1399556310.465472 579 1 31 match_stop - abort_unless_success_or_redirect
1399556310.642700 844 1 5 match_stop - abort_unless_success_or_redirect
1399556310.652452 532 1 39 match_stop - abort_unless_success_or_redirect
1399556310.711148 805 1 11 match_stop - abort_unless_success_or_redirect
1399556310.743811 791 1 11 match_stop - abort_unless_success_or_redirect
1399556310.825119 508 1 43 match_stop - abort_unless_success_or_redirect
1399556311.189861 753 1 17 match_stop - abort_unless_success_or_redirect
1399556311.221951 744 1 15 match_stop - abort_unless_success_or_redirect
1399556311.310782 845 1 5 match_stop - abort_unless_success_or_redirect
1399556311.321452 780 1 13 match_stop - abort_unless_success_or_redirect
1399556311.383559 581 1 31 match_stop - abort_unless_success_or_redirect
1399556312.345750 839 1 5 match_stop - abort_unless_success_or_redirect
1399556312.398589 638 1 31 match_stop - abort_unless_success_or_redirect
1399556313.431372 651 1 27 match_stop - abort_unless_success_or_redirect
1399556335.350283 260 1 77 match_stop - abort_unless_success_or_redirect
1399556336.392481 871 1 5 match_stop - abort_unless_success_or_redirect
1399556336.402908 833 1 9 match_stop - abort_unless_success_or_redirect
1399556336.432267 298 1 77 match_stop - abort_unless_success_or_redirect
1399556336.511578 740 1 21 match_stop - abort_unless_success_or_redirect
1399556337.088382 782 1 13 match_stop - abort_unless_success_or_redirect
1399556337.132774 369 1 61 match_stop - abort_unless_success_or_redirect
1399556337.971010 781 1 15 match_stop - abort_unless_success_or_redirect
1399556342.173139 288 1 73 match_stop - abort_unless_success_or_redirect
1399556342.183190 883 1 3 match_stop - abort_unless_success_or_redirect
1399556348.271811 264 1 77 match_stop - abort_unless_success_or_redirect
1399556348.361493 874 1 5 match_stop - abort_unless_success_or_redirect
1399556348.362109 855 1 9 match_stop - abort_unless_success_or_redirect
1399556348.386665 314 1 69 match_stop - abort_unless_success_or_redirect
1399556348.797523 770 1 19 match_stop - abort_unless_success_or_redirect
1399556349.631324 891 1 3 match_stop - abort_unless_success_or_redirect
1399556349.702907 788 1 17 match_stop - abort_unless_success_or_redirect
1399556350.894635 738 1 21 match_stop - abort_unless_success_or_redirect
1399556350.988134 711 1 27 match_stop - abort_unless_success_or_redirect
1399556351.001665 582 1 37 match_stop - abort_unless_success_or_redirect
1399556351.067426 537 1 47 match_stop - abort_unless_success_or_redirect
1399556351.076632 876 1 7 match_stop - abort_unless_success_or_redirect
1399556351.149359 894 1 3 match_stop - abort_unless_success_or_redirect
1399556352.491676 575 1 35 match_stop - abort_unless_success_or_redirect
1399556356.019335 766 1 17 match_stop - abort_unless_success_or_redirect
1399556356.022045 735 1 23 match_stop - abort_unless_success_or_redirect
1399556356.114706 385 1 63 match_stop - abort_unless_success_or_redirect
1399556356.115338 557 1 41 match_stop - abort_unless_success_or_redirect
1399556356.205895 775 1 17 match_stop - abort_unless_success_or_redirect
1399556356.216008 821 1 13 match_stop - abort_unless_success_or_redirect
1399556356.232428 729 1 25 match_stop - abort_unless_success_or_redirect
1399556374.890244 873 1 11 match_stop - abort_unless_success_or_redirect
1399556374.920730 809 1 17 match_stop - abort_unless_success_or_redirect
1399556374.932500 828 1 15 match_stop - abort_unless_success_or_redirect
1399556374.982728 642 1 35 match_stop - abort_unless_success_or_redirect
1399556375.471149 628 1 39 match_stop - abort_unless_success_or_redirect
1399556375.587196 882 1 9 match_stop - abort_unless_success_or_redirect
1399556375.759777 714 1 23 match_stop - abort_unless_success_or_redirect
1399556375.823177 432 1 63 match_stop - abort_unless_success_or_redirect
1399556375.900472 862 1 13 match_stop - abort_unless_success_or_redirect
1399556390.198867 832 1 15 match_stop - abort_unless_success_or_redirect
1399556390.358896 848 1 13 match_stop - abort_unless_success_or_redirect
1399556390.418963 613 1 43 match_stop - abort_unless_success_or_redirect
1399556662.438354 720 1 57 match_stop - abort_unless_success_or_redirect
1399556663.167488 865 1 39 match_stop - abort_unless_success_or_redirect
1399556663.178225 553 1 77 match_stop - abort_unless_success_or_redirect
1399556693.539635 640 1 73 match_stop - abort_unless_success_or_redirect
1399556693.797318 884 1 45 match_stop - abort_unless_success_or_redirect
1399556693.999525 527 1 83 match_stop - abort_unless_success_or_redirect
1399556695.916198 563 1 85 match_stop - abort_unless_success_or_redirect
1399556696.035243 746 1 55 match_stop - abort_unless_success_or_redirect
1399556698.163579 556 1 77 match_stop - abort_unless_success_or_redirect
1399556704.268750 783 1 55 match_stop - abort_unless_success_or_redirect
1399556704.420745 789 1 53 match_stop - abort_unless_success_or_redirect
1399556704.522640 577 1 83 match_stop - abort_unless_success_or_redirect
1399556705.735818 616 1 77 match_stop - abort_unless_success_or_redirect
1399556705.799686 617 1 75 match_stop - abort_unless_success_or_redirect
1399556731.952789 431 1 91 match_stop - abort_unless_success_or_redirect
1399556733.302112 481 1 91 match_stop - abort_unless_success_or_redirect
1399556736.181752 456 1 91 match_stop - abort_unless_success_or_redirect
1399556737.477143 664 1 63 match_stop - abort_unless_success_or_redirect
1399556738.891141 747 1 63 match_stop - abort_unless_success_or_redirect
1399556740.368924 709 1 63 match_stop - abort_unless_success_or_redirect
1399556740.676801 723 1 63 match_stop - abort_unless_success_or_redirect
1399556740.896672 806 1 51 match_stop - abort_unless_success_or_redirect
1399556741.328258 715 1 63 match_stop - abort_unless_success_or_redirect
1399556742.769574 856 1 51 match_stop - abort_unless_success_or_redirect
1399556744.071640 695 1 63 match_stop - abort_unless_success_or_redirect
1399556745.137785 727 1 63 match_stop - abort_unless_success_or_redirect
1399556745.746835 303 1 105 match_stop - abort_unless_success_or_redirect
1399556747.451539 854 1 51 match_stop - abort_unless_success_or_redirect
1399556748.956133 814 1 51 match_stop - abort_unless_success_or_redirect
1399556767.033088 697 1 63 match_stop - abort_unless_success_or_redirect
1399556784.582869 732 1 63 match_stop - abort_unless_success_or_redirect
1399556785.391505 739 1 63 match_stop - abort_unless_success_or_redirect
1399556790.152510 752 1 63 match_stop - abort_unless_success_or_redirect
1399556791.277650 870 1 51 match_stop - abort_unless_success_or_redirect
1399556793.355021 726 1 63 match_stop - abort_unless_success_or_redirect
1399556794.986990 692 1 63 match_stop - abort_unless_success_or_redirect
1399556795.937677 718 1 63 match_stop - abort_unless_success_or_redirect
1399556798.184195 754 1 63 match_stop - abort_unless_success_or_redirect
1399556805.854631 425 1 105 match_stop - abort_unless_success_or_redirect
1399556805.874088 730 1 63 match_stop - abort_unless_success_or_redirect
1399556808.471018 881 1 51 match_stop - abort_unless_success_or_redirect
1399556808.593422 371 1 105 match_stop - abort_unless_success_or_redirect
1399556811.876877 879 1 51 match_stop - abort_unless_success_or_redirect
1399556814.181345 514 1 91 match_stop - abort_unless_success_or_redirect
1399556814.650240 704 1 63 match_stop - abort_unless_success_or_redirect
1399556814.773810 858 1 51 match_stop - abort_unless_success_or_redirect
1399556819.860559 719 1 63 match_stop - abort_unless_success_or_redirect
1399556833.025275 528 1 91 match_stop - abort_unless_success_or_redirect
1399556841.738086 768 1 63 match_stop - abort_unless_success_or_redirect
1399556841.785693 756 1 63 match_stop - abort_unless_success_or_redirect
1399556841.799267 384 1 105 match_stop - abort_unless_success_or_redirect
1399556841.987776 525 1 91 match_stop - abort_unless_success_or_redirect
1399556844.219296 751 1 63 match_stop - abort_unless_success_or_redirect
1399556844.566212 786 1 63 match_stop - abort_unless_success_or_redirect
1399556845.670513 785 1 63 match_stop - abort_unless_success_or_redirect
1399556846.869719 550 1 91 match_stop - abort_unless_success_or_redirect
1399556849.838671 764 1 63 match_stop - abort_unless_success_or_redirect
1399556850.028506 566 1 91 match_stop - abort_unless_success_or_redirect
1399556851.520674 529 1 91 match_stop - abort_unless_success_or_redirect
1399556852.774801 767 1 63 match_stop - abort_unless_success_or_redirect
1399556853.745735 762 1 63 match_stop - abort_unless_success_or_redirect
1399556855.982042 518 1 91 match_stop - abort_unless_success_or_redirect
1399556857.605695 748 1 63 match_stop - abort_unless_success_or_redirect
1399556864.610568 724 1 63 match_stop - abort_unless_success_or_redirect
1399556868.097223 534 1 91 match_stop - abort_unless_success_or_redirect
1399556870.210110 784 1 63 match_stop - abort_unless_success_or_redirect
1399556874.119728 771 1 63 match_stop - abort_unless_success_or_redirect
1399556875.953812 755 1 63 match_stop - abort_unless_success_or_redirect
1399556877.188775 429 1 105 match_stop - abort_unless_success_or_redirect
1399556884.022821 830 1 63 match_stop - abort_unless_success_or_redirect
1399556887.714141 797 1 63 match_stop - abort_unless_success_or_redirect
