
=INFO REPORT==== 8-May-2014::13:24:54 ===
    ts_config_server:(5:<0.55.0>) Config server started, logdir is "/home/stephen/.tsung/log/20140508-1324"
 
=INFO REPORT==== 8-May-2014::13:24:54 ===
              ts_mon:(5:<0.54.0>) starting monitor, global 

=INFO REPORT==== 8-May-2014::13:24:54 ===
           ts_config:(5:<0.55.0>) Reading config file: xml/full_load_1_per_sec.xml

=INFO REPORT==== 8-May-2014::13:24:54 ===
      ts_config_http:(4:<0.55.0>) Get user agent: 80 "Mozilla/5.0 (X11; U; Linux i686; en-US; rv:1.7.8) Gecko/20050513 Galeon/1.3.21" 

=INFO REPORT==== 8-May-2014::13:24:54 ===
      ts_config_http:(4:<0.55.0>) Get user agent: 20 "Mozilla/5.0 (Windows; U; Windows NT 5.2; fr-FR; rv:1.7.8) Gecko/20050511 Firefox/1.0.4" 

=INFO REPORT==== 8-May-2014::13:24:54 ===
           ts_config:(5:<0.55.0>) Session name for id 1 is "full_run-20140508-140211"

=INFO REPORT==== 8-May-2014::13:24:54 ===
    ts_config_server:(4:<0.55.0>) SYSINFO:Tsung version: 1.5.1

=INFO REPORT==== 8-May-2014::13:24:54 ===
    ts_config_server:(4:<0.55.0>) SYSINFO:Erlang version: Erlang R14B04 (erts-5.8.5) [source] [64-bit] [smp:2:2] [rq:2] [async-threads:16] [kernel-poll:true]


=INFO REPORT==== 8-May-2014::13:24:54 ===
    ts_config_server:(4:<0.55.0>) SYSINFO:System architecture x86_64-pc-linux-gnu

=INFO REPORT==== 8-May-2014::13:24:54 ===
    ts_config_server:(4:<0.55.0>) SYSINFO:Current path: /usr/lib/erlang/lib/tsung-1.5.1/ebin/tsung.beam

=INFO REPORT==== 8-May-2014::13:24:54 ===
         ts_launcher:(2:<0.89.0>) WARNING !!! too few file descriptors available (1024), you should decrease maxusers (currently 9000)
=INFO REPORT==== 8-May-2014::13:28:22 ===
           ts_search:(4:<0.500.0>) Dyn Var (RE): no Match (varname=activationurl), 

=INFO REPORT==== 8-May-2014::13:28:25 ===
           ts_search:(4:<0.487.0>) Dyn Var (RE): no Match (varname=activationurl), 

=INFO REPORT==== 8-May-2014::13:28:50 ===
           ts_search:(4:<0.532.0>) Dyn Var (RE): no Match (varname=activationurl), 

=INFO REPORT==== 8-May-2014::13:28:50 ===
           ts_search:(4:<0.537.0>) Dyn Var (RE): no Match (varname=activationurl), 

=INFO REPORT==== 8-May-2014::13:28:52 ===
           ts_search:(4:<0.527.0>) Dyn Var (RE): no Match (varname=activationurl), 

=INFO REPORT==== 8-May-2014::13:29:13 ===
           ts_search:(4:<0.586.0>) Dyn Var (RE): no Match (varname=activationurl), 

=INFO REPORT==== 8-May-2014::13:29:15 ===
           ts_search:(4:<0.595.0>) Dyn Var (RE): no Match (varname=activationurl), 

=INFO REPORT==== 8-May-2014::13:29:24 ===
           ts_search:(4:<0.600.0>) Dyn Var (RE): no Match (varname=activationurl), 

=INFO REPORT==== 8-May-2014::13:29:25 ===
           ts_search:(4:<0.611.0>) Dyn Var (RE): no Match (varname=activationurl), 

=INFO REPORT==== 8-May-2014::13:29:59 ===
           ts_search:(4:<0.675.0>) Dyn Var (RE): no Match (varname=activationurl), 

=INFO REPORT==== 8-May-2014::13:30:14 ===
           ts_search:(4:<0.725.0>) Dyn Var (RE): no Match (varname=activationurl), 

=INFO REPORT==== 8-May-2014::13:30:16 ===
           ts_search:(4:<0.730.0>) Dyn Var (RE): no Match (varname=activationurl), 

=INFO REPORT==== 8-May-2014::13:30:16 ===
           ts_search:(4:<0.716.0>) Dyn Var (RE): no Match (varname=activationurl), 

=INFO REPORT==== 8-May-2014::13:31:01 ===
           ts_search:(4:<0.818.0>) Dyn Var (RE): no Match (varname=activationurl), 

=INFO REPORT==== 8-May-2014::13:31:10 ===
           ts_search:(4:<0.865.0>) Dyn Var (RE): no Match (varname=activationurl), 

=INFO REPORT==== 8-May-2014::13:31:34 ===
           ts_search:(4:<0.918.0>) Dyn Var (RE): no Match (varname=activationurl), 

=INFO REPORT==== 8-May-2014::13:31:39 ===
           ts_search:(4:<0.911.0>) Dyn Var (RE): no Match (varname=activationurl), 

=INFO REPORT==== 8-May-2014::13:32:25 ===
           ts_search:(4:<0.1032.0>) Dyn Var (RE): no Match (varname=activationurl), 

=INFO REPORT==== 8-May-2014::13:32:33 ===
           ts_search:(4:<0.1048.0>) Dyn Var (RE): no Match (varname=activationurl), 

=INFO REPORT==== 8-May-2014::13:33:11 ===
           ts_search:(4:<0.1126.0>) Dyn Var (RE): no Match (varname=activationurl), 

=INFO REPORT==== 8-May-2014::13:33:32 ===
           ts_search:(4:<0.1152.0>) Dyn Var (RE): no Match (varname=activationurl), 

=INFO REPORT==== 8-May-2014::13:33:55 ===
           ts_search:(4:<0.1175.0>) Dyn Var (RE): no Match (varname=activationurl), 

=INFO REPORT==== 8-May-2014::13:34:28 ===
           ts_search:(4:<0.1264.0>) Dyn Var (RE): no Match (varname=activationurl), 

=INFO REPORT==== 8-May-2014::13:34:32 ===
           ts_search:(4:<0.1274.0>) Dyn Var (RE): no Match (varname=activationurl), 

=INFO REPORT==== 8-May-2014::13:35:02 ===
           ts_search:(4:<0.1343.0>) Dyn Var (RE): no Match (varname=activationurl), 

=INFO REPORT==== 8-May-2014::13:35:26 ===
           ts_search:(4:<0.1372.0>) Dyn Var (RE): no Match (varname=activationurl), 

=INFO REPORT==== 8-May-2014::13:35:32 ===
           ts_search:(4:<0.1397.0>) Dyn Var (RE): no Match (varname=activationurl), 

=INFO REPORT==== 8-May-2014::13:35:46 ===
           ts_search:(4:<0.1432.0>) Dyn Var (RE): no Match (varname=activationurl), 

=INFO REPORT==== 8-May-2014::13:37:09 ===
           ts_search:(4:<0.1644.0>) Dyn Var (RE): no Match (varname=activationurl), 

=INFO REPORT==== 8-May-2014::13:37:17 ===
           ts_search:(4:<0.1631.0>) Dyn Var (RE): no Match (varname=activationurl), 

=INFO REPORT==== 8-May-2014::13:37:51 ===
           ts_search:(4:<0.1757.0>) Dyn Var (RE): no Match (varname=activationurl), 

=INFO REPORT==== 8-May-2014::13:37:53 ===
           ts_search:(4:<0.1752.0>) Dyn Var (RE): no Match (varname=activationurl), 

=INFO REPORT==== 8-May-2014::13:38:13 ===
           ts_search:(4:<0.1790.0>) Dyn Var (RE): no Match (varname=activationurl), 

=INFO REPORT==== 8-May-2014::13:38:22 ===
           ts_search:(4:<0.1800.0>) Dyn Var (RE): no Match (varname=activationurl), 

=INFO REPORT==== 8-May-2014::13:38:29 ===
           ts_search:(4:<0.1833.0>) Dyn Var (RE): no Match (varname=activationurl), 

=INFO REPORT==== 8-May-2014::13:39:11 ===
           ts_search:(4:<0.1924.0>) Dyn Var (RE): no Match (varname=activationurl), 
