# stats: dump at 1399555504
stats: users 9 9
stats: users_count 9 9
stats: finish_users_count 0 0
stats: request 11 211.92529296875 177.83735532569787 659.080078125 44.658935546875 0 0
stats: page 11 211.92529296875 177.83735532569787 659.080078125 44.658935546875 0 0
stats: connect 4 142.8082275390625 18.865473608594634 174.927001953125 126.487060546875 0 0
stats: nomatch 11 11
stats: 200 11 11
stats: size_rcv 111797 111797
stats: size_sent 3490 3490
stats: connected 4 4
# stats: dump at 1399555514
stats: users 20 20
stats: users_count 11 20
stats: finish_users_count 0 0
stats: request 35 204.857275390625 167.1675690386568 795.513916015625 36.18212890625 211.92529296875 11
stats: page 35 204.857275390625 167.1675690386568 795.513916015625 36.18212890625 211.92529296875 11
stats: connect 14 131.16416713169642 6.677423646924042 174.927001953125 122.72412109375 142.8082275390625 4
stats: 302 2 2
stats: nomatch 35 46
stats: 200 33 44
stats: size_rcv 360531 472328
stats: size_sent 12232 15722
stats: connected 14 18
# stats: dump at 1399555524
stats: users 35 35
stats: users_count 15 35
stats: finish_users_count 0 0
stats: request 67 222.2267483383862 224.82013981492193 819.75 35.9140625 206.54745350713316 46
stats: page 67 222.2267483383862 224.82013981492193 819.75 35.9140625 206.54745350713316 46
stats: connect 10 131.5196533203125 6.185114876947368 174.927001953125 122.407958984375 133.75173611111111 18
stats: 302 8 10
stats: nomatch 67 113
stats: 200 59 103
stats: size_rcv 584877 1057205
stats: size_sent 22166 37888
stats: connected 10 28
# stats: dump at 1399555534
stats: users 45 45
stats: users_count 10 45
stats: finish_users_count 0 0
stats: request 88 329.6147599653763 412.0378239079382 1754.575927734375 35.9140625 215.84402654867256 113
stats: page 88 329.6147599653763 412.0378239079382 1754.575927734375 35.9140625 215.84402654867256 113
stats: connect 12 130.7575887044271 4.715107621964149 174.927001953125 122.407958984375 132.9545636858259 28
stats: 302 16 26
stats: nomatch 88 201
stats: 200 72 175
stats: size_rcv 808244 1865449
stats: size_sent 32506 70394
stats: connected 12 40
# stats: dump at 1399555544
stats: users 53 53
stats: users_count 8 53
stats: finish_users_count 0 0
stats: request 116 431.80231765220907 463.3626160471349 1925.423828125 35.9140625 265.654098890314 201
stats: page 116 431.80231765220907 463.3626160471349 1925.423828125 35.9140625 265.654098890314 201
stats: connect 9 130.16585286458334 3.558805851827273 174.927001953125 122.407958984375 132.29547119140625 40
stats: 302 28 54
stats: nomatch 116 317
stats: 200 88 263
stats: size_rcv 1003048 2868497
stats: size_sent 44297 114691
stats: connected 9 49
# stats: dump at 1399555554
stats: users 65 65
stats: users_count 12 65
stats: finish_users_count 0 0
stats: request 133 380.10516586877327 493.41336498269646 2499.27587890625 35.47412109375 326.4528161659602 317
stats: page 133 380.10516586877327 493.41336498269646 2499.27587890625 35.47412109375 326.4528161659602 317
stats: connect 12 132.62939453125003 6.56503096245507 174.927001953125 122.407958984375 131.90431680484693 49
stats: 302 34 88
stats: nomatch 133 450
stats: 200 99 362
stats: size_rcv 1251860 4120357
stats: size_sent 43522 158213
stats: connected 12 61
# stats: dump at 1399555564
stats: users 72 72
stats: users_count 7 72
stats: finish_users_count 0 0
stats: request 132 371.069961085464 410.7217965875087 2499.27587890625 35.47412109375 342.3100661892361 450
stats: page 132 371.069961085464 410.7217965875087 2499.27587890625 35.47412109375 342.3100661892361 450
stats: connect 9 131.26255967881946 3.825732241720991 174.927001953125 122.407958984375 132.04695504610655 61
stats: 302 30 118
stats: nomatch 132 582
stats: 200 102 464
stats: size_rcv 1158916 5279273
stats: size_sent 51394 209607
stats: connected 9 70
# stats: dump at 1399555574
stats: users 81 81
stats: users_count 9 81
stats: finish_users_count 0 0
stats: request 131 985.4373620885017 1087.0359439847923 5931.39599609375 35.47412109375 348.8329289492053 582
stats: page 131 985.4373620885017 1087.0359439847923 5931.39599609375 35.47412109375 348.8329289492053 582
stats: 302 38 156
stats: connect 5 127.36513671875 4.586040610302883 174.927001953125 121.344970703125 131.94610421316963 70
stats: nomatch 131 713
stats: 200 93 557
stats: size_rcv 964744 6244017
stats: size_sent 55512 265119
stats: connected 5 75
# stats: dump at 1399555584
stats: users 97 97
stats: users_count 16 97
stats: finish_users_count 0 0
stats: request 125 2199.333296875 2134.8748279034585 8203.68115234375 35.47412109375 465.7967168050929 713
stats: page 125 2199.333296875 2134.8748279034585 8203.68115234375 35.47412109375 465.7967168050929 713
stats: connect 12 132.9324747721354 6.351002373623875 174.927001953125 121.344970703125 131.64070638020834 75
stats: 302 35 191
stats: nomatch 125 838
stats: 200 90 647
stats: size_rcv 1087781 7331798
stats: size_sent 49179 314298
stats: connected 12 87
# stats: dump at 1399555594
stats: users 109 109
stats: users_count 12 109
stats: finish_users_count 0 0
stats: request 125 3479.1142714843745 2236.7589486127235 10352.780029296875 35.47412109375 724.3791422331817 838
stats: page 125 3479.1142714843745 2236.7589486127235 10352.780029296875 35.47412109375 724.3791422331817 838
stats: connect 17 131.19134880514707 2.3841006124118516 174.927001953125 121.344970703125 131.81888133081895 87
stats: 302 25 216
stats: nomatch 125 963
stats: 200 100 747
stats: size_rcv 1035193 8366991
stats: size_sent 47587 361885
stats: connected 17 104
# stats: dump at 1399555604
stats: users 118 118
stats: users_count 9 118
stats: finish_users_count 0 0
stats: request 133 3915.3408662035954 2496.7598938920687 11129.571044921875 35.47412109375 1081.951199508778 963
stats: page 133 3915.3408662035954 2496.7598938920687 11129.571044921875 35.47412109375 1081.951199508778 963
stats: connect 11 131.58653675426137 6.008448482540886 174.927001953125 121.344970703125 131.71630389873798 104
stats: 302 28 244
stats: nomatch 133 1096
stats: 200 105 852
stats: size_rcv 1221857 9588848
stats: size_sent 49766 411651
stats: connected 11 115
# stats: dump at 1399555614
stats: users 128 128
stats: users_count 10 128
stats: finish_users_count 0 0
stats: request 135 4775.131642433451 2175.3222863981596 11312.846923828125 35.47412109375 1425.7840696460141 1096
stats: page 135 4775.131642433451 2175.3222863981596 11312.846923828125 35.47412109375 1425.7840696460141 1096
stats: connect 10 131.155419921875 6.366080648438112 174.927001953125 121.344970703125 131.70389138926632 115
stats: 302 28 272
stats: nomatch 135 1231
stats: 200 107 959
stats: size_rcv 1211825 10800673
stats: size_sent 49811 461462
stats: connected 10 125
# stats: dump at 1399555624
stats: users 134 134
stats: users_count 6 134
stats: finish_users_count 0 0
stats: request 126 5044.941995287701 2353.191439194878 11686.9140625 35.47412109375 1793.0967604066184 1231
stats: page 126 5044.941995287701 2353.191439194878 11686.9140625 35.47412109375 1793.0967604066184 1231
stats: connect 5 132.956640625 4.977440887015853 174.927001953125 121.344970703125 131.660013671875 125
stats: 302 29 301
stats: nomatch 126 1357
stats: 200 97 1056
stats: size_rcv 2266138 13066811
stats: size_sent 49971 511433
stats: connected 5 130
# stats: dump at 1399555634
stats: users 144 144
stats: users_count 10 144
stats: finish_users_count 0 0
stats: request 156 5128.367298615286 1877.715372008394 11933.655029296875 35.47412109375 2095.036701154604 1357
stats: page 156 5128.367298615286 1877.715372008394 11933.655029296875 35.47412109375 2095.036701154604 1357
stats: connect 11 128.28551136363637 3.975192866659687 174.927001953125 121.344970703125 131.7098839393029 130
stats: 302 32 333
stats: nomatch 156 1513
stats: 200 124 1180
stats: size_rcv 1259685 14326496
stats: size_sent 55988 567421
stats: connected 11 141
# stats: dump at 1399555644
stats: users 156 156
stats: users_count 12 156
stats: finish_users_count 0 0
stats: request 129 5703.6138225230125 2127.776816514324 12699.391845703125 35.47412109375 2407.792532750021 1513
stats: page 129 5703.6138225230125 2127.776816514324 12699.391845703125 35.47412109375 2407.792532750021 1513
stats: connect 11 131.5883123224432 5.45068908035602 174.927001953125 121.344970703125 131.44273430574026 141
stats: 302 27 360
stats: nomatch 129 1642
stats: 200 102 1282
stats: size_rcv 1052513 15379009
stats: size_sent 57582 625003
stats: connected 11 152
# stats: dump at 1399555654
stats: users 162 162
stats: users_count 6 162
stats: finish_users_count 0 0
stats: connect 4 131.69281005859375 2.9817296250867713 174.927001953125 121.344970703125 131.453269556949 152
stats: request 98 9001.203882334185 2187.4419642394228 15112.9541015625 35.47412109375 2666.721245527558 1642
stats: page 98 9001.203882334185 2187.4419642394228 15112.9541015625 35.47412109375 2666.721245527558 1642
stats: 302 32 392
stats: nomatch 98 1740
stats: 200 66 1348
stats: size_rcv 2905477 18284486
stats: size_sent 41143 666146
stats: connected 4 156
# stats: dump at 1399555664
stats: users 173 173
stats: users_count 11 173
stats: finish_users_count 0 0
stats: request 120 10473.983555094397 2715.202825275452 17279.032958984375 35.47412109375 3023.490957255747 1740
stats: page 120 10473.983555094397 2715.202825275452 17279.032958984375 35.47412109375 3023.490957255747 1740
stats: connect 14 131.74122837611608 9.156061479042325 174.927001953125 121.344970703125 131.45941162109375 156
stats: 302 34 426
stats: nomatch 120 1860
stats: 200 86 1434
stats: size_rcv 3149009 21433495
stats: size_sent 47176 713322
stats: connected 14 170
# stats: dump at 1399555674
stats: users 183 183
stats: users_count 10 183
stats: finish_users_count 0 0
stats: request 148 8825.604154019746 2232.056128052161 17279.032958984375 35.47412109375 3504.1678990517894 1860
stats: page 148 8825.604154019746 2232.056128052161 17279.032958984375 35.47412109375 3504.1678990517894 1860
stats: connect 11 136.21302379261363 9.879097148591768 174.927001953125 121.344970703125 131.48262005974266 170
stats: 302 26 452
stats: nomatch 148 2008
stats: 200 122 1556
stats: size_rcv 4745049 26178544
stats: size_sent 54559 767881
stats: connected 11 181
# stats: dump at 1399555684
stats: users 195 195
stats: users_count 12 195
stats: finish_users_count 0 0
stats: request 120 9482.048581949874 2223.876572053486 17279.032958984375 35.47412109375 3896.3853122665587 2008
stats: page 120 9482.048581949874 2223.876572053486 17279.032958984375 35.47412109375 3896.3853122665587 2008
stats: connect 10 136.5240966796875 11.204483742058832 174.927001953125 121.344970703125 131.77010315953038 181
stats: 302 23 475
stats: nomatch 120 2128
stats: 200 97 1653
stats: size_rcv 6746136 32924680
stats: size_sent 50290 818171
stats: connected 10 191
# stats: dump at 1399555694
stats: users 202 202
stats: users_count 7 202
stats: finish_users_count 0 0
stats: request 141 11639.909309549535 2075.887717818102 17473.593017578125 35.47412109375 4211.366323714866 2128
stats: page 141 11639.909309549535 2075.887717818102 17473.593017578125 35.47412109375 4211.366323714866 2128
stats: connect 8 129.26522827148438 3.743908997730278 174.927001953125 121.344970703125 132.0190033438318 191
stats: 302 37 512
stats: nomatch 141 2269
stats: 200 104 1757
stats: size_rcv 4328836 37253516
stats: size_sent 42914 861085
stats: connected 8 199
# stats: dump at 1399555704
stats: users 215 217
stats: session 5 85694.74599609376 64458.89356681837 180208.02416992188 17743.034912109375 0 0
stats: users_count 18 220
stats: finish_users_count 5 5
stats: request 138 9451.207820284197 2949.9923721273713 18466.23193359375 23.47607421875 4672.990193702829 2269
stats: page 138 9451.207820284197 2949.9923721273713 18466.23193359375 23.47607421875 4672.990193702829 2269
stats: connect 17 130.61365464154406 5.7464906442734 174.927001953125 121.344970703125 131.9082988183103 199
stats: 302 23 535
stats: match_stop 4 4
stats: nomatch 134 2403
stats: 200 111 1868
stats: size_rcv 3363033 40616549
stats: 502 4 4
stats: match 4 4
stats: size_sent 58271 919356
stats: connected 13 212
# stats: dump at 1399555714
stats: users 207 217
stats: session 17 118815.29509420956 66981.35228091436 212847.44897460938 7615.676025390625 85694.74599609376 5
stats: users_count 9 229
stats: finish_users_count 17 22
stats: request 148 9846.67637675517 4063.8525013050707 18466.23193359375 23.19287109375 4946.938690781445 2407
stats: page 148 9846.67637675517 4063.8525013050707 18466.23193359375 23.19287109375 4946.938690781445 2407
stats: connect 10 136.3427001953125 6.426192527572247 174.927001953125 121.344970703125 131.80640552662038 216
stats: 302 28 563
stats: match_stop 18 22
stats: nomatch 130 2533
stats: 200 102 1970
stats: size_rcv 7286705 47903254
stats: 502 18 22
stats: match 18 22
stats: size_sent 51643 970999
stats: connected -8 204
# stats: dump at 1399555724
stats: users 203 217
stats: session 9 110242.06396484375 69020.47232344355 212847.44897460938 7615.676025390625 111287.89757191051 22
stats: users_count 5 234
stats: finish_users_count 9 31
stats: request 139 11596.12822476394 3892.0258578261028 19265.744873046875 23.19287109375 5230.759112512996 2555
stats: page 139 11596.12822476394 3892.0258578261028 19265.744873046875 23.19287109375 5230.759112512996 2555
stats: connect 5 131.0087890625 2.170043436485858 174.927001953125 121.344970703125 132.00712652965987 226
stats: 302 25 588
stats: match_stop 9 31
stats: nomatch 130 2663
stats: 200 105 2075
stats: size_rcv 2350702 50253956
stats: 502 9 31
stats: match 9 31
stats: size_sent 50814 1021813
stats: connected -4 200
# stats: dump at 1399555734
stats: users 204 217
stats: session 10 88050.65217285157 59528.81397855306 212847.44897460938 7615.676025390625 110984.26846018145 31
stats: users_count 11 245
stats: finish_users_count 10 41
stats: connect 10 129.2630859375 3.9357560461604018 174.927001953125 121.344970703125 131.98551749357418 231
stats: request 137 10639.710623859492 3989.8537974906726 19265.744873046875 23.19287109375 5559.187585639529 2694
stats: page 137 10639.710623859492 3989.8537974906726 19265.744873046875 23.19287109375 5559.187585639529 2694
stats: 302 33 621
stats: match_stop 10 41
stats: nomatch 127 2790
stats: 200 94 2169
stats: size_rcv 5511462 55765418
stats: 502 10 41
stats: match 10 41
stats: size_sent 46396 1068209
stats: connected 0 200
# stats: dump at 1399555744
stats: users 212 217
stats: session 0 0 0 212847.44897460938 7615.676025390625 105390.7035120522 41
stats: users_count 8 253
stats: finish_users_count 0 41
stats: request 147 10907.804146072489 2011.9551244472482 19265.744873046875 23.19287109375 5805.048290774158 2831
stats: page 147 10907.804146072489 2011.9551244472482 19265.744873046875 23.19287109375 5805.048290774158 2831
stats: connect 7 131.481689453125 3.7792498287456504 174.927001953125 121.344970703125 131.87255352859185 241
stats: 302 22 643
stats: match_stop 0 41
stats: nomatch 147 2937
stats: 200 125 2294
stats: size_rcv 4938046 60703464
stats: 502 0 41
stats: match 0 41
stats: size_sent 53014 1121223
stats: connected 7 207
# stats: dump at 1399555754
stats: users 210 217
stats: session 13 122250.77118389423 69090.02380403098 234559.544921875 6908.27197265625 105390.7035120522 41
stats: users_count 11 264
stats: finish_users_count 13 54
stats: request 155 9332.170781880037 3400.328951592222 19265.744873046875 23.19287109375 6056.930463617964 2978
stats: page 155 9332.170781880037 3400.328951592222 19265.744873046875 23.19287109375 6056.930463617964 2978
stats: connect 11 131.8788174715909 3.50128890473975 174.927001953125 121.344970703125 131.86152107484884 248
stats: 302 25 668
stats: match_stop 11 52
stats: nomatch 144 3081
stats: 200 119 2413
stats: size_rcv 6107086 66810550
stats: 502 11 52
stats: match 11 52
stats: size_sent 58157 1179380
stats: connected 0 207
# stats: dump at 1399555764
stats: users 208 217
stats: session 15 99238.54114583334 73215.10829212108 234559.544921875 6352.10693359375 109449.60869231047 54
stats: users_count 13 277
stats: finish_users_count 15 69
stats: request 133 10495.349980175048 4503.166779968515 19265.744873046875 23.19287109375 6218.967568415482 3133
stats: page 133 10495.349980175048 4503.166779968515 19265.744873046875 23.19287109375 6218.967568415482 3133
stats: connect 12 134.6866658528646 8.868731686330534 174.927001953125 121.344970703125 131.86225567084946 259
stats: 302 30 698
stats: match_stop 17 69
stats: nomatch 116 3197
stats: 200 86 2499
stats: size_rcv 6385311 73195861
stats: 502 17 69
stats: match 17 69
stats: size_sent 48190 1227570
stats: connected -5 202
# stats: dump at 1399555774
stats: users 200 217
stats: session 21 117894.49457077753 89330.18436138913 267626.462890625 1377.864013671875 107229.81139959805 69
stats: users_count 13 290
stats: finish_users_count 21 90
stats: request 144 11513.689220852326 5245.383938622548 20594.58203125 23.19287109375 6393.11296362798 3266
stats: page 144 11513.689220852326 5245.383938622548 20594.58203125 23.19287109375 6393.11296362798 3266
stats: 302 29 727
stats: connect 16 134.01913452148438 14.370745793312976 186.232177734375 121.344970703125 131.98732180437045 271
stats: match_stop 21 90
stats: nomatch 123 3320
stats: 200 94 2593
stats: size_rcv 3943678 77139539
stats: 502 21 90
stats: match 21 90
stats: size_sent 50408 1277978
stats: connected -5 197
# stats: dump at 1399555784
stats: users 207 217
stats: session 2 89581.60095214844 7894.4449462890625 267626.462890625 1377.864013671875 109718.23747287327 90
stats: users_count 9 299
stats: finish_users_count 2 92
stats: request 147 11000.77998113308 3084.1869225031837 20594.58203125 22.988037109375 6609.348441938921 3410
stats: page 147 11000.77998113308 3084.1869225031837 20594.58203125 22.988037109375 6609.348441938921 3410
stats: connect 9 139.85064019097223 26.729555143727517 214.596923828125 121.344970703125 132.10059359347784 287
stats: 302 31 758
stats: match_stop 2 92
stats: nomatch 145 3465
stats: 200 115 2708
stats: size_rcv 9365736 86505275
stats: 502 2 92
stats: match 2 92
stats: size_sent 52985 1330963
stats: connected 7 204
# stats: dump at 1399555794
stats: users 205 217
stats: session 10 134660.7466308594 89221.06568972796 273926.2980957031 1293.503173828125 109280.48450503142 92
stats: users_count 8 307
stats: finish_users_count 10 102
stats: request 134 9848.522686858676 3558.562696258522 20594.58203125 22.988037109375 6790.832961551387 3557
stats: page 134 9848.522686858676 3558.562696258522 20594.58203125 22.988037109375 6790.832961551387 3557
stats: connect 7 128.59214564732142 1.311823234834566 214.596923828125 121.344970703125 132.33623690218545 296
stats: 302 27 785
stats: match_stop 10 102
stats: nomatch 124 3589
stats: 200 96 2804
stats: size_rcv 8241598 94746873
stats: 502 10 102
stats: match 10 102
stats: size_sent 51356 1382319
stats: connected -3 201
# stats: dump at 1399555804
stats: users 214 217
stats: session 6 69187.33813476563 53641.82139171844 273926.2980957031 1153.595947265625 111768.74549775965 102
stats: users_count 15 322
stats: finish_users_count 6 108
stats: request 145 11309.446709994612 3134.466732918462 20594.58203125 22.988037109375 6901.840933155607 3691
stats: 302 29 814
stats: page 145 11309.446709994612 3134.466732918462 20594.58203125 22.988037109375 6901.840933155607 3691
stats: connect 12 129.03938802083334 2.924290921886179 214.596923828125 121.344970703125 132.2497397444823 303
stats: match_stop 6 108
stats: nomatch 139 3728
stats: 200 110 2914
stats: size_rcv 3510182 98257055
stats: 502 6 108
stats: match 6 108
stats: size_sent 49017 1431336
stats: connected 6 207
# stats: dump at 1399555814
stats: users 216 222
stats: session 14 168512.01635742188 100114.48208233244 310170.6540527344 1153.595947265625 109403.1117553711 108
stats: users_count 16 338
stats: finish_users_count 14 122
stats: request 157 10104.187580861866 3875.389355676774 20594.58203125 22.988037109375 7068.447512311408 3836
stats: page 157 10104.187580861866 3875.389355676774 20594.58203125 22.988037109375 7068.447512311408 3836
stats: connect 18 132.46275499131946 10.238817464187305 214.596923828125 121.344970703125 132.12744063120044 315
stats: 302 26 840
stats: match_stop 14 122
stats: nomatch 143 3871
stats: 200 117 3031
stats: size_rcv 7617531 105874586
stats: 502 14 122
stats: match 14 122
stats: size_sent 56935 1488271
stats: connected 4 211
# stats: dump at 1399555824
stats: users 215 222
stats: session 15 121482.38186848958 99477.25708935902 310170.6540527344 1153.595947265625 116186.10080806544 122
stats: users_count 14 352
stats: finish_users_count 15 137
stats: request 171 9755.74339535362 3656.039582362676 20594.58203125 22.988037109375 7187.809192943119 3993
stats: page 171 9755.74339535362 3656.039582362676 20594.58203125 22.988037109375 7187.809192943119 3993
stats: connect 15 154.21398111979167 33.28668842301211 242.129150390625 121.344970703125 132.1455657317474 333
stats: 302 30 870
stats: match_stop 15 137
stats: nomatch 156 4027
stats: 200 126 3157
stats: size_rcv 14291768 120166354
stats: 502 15 137
stats: match 15 137
stats: size_sent 57575 1545846
stats: connected 0 211
# stats: dump at 1399555834
stats: users 221 222
stats: session 3 238473.4523111979 105920.18344278265 320880.7900390625 1153.595947265625 116765.98559570313 137
stats: users_count 9 361
stats: finish_users_count 3 140
stats: page 152 9325.122981021283 2644.4151149810546 20594.58203125 22.988037109375 7293.26470413721 4164
stats: request 152 9325.122981021283 2644.4151149810546 20594.58203125 22.988037109375 7293.26470413721 4164
stats: connect 10 129.9184326171875 5.248535098843225 242.129150390625 121.344970703125 133.09679053295622 348
stats: 302 29 899
stats: match_stop 3 140
stats: nomatch 149 4176
stats: 200 120 3277
stats: size_rcv 4592071 124758425
stats: 502 3 140
stats: match 3 140
stats: size_sent 58927 1604773
stats: connected 7 218
# stats: dump at 1399555844
stats: users 205 222
stats: session 26 139365.79360727163 90436.39529871929 320880.7900390625 1153.595947265625 119374.00273960659 140
stats: users_count 10 371
stats: finish_users_count 26 166
stats: request 128 9592.88124465942 5178.459847475854 20594.58203125 22.988037109375 7364.8222708856765 4316
stats: page 128 9592.88124465942 5178.459847475854 20594.58203125 22.988037109375 7364.8222708856765 4316
stats: 302 24 923
stats: connect 7 135.02068219866072 7.394244117236574 242.129150390625 121.344970703125 133.00800958558838 358
stats: match_stop 26 166
stats: nomatch 102 4278
stats: 200 79 3356
stats: size_rcv 3670812 128429237
stats: 502 26 166
stats: match 26 166
stats: size_sent 47063 1651836
stats: connected -19 199
# stats: dump at 1399555854
stats: users 206 222
stats: session 9 151100.16463216147 125545.13518426713 346851.7458496094 697.703125 122505.24709237339 166
stats: users_count 10 381
stats: finish_users_count 9 175
stats: request 145 12173.14274144666 3948.2944176884394 20594.58203125 22.988037109375 7428.99678678195 4444
stats: page 145 12173.14274144666 3948.2944176884394 20594.58203125 22.988037109375 7428.99678678195 4444
stats: connect 14 130.3858642578125 5.412555823664366 242.129150390625 121.344970703125 133.04660878638703 365
stats: 302 27 950
stats: match_stop 9 175
stats: nomatch 136 4414
stats: 200 108 3464
stats: size_rcv 6009625 134438862
stats: 502 9 175
stats: match 9 175
stats: size_sent 48810 1700646
stats: connected 5 204
# stats: dump at 1399555864
stats: users 206 222
stats: session 9 128790.99915907119 120052.23323930672 364754.4528808594 697.703125 123975.8428515625 175
stats: users_count 9 390
stats: finish_users_count 9 184
stats: request 145 10725.268382947197 3760.5460238070223 20790.491943359375 22.988037109375 7578.898979727337 4589
stats: page 145 10725.268382947197 3760.5460238070223 20790.491943359375 22.988037109375 7578.898979727337 4589
stats: connect 6 133.58943684895834 7.937196148373958 242.129150390625 121.344970703125 132.94832270881435 379
stats: 302 27 977
stats: match_stop 9 184
stats: nomatch 136 4550
stats: 200 109 3573
stats: size_rcv 2407302 136846164
stats: 502 9 184
stats: match 9 184
stats: size_sent 52107 1752753
stats: connected -3 201
# stats: dump at 1399555874
stats: users 208 222
stats: session 9 142721.11208767362 90322.51010152273 364754.4528808594 697.703125 124211.36680138629 184
stats: users_count 11 401
stats: finish_users_count 9 193
stats: request 157 10214.390076072348 3381.6868865454494 20790.491943359375 22.988037109375 7675.270666137747 4734
stats: page 157 10214.390076072348 3381.6868865454494 20790.491943359375 22.988037109375 7675.270666137747 4734
stats: connect 13 136.71369816706732 18.21587870377343 242.129150390625 121.344970703125 132.9583140980114 385
stats: 302 29 1006
stats: match_stop 8 192
stats: nomatch 149 4699
stats: 200 120 3693
stats: size_rcv 10500473 147346637
stats: 502 8 192
stats: match 8 192
stats: size_sent 61199 1813952
stats: connected 5 206
# stats: dump at 1399555884
stats: users 209 222
stats: session 10 136673.6086669922 109993.18581988865 364754.4528808594 697.703125 125074.51554530642 193
stats: users_count 11 412
stats: finish_users_count 10 203
stats: request 122 10005.427330142165 3370.6120433849687 20790.491943359375 22.988037109375 7756.775828141373 4891
stats: page 122 10005.427330142165 3370.6120433849687 20790.491943359375 22.988037109375 7756.775828141373 4891
stats: 302 28 1034
stats: connect 11 131.1914950284091 4.870372666030873 242.129150390625 121.344970703125 133.08097739674943 398
stats: match_stop 8 200
stats: nomatch 114 4813
stats: 200 86 3779
stats: size_rcv 4353375 151700012
stats: 502 8 200
stats: match 8 200
stats: size_sent 45868 1859820
stats: connected 3 209
# stats: dump at 1399555894
stats: users 209 222
stats: session 13 160555.85505558894 123807.99198970292 367934.9191894531 479.721923828125 125645.89944292641 203
stats: users_count 13 425
stats: finish_users_count 13 216
stats: request 138 11856.903398154438 4658.060952991623 20790.491943359375 22.988037109375 7811.500640278635 5013
stats: page 138 11856.903398154438 4658.060952991623 20790.491943359375 22.988037109375 7811.500640278635 5013
stats: 302 32 1066
stats: connect 10 137.4115478515625 18.289118261321534 242.129150390625 121.344970703125 133.03016002253977 409
stats: match_stop 16 216
stats: nomatch 122 4935
stats: 200 90 3869
stats: size_rcv 5325555 157025567
stats: 502 16 216
stats: match 16 216
stats: size_sent 47539 1907359
stats: connected -6 203
# stats: dump at 1399555904
stats: users 206 222
stats: session 12 124281.83793131511 117784.90934986481 392225.08203125 479.721923828125 127746.9615862811 216
stats: users_count 9 434
stats: finish_users_count 12 228
stats: request 135 11560.51547128183 4647.582157117085 20925.570068359375 22.988037109375 7919.880679219978 5151
stats: page 135 11560.51547128183 4647.582157117085 20925.570068359375 22.988037109375 7919.880679219978 5151
stats: 302 31 1097
stats: connect 11 134.19340376420453 8.32608758520751 242.129150390625 121.344970703125 133.13472775115605 419
stats: match_stop 12 228
stats: nomatch 123 5058
stats: 200 92 3961
stats: size_rcv 2276650 159302217
stats: 502 12 228
stats: match 12 228
stats: size_sent 46909 1954268
stats: connected -1 202
# stats: dump at 1399555914
stats: users 205 222
stats: session 9 123372.82514105903 135004.39257373926 392225.08203125 479.721923828125 127564.58665707237 228
stats: users_count 8 442
stats: finish_users_count 9 237
stats: request 147 11551.387477745004 3882.765034930029 20925.570068359375 22.988037109375 8012.859433841309 5286
stats: page 147 11551.387477745004 3882.765034930029 20925.570068359375 22.988037109375 8012.859433841309 5286
stats: connect 10 129.230810546875 4.850461833388449 242.129150390625 121.344970703125 133.16181016079216 430
stats: 302 31 1128
stats: match_stop 9 237
stats: nomatch 138 5196
stats: 200 107 4068
stats: size_rcv 4939542 164241759
stats: 502 9 237
stats: match 9 237
stats: size_sent 49740 2004008
stats: connected 1 203
# stats: dump at 1399555924
stats: users 201 222
stats: session 19 189962.5988384046 131032.03443925024 392225.08203125 479.721923828125 127405.40584000858 237
stats: users_count 15 457
stats: finish_users_count 19 256
stats: request 149 9049.735002556099 4146.954478923823 20925.570068359375 22.988037109375 8108.600943588012 5433
stats: connect 13 130.43776292067307 2.835481068105707 242.129150390625 121.344970703125 133.07246926047586 440
stats: page 149 9049.735002556099 4146.954478923823 20925.570068359375 22.988037109375 8108.600943588012 5433
stats: 302 27 1155
stats: match_stop 19 256
stats: nomatch 130 5326
stats: 200 103 4171
stats: size_rcv 4652526 168894285
stats: 502 19 256
stats: match 19 256
stats: size_sent 58710 2062718
stats: connected -6 197
# stats: dump at 1399555934
stats: users 206 222
stats: session 6 196158.33748372397 106860.70304347381 392225.08203125 479.721923828125 132048.32250785828 256
stats: users_count 11 468
stats: finish_users_count 6 262
stats: 302 26 1181
stats: request 149 11114.466921403104 2904.523178783787 20925.570068359375 22.988037109375 8133.722580059931 5582
stats: page 149 11114.466921403104 2904.523178783787 20925.570068359375 22.988037109375 8133.722580059931 5582
stats: connect 13 136.07823768028845 12.75691017713561 242.129150390625 121.344970703125 132.99685958626517 453
stats: match_stop 6 262
stats: nomatch 143 5469
stats: 200 117 4288
stats: size_rcv 5159439 174053724
stats: 502 6 262
stats: match 6 262
stats: size_sent 50712 2113430
stats: connected 7 204
# stats: dump at 1399555944
stats: users 213 222
stats: session 0 0 0 392225.08203125 479.721923828125 133516.49078974832 262
stats: users_count 7 475
stats: finish_users_count 0 262
stats: request 149 10498.224807636854 2597.3063229056397 20925.570068359375 22.988037109375 8211.218812281206 5731
stats: page 149 10498.224807636854 2597.3063229056397 20925.570068359375 22.988037109375 8211.218812281206 5731
stats: connect 4 134.2008056640625 6.223099607153599 242.129150390625 121.344970703125 133.08282077772935 466
stats: 302 29 1210
stats: match_stop 0 262
stats: nomatch 149 5618
stats: 200 120 4408
stats: size_rcv 2388858 176442582
stats: 502 0 262
stats: match 0 262
stats: size_sent 54823 2168253
stats: connected 4 208
# stats: dump at 1399555954
stats: users 204 222
stats: session 17 207338.79653033087 151904.92642145092 416659.93310546875 479.721923828125 133516.49078974832 262
stats: users_count 8 483
stats: finish_users_count 17 279
stats: request 105 10823.541538783484 5063.234510769416 20925.570068359375 22.8759765625 8269.171855360797 5880
stats: page 105 10823.541538783484 5063.234510769416 20925.570068359375 22.8759765625 8269.171855360797 5880
stats: connect 8 137.41690063476563 6.2589392605337535 242.129150390625 121.344970703125 133.0923355427194 470
stats: 302 28 1238
stats: match_stop 16 278
stats: nomatch 89 5707
stats: 200 61 4469
stats: size_rcv 7007836 183450418
stats: 502 16 278
stats: match 16 278
stats: size_sent 40579 2208832
stats: connected -8 200
# stats: dump at 1399555964
stats: users 211 222
stats: session 0 0 0 416659.93310546875 479.721923828125 138014.62411444332 279
stats: users_count 7 490
stats: finish_users_count 0 279
stats: request 137 12869.197540060448 2565.178696149785 20925.570068359375 22.8759765625 8313.985358578739 5985
stats: page 137 12869.197540060448 2565.178696149785 20925.570068359375 22.8759765625 8313.985358578739 5985
stats: connect 11 278.5123180042614 460.1800574424003 1733.55908203125 121.344970703125 133.1647132011637 478
stats: 302 29 1267
stats: match_stop 1 279
stats: nomatch 136 5843
stats: 200 107 4576
stats: size_rcv 1109908 184560326
stats: 502 1 279
stats: match 1 279
stats: size_sent 48050 2256882
stats: connected 10 210
# stats: dump at 1399555974
stats: users 210 222
stats: session 12 124864.92059326172 145660.94736444912 442414.0168457031 242.81201171875 138014.62411444332 279
stats: users_count 11 501
stats: finish_users_count 12 291
stats: page 143 10745.879049661276 4153.45293103945 21212.89990234375 22.8759765625 8415.92329860863 6122
stats: request 143 10745.879049661276 4153.45293103945 21212.89990234375 22.8759765625 8415.92329860863 6122
stats: connect 7 130.05960518973214 3.8552780787288428 1733.55908203125 121.344970703125 136.43429122331926 489
stats: 302 30 1297
stats: match_stop 12 291
stats: nomatch 131 5974
stats: 200 101 4677
stats: size_rcv 3743394 188303720
stats: 502 12 291
stats: match 12 291
stats: size_sent 52819 2309701
stats: connected -5 205
# stats: dump at 1399555984
stats: users 203 222
stats: session 13 172941.34607872594 154068.4692107129 464715.671875 242.81201171875 137472.36829913687 291
stats: users_count 6 507
stats: finish_users_count 13 304
stats: request 155 10030.727644594253 3721.569324968938 21212.89990234375 22.135986328125 8469.1050499894 6265
stats: 302 29 1326
stats: page 155 10030.727644594253 3721.569324968938 21212.89990234375 22.135986328125 8469.1050499894 6265
stats: connect 8 133.24276733398438 5.802601237761486 1733.55908203125 121.344970703125 136.34432589623236 496
stats: match_stop 13 304
stats: nomatch 142 6116
stats: 200 114 4791
stats: size_rcv 7277403 195581123
stats: 502 13 304
stats: match 13 304
stats: size_sent 56040 2365741
stats: connected -5 200
# stats: dump at 1399555994
stats: users 207 222
stats: session 3 141762.84171549478 110848.15222752387 464715.671875 242.81201171875 138989.13379629035 304
stats: users_count 7 514
stats: finish_users_count 3 307
stats: request 135 11172.379275173611 2481.19499218157 21212.89990234375 22.135986328125 8506.807776183132 6420
stats: connect 8 128.20724487304688 3.414566278797506 1733.55908203125 121.344970703125 136.29509480794272 504
stats: page 135 11172.379275173611 2481.19499218157 21212.89990234375 22.135986328125 8506.807776183132 6420
stats: 302 24 1350
stats: match_stop 3 307
stats: nomatch 132 6248
stats: 200 107 4898
stats: size_rcv 7364152 202945275
stats: 502 3 307
stats: match 3 307
stats: size_sent 46014 2411755
stats: connected 5 205
# stats: dump at 1399556004
stats: users 198 222
stats: session 16 212244.0657043457 156640.5293059885 498877.1682128906 242.81201171875 139016.2384339373 307
stats: users_count 7 521
stats: finish_users_count 16 323
stats: request 136 10404.335544361787 4507.005846125873 21212.89990234375 22.135986328125 8561.705129709251 6555
stats: page 136 10404.335544361787 4507.005846125873 21212.89990234375 22.135986328125 8561.705129709251 6555
stats: 302 34 1384
stats: connect 6 140.18798828125 8.448644390739533 1733.55908203125 121.344970703125 136.16872215270996 512
stats: match_stop 16 323
stats: nomatch 120 6368
stats: 200 86 4984
stats: size_rcv 5799448 208744723
stats: 502 16 323
stats: match 16 323
stats: size_sent 52153 2463908
stats: connected -10 195
# stats: dump at 1399556014
stats: users 191 222
stats: session 15 169161.54778645834 143832.15635075976 504963.1311035156 242.81201171875 142643.62306652722 323
stats: users_count 8 529
stats: finish_users_count 15 338
stats: request 107 11309.210586120034 5073.481246486022 21212.89990234375 22.135986328125 8599.15808687451 6691
stats: page 107 11309.210586120034 5073.481246486022 21212.89990234375 22.135986328125 8599.15808687451 6691
stats: 302 26 1410
stats: connect 10 133.83935546875 8.485360337396742 1733.55908203125 121.344970703125 136.21527735883205 518
stats: match_stop 15 338
stats: nomatch 92 6460
stats: 200 66 5050
stats: size_rcv 4143375 212888098
stats: 502 15 338
stats: match 15 338
stats: size_sent 40742 2504650
stats: connected -5 190
# stats: dump at 1399556024
stats: users 203 222
stats: session 0 0 0 504963.1311035156 242.81201171875 143820.45404522237 338
stats: users_count 12 541
stats: finish_users_count 0 338
stats: request 145 13574.981406586745 2977.0604430060966 21405.403076171875 22.135986328125 8641.814105912355 6798
stats: page 145 13574.981406586745 2977.0604430060966 21405.403076171875 22.135986328125 8641.814105912355 6798
stats: connect 8 130.72653198242188 3.5194061914118833 1733.55908203125 121.344970703125 136.17027883818656 528
stats: 302 36 1446
stats: match_stop 0 338
stats: nomatch 145 6605
stats: 200 109 5159
stats: size_rcv 3836953 216725051
stats: 502 0 338
stats: match 0 338
stats: size_sent 47146 2551796
stats: connected 8 198
# stats: dump at 1399556034
stats: users 213 222
stats: session 3 57419.5673828125 42158.82537799559 504963.1311035156 242.81201171875 143820.45404522237 338
stats: users_count 13 554
stats: finish_users_count 3 341
stats: request 133 10760.049312734962 2630.4430858777364 21405.403076171875 22.135986328125 8744.840068550666 6943
stats: page 133 10760.049312734962 2630.4430858777364 21405.403076171875 22.135986328125 8744.840068550666 6943
stats: connect 12 131.8779296875 3.1847573570201257 1733.55908203125 121.344970703125 136.08902888511543 536
stats: 302 31 1477
stats: match_stop 0 338
stats: nomatch 133 6738
stats: 200 102 5261
stats: size_rcv 5425388 222150439
stats: 502 0 338
stats: match 0 338
stats: size_sent 53847 2605643
stats: connected 12 210
# stats: dump at 1399556044
stats: users 199 222
stats: session 24 161840.66217041016 160020.54565935372 504963.1311035156 242.81201171875 143060.32894262054 341
stats: users_count 10 564
stats: finish_users_count 24 365
stats: request 141 9362.330869417667 5100.622750534461 23878.961181640625 22.135986328125 8782.717800246046 7076
stats: page 141 9362.330869417667 5100.622750534461 23878.961181640625 22.135986328125 8782.717800246046 7076
stats: 302 27 1504
stats: connect 12 159.42250569661456 48.01359987384335 1733.55908203125 121.344970703125 135.99681503407277 548
stats: match_stop 27 365
stats: nomatch 114 6852
stats: 200 87 5348
stats: size_rcv 10765530 232915969
stats: 502 27 365
stats: match 27 365
stats: size_sent 47851 2653494
stats: connected -15 195
# stats: dump at 1399556054
stats: users 203 222
stats: session 6 232925.35485839844 130779.3440074623 504963.1311035156 242.81201171875 144295.2001685574 365
stats: users_count 10 574
stats: finish_users_count 6 371
stats: request 150 12013.315983072922 3224.494877491061 23878.961181640625 22.135986328125 8794.041818917682 7217
stats: page 150 12013.315983072922 3224.494877491061 23878.961181640625 22.135986328125 8794.041818917682 7217
stats: connect 10 131.48583984375 4.575199188263351 1733.55908203125 121.344970703125 136.49879411969866 560
stats: 302 29 1533
stats: match_stop 6 371
stats: nomatch 144 6996
stats: 200 115 5463
stats: size_rcv 3831017 236746986
stats: 502 6 371
stats: match 6 371
stats: size_sent 49125 2702619
stats: connected 4 199
# stats: dump at 1399556064
stats: users 213 222
stats: session 1 270953.98291015625 0.0 504963.1311035156 242.81201171875 145728.5719425171 371
stats: users_count 11 585
stats: finish_users_count 1 372
stats: request 148 9925.151223672408 2710.7135485436147 23878.961181640625 22.135986328125 8859.589684347746 7367
stats: page 148 9925.151223672408 2710.7135485436147 23878.961181640625 22.135986328125 8859.589684347746 7367
stats: connect 11 134.9722345525568 9.317145428941025 1733.55908203125 121.344970703125 136.41084755345395 570
stats: 302 23 1556
stats: match_stop 0 371
stats: nomatch 148 7144
stats: 200 125 5588
stats: size_rcv 4895670 241642656
stats: 502 0 371
stats: match 0 371
stats: size_sent 58212 2760831
stats: connected 11 210
# stats: dump at 1399556074
stats: users 190 222
stats: session 28 169972.61932373044 160417.91048328453 545260.7541503906 242.81201171875 146065.19939135484 372
stats: users_count 5 590
stats: finish_users_count 28 400
stats: request 126 8830.538560655383 5354.900901507068 23878.961181640625 22.135986328125 8880.574795168777 7515
stats: page 126 8830.538560655383 5354.900901507068 23878.961181640625 22.135986328125 8880.574795168777 7515
stats: connect 8 130.14859008789063 3.0862425760476437 1733.55908203125 121.344970703125 136.38361047426312 581
stats: 302 27 1583
stats: match_stop 29 400
stats: nomatch 97 7241
stats: 200 70 5658
stats: size_rcv 5805507 247448163
stats: 502 29 400
stats: match 29 400
stats: size_sent 45430 2806261
stats: connected -21 189
# stats: dump at 1399556084
stats: users 195 222
stats: session 7 181868.09057617188 77673.55321545289 545260.7541503906 242.81201171875 147738.71878662112 400
stats: users_count 12 602
stats: finish_users_count 7 407
stats: request 106 13430.90562122273 4122.7333216688885 23878.961181640625 22.135986328125 8879.749698251006 7641
stats: page 106 13430.90562122273 4122.7333216688885 23878.961181640625 22.135986328125 8879.749698251006 7641
stats: connect 9 130.72279188368054 2.949732983871865 1733.55908203125 121.344970703125 136.29892428904924 589
stats: 302 26 1609
stats: match_stop 7 407
stats: nomatch 99 7340
stats: 200 73 5731
stats: size_rcv 832594 248280757
stats: 502 7 407
stats: match 7 407
stats: size_sent 35443 2841704
stats: connected 2 191
# stats: dump at 1399556094
stats: users 196 222
stats: session 11 220095.7392134233 172377.0502099142 545260.7541503906 242.81201171875 148325.71043902126 407
stats: users_count 12 614
stats: finish_users_count 11 418
stats: request 149 13498.258485934879 4777.728399253425 23878.961181640625 22.135986328125 8942.021871716219 7747
stats: page 149 13498.258485934879 4777.728399253425 23878.961181640625 22.135986328125 8942.021871716219 7747
stats: 302 26 1635
stats: connect 11 135.5305841619318 20.504770500732192 1733.55908203125 121.344970703125 136.21500256388484 598
stats: match_stop 11 418
stats: nomatch 138 7478
stats: 200 113 5844
stats: size_rcv 3786516 252067273
stats: 502 11 418
stats: match 11 418
stats: size_sent 45075 2886779
stats: connected 0 191
# stats: dump at 1399556104
stats: users 196 222
stats: session 12 157440.93951416016 152454.5101679272 545260.7541503906 242.81201171875 150214.3954067687 418
stats: users_count 12 626
stats: finish_users_count 12 430
stats: request 126 9730.049128456716 4890.486450045178 29322.875 22.135986328125 9027.999487663354 7896
stats: page 126 9730.049128456716 4890.486450045178 29322.875 22.135986328125 9027.999487663354 7896
stats: connect 13 131.37815504807693 8.218261345772017 1733.55908203125 121.344970703125 136.20264032673956 609
stats: 302 23 1658
stats: match_stop 12 430
stats: nomatch 114 7592
stats: 200 90 5934
stats: size_rcv 3527437 255594710
stats: 502 12 430
stats: match 12 430
stats: size_sent 54297 2941076
stats: connected 1 192
# stats: dump at 1399556114
stats: users 206 222
stats: session 0 0 0 545260.7541503906 242.81201171875 150416.06640511448 430
stats: users_count 10 636
stats: finish_users_count 0 430
stats: page 127 12650.395465520423 2687.7825567823343 29322.875 22.135986328125 9039.02644537215 8022
stats: request 127 12650.395465520423 2687.7825567823343 29322.875 22.135986328125 9039.02644537215 8022
stats: connect 9 139.49690755208334 17.976870992504807 1733.55908203125 121.344970703125 136.10180703313407 622
stats: 302 28 1686
stats: match_stop 0 430
stats: nomatch 127 7719
stats: 200 99 6033
stats: size_rcv 7782532 263377242
stats: 502 0 430
stats: match 0 430
stats: size_sent 47927 2989003
stats: connected 9 201
# stats: dump at 1399556124
stats: users 208 222
stats: session 9 275213.27829318575 194917.94201658128 607296.9389648438 242.81201171875 150416.06640511448 430
stats: users_count 11 647
stats: finish_users_count 9 439
stats: request 158 10797.325051609474 3822.4547226753116 29322.875 22.135986328125 9095.308672094305 8149
stats: 302 26 1712
stats: page 158 10797.325051609474 3822.4547226753116 29322.875 22.135986328125 9095.308672094305 8149
stats: connect 14 134.89862932477678 9.533495084343125 1733.55908203125 121.344970703125 136.15023160471972 631
stats: match_stop 9 439
stats: nomatch 149 7868
stats: 200 123 6156
stats: size_rcv 5069522 268446764
stats: 502 9 439
stats: match 9 439
stats: size_sent 57239 3046242
stats: connected 5 206
# stats: dump at 1399556134
stats: users 199 222
stats: session 21 160704.56138392858 146390.4593010082 607296.9389648438 242.81201171875 152974.55138687446 439
stats: users_count 12 659
stats: finish_users_count 21 460
stats: request 143 8980.596119700616 4345.698881155201 29322.875 22.135986328125 9127.68119983758 8307
stats: page 143 8980.596119700616 4345.698881155201 29322.875 22.135986328125 9127.68119983758 8307
stats: connect 12 134.43550618489584 11.61338881713571 1733.55908203125 121.344970703125 136.12306504360467 645
stats: 302 30 1742
stats: match_stop 21 460
stats: nomatch 122 7990
stats: 200 92 6248
stats: size_rcv 5167064 273613828
stats: 502 21 460
stats: match 21 460
stats: size_sent 52367 3098609
stats: connected -9 197
# stats: dump at 1399556144
stats: users 200 222
stats: session 5 306142.2338378906 203123.74598614118 607296.9389648438 242.81201171875 153327.44314760953 460
stats: users_count 6 665
stats: finish_users_count 5 465
stats: request 123 11877.66819701156 3280.6079846317257 29322.875 22.135986328125 9125.192067712185 8450
stats: page 123 11877.66819701156 3280.6079846317257 29322.875 22.135986328125 9125.192067712185 8450
stats: 302 22 1764
stats: connect 5 127.8560546875 2.575013906941312 1733.55908203125 121.344970703125 136.09224205075154 657
stats: match_stop 5 465
stats: nomatch 118 8108
stats: 200 96 6344
stats: size_rcv 6042219 279656047
stats: 502 5 465
stats: match 5 465
stats: size_sent 44671 3143280
stats: connected 0 197
# stats: dump at 1399556154
stats: users 196 222
stats: session 15 181928.6128417969 193884.80161022712 607296.9389648438 242.81201171875 154970.61293997816 465
stats: users_count 11 676
stats: finish_users_count 15 480
stats: request 138 12023.316576086956 5050.24768258204 29322.875 22.135986328125 9164.68286018901 8573
stats: page 138 12023.316576086956 5050.24768258204 29322.875 22.135986328125 9164.68286018901 8573
stats: 302 39 1803
stats: connect 12 132.2909952799479 5.489838531003025 1733.55908203125 121.344970703125 136.03003519755478 662
stats: match_stop 15 480
stats: nomatch 123 8231
stats: 200 84 6428
stats: size_rcv 4631060 284287107
stats: 502 15 480
stats: match 15 480
stats: size_sent 43613 3186893
stats: connected -3 194
# stats: dump at 1399556164
stats: users 198 222
stats: session 13 169660.81903545672 147316.66302997453 607296.9389648438 242.81201171875 155813.05043690998 480
stats: users_count 15 691
stats: finish_users_count 13 493
stats: request 131 10980.883608286618 4056.280220103494 29322.875 22.135986328125 9209.969446435585 8711
stats: page 131 10980.883608286618 4056.280220103494 29322.875 22.135986328125 9209.969446435585 8711
stats: 302 28 1831
stats: connect 11 136.97236772017047 14.567756112021598 1733.55908203125 121.344970703125 135.96346475391786 674
stats: match_stop 11 491
stats: nomatch 120 8351
stats: 200 92 6520
stats: size_rcv 6923104 291210211
stats: 502 11 491
stats: match 11 491
stats: size_sent 52361 3239254
stats: connected 0 194
# stats: dump at 1399556174
stats: users 207 222
stats: session 5 258425.26357421876 210444.00421449606 607296.9389648438 242.81201171875 156178.20457845382 493
stats: users_count 14 705
stats: finish_users_count 5 498
stats: request 142 11558.462505501764 3556.0835305035575 29322.875 22.135986328125 9236.20669538407 8842
stats: page 142 11558.462505501764 3556.0835305035575 29322.875 22.135986328125 9236.20669538407 8842
stats: connect 13 136.10047325721155 21.232008751948847 1733.55908203125 121.344970703125 135.97966611541972 685
stats: 302 31 1862
stats: match_stop 7 498
stats: nomatch 135 8486
stats: 200 104 6624
stats: size_rcv 6544680 297754891
stats: 502 7 498
stats: match 7 498
stats: size_sent 44613 3283867
stats: connected 6 200
# stats: dump at 1399556184
stats: users 216 222
stats: session 5 289096.3166503906 244696.94616229314 684320.4899902344 242.81201171875 157204.78147600166 498
stats: users_count 14 719
stats: finish_users_count 5 503
stats: request 147 10754.143034850662 3428.323553741021 29322.875 22.135986328125 9272.911985348084 8984
stats: page 147 10754.143034850662 3428.323553741021 29322.875 22.135986328125 9272.911985348084 8984
stats: connect 16 241.50000000000003 400.649097143762 1792.555908203125 121.344970703125 135.98191610516653 698
stats: 302 30 1892
stats: match_stop 4 502
stats: nomatch 143 8629
stats: 200 113 6737
stats: size_rcv 9264121 307019012
stats: 502 4 502
stats: match 4 502
stats: size_sent 58530 3342397
stats: connected 12 212
# stats: dump at 1399556194
stats: users 202 222
stats: session 24 264655.1303609212 212340.4106115497 684320.4899902344 242.81201171875 158515.83053340117 503
stats: users_count 10 729
stats: finish_users_count 24 527
stats: request 150 9213.579820963547 4531.8206389779025 29322.875 22.135986328125 9296.758329042847 9131
stats: page 150 9213.579820963547 4531.8206389779025 29322.875 22.135986328125 9296.758329042847 9131
stats: connect 10 133.483154296875 4.558114530843461 1792.555908203125 121.344970703125 138.34646700477063 714
stats: 302 31 1923
stats: match_stop 24 526
stats: nomatch 126 8755
stats: 200 95 6832
stats: size_rcv 4966871 311985883
stats: 502 24 526
stats: match 24 526
stats: size_sent 50266 3392663
stats: connected -15 197
# stats: dump at 1399556204
stats: users 212 222
stats: session 1 696029.5551757813 0.0 696029.5551757813 242.81201171875 163349.49883674172 527
stats: users_count 11 740
stats: finish_users_count 1 528
stats: request 154 11223.230227780037 2322.7372805165605 29322.875 22.135986328125 9295.413993711321 9281
stats: page 154 11223.230227780037 2322.7372805165605 29322.875 22.135986328125 9295.413993711321 9281
stats: connect 12 134.759765625 10.721853428371148 1792.555908203125 121.344970703125 138.27929417731352 724
stats: 302 35 1958
stats: match_stop 0 526
stats: nomatch 154 8909
stats: 200 119 6951
stats: size_rcv 3934477 315920360
stats: 502 0 526
stats: match 0 526
stats: size_sent 55087 3447750
stats: connected 11 208
# stats: dump at 1399556214
stats: users 216 222
stats: session 7 45817.141845703125 28182.59365678427 696029.5551757813 242.81201171875 164358.3625798081 528
stats: users_count 11 751
stats: finish_users_count 7 535
stats: page 135 10163.610271990743 3348.039261021543 29322.875 22.135986328125 9326.880204633058 9435
stats: request 135 10163.610271990743 3348.039261021543 29322.875 22.135986328125 9326.880204633058 9435
stats: connect 9 135.10845269097223 8.608467514062156 1792.555908203125 121.344970703125 138.22191055961275 736
stats: 302 28 1986
stats: match_stop 7 533
stats: nomatch 128 9037
stats: 200 100 7051
stats: size_rcv 3539040 319459400
stats: 502 7 533
stats: match 7 533
stats: size_sent 49317 3497067
stats: connected 2 210
# stats: dump at 1399556224
stats: users 203 222
stats: session 21 127425.53915550595 127795.16918132774 696029.5551757813 242.81201171875 162807.35595338055 535
stats: users_count 8 759
stats: finish_users_count 21 556
stats: request 162 9471.912630811152 4157.432479022182 29322.875 22.135986328125 9338.683606837163 9570
stats: page 162 9471.912630811152 4157.432479022182 29322.875 22.135986328125 9338.683606837163 9570
stats: connect 12 135.35776774088544 14.621125147910343 1792.555908203125 121.344970703125 138.18429831690435 745
stats: 302 33 2019
stats: match_stop 21 554
stats: nomatch 141 9178
stats: 200 108 7159
stats: size_rcv 5262771 324722171
stats: 502 21 554
stats: match 21 554
stats: size_sent 61859 3558926
stats: connected -9 201
# stats: dump at 1399556234
stats: users 203 222
stats: session 10 233643.92097167968 190059.28311420674 696029.5551757813 242.81201171875 161470.99236928817 556
stats: users_count 10 769
stats: finish_users_count 10 566
stats: request 144 10815.244105021162 3539.164458670835 29322.875 22.135986328125 9340.901352612316 9732
stats: page 144 10815.244105021162 3539.164458670835 29322.875 22.135986328125 9340.901352612316 9732
stats: connect 8 134.05450439453125 9.038296632253259 1792.555908203125 121.344970703125 138.1394920197944 757
stats: 302 27 2046
stats: match_stop 10 564
stats: nomatch 134 9312
stats: 200 107 7266
stats: size_rcv 4902566 329624737
stats: 502 10 564
stats: match 10 564
stats: size_sent 49674 3608600
stats: connected -2 199
# stats: dump at 1399556244
stats: users 199 222
stats: session 19 196066.3298982319 230494.8729559922 724540.3540039063 242.81201171875 162746.1324506025 566
stats: users_count 15 784
stats: finish_users_count 19 585
stats: request 140 10459.325955636157 4443.006752512134 29322.875 22.135986328125 9362.39845228292 9876
stats: page 140 10459.325955636157 4443.006752512134 29322.875 22.135986328125 9362.39845228292 9876
stats: connect 17 137.34079159007354 13.795233965785838 1792.555908203125 121.344970703125 138.09677319495503 765
stats: 302 30 2076
stats: match_stop 15 579
stats: nomatch 125 9437
stats: 200 95 7361
stats: size_rcv 7576448 337201185
stats: 502 15 579
stats: match 15 579
stats: size_sent 50897 3659497
stats: connected 0 199
# stats: dump at 1399556254
stats: users 210 222
stats: session 3 283887.41357421875 321246.3633049945 733605.0358886719 242.81201171875 163828.32689761952 585
stats: users_count 14 798
stats: finish_users_count 3 588
stats: request 137 11471.4759619497 2932.064140298523 29322.875 22.135986328125 9377.73090540487 10016
stats: page 137 11471.4759619497 2932.064140298523 29322.875 22.135986328125 9377.73090540487 10016
stats: connect 12 132.03546142578125 4.8231617232857795 1792.555908203125 121.344970703125 138.0803388122402 782
stats: 302 28 2104
stats: match_stop 4 583
stats: nomatch 133 9570
stats: 200 105 7466
stats: size_rcv 6230011 343431196
stats: 502 4 583
stats: match 4 583
stats: size_sent 47204 3706701
stats: connected 7 206
# stats: dump at 1399556264
stats: users 222 222
stats: session 1 205995.39599609375 0.0 733605.0358886719 242.81201171875 164440.87325821441 588
stats: users_count 13 811
stats: finish_users_count 1 589
stats: request 141 11151.394541638962 2815.386476464216 29322.875 22.135986328125 9405.982956300826 10153
stats: page 141 11151.394541638962 2815.386476464216 29322.875 22.135986328125 9405.982956300826 10153
stats: connect 9 129.24088541666666 2.9655300011273624 1792.555908203125 121.344970703125 137.98898046383025 794
stats: 302 29 2133
stats: match_stop 1 584
stats: nomatch 140 9710
stats: 200 111 7577
stats: size_rcv 2421324 345852520
stats: 502 1 584
stats: match 1 584
stats: size_sent 50099 3756800
stats: connected 8 214
# stats: dump at 1399556274
stats: users 204 224
stats: session 25 132284.8009472656 114479.42539849329 733605.0358886719 242.81201171875 164511.4242306047 589
stats: users_count 7 818
stats: finish_users_count 25 614
stats: request 148 9704.070682010133 4862.691766296475 29322.875 22.135986328125 9429.890381357429 10294
stats: page 148 9704.070682010133 4862.691766296475 29322.875 22.135986328125 9429.890381357429 10294
stats: connect 10 129.918896484375 4.785672411176249 1792.555908203125 121.344970703125 137.89093207600402 803
stats: 302 32 2165
stats: match_stop 25 609
stats: nomatch 123 9833
stats: 200 91 7668
stats: size_rcv 4881021 350733541
stats: 502 25 609
stats: match 25 609
stats: size_sent 54117 3810917
stats: connected -15 199
# stats: dump at 1399556284
stats: users 204 224
stats: session 9 152162.75626627603 210296.6019241476 733605.0358886719 212.4111328125 163199.26530213 614
stats: users_count 9 827
stats: finish_users_count 9 623
stats: request 134 11624.247336316464 3703.9924653764806 29322.875 22.135986328125 9433.776484067312 10442
stats: 302 23 2188
stats: page 134 11624.247336316464 3703.9924653764806 29322.875 22.135986328125 9433.776484067312 10442
stats: connect 12 134.136474609375 6.118077031171354 1792.555908203125 121.344970703125 137.7928750576568 813
stats: match_stop 9 618
stats: nomatch 125 9958
stats: 200 103 7771
stats: size_rcv 5071516 355805057
stats: 502 9 618
stats: match 9 618
stats: size_sent 46717 3857634
stats: connected 3 202
# stats: dump at 1399556294
stats: users 208 224
stats: session 9 215800.4208984375 247863.80233273873 733605.0358886719 212.4111328125 163039.82937705345 623
stats: users_count 13 840
stats: finish_users_count 9 632
stats: request 131 11840.245560740697 4051.112618577876 29322.875 22.135986328125 9461.530180568956 10576
stats: connect 8 129.54266357421875 4.539681396952283 1792.555908203125 121.344970703125 137.73969105113633 825
stats: page 131 11840.245560740697 4051.112618577876 29322.875 22.135986328125 9461.530180568956 10576
stats: 302 31 2219
stats: match_stop 9 627
stats: nomatch 122 10080
stats: 200 90 7861
stats: size_rcv 4681334 360486391
stats: 502 9 627
stats: match 9 627
stats: size_sent 46750 3904384
stats: connected -1 201
# stats: dump at 1399556304
stats: users 208 224
stats: session 18 189533.21325683594 143750.24609379628 733605.0358886719 212.4111328125 163791.1669145415 632
stats: users_count 18 858
stats: finish_users_count 18 650
stats: request 149 10617.286165583057 4522.867135283567 29322.875 22.135986328125 9490.633731031503 10707
stats: page 149 10617.286165583057 4522.867135283567 29322.875 22.135986328125 9490.633731031503 10707
stats: connect 20 131.94765625 8.688229647327871 1792.555908203125 121.344970703125 137.66096809817674 833
stats: 302 29 2248
stats: match_stop 16 643
stats: nomatch 133 10213
stats: 200 105 7966
stats: size_rcv 2692560 363178951
stats: 502 16 643
stats: match 16 643
stats: size_sent 56274 3960658
stats: connected 4 205
# stats: dump at 1399556314
stats: users 200 224
stats: session 19 110895.10382401316 103839.9658438823 733605.0358886719 212.4111328125 164504.02358248198 650
stats: users_count 11 869
stats: finish_users_count 19 669
stats: request 146 10033.700018059715 4841.098809233518 29322.875 22.135986328125 9506.097180989884 10856
stats: page 146 10033.700018059715 4841.098809233518 29322.875 22.135986328125 9506.097180989884 10856
stats: connect 11 135.63065962357953 10.797725921400554 1792.555908203125 121.344970703125 137.5270100243625 853
stats: 302 30 2278
stats: match_stop 21 664
stats: nomatch 125 10338
stats: 200 94 8060
stats: size_rcv 5242778 368421729
stats: 502 21 664
stats: match 21 664
stats: size_sent 50043 4010701
stats: connected -10 195
# stats: dump at 1399556324
stats: users 208 224
stats: session 0 0 0 733605.0358886719 212.4111328125 162981.4982081757 669
stats: users_count 8 877
stats: finish_users_count 0 669
stats: request 130 12610.273356745793 2563.4060219729085 29322.875 22.135986328125 9513.098636562707 11002
stats: page 130 12610.273356745793 2563.4060219729085 29322.875 22.135986328125 9513.098636562707 11002
stats: connect 9 143.26836480034723 20.79229072877067 1792.555908203125 121.344970703125 137.50286667435253 864
stats: 302 29 2307
stats: match_stop 0 664
stats: nomatch 130 10468
stats: 200 103 8163
stats: size_rcv 8037265 376458994
stats: 502 0 664
stats: match 0 664
stats: size_sent 46327 4057028
stats: connected 9 204
# stats: dump at 1399556334
stats: users 214 224
stats: session 0 0 0 733605.0358886719 212.4111328125 162981.4982081757 669
stats: users_count 6 883
stats: finish_users_count 0 669
stats: request 127 11789.800289124016 2609.154101792168 29322.875 22.135986328125 9549.267583169229 11132
stats: page 127 11789.800289124016 2609.154101792168 29322.875 22.135986328125 9549.267583169229 11132
stats: connect 7 137.25742885044642 8.49367777417371 1792.555908203125 121.344970703125 137.56230479936278 873
stats: 302 32 2339
stats: match_stop 0 664
stats: nomatch 127 10595
stats: 200 93 8256
stats: size_rcv 6957922 383416916
stats: 502 0 664
stats: match 0 664
stats: size_sent 47248 4104276
stats: connected 7 211
# stats: dump at 1399556344
stats: users 211 224
stats: session 10 260469.00021972656 240485.17470198736 733605.0358886719 212.4111328125 162981.4982081757 669
stats: users_count 7 890
stats: finish_users_count 10 679
stats: request 129 11324.212915228314 4156.212255933941 29322.875 22.135986328125 9574.540489613519 11259
stats: page 129 11324.212915228314 4156.212255933941 29322.875 22.135986328125 9574.540489613519 11259
stats: connect 6 132.52421061197916 7.671415938618756 1792.555908203125 121.344970703125 137.55987964976913 880
stats: 302 21 2360
stats: match_stop 10 674
stats: nomatch 119 10714
stats: 200 98 8354
stats: size_rcv 3793206 387210122
stats: 502 10 674
stats: match 10 674
stats: size_sent 46999 4151275
stats: connected -4 207
# stats: dump at 1399556354
stats: users 206 224
stats: session 14 193252.3238002232 187424.10979260327 733605.0358886719 212.4111328125 164417.24934236644 679
stats: users_count 9 899
stats: finish_users_count 14 693
stats: request 141 11224.87003927028 4422.307310393823 29322.875 22.135986328125 9594.360277364161 11388
stats: connect 7 134.339599609375 4.700962568911735 1792.555908203125 121.344970703125 137.52577805357643 886
stats: page 141 11224.87003927028 4422.307310393823 29322.875 22.135986328125 9594.360277364161 11388
stats: 302 30 2390
stats: match_stop 14 688
stats: nomatch 127 10841
stats: 200 97 8451
stats: size_rcv 4796798 392006920
stats: 502 14 688
stats: match 14 688
stats: size_sent 51307 4202582
stats: connected -7 200
# stats: dump at 1399556364
stats: users 200 224
stats: session 7 207967.28104073662 137336.8558799012 733605.0358886719 212.4111328125 164999.7760990908 693
stats: users_count 1 900
stats: finish_users_count 7 700
stats: request 132 11829.61232133345 3594.557341668855 29322.875 22.135986328125 9614.301458423122 11529
stats: 302 36 2426
stats: page 132 11829.61232133345 3594.557341668855 29322.875 22.135986328125 9614.301458423122 11529
stats: connect 6 134.7418212890625 7.0854720646602045 1792.555908203125 121.344970703125 137.50080241067676 893
stats: match_stop 7 695
stats: nomatch 125 10966
stats: 200 89 8540
stats: size_rcv 992122 392999042
stats: 502 7 695
stats: match 7 695
stats: size_sent 46705 4249287
stats: connected -1 199
# stats: dump at 1399556374
stats: users 197 224
stats: session 3 86313.11067708333 22353.0722631883 733605.0358886719 212.4111328125 165429.45114850727 700
stats: users_count 0 900
stats: finish_users_count 3 703
stats: request 132 11625.225245620266 2398.6683187286612 29322.875 22.135986328125 9639.378298651589 11661
stats: page 132 11625.225245620266 2398.6683187286612 29322.875 22.135986328125 9639.378298651589 11661
stats: 302 24 2450
stats: connect 1 125.52880859375 0.0 1792.555908203125 121.344970703125 137.4823887435692 899
stats: match_stop 0 695
stats: nomatch 132 11098
stats: 200 108 8648
stats: size_rcv 3704860 396703902
stats: 502 0 695
stats: match 0 695
stats: size_sent 49831 4299118
stats: connected 1 200
# stats: dump at 1399556384
stats: users 191 224
stats: session 6 217938.7071533203 143425.09058667356 733605.0358886719 212.4111328125 165091.8280739493 703
stats: users_count 0 900
stats: finish_users_count 6 709
stats: request 112 11621.50321524484 4175.447165452134 29322.875 22.135986328125 9661.606043669808 11793
stats: page 112 11621.50321524484 4175.447165452134 29322.875 22.135986328125 9661.606043669808 11793
stats: 302 30 2480
stats: connect 0 0 0 1792.555908203125 121.344970703125 137.46910698784717 900
stats: match_stop 9 704
stats: nomatch 103 11201
stats: 200 73 8721
stats: size_rcv 5062586 401766488
stats: 502 9 704
stats: match 9 704
stats: size_sent 38122 4337240
stats: connected -9 191
# stats: dump at 1399556394
stats: users 188 224
stats: session 3 163585.20190429688 95020.09757794515 733605.0358886719 212.4111328125 165539.051310164 709
stats: users_count 0 900
stats: finish_users_count 3 712
stats: connect 0 0 0 1792.555908203125 121.344970703125 137.46910698784717 900
stats: request 100 14597.80225097656 3612.71170495103 29322.875 22.135986328125 9680.04438749311 11905
stats: page 100 14597.80225097656 3612.71170495103 29322.875 22.135986328125 9680.04438749311 11905
stats: 302 30 2510
stats: match_stop 3 707
stats: nomatch 97 11298
stats: 200 67 8788
stats: size_rcv 1913020 403679508
stats: 502 3 707
stats: match 3 707
stats: size_sent 37211 4374451
stats: connected -3 188
# stats: dump at 1399556404
stats: users 187 224
stats: session 1 828630.8520507813 0.0 828630.8520507813 212.4111328125 165530.81879862244 712
stats: users_count 0 900
stats: finish_users_count 1 713
stats: request 107 14680.988345137266 3118.9351859896537 29322.875 22.135986328125 9721.008634585849 12005
stats: page 107 14680.988345137266 3118.9351859896537 29322.875 22.135986328125 9721.008634585849 12005
stats: 302 27 2537
stats: connect 0 0 0 1792.555908203125 121.344970703125 137.46910698784717 900
stats: match_stop 0 707
stats: nomatch 107 11405
stats: 200 80 8868
stats: size_rcv 2017287 405696795
stats: 502 0 707
stats: match 0 707
stats: size_sent 44384 4418835
stats: connected -1 187
# stats: dump at 1399556414
stats: users 187 224
stats: session 0 0 0 828630.8520507813 212.4111328125 166460.83287050485 713
stats: users_count 0 900
stats: finish_users_count 0 713
stats: request 124 12969.156608335434 2734.8731460565295 29322.875 22.135986328125 9764.826156797622 12112
stats: page 124 12969.156608335434 2734.8731460565295 29322.875 22.135986328125 9764.826156797622 12112
stats: connect 0 0 0 1792.555908203125 121.344970703125 137.46910698784717 900
stats: 302 41 2578
stats: match_stop 0 707
stats: nomatch 124 11529
stats: 200 83 8951
stats: size_rcv 7359945 413056740
stats: 502 0 707
stats: match 0 707
stats: size_sent 42853 4461688
stats: connected 0 187
# stats: dump at 1399556424
stats: users 187 224
stats: session 0 0 0 828630.8520507813 212.4111328125 166460.83287050485 713
stats: users_count 0 900
stats: finish_users_count 0 713
stats: 302 31 2609
stats: request 116 12267.56757644127 2301.340688402724 29322.875 22.135986328125 9797.298940059365 12236
stats: page 116 12267.56757644127 2301.340688402724 29322.875 22.135986328125 9797.298940059365 12236
stats: connect 0 0 0 1792.555908203125 121.344970703125 137.46910698784717 900
stats: match_stop 0 707
stats: nomatch 116 11645
stats: 200 85 9036
stats: size_rcv 6816654 419873394
stats: 502 0 707
stats: match 0 707
stats: size_sent 41860 4503548
stats: connected 0 187
# stats: dump at 1399556434
stats: users 186 224
stats: session 1 843833.9008789063 0.0 843833.9008789063 212.4111328125 166460.83287050485 713
stats: users_count 0 900
stats: finish_users_count 1 714
stats: request 114 12118.55707536664 2232.3251263041907 29322.875 22.135986328125 9820.497706398444 12352
stats: 302 26 2635
stats: page 114 12118.55707536664 2232.3251263041907 29322.875 22.135986328125 9820.497706398444 12352
stats: connect 0 0 0 1792.555908203125 121.344970703125 137.46910698784717 900
stats: match_stop 0 707
stats: nomatch 114 11759
stats: 200 88 9124
stats: size_rcv 10801118 430674512
stats: 502 0 707
stats: match 0 707
stats: size_sent 38919 4542467
stats: connected -1 186
# stats: dump at 1399556444
stats: users 185 224
stats: session 1 827531.8371582031 0.0 843833.9008789063 212.4111328125 167409.53464642697 714
stats: users_count 0 900
stats: finish_users_count 1 715
stats: connect 0 0 0 1792.555908203125 121.344970703125 137.46910698784717 900
stats: request 87 14186.661054238506 2804.253479414595 29322.875 22.135986328125 9841.513169904169 12466
stats: page 87 14186.661054238506 2804.253479414595 29322.875 22.135986328125 9841.513169904169 12466
stats: 302 31 2666
stats: match_stop 0 707
stats: nomatch 87 11846
stats: 200 56 9180
stats: size_rcv 4394125 435068637
stats: 502 0 707
stats: match 0 707
stats: size_sent 36884 4579351
stats: connected -1 185
# stats: dump at 1399556454
stats: users 185 224
stats: session 0 0 0 843833.9008789063 212.4111328125 168332.78262196793 715
stats: users_count 0 900
stats: finish_users_count 0 715
stats: request 99 15541.334835168087 2404.8580709127864 29322.875 22.135986328125 9871.627713514228 12553
stats: connect 0 0 0 1792.555908203125 121.344970703125 137.46910698784717 900
stats: page 99 15541.334835168087 2404.8580709127864 29322.875 22.135986328125 9871.627713514228 12553
stats: 302 37 2703
stats: match_stop 0 707
stats: nomatch 99 11945
stats: 200 62 9242
stats: size_rcv 5748452 440817089
stats: 502 0 707
stats: match 0 707
stats: size_sent 34802 4614153
stats: connected 0 185
# stats: dump at 1399556464
stats: users 185 224
stats: session 0 0 0 843833.9008789063 212.4111328125 168332.78262196793 715
stats: users_count 0 900
stats: finish_users_count 0 715
stats: request 106 14586.171184035968 2973.9691375893913 29322.875 22.135986328125 9915.992320299221 12652
stats: page 106 14586.171184035968 2973.9691375893913 29322.875 22.135986328125 9915.992320299221 12652
stats: 302 30 2733
stats: connect 0 0 0 1792.555908203125 121.344970703125 137.46910698784717 900
stats: match_stop 0 707
stats: nomatch 106 12051
stats: 200 76 9318
stats: size_rcv 5916325 446733414
stats: 502 0 707
stats: match 0 707
stats: size_sent 41564 4655717
stats: connected 0 185
# stats: dump at 1399556474
stats: users 185 224
stats: session 0 0 0 843833.9008789063 212.4111328125 168332.78262196793 715
stats: users_count 0 900
stats: finish_users_count 0 715
stats: request 108 13217.358717176648 2569.46362980609 29322.875 22.135986328125 9954.794558859818 12758
stats: page 108 13217.358717176648 2569.46362980609 29322.875 22.135986328125 9954.794558859818 12758
stats: connect 0 0 0 1792.555908203125 121.344970703125 137.46910698784717 900
stats: 302 26 2759
stats: match_stop 0 707
stats: nomatch 108 12159
stats: 200 82 9400
stats: size_rcv 6000133 452733547
stats: 502 0 707
stats: match 0 707
stats: size_sent 39604 4695321
stats: connected 0 185
# stats: dump at 1399556484
stats: users 184 224
stats: session 1 902805.3969726563 0.0 902805.3969726563 212.4111328125 168332.78262196793 715
stats: users_count 0 900
stats: finish_users_count 1 716
stats: connect 0 0 0 1792.555908203125 121.344970703125 137.46910698784717 900
stats: request 105 14000.320149739584 2688.580489179208 29322.875 22.135986328125 9982.181231415252 12866
stats: page 105 14000.320149739584 2688.580489179208 29322.875 22.135986328125 9982.181231415252 12866
stats: 302 30 2789
stats: match_stop 0 707
stats: nomatch 105 12264
stats: 200 75 9475
stats: size_rcv 5973225 458706772
stats: 502 0 707
stats: match 0 707
stats: size_sent 35448 4730769
stats: connected -1 184
# stats: dump at 1399556494
stats: users 184 224
stats: session 0 0 0 902805.3969726563 212.4111328125 169358.58236268116 716
stats: users_count 0 900
stats: finish_users_count 0 716
stats: request 95 14031.909069181744 2560.6617258805095 29322.875 22.135986328125 10014.707990063316 12971
stats: page 95 14031.909069181744 2560.6617258805095 29322.875 22.135986328125 10014.707990063316 12971
stats: connect 0 0 0 1792.555908203125 121.344970703125 137.46910698784717 900
stats: 302 22 2811
stats: match_stop 0 707
stats: nomatch 95 12359
stats: 200 73 9548
stats: size_rcv 4417529 463124301
stats: 502 0 707
stats: match 0 707
stats: size_sent 31166 4761935
stats: connected 0 184
# stats: dump at 1399556504
stats: users 184 224
stats: session 0 0 0 902805.3969726563 212.4111328125 169358.58236268116 716
stats: users_count 0 900
stats: finish_users_count 0 716
stats: request 92 14789.741500191067 2583.0752266311633 29322.875 22.135986328125 10043.91617179577 13066
stats: page 92 14789.741500191067 2583.0752266311633 29322.875 22.135986328125 10043.91617179577 13066
stats: connect 0 0 0 1792.555908203125 121.344970703125 137.46910698784717 900
stats: 302 25 2836
stats: match_stop 0 707
stats: nomatch 92 12451
stats: 200 67 9615
stats: size_rcv 5341210 468465511
stats: 502 0 707
stats: match 0 707
stats: size_sent 34327 4796262
stats: connected 0 184
# stats: dump at 1399556514
stats: users 184 224
stats: session 0 0 0 902805.3969726563 212.4111328125 169358.58236268116 716
stats: users_count 0 900
stats: finish_users_count 0 716
stats: connect 0 0 0 1792.555908203125 121.344970703125 137.46910698784717 900
stats: request 117 13107.238815438035 2981.6142320697368 29322.875 22.135986328125 10077.098717031547 13158
stats: page 117 13107.238815438035 2981.6142320697368 29322.875 22.135986328125 10077.098717031547 13158
stats: 302 22 2858
stats: match_stop 0 707
stats: nomatch 117 12568
stats: 200 95 9710
stats: size_rcv 9790341 478255852
stats: 502 0 707
stats: match 0 707
stats: size_sent 43710 4839972
stats: connected 0 184
# stats: dump at 1399556524
stats: users 184 224
stats: session 0 0 0 902805.3969726563 212.4111328125 169358.58236268116 716
stats: users_count 0 900
stats: finish_users_count 0 716
stats: request 100 12830.375583496098 2708.312013555785 29322.875 22.135986328125 10103.805036542926 13275
stats: page 100 12830.375583496098 2708.312013555785 29322.875 22.135986328125 10103.805036542926 13275
stats: connect 0 0 0 1792.555908203125 121.344970703125 137.46910698784717 900
stats: 302 23 2881
stats: match_stop 0 707
stats: nomatch 100 12668
stats: 200 77 9787
stats: size_rcv 5573222 483829074
stats: 502 0 707
stats: match 0 707
stats: size_sent 42235 4882207
stats: connected 0 184
# stats: dump at 1399556534
stats: users 183 224
stats: session 1 896291.9790039063 0.0 902805.3969726563 212.4111328125 169358.58236268116 716
stats: users_count 0 900
stats: finish_users_count 1 717
stats: request 84 14534.840788341704 2675.326114648799 29322.875 22.135986328125 10124.190610725755 13375
stats: page 84 14534.840788341704 2675.326114648799 29322.875 22.135986328125 10124.190610725755 13375
stats: connect 0 0 0 1792.555908203125 121.344970703125 137.46910698784717 900
stats: 302 27 2908
stats: match_stop 0 707
stats: nomatch 84 12752
stats: 200 57 9844
stats: size_rcv 5626318 489455392
stats: 502 0 707
stats: match 0 707
stats: size_sent 32478 4914685
stats: connected -1 183
# stats: dump at 1399556544
stats: users 183 224
stats: session 0 0 0 902805.3969726563 212.4111328125 170372.4364723621 717
stats: users_count 0 900
stats: finish_users_count 0 717
stats: request 102 15814.56755514706 2553.9622059417725 29322.875 22.135986328125 10151.718258761994 13459
stats: page 102 15814.56755514706 2553.9622059417725 29322.875 22.135986328125 10151.718258761994 13459
stats: connect 0 0 0 1792.555908203125 121.344970703125 137.46910698784717 900
stats: 302 27 2935
stats: match_stop 0 707
stats: nomatch 102 12854
stats: 200 75 9919
stats: size_rcv 12837670 502293062
stats: 502 0 707
stats: match 0 707
stats: size_sent 30945 4945630
stats: connected 0 183
# stats: dump at 1399556554
stats: users 182 224
stats: session 1 938742.8100585938 0.0 938742.8100585938 212.4111328125 170372.4364723621 717
stats: users_count 0 900
stats: finish_users_count 1 718
stats: request 104 14288.962721604566 2945.085202385598 29322.875 22.135986328125 10194.311771646831 13561
stats: page 104 14288.962721604566 2945.085202385598 29322.875 22.135986328125 10194.311771646831 13561
stats: 302 18 2953
stats: connect 0 0 0 1792.555908203125 121.344970703125 137.46910698784717 900
stats: match_stop 0 707
stats: nomatch 104 12958
stats: 200 88 10007
stats: size_rcv 7420412 509713474
stats: 502 0 707
stats: match 0 707
stats: size_sent 38466 4984096
stats: connected -1 182
# stats: dump at 1399556564
stats: users 181 224
stats: session 1 959045.8559570313 0.0 959045.8559570313 212.4111328125 171442.59019601982 718
stats: users_count 0 900
stats: finish_users_count 1 719
stats: request 114 12929.474767852247 3266.289690136405 29322.875 22.135986328125 10225.474867058145 13665
stats: 302 18 2971
stats: page 114 12929.474767852247 3266.289690136405 29322.875 22.135986328125 10225.474867058145 13665
stats: connect 0 0 0 1792.555908203125 121.344970703125 137.46910698784717 900
stats: match_stop 0 707
stats: nomatch 114 13072
stats: 200 94 10101
stats: size_rcv 7951701 517665175
stats: 502 0 707
stats: match 0 707
stats: size_sent 42659 5026755
stats: connected -1 181
# stats: dump at 1399556574
stats: users 181 224
stats: session 0 0 0 959045.8559570313 212.4111328125 172538.00503017977 719
stats: users_count 0 900
stats: finish_users_count 0 719
stats: request 89 13124.063215962957 2720.2056393052185 29322.875 22.135986328125 10247.846301029444 13779
stats: 302 23 2994
stats: page 89 13124.063215962957 2720.2056393052185 29322.875 22.135986328125 10247.846301029444 13779
stats: connect 0 0 0 1792.555908203125 121.344970703125 137.46910698784717 900
stats: match_stop 0 707
stats: nomatch 89 13161
stats: 200 66 10167
stats: size_rcv 9593496 527258671
stats: 502 0 707
stats: match 0 707
stats: size_sent 39656 5066411
stats: connected 0 181
# stats: dump at 1399556584
stats: users 181 224
stats: session 0 0 0 959045.8559570313 212.4111328125 172538.00503017977 719
stats: users_count 0 900
stats: finish_users_count 0 719
stats: request 99 14779.00963738952 2140.496786039276 29322.875 22.135986328125 10266.304860694074 13868
stats: page 99 14779.00963738952 2140.496786039276 29322.875 22.135986328125 10266.304860694074 13868
stats: 302 26 3020
stats: connect 0 0 0 1792.555908203125 121.344970703125 137.46910698784717 900
stats: match_stop 0 707
stats: nomatch 99 13260
stats: 200 73 10240
stats: size_rcv 8172627 535431298
stats: 502 0 707
stats: match 0 707
stats: size_sent 34442 5100853
stats: connected 0 181
# stats: dump at 1399556594
stats: users 181 224
stats: session 0 0 0 959045.8559570313 212.4111328125 172538.00503017977 719
stats: users_count 0 900
stats: finish_users_count 0 719
stats: request 90 15683.41618109809 3070.222937184403 29322.875 22.135986328125 10298.291527329202 13967
stats: page 90 15683.41618109809 3070.222937184403 29322.875 22.135986328125 10298.291527329202 13967
stats: 302 24 3044
stats: connect 0 0 0 1792.555908203125 121.344970703125 137.46910698784717 900
stats: match_stop 0 707
stats: nomatch 90 13350
stats: 200 66 10306
stats: size_rcv 5578268 541009566
stats: 502 0 707
stats: match 0 707
stats: size_sent 35511 5136364
stats: connected 0 181
# stats: dump at 1399556604
stats: users 181 224
stats: session 0 0 0 959045.8559570313 212.4111328125 172538.00503017977 719
stats: users_count 0 900
stats: finish_users_count 0 719
stats: request 89 16212.533257988061 2962.1710447745704 29322.875 22.135986328125 10332.76980995275 14057
stats: page 89 16212.533257988061 2962.1710447745704 29322.875 22.135986328125 10332.76980995275 14057
stats: connect 0 0 0 1792.555908203125 121.344970703125 137.46910698784717 900
stats: 302 23 3067
stats: match_stop 0 707
stats: nomatch 89 13439
stats: 200 66 10372
stats: size_rcv 10636134 551645700
stats: 502 0 707
stats: match 0 707
stats: size_sent 29001 5165365
stats: connected 0 181
# stats: dump at 1399556614
stats: users 181 224
stats: session 0 0 0 959045.8559570313 212.4111328125 172538.00503017977 719
stats: users_count 0 900
stats: finish_users_count 0 719
stats: request 89 16364.98916454529 2787.028458593266 29322.875 22.135986328125 10369.762524987045 14146
stats: 302 24 3091
stats: page 89 16364.98916454529 2787.028458593266 29322.875 22.135986328125 10369.762524987045 14146
stats: connect 0 0 0 1792.555908203125 121.344970703125 137.46910698784717 900
stats: match_stop 0 707
stats: nomatch 89 13528
stats: 200 65 10437
stats: size_rcv 7167775 558813475
stats: 502 0 707
stats: match 0 707
stats: size_sent 36213 5201578
stats: connected 0 181
# stats: dump at 1399556624
stats: users 180 224
stats: session 1 980279.9289550781 0.0 980279.9289550781 212.4111328125 172538.00503017977 719
stats: users_count 0 900
stats: finish_users_count 1 720
stats: request 102 15390.84980803845 3328.5061031180117 29322.875 22.135986328125 10407.245852765105 14235
stats: page 102 15390.84980803845 3328.5061031180117 29322.875 22.135986328125 10407.245852765105 14235
stats: connect 0 0 0 1792.555908203125 121.344970703125 137.46910698784717 900
stats: 302 23 3114
stats: match_stop 0 707
stats: nomatch 102 13630
stats: 200 79 10516
stats: size_rcv 8068502 566881977
stats: 502 0 707
stats: match 0 707
stats: size_sent 34537 5236115
stats: connected -1 180
# stats: dump at 1399556634
stats: users 180 224
stats: session 0 0 0 980279.9289550781 212.4111328125 173659.8688134088 720
stats: users_count 0 900
stats: finish_users_count 0 720
stats: request 89 14365.88846888167 3152.0076861617254 29322.875 22.135986328125 10442.70149923493 14337
stats: page 89 14365.88846888167 3152.0076861617254 29322.875 22.135986328125 10442.70149923493 14337
stats: connect 0 0 0 1792.555908203125 121.344970703125 137.46910698784717 900
stats: 302 24 3138
stats: match_stop 0 707
stats: nomatch 89 13719
stats: 200 66 10582
stats: size_rcv 8205746 575087723
stats: 502 0 707
stats: match 0 707
stats: size_sent 31732 5267847
stats: connected 0 180
# stats: dump at 1399556644
stats: users 180 224
stats: session 0 0 0 980279.9289550781 212.4111328125 173659.8688134088 720
stats: users_count 0 900
stats: finish_users_count 0 720
stats: request 122 13498.42388815958 3591.383320666356 29322.875 22.135986328125 10466.905272997481 14426
stats: page 122 13498.42388815958 3591.383320666356 29322.875 22.135986328125 10466.905272997481 14426
stats: connect 0 0 0 1792.555908203125 121.344970703125 137.46910698784717 900
stats: 302 19 3157
stats: match_stop 0 707
stats: nomatch 122 13841
stats: 200 102 10684
stats: size_rcv 9042706 584130429
stats: 502 0 707
stats: match 0 707
stats: size_sent 45960 5313807
stats: connected 0 180
# stats: dump at 1399556654
stats: users 180 224
stats: session 0 0 0 980279.9289550781 212.4111328125 173659.8688134088 720
stats: users_count 0 900
stats: finish_users_count 0 720
stats: page 92 11961.484945546023 4619.3876257831635 36966.263916015625 22.135986328125 10492.327686459797 14548
stats: connect 0 0 0 1792.555908203125 121.344970703125 137.46910698784717 900
stats: request 92 11961.484945546023 4619.3876257831635 36966.263916015625 22.135986328125 10492.327686459797 14548
stats: 302 25 3182
stats: match_stop 0 707
stats: nomatch 92 13933
stats: 200 67 10751
stats: size_rcv 5583996 589714425
stats: 502 0 707
stats: match 0 707
stats: size_sent 35455 5349262
stats: connected 0 180
# stats: dump at 1399556664
stats: users 177 224
stats: session 3 486174.75545247394 113083.40053726496 980279.9289550781 212.4111328125 173659.8688134088 720
stats: users_count 0 900
stats: finish_users_count 3 723
stats: page 77 15343.99997463474 7475.827679106356 39577.422119140625 22.135986328125 10501.560095464984 14640
stats: request 77 15343.99997463474 7475.827679106356 39577.422119140625 22.135986328125 10501.560095464984 14640
stats: connect 0 0 0 1792.555908203125 121.344970703125 137.46910698784717 900
stats: 302 25 3207
stats: match_stop 3 710
stats: nomatch 74 14007
stats: 200 49 10800
stats: size_rcv 10019771 599734196
stats: 502 3 710
stats: match 3 710
stats: size_sent 33801 5383063
stats: connected -3 177
# stats: dump at 1399556674
stats: users 176 224
stats: session 1 957887.0380859375 0.0 980279.9289550781 212.4111328125 174956.6110816207 723
stats: users_count 0 900
stats: finish_users_count 1 724
stats: request 91 17496.150903052025 6827.085811004871 42948.541015625 22.135986328125 10526.895956761176 14717
stats: page 91 17496.150903052025 6827.085811004871 42948.541015625 22.135986328125 10526.895956761176 14717
stats: connect 0 0 0 1792.555908203125 121.344970703125 137.46910698784717 900
stats: 302 20 3227
stats: match_stop 0 710
stats: nomatch 91 14098
stats: 200 71 10871
stats: size_rcv 11570163 611304359
stats: 502 0 710
stats: match 0 710
stats: size_sent 28917 5411980
stats: connected -1 176
# stats: dump at 1399556684
stats: users 176 224
stats: session 0 0 0 980279.9289550781 212.4111328125 176038.00669903 724
stats: users_count 0 900
stats: finish_users_count 0 724
stats: request 106 14981.632349554098 7129.1064853516355 43434.93603515625 22.135986328125 10569.724306309561 14808
stats: page 106 14981.632349554098 7129.1064853516355 43434.93603515625 22.135986328125 10569.724306309561 14808
stats: connect 0 0 0 1792.555908203125 121.344970703125 137.46910698784717 900
stats: 302 25 3252
stats: match_stop 0 710
stats: nomatch 106 14204
stats: 200 81 10952
stats: size_rcv 9173816 620478175
stats: 502 0 710
stats: match 0 710
stats: size_sent 36094 5448074
stats: connected 0 176
# stats: dump at 1399556694
stats: users 172 224
stats: session 4 640979.0131225586 214104.82185819352 980279.9289550781 212.4111328125 176038.00669903 724
stats: users_count 0 900
stats: finish_users_count 4 728
stats: request 37 13575.773259343328 10089.319628569267 48591.263916015625 22.135986328125 10601.081571468734 14914
stats: page 37 13575.773259343328 10089.319628569267 48591.263916015625 22.135986328125 10601.081571468734 14914
stats: connect 0 0 0 1792.555908203125 121.344970703125 137.46910698784717 900
stats: 302 9 3261
stats: match_stop 3 713
stats: nomatch 34 14238
stats: 200 25 10977
stats: size_rcv 4151316 624629491
stats: 502 3 713
stats: match 3 713
stats: size_sent 25830 5473904
stats: connected -4 172
# stats: dump at 1399556704
stats: users 166 224
stats: session 6 560103.9108479818 92939.80653031745 980279.9289550781 212.4111328125 178592.627613445 728
stats: users_count 0 900
stats: finish_users_count 6 734
stats: request 36 19637.818454318578 11665.559903708472 48591.263916015625 22.135986328125 10608.443192260076 14951
stats: page 36 19637.818454318578 11665.559903708472 48591.263916015625 22.135986328125 10608.443192260076 14951
stats: connect 0 0 0 1792.555908203125 121.344970703125 137.46910698784717 900
stats: 302 6 3267
stats: match_stop 6 719
stats: nomatch 30 14268
stats: 200 24 11001
stats: size_rcv 5441402 630070893
stats: 502 6 719
stats: match 6 719
stats: size_sent 12742 5486646
stats: connected -6 166
# stats: dump at 1399556714
stats: users 164 224
stats: session 2 608662.2990722656 299.56494140625 980279.9289550781 212.4111328125 181711.24845732402 734
stats: users_count 0 900
stats: finish_users_count 2 736
stats: request 70 29364.021226283483 8758.06623688511 55054.928955078125 22.135986328125 10630.132490280635 14987
stats: page 70 29364.021226283483 8758.06623688511 55054.928955078125 22.135986328125 10630.132490280635 14987
stats: 302 13 3280
stats: connect 0 0 0 1792.555908203125 121.344970703125 137.46910698784717 900
stats: match_stop 2 721
stats: nomatch 68 14336
stats: 200 55 11056
stats: size_rcv 12035578 642106471
stats: 502 2 721
stats: match 2 721
stats: size_sent 14591 5501237
stats: connected -2 164
# stats: dump at 1399556724
stats: users 164 224
stats: session 0 0 0 980279.9289550781 212.4111328125 182871.44152964724 736
stats: users_count 0 900
stats: finish_users_count 0 736
stats: request 74 25412.776119747676 9797.54069837597 57712.18408203125 22.135986328125 10717.226347723697 15057
stats: page 74 25412.776119747676 9797.54069837597 57712.18408203125 22.135986328125 10717.226347723697 15057
stats: connect 0 0 0 1792.555908203125 121.344970703125 137.46910698784717 900
stats: 302 14 3294
stats: match_stop 0 721
stats: nomatch 74 14410
stats: 200 60 11116
stats: size_rcv 10609027 652715498
stats: 502 0 721
stats: match 0 721
stats: size_sent 31401 5532638
stats: connected 0 164
# stats: dump at 1399556734
stats: users 162 224
stats: session 2 805871.5174560547 26068.349487304688 980279.9289550781 212.4111328125 182871.44152964724 736
stats: users_count 0 900
stats: finish_users_count 2 738
stats: request 62 20232.80976326235 14139.549839134337 60042.388916015625 22.135986328125 10789.096725301504 15131
stats: 302 9 3303
stats: page 62 20232.80976326235 14139.549839134337 60042.388916015625 22.135986328125 10789.096725301504 15131
stats: connect 0 0 0 1792.555908203125 121.344970703125 137.46910698784717 900
stats: match_stop 2 723
stats: 504 2 2
stats: nomatch 60 14470
stats: 200 51 11167
stats: size_rcv 8616555 661332053
stats: 502 0 721
stats: match 2 723
stats: size_sent 21492 5554130
stats: connected -2 162
# stats: dump at 1399556744
stats: users 153 224
stats: session 9 567628.5097384983 98710.20324483015 980279.9289550781 212.4111328125 184559.7886188787 738
stats: users_count 0 900
stats: finish_users_count 9 747
stats: request 37 29868.71624920819 18252.657078069085 60042.388916015625 22.135986328125 10827.634881580947 15193
stats: page 37 29868.71624920819 18252.657078069085 60042.388916015625 22.135986328125 10827.634881580947 15193
stats: 302 6 3309
stats: connect 0 0 0 1792.555908203125 121.344970703125 137.46910698784717 900
stats: match_stop 9 732
stats: 504 9 11
stats: nomatch 28 14498
stats: 200 22 11189
stats: size_rcv 1303052 662635105
stats: 502 0 721
stats: match 9 732
stats: size_sent 16915 5571045
stats: connected -9 153
# stats: dump at 1399556754
stats: users 149 224
stats: session 4 609084.8684692383 204580.20560122235 980279.9289550781 212.4111328125 189175.07441550063 747
stats: users_count 0 900
stats: finish_users_count 4 751
stats: request 70 24424.957153320313 11986.66179959758 60042.388916015625 22.135986328125 10873.893582211425 15230
stats: page 70 24424.957153320313 11986.66179959758 60042.388916015625 22.135986328125 10873.893582211425 15230
stats: connect 0 0 0 1792.555908203125 121.344970703125 137.46910698784717 900
stats: 302 15 3324
stats: match_stop 4 736
stats: 504 4 15
stats: nomatch 66 14564
stats: 200 51 11240
stats: size_rcv 4925983 667561088
stats: 502 0 721
stats: match 4 736
stats: size_sent 24618 5595663
stats: connected -4 149
# stats: dump at 1399556764
stats: users 149 224
stats: session 0 0 0 980279.9289550781 212.4111328125 191411.6112679839 751
stats: users_count 0 900
stats: finish_users_count 0 751
stats: request 39 22801.060409154652 6984.918003073423 60042.388916015625 22.135986328125 10935.891912275323 15300
stats: page 39 22801.060409154652 6984.918003073423 60042.388916015625 22.135986328125 10935.891912275323 15300
stats: connect 0 0 0 1792.555908203125 121.344970703125 137.46910698784717 900
stats: 302 13 3337
stats: match_stop 0 736
stats: 504 0 15
stats: nomatch 39 14603
stats: 200 26 11266
stats: size_rcv 3520337 671081425
stats: 502 0 721
stats: match 0 736
stats: size_sent 14920 5610583
stats: connected 0 149
# stats: dump at 1399556774
stats: users 148 224
stats: session 1 597990.1918945313 0.0 980279.9289550781 212.4111328125 191411.6112679839 751
stats: users_count 0 900
stats: finish_users_count 1 752
stats: request 47 27653.951483543882 11682.436012745255 60042.388916015625 22.135986328125 10966.059561494847 15339
stats: page 47 27653.951483543882 11682.436012745255 60042.388916015625 22.135986328125 10966.059561494847 15339
stats: connect 0 0 0 1792.555908203125 121.344970703125 137.46910698784717 900
stats: 302 14 3351
stats: match_stop 1 737
stats: 504 1 16
stats: nomatch 46 14649
stats: 200 33 11299
stats: size_rcv 8672330 679753755
stats: 502 0 721
stats: match 1 737
stats: size_sent 15250 5625833
stats: connected -1 148
# stats: dump at 1399556784
stats: users 146 224
stats: session 2 805505.5260009766 217527.6209716797 1023033.1469726563 212.4111328125 191952.27427413623 752
stats: users_count 0 900
stats: finish_users_count 2 754
stats: request 71 23106.86056131712 11148.299202552213 60541.011962890625 22.135986328125 11017.036483393736 15386
stats: page 71 23106.86056131712 11148.299202552213 60541.011962890625 22.135986328125 11017.036483393736 15386
stats: connect 0 0 0 1792.555908203125 121.344970703125 137.46910698784717 900
stats: 302 19 3370
stats: match_stop 0 737
stats: 504 0 16
stats: nomatch 71 14720
stats: 200 51 11350
stats: size_rcv 8881802 688635557
stats: 502 0 721
stats: match 0 737
stats: size_sent 26995 5652828
stats: connected -1 147
# stats: dump at 1399556794
stats: users 141 224
stats: session 5 659385.8259765625 205005.09901425862 1059558.2419433594 212.4111328125 193579.73648030823 754
stats: users_count 0 900
stats: finish_users_count 5 759
stats: request 65 21397.69423452524 16262.689843970205 60541.011962890625 22.135986328125 11072.569737552536 15457
stats: page 65 21397.69423452524 16262.689843970205 60541.011962890625 22.135986328125 11072.569737552536 15457
stats: connect 0 0 0 1792.555908203125 121.344970703125 137.46910698784717 900
stats: 302 13 3383
stats: match_stop 5 742
stats: 504 5 21
stats: nomatch 60 14780
stats: 200 47 11397
stats: size_rcv 7640633 696276190
stats: 502 0 721
stats: match 5 742
stats: size_sent 25217 5678045
stats: connected -6 141
# stats: dump at 1399556804
stats: users 138 224
stats: session 3 607427.6464029948 20542.08345187187 1059558.2419433594 212.4111328125 196648.2877945128 759
stats: users_count 0 900
stats: finish_users_count 3 762
stats: 302 2 3385
stats: page 17 35206.26505055147 18448.722481888606 60541.011962890625 22.135986328125 11115.807277322103 15522
stats: request 17 35206.26505055147 18448.722481888606 60541.011962890625 22.135986328125 11115.807277322103 15522
stats: connect 0 0 0 1792.555908203125 121.344970703125 137.46910698784717 900
stats: match_stop 3 745
stats: 504 3 24
stats: nomatch 14 14794
stats: 200 12 11409
stats: size_rcv 4591374 700867564
stats: 502 0 721
stats: match 3 745
stats: size_sent 8110 5686155
stats: connected -3 138
# stats: dump at 1399556814
stats: users 129 224
stats: session 9 713922.7853190104 200277.53118474555 1059558.2419433594 212.4111328125 198265.52936383753 762
stats: users_count 0 900
stats: finish_users_count 9 771
stats: request 32 31831.09951019287 13674.28987167545 60541.011962890625 22.135986328125 11142.162755933656 15539
stats: connect 0 0 0 1792.555908203125 121.344970703125 137.46910698784717 900
stats: page 32 31831.09951019287 13674.28987167545 60541.011962890625 22.135986328125 11142.162755933656 15539
stats: 302 9 3394
stats: match_stop 6 751
stats: 504 6 30
stats: nomatch 26 14820
stats: 200 17 11426
stats: size_rcv 174165 701041729
stats: 502 0 721
stats: match 6 751
stats: size_sent 9864 5696019
stats: connected -7 131
# stats: dump at 1399556824
stats: users 128 224
stats: session 1 636827.5930175781 0.0 1059558.2419433594 212.4111328125 204284.87476409247 771
stats: users_count 0 900
stats: finish_users_count 1 772
stats: request 41 32106.762469035824 9332.269700054057 60541.011962890625 22.135986328125 11184.680640214452 15571
stats: connect 0 0 0 1792.555908203125 121.344970703125 137.46910698784717 900
stats: page 41 32106.762469035824 9332.269700054057 60541.011962890625 22.135986328125 11184.680640214452 15571
stats: 302 13 3407
stats: match_stop 3 754
stats: 504 3 33
stats: nomatch 38 14858
stats: 200 26 11452
stats: size_rcv 2679290 703721019
stats: 502 0 721
stats: match 3 754
stats: size_sent 12650 5708669
stats: connected -3 128
# stats: dump at 1399556834
stats: users 127 224
stats: session 1 820270.3381347656 0.0 1059558.2419433594 212.4111328125 204845.16325923946 772
stats: users_count 0 900
stats: finish_users_count 1 773
stats: request 47 32152.8334545379 11130.624950103282 60541.011962890625 22.135986328125 11239.625897387248 15612
stats: page 47 32152.8334545379 11130.624950103282 60541.011962890625 22.135986328125 11239.625897387248 15612
stats: connect 0 0 0 1792.555908203125 121.344970703125 137.46910698784717 900
stats: 302 10 3417
stats: match_stop 1 755
stats: 504 1 34
stats: nomatch 46 14904
stats: 200 35 11487
stats: size_rcv 10145781 713866800
stats: 502 0 721
stats: match 1 755
stats: size_sent 16411 5725080
stats: connected -1 127
# stats: dump at 1399556844
stats: users 119 224
stats: session 8 787432.9934997559 180713.362932389 1059558.2419433594 212.4111328125 205641.31484381325 773
stats: users_count 0 900
stats: finish_users_count 8 781
stats: request 65 24493.542687049277 15940.67015188794 60541.011962890625 22.135986328125 11302.39623745916 15659
stats: page 65 24493.542687049277 15940.67015188794 60541.011962890625 22.135986328125 11302.39623745916 15659
stats: connect 0 0 0 1792.555908203125 121.344970703125 137.46910698784717 900
stats: 302 12 3429
stats: match_stop 6 761
stats: 504 6 40
stats: nomatch 59 14963
stats: 200 47 11534
stats: size_rcv 7708149 721574949
stats: 502 0 721
stats: match 6 761
stats: size_sent 21322 5746402
stats: connected -8 119
# stats: dump at 1399556854
stats: users 112 224
stats: session 7 702935.398297991 100962.5920576557 1059558.2419433594 212.4111328125 211600.7686584708 781
stats: users_count 0 900
stats: finish_users_count 7 788
stats: connect 0 0 0 1792.555908203125 121.344970703125 137.46910698784717 900
stats: request 24 32738.39906819661 19112.37777707679 60541.011962890625 22.135986328125 11356.925906705113 15724
stats: page 24 32738.39906819661 19112.37777707679 60541.011962890625 22.135986328125 11356.925906705113 15724
stats: 302 6 3435
stats: match_stop 7 768
stats: 504 7 47
stats: nomatch 17 14980
stats: 200 11 11545
stats: size_rcv 1223291 722798240
stats: 502 0 721
stats: match 7 768
stats: size_sent 9973 5756375
stats: connected -7 112
# stats: dump at 1399556864
stats: users 109 224
stats: session 3 725671.5254720052 92932.22068393651 1059558.2419433594 212.4111328125 215965.41638369494 788
stats: users_count 0 900
stats: finish_users_count 3 791
stats: request 38 28253.61809981497 13174.835452672482 60541.011962890625 22.135986328125 11389.511336974087 15748
stats: page 38 28253.61809981497 13174.835452672482 60541.011962890625 22.135986328125 11389.511336974087 15748
stats: connect 0 0 0 1792.555908203125 121.344970703125 137.46910698784717 900
stats: 302 7 3442
stats: match_stop 3 771
stats: 504 3 50
stats: nomatch 35 15015
stats: 200 28 11573
stats: size_rcv 3627241 726425481
stats: 502 0 721
stats: match 3 771
stats: size_sent 9680 5766055
stats: connected -3 109
# stats: dump at 1399556874
stats: users 105 224
stats: session 4 786116.48046875 166247.999474921 1059558.2419433594 212.4111328125 217898.5621830185 791
stats: users_count 0 900
stats: finish_users_count 4 795
stats: request 94 16199.84717576048 12337.634602338549 60541.011962890625 22.135986328125 11430.106551530525 15786
stats: page 94 16199.84717576048 12337.634602338549 60541.011962890625 22.135986328125 11430.106551530525 15786
stats: connect 0 0 0 1792.555908203125 121.344970703125 137.46910698784717 900
stats: 302 27 3469
stats: match_stop 3 774
stats: 504 3 53
stats: nomatch 91 15106
stats: 200 64 11637
stats: size_rcv 3908350 730333831
stats: 502 0 721
stats: match 3 774
stats: size_sent 36424 5802479
stats: connected -4 105
# stats: dump at 1399556884
stats: users 102 224
stats: session 3 743674.8374023438 167050.5603441331 1059558.2419433594 212.4111328125 220757.52026244358 795
stats: users_count 0 900
stats: finish_users_count 3 798
stats: request 28 17928.616655622216 17271.097058760868 60541.011962890625 22.135986328125 11458.340532555565 15880
stats: 302 5 3474
stats: page 28 17928.616655622216 17271.097058760868 60541.011962890625 22.135986328125 11458.340532555565 15880
stats: connect 0 0 0 1792.555908203125 121.344970703125 137.46910698784717 900
stats: match_stop 3 777
stats: 504 3 56
stats: nomatch 25 15131
stats: 200 20 11657
stats: size_rcv 1579766 731913597
stats: 502 0 721
stats: match 3 777
stats: size_sent 7054 5809533
stats: connected -3 102
