# stats: dump at 1399467871
stats: users 7 9
stats: session 4 2038.4762573242188 1767.909085752068 4994.612060546875 300.94189453125 0 0
stats: users_count 11 11
stats: finish_users_count 4 4
stats: request 5 197.80283203125 16.55189012930456 230.197998046875 186.529052734375 0 0
stats: page 5 197.80283203125 16.55189012930456 230.197998046875 186.529052734375 0 0
stats: connect 5 139.004638671875 13.820628954518906 166.328125 129.804931640625 0 0
stats: nomatch 5 5
stats: 200 5 5
stats: size_rcv 65848 65848
stats: size_sent 986 986
stats: connected 3 3
# stats: dump at 1399467881
stats: users 10 12
stats: session 8 3423.6341247558594 2613.827218923569 7890.675048828125 196.163818359375 2038.4762573242188 4
stats: users_count 11 22
stats: finish_users_count 8 12
stats: page 36 199.28388129340277 162.0950671212288 668.40087890625 38.02197265625 197.80283203125 5
stats: request 36 199.28388129340277 162.0950671212288 668.40087890625 38.02197265625 197.80283203125 5
stats: connect 16 133.19154357910156 6.572652453375738 166.328125 125.16796875 139.004638671875 5
stats: nomatch 36 41
stats: 200 36 41
stats: size_rcv 378609 444457
stats: size_sent 10656 11642
stats: connected 7 10
# stats: dump at 1399467891
stats: users 12 15
stats: session 9 8063.259168836806 7369.640020908228 21250.41015625 196.163818359375 2961.914835611979 12
stats: users_count 11 33
stats: finish_users_count 9 21
stats: request 33 221.47355883049244 204.16455413833765 775.06689453125 37.375 199.1032655297256 41
stats: page 33 221.47355883049244 204.16455413833765 775.06689453125 37.375 199.1032655297256 41
stats: connect 8 129.88064575195313 4.576034329631126 166.328125 122.76904296875 134.57561383928572 21
stats: 302 7 7
stats: nomatch 33 74
stats: 200 26 67
stats: size_rcv 309821 754278
stats: size_sent 10387 22029
stats: connected -2 8
# stats: dump at 1399467901
stats: users 13 15
stats: session 8 11795.220428466797 12369.219329076788 33316.889892578125 196.163818359375 5148.205264136905 21
stats: users_count 9 42
stats: finish_users_count 8 29
stats: request 25 165.940576171875 118.4939698275862 775.06689453125 37.241943359375 209.07920713682432 74
stats: page 25 165.940576171875 118.4939698275862 775.06689453125 37.241943359375 209.07920713682432 74
stats: 302 2 9
stats: connect 7 128.81389508928572 3.2978852433709784 166.328125 122.76904296875 133.28045022898706 29
stats: nomatch 25 99
stats: 200 23 90
stats: size_rcv 278599 1032877
stats: size_sent 7481 29510
stats: connected -1 7
# stats: dump at 1399467911
stats: users 15 17
stats: session 7 13068.265834263393 10914.3009109114 33316.889892578125 196.163818359375 6981.864619814116 29
stats: users_count 9 51
stats: finish_users_count 7 36
stats: request 35 194.52084263392857 167.61678717949965 775.06689453125 37.241943359375 198.1856134588068 99
stats: page 35 194.52084263392857 167.61678717949965 775.06689453125 37.241943359375 198.1856134588068 99
stats: connect 9 131.30145941840277 3.2651665628462188 166.328125 122.76904296875 132.41195339626736 36
stats: 302 6 15
stats: nomatch 35 134
stats: 200 29 119
stats: size_rcv 347414 1380291
stats: size_sent 11377 40887
stats: connected 3 10
# stats: dump at 1399467921
stats: users 14 17
stats: session 10 9052.90693359375 10126.838863612269 33316.889892578125 196.163818359375 8165.331522623698 36
stats: users_count 9 60
stats: finish_users_count 10 46
stats: request 32 242.73806762695313 215.57866185709906 797.06396484375 37.241943359375 197.22839719857743 134
stats: page 32 242.73806762695313 215.57866185709906 797.06396484375 37.241943359375 197.22839719857743 134
stats: connect 10 134.4278076171875 6.96186140378958 166.328125 122.76904296875 132.18985460069445 45
stats: 302 6 21
stats: nomatch 32 166
stats: 200 26 145
stats: size_rcv 284910 1665201
stats: size_sent 9173 50060
stats: connected 0 10
# stats: dump at 1399467931
stats: users 19 19
stats: session 5 6683.053173828125 8118.896851945896 33316.889892578125 196.163818359375 8358.282698921535 46
stats: users_count 10 70
stats: finish_users_count 5 51
stats: request 33 179.2643007220644 130.48280028913425 797.06396484375 37.241943359375 206.00134571489082 166
stats: page 33 179.2643007220644 130.48280028913425 797.06396484375 37.241943359375 206.00134571489082 166
stats: connect 11 128.4105779474432 5.451714653606825 166.328125 122.678955078125 132.59675514914773 55
stats: 302 3 24
stats: nomatch 33 199
stats: 200 30 175
stats: size_rcv 342791 2007992
stats: size_sent 10367 60427
stats: connected 5 15
# stats: dump at 1399467941
stats: users 27 28
stats: session 5 18863.271435546874 14268.060685910203 36787.205078125 196.163818359375 8194.044510186888 51
stats: users_count 13 83
stats: finish_users_count 5 56
stats: request 53 200.67281010465803 163.67258653652956 797.06396484375 37.1220703125 201.5675643844221 199
stats: page 53 200.67281010465803 163.67258653652956 797.06396484375 37.1220703125 201.5675643844221 199
stats: connect 11 132.83842329545453 7.375058270753342 166.328125 122.678955078125 131.89905894886363 66
stats: 302 9 33
stats: nomatch 53 252
stats: 200 44 219
stats: size_rcv 489062 2497054
stats: size_sent 17919 78346
stats: connected 7 22
# stats: dump at 1399467951
stats: users 30 31
stats: session 7 11582.019287109375 8433.925667569365 36787.205078125 196.163818359375 9146.65405709403 56
stats: users_count 10 93
stats: finish_users_count 7 63
stats: request 54 184.10883698640052 169.55117930533964 797.06396484375 36.630859375 201.37938193669396 252
stats: page 54 184.10883698640052 169.55117930533964 797.06396484375 36.630859375 201.37938193669396 252
stats: connect 8 134.31170654296875 5.3846269474844455 166.328125 122.678955078125 132.0332538555195 77
stats: 302 4 37
stats: nomatch 54 306
stats: 200 50 269
stats: size_rcv 534422 3031476
stats: size_sent 18377 96723
stats: connected 0 22
# stats: dump at 1399467961
stats: users 32 35
stats: session 9 22040.349934895832 22764.39123940372 77004.07788085938 196.163818359375 9417.250193762402 63
stats: users_count 11 104
stats: finish_users_count 9 72
stats: request 87 220.36618006914506 216.2482488112903 970.671142578125 35.409912109375 198.33163871017157 306
stats: page 87 220.36618006914506 216.2482488112903 970.671142578125 35.409912109375 198.33163871017157 306
stats: connect 15 128.11258138020835 4.314819201474169 166.328125 122.0869140625 132.24769646139706 85
stats: 302 17 54
stats: nomatch 87 393
stats: 200 70 339
stats: size_rcv 810027 3841503
stats: size_sent 31528 128251
stats: connected 6 28
# stats: dump at 1399467971
stats: users 37 37
stats: session 3 17939.392659505207 10987.5939819307 77004.07788085938 196.163818359375 10995.137661404082 72
stats: users_count 8 112
stats: finish_users_count 3 75
stats: request 76 239.130091616982 260.20637989174236 1177.697021484375 35.409912109375 203.2095142781886 393
stats: page 76 239.130091616982 260.20637989174236 1177.697021484375 35.409912109375 203.2095142781886 393
stats: connect 7 132.41681780133928 8.583629041176223 166.328125 122.0869140625 131.62742919921874 100
stats: 302 18 72
stats: nomatch 76 469
stats: 200 58 397
stats: size_rcv 1765803 5607306
stats: size_sent 27709 155960
stats: connected 4 32
# stats: dump at 1399467981
stats: users 35 37
stats: session 9 11722.14000108507 12199.661406708474 77004.07788085938 196.163818359375 11272.907861328127 75
stats: users_count 7 119
stats: finish_users_count 9 84
stats: request 102 315.0030613319546 319.4054147949806 1530.1337890625 35.409912109375 209.03033278085022 469
stats: page 102 315.0030613319546 319.4054147949806 1530.1337890625 35.409912109375 209.03033278085022 469
stats: connect 11 129.7003506747159 4.087462752435692 166.328125 122.0419921875 131.67907144421727 107
stats: 302 27 99
stats: nomatch 102 571
stats: 200 75 472
stats: size_rcv 887581 6494887
stats: size_sent 33526 189486
stats: connected 3 35
# stats: dump at 1399467991
stats: users 36 39
stats: session 10 14015.087329101563 14558.48934475983 77004.07788085938 196.163818359375 11321.039876302084 84
stats: users_count 11 130
stats: finish_users_count 10 94
stats: request 92 220.55450970193615 244.53093178059018 1530.1337890625 35.409912109375 227.96066257456764 571
stats: page 92 220.55450970193615 244.53093178059018 1530.1337890625 35.409912109375 227.96066257456764 571
stats: connect 9 132.32212999131946 6.87585728734419 166.328125 122.0419921875 131.49461442333154 118
stats: 302 14 113
stats: nomatch 92 663
stats: 200 78 550
stats: size_rcv 2300058 8794945
stats: size_sent 31270 220756
stats: connected -2 33
# stats: dump at 1399468001
stats: users 36 39
stats: session 7 15398.611607142857 14513.74486084912 77004.07788085938 196.163818359375 11607.640669153092 94
stats: users_count 7 137
stats: finish_users_count 7 101
stats: request 80 289.3235687255859 273.5727394507135 1530.1337890625 35.409912109375 226.93296112014517 663
stats: page 80 289.3235687255859 273.5727394507135 1530.1337890625 35.409912109375 226.93296112014517 663
stats: connect 6 132.94095865885416 6.931609023049517 166.328125 122.0419921875 131.55325725885825 127
stats: 302 22 135
stats: nomatch 80 743
stats: 200 58 608
stats: size_rcv 2854738 11649683
stats: size_sent 26439 247195
stats: connected -1 32
# stats: dump at 1399468011
stats: users 38 39
stats: session 9 15624.734456380209 15887.392750787392 77004.07788085938 196.163818359375 11870.38122921179 101
stats: users_count 11 148
stats: finish_users_count 9 110
stats: request 94 225.03105260970744 192.13000008444143 1530.1337890625 35.409912109375 233.6506577667606 743
stats: page 94 225.03105260970744 192.13000008444143 1530.1337890625 35.409912109375 233.6506577667606 743
stats: connect 10 129.573193359375 5.780676068659768 166.328125 122.0419921875 131.61586032953474 133
stats: 302 19 154
stats: nomatch 94 837
stats: 200 75 683
stats: size_rcv 812393 12462076
stats: size_sent 33214 280409
stats: connected 1 33
# stats: dump at 1399468021
stats: users 37 39
stats: session 8 12256.73550415039 14607.408330085516 77004.07788085938 196.163818359375 12177.555584161932 110
stats: users_count 7 155
stats: finish_users_count 8 118
stats: request 79 288.70327951938293 380.09146694688616 2194.994873046875 35.409912109375 232.6826256463747 837
stats: page 79 288.70327951938293 380.09146694688616 2194.994873046875 35.409912109375 232.6826256463747 837
stats: connect 9 132.98255750868054 6.559057889269803 166.328125 122.0419921875 131.47301648546764 143
stats: 302 16 170
stats: nomatch 79 916
stats: 200 64 747
stats: size_rcv 5329497 17791573
stats: size_sent 27531 307940
stats: connected 1 34
# stats: dump at 1399468031
stats: users 39 41
stats: session 7 14227.458286830357 12369.151547808095 77004.07788085938 196.163818359375 12182.92371433064 118
stats: users_count 9 164
stats: finish_users_count 7 125
stats: request 103 289.029548126517 430.9074707914479 3072.3720703125 35.409912109375 237.5141012533263 916
stats: page 103 289.029548126517 430.9074707914479 3072.3720703125 35.409912109375 237.5141012533263 916
stats: connect 8 129.16217041015625 3.9707376499241853 166.328125 122.008056640625 131.56239720394734 152
stats: 302 19 189
stats: nomatch 103 1019
stats: 200 83 830
stats: size_rcv 5677426 23468999
stats: size_sent 36218 344158
stats: connected 1 35
# stats: dump at 1399468041
stats: users 43 43
stats: session 6 11199.483194986979 7975.935228272945 77004.07788085938 196.163818359375 12297.417650390626 125
stats: users_count 10 174
stats: finish_users_count 6 131
stats: request 87 459.4880511404453 696.3498896113182 3199.29296875 35.409912109375 242.72125633471848 1019
stats: page 87 459.4880511404453 696.3498896113182 3199.29296875 35.409912109375 242.72125633471848 1019
stats: connect 10 135.39091796875 11.697464421612155 166.328125 122.008056640625 131.4423858642578 160
stats: 302 17 206
stats: nomatch 87 1106
stats: 200 70 900
stats: size_rcv 11378419 34847418
stats: size_sent 31639 375797
stats: connected 4 39
# stats: dump at 1399468051
stats: users 48 48
stats: session 5 18404.684521484374 12806.367879273086 77004.07788085938 196.163818359375 12247.130576097328 131
stats: users_count 10 184
stats: finish_users_count 5 136
stats: request 101 419.90617506574876 949.3911518912763 5651.133056640625 35.409912109375 259.7725322371581 1106
stats: page 101 419.90617506574876 949.3911518912763 5651.133056640625 35.409912109375 259.7725322371581 1106
stats: connect 6 132.17659505208334 4.212515471442916 166.328125 122.008056640625 131.6746524586397 170
stats: 302 10 216
stats: nomatch 101 1207
stats: 200 93 993
stats: size_rcv 9801317 44648735
stats: size_sent 35742 411539
stats: connected 1 40
# stats: dump at 1399468061
stats: users 48 50
stats: session 10 13060.98671875 9070.08262263329 77004.07788085938 196.163818359375 12473.511235854205 136
stats: users_count 10 194
stats: finish_users_count 10 146
stats: request 107 368.9476147232768 705.5522888460018 5651.133056640625 35.409912109375 273.1722819684652 1207
stats: page 107 368.9476147232768 705.5522888460018 5651.133056640625 35.409912109375 273.1722819684652 1207
stats: 302 20 236
stats: connect 13 141.57416240985577 18.700581253548318 186.0859375 122.008056640625 131.69176413796166 176
stats: nomatch 107 1314
stats: 200 85 1078
stats: size_rcv 7080088 51728823
stats: size_sent 38940 450479
stats: connected 3 43
# stats: dump at 1399468071
stats: users 49 51
stats: session 11 12812.496226917614 9634.65318305758 77004.07788085938 196.163818359375 12513.74928262789 146
stats: users_count 12 206
stats: finish_users_count 11 157
stats: request 126 392.10314166356636 522.4738430441362 5651.133056640625 35.409912109375 280.971338745303 1314
stats: page 126 392.10314166356636 522.4738430441362 5651.133056640625 35.409912109375 280.971338745303 1314
stats: connect 13 144.851806640625 28.89741508434296 225.56298828125 122.008056640625 132.37150581803903 189
stats: 302 23 259
stats: nomatch 126 1440
stats: 200 103 1181
stats: size_rcv 10905559 62634382
stats: size_sent 42672 493151
stats: connected 2 45
# stats: dump at 1399468081
stats: users 49 51
stats: session 9 16342.016682942709 14918.889332542181 77004.07788085938 196.163818359375 12534.68059719596 157
stats: users_count 9 215
stats: finish_users_count 9 166
stats: request 112 439.1427677699498 527.0685378628718 5651.133056640625 35.409912109375 290.69537150065105 1440
stats: page 112 439.1427677699498 527.0685378628718 5651.133056640625 35.409912109375 290.69537150065105 1440
stats: connect 9 131.42404513888889 4.352329781492537 225.56298828125 122.008056640625 133.1746934947401 202
stats: 302 24 283
stats: nomatch 112 1552
stats: 200 88 1269
stats: size_rcv 6535658 69170040
stats: size_sent 41323 534474
stats: connected 0 45
# stats: dump at 1399468091
stats: users 48 51
stats: session 9 9940.161105685764 11254.371831252984 77004.07788085938 196.163818359375 12741.102433170181 166
stats: users_count 8 223
stats: finish_users_count 9 175
stats: request 96 296.69190216064436 359.18820474821814 5651.133056640625 35.409912109375 301.4080702004973 1552
stats: page 96 296.69190216064436 359.18820474821814 5651.133056640625 35.409912109375 301.4080702004973 1552
stats: 302 20 303
stats: connect 10 140.3306640625 16.034748634500925 225.56298828125 122.008056640625 133.10002128998815 211
stats: nomatch 96 1648
stats: 200 76 1345
stats: size_rcv 8957421 78127461
stats: size_sent 33866 568340
stats: connected 1 46
# stats: dump at 1399468101
stats: users 51 53
stats: session 5 59795.8701171875 89104.59689593047 236745.02880859375 196.163818359375 12597.05402204241 175
stats: users_count 8 231
stats: finish_users_count 5 180
stats: request 114 385.4870498389528 370.87095521759943 5651.133056640625 35.409912109375 301.1333419651661 1648
stats: page 114 385.4870498389528 370.87095521759943 5651.133056640625 35.409912109375 301.1333419651661 1648
stats: connect 6 128.31949869791666 4.212760977925711 225.56298828125 122.008056640625 133.42719969598417 221
stats: 302 29 332
stats: nomatch 114 1762
stats: 200 85 1430
stats: size_rcv 4855676 82983137
stats: size_sent 43341 611681
stats: connected 1 47
# stats: dump at 1399468111
stats: users 52 53
stats: session 6 17792.314493815105 15582.745826531615 236745.02880859375 196.163818359375 13908.132246907551 180
stats: users_count 7 238
stats: finish_users_count 6 186
stats: request 97 861.3836430815078 1111.5080675211045 5651.133056640625 35.409912109375 306.5909598412227 1762
stats: page 97 861.3836430815078 1111.5080675211045 5651.133056640625 35.409912109375 306.5909598412227 1762
stats: connect 7 129.06898716517858 3.793849337979553 225.56298828125 122.008056640625 133.29219438325993 227
stats: 302 23 355
stats: nomatch 97 1859
stats: 200 75 1505
stats: size_rcv 5833288 88816425
stats: size_sent 38369 650050
stats: connected 2 49
# stats: dump at 1399468121
stats: users 59 60
stats: session 5 16352.71318359375 13319.47223092354 236745.02880859375 196.163818359375 14033.428448420698 186
stats: users_count 12 250
stats: finish_users_count 5 191
stats: request 118 1220.0228809421346 1490.4286084251405 7401.9560546875 35.409912109375 335.53926015015634 1859
stats: page 118 1220.0228809421346 1490.4286084251405 7401.9560546875 35.409912109375 335.53926015015634 1859
stats: connect 10 133.811474609375 11.543807553146303 225.56298828125 122.008056640625 133.16585912459936 234
stats: 302 26 381
stats: nomatch 118 1977
stats: 200 91 1596
stats: size_rcv 7725639 96542064
stats: size_sent 40098 690148
stats: connected 6 55
# stats: dump at 1399468131
stats: users 53 60
stats: session 10 60935.73439941406 85248.63610335009 244394.1640625 196.163818359375 14094.142708503763 191
stats: users_count 4 254
stats: finish_users_count 10 201
stats: 302 24 405
stats: request 116 1069.791655441811 1246.3273620983396 7401.9560546875 35.409912109375 388.33089760764415 1977
stats: page 116 1069.791655441811 1246.3273620983396 7401.9560546875 35.409912109375 388.33089760764415 1977
stats: connect 6 132.58671061197916 4.16847651692812 225.56298828125 122.008056640625 133.19231877561475 244
stats: nomatch 116 2093
stats: 200 92 1688
stats: size_rcv 7424277 103966341
stats: size_sent 41417 731565
stats: connected -6 49
# stats: dump at 1399468141
stats: users 59 60
stats: session 4 25320.53076171875 9092.825311365958 244394.1640625 196.163818359375 16424.570155812733 201
stats: users_count 10 264
stats: finish_users_count 4 205
stats: 302 25 430
stats: request 91 1556.8729395604396 1750.3347037041206 8773.208984375 35.409912109375 426.0993868139334 2093
stats: page 91 1556.8729395604396 1750.3347037041206 8773.208984375 35.409912109375 426.0993868139334 2093
stats: connect 11 135.8985040838068 9.846906826312505 225.56298828125 122.008056640625 133.1777841796875 250
stats: nomatch 91 2184
stats: 200 67 1755
stats: size_rcv 9380527 113346868
stats: size_sent 34437 766002
stats: connected 7 56
# stats: dump at 1399468151
stats: users 65 65
stats: session 4 68247.81005859375 92451.4726352202 244394.1640625 196.163818359375 16598.149874952363 205
stats: users_count 10 274
stats: finish_users_count 4 209
stats: request 120 1508.0805541992186 2034.3894069054509 9031.43896484375 35.409912109375 473.2149515117045 2184
stats: page 120 1508.0805541992186 2034.3894069054509 9031.43896484375 35.409912109375 473.2149515117045 2184
stats: 302 29 459
stats: connect 6 139.92578125 11.334523898705791 225.56298828125 122.008056640625 133.29245053579982 261
stats: nomatch 120 2304
stats: 200 90 1845
stats: size_rcv 10009397 123356265
stats: size_sent 41701 807703
stats: connected 2 58
# stats: dump at 1399468161
stats: users 64 68
stats: session 11 33147.666392933235 65550.77764061769 244394.1640625 196.163818359375 17586.66011770148 209
stats: users_count 10 284
stats: finish_users_count 11 220
stats: request 117 1288.1795977731033 1685.4525550590809 9031.43896484375 35.222900390625 527.1142016516792 2304
stats: page 117 1288.1795977731033 1685.4525550590809 9031.43896484375 35.222900390625 527.1142016516792 2304
stats: 302 28 487
stats: connect 13 137.53297776442307 16.37211509763374 225.56298828125 122.008056640625 133.44151414735487 267
stats: nomatch 117 2421
stats: 200 89 1934
stats: size_rcv 8059645 131415910
stats: size_sent 43322 851025
stats: connected 2 60
# stats: dump at 1399468171
stats: users 60 68
stats: session 6 21929.938720703125 12499.609646620944 244394.1640625 196.163818359375 18364.71043146307 220
stats: users_count 2 286
stats: finish_users_count 6 226
stats: request 102 2568.736040900735 2741.0045438155003 10667.55712890625 35.222900390625 563.8943137318967 2421
stats: 302 28 515
stats: page 102 2568.736040900735 2741.0045438155003 10667.55712890625 35.222900390625 563.8943137318967 2421
stats: connect 5 144.62548828125 12.706459477692011 225.56298828125 122.008056640625 133.63147495814732 280
stats: nomatch 102 2523
stats: 200 74 2008
stats: size_rcv 11837773 143253683
stats: size_sent 32917 883942
stats: connected -1 59
# stats: dump at 1399468181
stats: users 53 68
stats: session 7 73786.83844866071 88892.93572693519 288697.4650878906 196.163818359375 18459.36250993847 226
stats: users_count 0 286
stats: finish_users_count 7 233
stats: request 95 2126.6580951891456 2385.905745871189 11387.4990234375 35.222900390625 644.9461790395549 2523
stats: 302 35 550
stats: page 95 2126.6580951891456 2385.905745871189 11387.4990234375 35.222900390625 644.9461790395549 2523
stats: connect 0 0 0 225.56298828125 122.008056640625 133.82435238486843 285
stats: nomatch 95 2618
stats: 200 60 2068
stats: size_rcv 6329806 149583489
stats: size_sent 36120 920062
stats: connected -7 52
# stats: dump at 1399468191
stats: users 44 68
stats: session 9 129240.22024197048 108431.50263069166 288697.4650878906 196.163818359375 20121.561357882914 233
stats: users_count 0 286
stats: finish_users_count 9 242
stats: request 96 2065.3367996215825 2250.041613020235 11387.4990234375 35.222900390625 698.7134181664499 2618
stats: page 96 2065.3367996215825 2250.041613020235 11387.4990234375 35.222900390625 698.7134181664499 2618
stats: connect 1 134.4580078125 0.0 225.56298828125 122.008056640625 133.82435238486843 285
stats: 302 41 591
stats: nomatch 96 2714
stats: 200 55 2123
stats: size_rcv 7380833 156964322
stats: size_sent 32234 952296
stats: connected -8 44
# stats: dump at 1399468201
stats: users 40 68
stats: session 4 262849.6344604492 11732.969543721345 288697.4650878906 196.163818359375 24179.693299853112 242
stats: users_count 0 286
stats: finish_users_count 4 246
stats: request 97 1415.7866940842462 1578.1564058605393 11387.4990234375 35.222900390625 747.0538178052459 2714
stats: page 97 1415.7866940842462 1578.1564058605393 11387.4990234375 35.222900390625 747.0538178052459 2714
stats: connect 0 0 0 225.56298828125 122.008056640625 133.82656796328672 286
stats: 302 31 622
stats: nomatch 97 2811
stats: 200 66 2189
stats: size_rcv 12160791 169125113
stats: size_sent 29001 981297
stats: connected -4 40
# stats: dump at 1399468211
stats: users 36 68
stats: session 4 198330.10858154297 90171.83469098374 288697.4650878906 196.163818359375 28060.50535124492 246
stats: users_count 0 286
stats: finish_users_count 4 250
stats: request 90 422.60216471354164 708.7026330183745 11387.4990234375 35.222900390625 770.1299789575273 2811
stats: page 90 422.60216471354164 708.7026330183745 11387.4990234375 35.222900390625 770.1299789575273 2811
stats: connect 0 0 0 225.56298828125 122.008056640625 133.82656796328672 286
stats: 302 32 654
stats: nomatch 90 2901
stats: 200 58 2247
stats: size_rcv 7623122 176748235
stats: size_sent 33649 1014946
stats: connected -4 36
# stats: dump at 1399468221
stats: users 36 68
stats: session 0 0 0 288697.4650878906 196.163818359375 30784.81900292969 250
stats: users_count 0 286
stats: finish_users_count 0 250
stats: request 74 394.4627289643159 723.7561529930947 11387.4990234375 35.222900390625 759.3483508010438 2901
stats: 302 26 680
stats: page 74 394.4627289643159 723.7561529930947 11387.4990234375 35.222900390625 759.3483508010438 2901
stats: connect 0 0 0 225.56298828125 122.008056640625 133.82656796328672 286
stats: nomatch 74 2975
stats: 200 48 2295
stats: size_rcv 8643121 185391356
stats: size_sent 28332 1043278
stats: connected 0 36
# stats: dump at 1399468231
stats: users 31 68
stats: session 5 287072.1971679687 10588.256622343604 307112.3630371094 196.163818359375 30784.81900292969 250
stats: users_count 0 286
stats: finish_users_count 5 255
stats: request 80 479.9530334472656 731.5153528543036 11387.4990234375 35.222900390625 750.2722042410714 2975
stats: page 80 479.9530334472656 731.5153528543036 11387.4990234375 35.222900390625 750.2722042410714 2975
stats: connect 0 0 0 225.56298828125 122.008056640625 133.82656796328672 286
stats: 302 26 706
stats: nomatch 80 3055
stats: 200 54 2349
stats: size_rcv 8922058 194313414
stats: size_sent 29495 1072773
stats: connected -5 31
# stats: dump at 1399468241
stats: users 30 68
stats: session 1 244429.55615234375 0.0 307112.3630371094 196.163818359375 35810.061712048104 255
stats: users_count 0 286
stats: finish_users_count 1 256
stats: request 59 974.5600461798199 2082.285319597085 11387.4990234375 35.222900390625 743.1934698176657 3055
stats: page 59 974.5600461798199 2082.285319597085 11387.4990234375 35.222900390625 743.1934698176657 3055
stats: connect 0 0 0 225.56298828125 122.008056640625 133.82656796328672 286
stats: 302 15 721
stats: nomatch 59 3114
stats: 200 44 2393
stats: size_rcv 9095944 203409358
stats: size_sent 22221 1094994
stats: connected -1 30
# stats: dump at 1399468251
stats: users 30 68
stats: session 0 0 0 307112.3630371094 196.163818359375 36624.981612205505 256
stats: users_count 0 286
stats: finish_users_count 0 256
stats: request 71 842.918436399648 1941.2506112449023 11387.4990234375 35.222900390625 747.5771011617143 3114
stats: connect 0 0 0 225.56298828125 122.008056640625 133.82656796328672 286
stats: page 71 842.918436399648 1941.2506112449023 11387.4990234375 35.222900390625 747.5771011617143 3114
stats: 302 20 741
stats: nomatch 71 3185
stats: 200 51 2444
stats: size_rcv 10016128 213425486
stats: size_sent 27066 1122060
stats: connected 0 30
# stats: dump at 1399468261
stats: users 30 68
stats: session 0 0 0 307112.3630371094 196.163818359375 36624.981612205505 256
stats: users_count 0 286
stats: finish_users_count 0 256
stats: request 60 611.8062011718749 1153.1453791497675 11387.4990234375 35.222900390625 749.7024496081485 3185
stats: page 60 611.8062011718749 1153.1453791497675 11387.4990234375 35.222900390625 749.7024496081485 3185
stats: connect 0 0 0 225.56298828125 122.008056640625 133.82656796328672 286
stats: 302 18 759
stats: nomatch 60 3245
stats: 200 43 2487
stats: size_rcv 7851335 221276821
stats: size_sent 22438 1144498
stats: connected 0 30
# stats: dump at 1399468271
stats: users 27 68
stats: session 3 270641.90999348956 9445.212489180614 307112.3630371094 196.163818359375 36624.981612205505 256
stats: users_count 0 286
stats: finish_users_count 3 259
stats: connect 0 0 0 225.56298828125 122.008056640625 133.82656796328672 286
stats: request 50 1022.211416015625 2378.973650570881 11387.4990234375 35.222900390625 747.1527500993114 3245
stats: page 50 1022.211416015625 2378.973650570881 11387.4990234375 35.222900390625 747.1527500993114 3245
stats: 302 17 776
stats: nomatch 50 3295
stats: 200 32 2519
stats: size_rcv 7133014 228409835
stats: size_sent 19993 1164491
stats: connected -3 27
# stats: dump at 1399468281
stats: users 26 68
stats: session 1 235536.0908203125 0.0 307112.3630371094 196.163818359375 39335.60240426671 259
stats: users_count 0 286
stats: finish_users_count 1 260
stats: request 40 2439.205688476562 5379.47489866227 16554.169921875 35.222900390625 751.3266297035044 3295
stats: page 40 2439.205688476562 5379.47489866227 16554.169921875 35.222900390625 751.3266297035044 3295
stats: connect 0 0 0 225.56298828125 122.008056640625 133.82656796328672 286
stats: 302 9 785
stats: nomatch 40 3335
stats: 200 31 2550
stats: size_rcv 8464711 236874546
stats: size_sent 15469 1179960
stats: connected -1 26
# stats: dump at 1399468291
stats: users 26 68
stats: session 0 0 0 307112.3630371094 196.163818359375 40090.21966740535 260
stats: users_count 0 286
stats: finish_users_count 0 260
stats: request 64 2093.859901428222 4684.086366346345 17457.8291015625 35.222900390625 771.571056195535 3335
stats: 302 17 802
stats: page 64 2093.859901428222 4684.086366346345 17457.8291015625 35.222900390625 771.571056195535 3335
stats: connect 0 0 0 225.56298828125 122.008056640625 133.82656796328672 286
stats: nomatch 64 3399
stats: 200 47 2597
stats: size_rcv 14616090 251490636
stats: size_sent 21269 1201229
stats: connected 0 26
# stats: dump at 1399468301
stats: users 24 68
stats: session 2 285911.7785644531 38856.546630859375 324768.3251953125 196.163818359375 40090.21966740535 260
stats: users_count 0 286
stats: finish_users_count 2 262
stats: connect 0 0 0 225.56298828125 122.008056640625 133.82656796328672 286
stats: request 64 307.55455780029297 424.78238478155976 17457.8291015625 35.222900390625 796.468521948666 3399
stats: page 64 307.55455780029297 424.78238478155976 17457.8291015625 35.222900390625 796.468521948666 3399
stats: 302 23 825
stats: nomatch 64 3463
stats: 200 41 2638
stats: size_rcv 3187415 254678051
stats: size_sent 23499 1224728
stats: connected -2 24
# stats: dump at 1399468311
stats: users 23 68
stats: session 1 302679.5578613281 0.0 324768.3251953125 196.163818359375 41966.72011700113 262
stats: users_count 0 286
stats: finish_users_count 1 263
stats: connect 0 0 0 225.56298828125 122.008056640625 133.82656796328672 286
stats: request 48 742.7712809244791 1266.4774022469032 17457.8291015625 35.222900390625 787.432861046126 3463
stats: page 48 742.7712809244791 1266.4774022469032 17457.8291015625 35.222900390625 787.432861046126 3463
stats: 302 15 840
stats: nomatch 48 3511
stats: 200 33 2671
stats: size_rcv 8784554 263462605
stats: size_sent 18415 1243143
stats: connected -1 23
# stats: dump at 1399468321
stats: users 22 68
stats: session 1 301615.0061035156 0.0 324768.3251953125 196.163818359375 42958.02368256891 263
stats: users_count 0 286
stats: finish_users_count 1 264
stats: request 50 532.5323144531251 652.973191377215 17457.8291015625 35.222900390625 786.8222783500739 3511
stats: connect 0 0 0 225.56298828125 122.008056640625 133.82656796328672 286
stats: page 50 532.5323144531251 652.973191377215 17457.8291015625 35.222900390625 786.8222783500739 3511
stats: 302 20 860
stats: nomatch 50 3561
stats: 200 30 2701
stats: size_rcv 5995586 269458191
stats: size_sent 18251 1261394
stats: connected -1 22
# stats: dump at 1399468331
stats: users 18 68
stats: session 4 263524.4656982422 27305.34922971537 324768.3251953125 196.163818359375 43937.78497961796 264
stats: users_count 0 286
stats: finish_users_count 4 268
stats: 302 28 888
stats: request 65 527.8413348858173 954.0194040625064 17457.8291015625 35.222900390625 783.2517930384065 3561
stats: page 65 527.8413348858173 954.0194040625064 17457.8291015625 35.222900390625 783.2517930384065 3561
stats: connect 0 0 0 225.56298828125 122.008056640625 133.82656796328672 286
stats: nomatch 65 3626
stats: 200 37 2738
stats: size_rcv 10208444 279666635
stats: size_sent 24260 1285654
stats: connected -4 18
# stats: dump at 1399468341
stats: users 16 68
stats: session 2 261046.52697753906 10116.838989257813 324768.3251953125 196.163818359375 47215.19812467205 268
stats: users_count 0 286
stats: finish_users_count 2 270
stats: request 51 866.4527851179535 1428.8089524474353 17457.8291015625 35.222900390625 778.6732823434484 3626
stats: page 51 866.4527851179535 1428.8089524474353 17457.8291015625 35.222900390625 778.6732823434484 3626
stats: connect 0 0 0 225.56298828125 122.008056640625 133.82656796328672 286
stats: 302 23 911
stats: nomatch 51 3677
stats: 200 29 2767
stats: size_rcv 8795645 288462280
stats: size_sent 17906 1303560
stats: connected -2 16
# stats: dump at 1399468351
stats: users 15 68
stats: session 1 234475.04614257813 0.0 324768.3251953125 196.163818359375 48799.133893952545 270
stats: users_count 0 286
stats: finish_users_count 1 271
stats: connect 0 0 0 225.56298828125 122.008056640625 133.82656796328672 286
stats: request 49 666.5143096301022 1040.69236544904 17457.8291015625 35.222900390625 779.8907842856567 3677
stats: page 49 666.5143096301022 1040.69236544904 17457.8291015625 35.222900390625 779.8907842856567 3677
stats: 302 25 936
stats: nomatch 49 3726
stats: 200 23 2790
stats: size_rcv 10162556 298624836
stats: size_sent 15503 1319063
stats: connected -1 15
# stats: dump at 1399468361
stats: users 11 68
stats: session 4 248839.11334228516 25178.86785502625 324768.3251953125 196.163818359375 49484.28486165965 271
stats: users_count 0 286
stats: finish_users_count 4 275
stats: connect 0 0 0 225.56298828125 122.008056640625 133.82656796328672 286
stats: request 26 426.80443396935095 594.1080167371861 17457.8291015625 35.222900390625 778.3997893156828 3726
stats: page 26 426.80443396935095 594.1080167371861 17457.8291015625 35.222900390625 778.3997893156828 3726
stats: 302 17 953
stats: nomatch 26 3752
stats: 200 10 2800
stats: size_rcv 5389549 304014385
stats: size_sent 9166 1328229
stats: connected -3 12
# stats: dump at 1399468371
stats: users 8 68
stats: session 3 271822.2705891927 34777.690249391875 324768.3251953125 196.163818359375 52383.991457741475 275
stats: users_count 0 286
stats: finish_users_count 3 278
stats: request 27 417.4857403790509 625.5018313095939 17457.8291015625 35.222900390625 775.9633609470782 3752
stats: page 27 417.4857403790509 625.5018313095939 17457.8291015625 35.222900390625 775.9633609470782 3752
stats: connect 0 0 0 225.56298828125 122.008056640625 133.82656796328672 286
stats: 302 20 973
stats: nomatch 27 3779
stats: 200 6 2806
stats: size_rcv 4684833 308699218
stats: size_sent 9204 1337433
stats: connected -4 8
# stats: dump at 1399468381
stats: users 5 68
stats: session 3 255522.99837239584 35534.805492172454 324768.3251953125 196.163818359375 54752.03044117441 278
stats: users_count 0 286
stats: finish_users_count 3 281
stats: request 14 212.02491978236608 365.97528601745535 17457.8291015625 35.222900390625 773.4021289398444 3779
stats: page 14 212.02491978236608 365.97528601745535 17457.8291015625 35.222900390625 773.4021289398444 3779
stats: connect 0 0 0 225.56298828125 122.008056640625 133.82656796328672 286
stats: 302 12 985
stats: nomatch 14 3793
stats: 200 2 2808
stats: size_rcv 1435606 310134824
stats: size_sent 4905 1342338
stats: connected -3 5
# stats: dump at 1399468391
stats: users 2 68
stats: session 3 255597.82104492188 14908.065573650369 324768.3251953125 196.163818359375 56895.49273225506 281
stats: users_count 0 286
stats: finish_users_count 3 284
stats: request 12 240.79471842447916 391.2540984142066 17457.8291015625 35.222900390625 771.3300801847153 3793
stats: page 12 240.79471842447916 391.2540984142066 17457.8291015625 35.222900390625 771.3300801847153 3793
stats: connect 0 0 0 225.56298828125 122.008056640625 133.82656796328672 286
stats: 302 11 996
stats: nomatch 12 3805
stats: 200 1 2809
stats: size_rcv 1425981 311560805
stats: size_sent 4953 1347291
stats: connected -3 2
# stats: dump at 1399468399
stats: users 0 68
stats: session 2 279999.0399169922 3052.7821044921875 324768.3251953125 196.163818359375 58994.46098907901 284
stats: users_count 0 286
stats: finish_users_count 2 286
stats: request 8 254.29885864257813 461.49968273607846 17457.8291015625 35.222900390625 769.6569069018972 3805
stats: page 8 254.29885864257813 461.49968273607846 17457.8291015625 35.222900390625 769.6569069018972 3805
stats: connect 0 0 0 225.56298828125 122.008056640625 133.82656796328672 286
stats: 302 7 1003
stats: nomatch 8 3813
stats: 200 1 2810
stats: size_rcv 1425936 312986741
stats: size_sent 2254 1349545
stats: connected -2 0
EndMonitor:{1399,468399,125239}
