
=INFO REPORT==== 7-May-2014::16:26:30 ===
    ts_config_server:(5:<0.55.0>) Config server started, logdir is "/home/stephen/.tsung/log/20140507-1626"
 
=INFO REPORT==== 7-May-2014::16:26:30 ===
              ts_mon:(5:<0.54.0>) starting monitor, global 

=INFO REPORT==== 7-May-2014::16:26:30 ===
           ts_config:(5:<0.55.0>) Reading config file: xml/full_load_10_per_sec_for_10_mins.xml

=INFO REPORT==== 7-May-2014::16:26:30 ===
      ts_config_http:(4:<0.55.0>) Get user agent: 80 "Mozilla/5.0 (X11; U; Linux i686; en-US; rv:1.7.8) Gecko/20050513 Galeon/1.3.21" 

=INFO REPORT==== 7-May-2014::16:26:30 ===
      ts_config_http:(4:<0.55.0>) Get user agent: 20 "Mozilla/5.0 (Windows; U; Windows NT 5.2; fr-FR; rv:1.7.8) Gecko/20050511 Firefox/1.0.4" 

=INFO REPORT==== 7-May-2014::16:26:30 ===
           ts_config:(5:<0.55.0>) Session name for id 1 is "hit_landing_page_only-20140507-172249"

=INFO REPORT==== 7-May-2014::16:26:30 ===
           ts_config:(5:<0.55.0>) Session name for id 2 is "hit_landing_page_and_register-20140507-172249"

=INFO REPORT==== 7-May-2014::16:26:30 ===
           ts_config:(5:<0.55.0>) Session name for id 3 is "full_run-20140507-172249"

=INFO REPORT==== 7-May-2014::16:26:30 ===
    ts_config_server:(4:<0.55.0>) SYSINFO:Tsung version: 1.5.1

=INFO REPORT==== 7-May-2014::16:26:30 ===
    ts_config_server:(4:<0.55.0>) SYSINFO:Erlang version: Erlang R14B04 (erts-5.8.5) [source] [64-bit] [smp:2:2] [rq:2] [async-threads:16] [kernel-poll:true]


=INFO REPORT==== 7-May-2014::16:26:30 ===
    ts_config_server:(4:<0.55.0>) SYSINFO:System architecture x86_64-pc-linux-gnu

=INFO REPORT==== 7-May-2014::16:26:30 ===
    ts_config_server:(4:<0.55.0>) SYSINFO:Current path: /usr/lib/erlang/lib/tsung-1.5.1/ebin/tsung.beam

=INFO REPORT==== 7-May-2014::16:26:30 ===
         ts_launcher:(2:<0.89.0>) WARNING !!! too few file descriptors available (1024), you should decrease maxusers (currently 9000)
=INFO REPORT==== 7-May-2014::16:27:13 ===
           ts_search:(4:<0.322.0>) Dyn Var (RE): no Match (varname=activationurl), 

=INFO REPORT==== 7-May-2014::16:27:15 ===
           ts_search:(4:<0.590.0>) Dyn Var (RE): no Match (varname=activationurl), 

=INFO REPORT==== 7-May-2014::16:27:20 ===
           ts_search:(4:<0.696.0>) Dyn Var (RE): no Match (varname=activationurl), 

=INFO REPORT==== 7-May-2014::16:27:20 ===
           ts_search:(4:<0.587.0>) Dyn Var (RE): no Match (varname=activationurl), 

=INFO REPORT==== 7-May-2014::16:27:22 ===
           ts_search:(4:<0.610.0>) Dyn Var (RE): no Match (varname=activationurl), 

=INFO REPORT==== 7-May-2014::16:27:22 ===
           ts_search:(4:<0.518.0>) Dyn Var (RE): no Match (varname=activationurl), 

=INFO REPORT==== 7-May-2014::16:27:24 ===
           ts_search:(4:<0.586.0>) Dyn Var (RE): no Match (varname=activationurl), 

=INFO REPORT==== 7-May-2014::16:27:25 ===
           ts_search:(4:<0.481.0>) Dyn Var (RE): no Match (varname=activationurl), 

=INFO REPORT==== 7-May-2014::16:27:25 ===
           ts_search:(4:<0.691.0>) Dyn Var (RE): no Match (varname=activationurl), 

=INFO REPORT==== 7-May-2014::16:27:26 ===
           ts_search:(4:<0.707.0>) Dyn Var (RE): no Match (varname=activationurl), 

=INFO REPORT==== 7-May-2014::16:27:26 ===
           ts_search:(4:<0.731.0>) Dyn Var (RE): no Match (varname=activationurl), 

=INFO REPORT==== 7-May-2014::16:27:27 ===
           ts_search:(4:<0.525.0>) Dyn Var (RE): no Match (varname=activationurl), 

=INFO REPORT==== 7-May-2014::16:27:27 ===
           ts_search:(4:<0.376.0>) Dyn Var (RE): no Match (varname=activationurl), 

=INFO REPORT==== 7-May-2014::16:27:30 ===
           ts_search:(4:<0.531.0>) Dyn Var (RE): no Match (varname=activationurl), 

=INFO REPORT==== 7-May-2014::16:27:30 ===
           ts_search:(4:<0.619.0>) Dyn Var (RE): no Match (varname=activationurl), 

=INFO REPORT==== 7-May-2014::16:27:30 ===
           ts_search:(4:<0.733.0>) Dyn Var (RE): no Match (varname=activationurl), 

=INFO REPORT==== 7-May-2014::16:27:31 ===
           ts_search:(4:<0.794.0>) Dyn Var (RE): no Match (varname=activationurl), 

=INFO REPORT==== 7-May-2014::16:27:31 ===
           ts_search:(4:<0.803.0>) Dyn Var (RE): no Match (varname=activationurl), 

=INFO REPORT==== 7-May-2014::16:27:32 ===
           ts_search:(4:<0.752.0>) Dyn Var (RE): no Match (varname=activationurl), 

=INFO REPORT==== 7-May-2014::16:27:46 ===
           ts_search:(4:<0.1010.0>) Dyn Var (RE): no Match (varname=activationurl), 

=INFO REPORT==== 7-May-2014::16:27:47 ===
           ts_search:(4:<0.1015.0>) Dyn Var (RE): no Match (varname=activationurl), 

=INFO REPORT==== 7-May-2014::16:27:47 ===
           ts_search:(4:<0.883.0>) Dyn Var (RE): no Match (varname=activationurl), 

=INFO REPORT==== 7-May-2014::16:27:49 ===
           ts_search:(4:<0.946.0>) Dyn Var (RE): no Match (varname=activationurl), 

=INFO REPORT==== 7-May-2014::16:27:50 ===
           ts_search:(4:<0.1130.0>) Dyn Var (RE): no Match (varname=activationurl), 

=INFO REPORT==== 7-May-2014::16:27:50 ===
           ts_search:(4:<0.1115.0>) Dyn Var (RE): no Match (varname=activationurl), 

=INFO REPORT==== 7-May-2014::16:27:50 ===
           ts_search:(4:<0.1172.0>) Dyn Var (RE): no Match (varname=activationurl), 

=INFO REPORT==== 7-May-2014::16:27:51 ===
           ts_search:(4:<0.1036.0>) Dyn Var (RE): no Match (varname=activationurl), 

=INFO REPORT==== 7-May-2014::16:27:53 ===
           ts_search:(4:<0.1043.0>) Dyn Var (RE): no Match (varname=activationurl), 

=INFO REPORT==== 7-May-2014::16:27:54 ===
           ts_search:(4:<0.1330.0>) Dyn Var (RE): no Match (varname=activationurl), 

=INFO REPORT==== 7-May-2014::16:27:54 ===
           ts_search:(4:<0.1287.0>) Dyn Var (RE): no Match (varname=activationurl), 

=INFO REPORT==== 7-May-2014::16:27:55 ===
           ts_search:(4:<0.1045.0>) Dyn Var (RE): no Match (varname=activationurl), 

=INFO REPORT==== 7-May-2014::16:27:55 ===
           ts_search:(4:<0.1339.0>) Dyn Var (RE): no Match (varname=activationurl), 

=INFO REPORT==== 7-May-2014::16:27:58 ===
           ts_search:(4:<0.1298.0>) Dyn Var (RE): no Match (varname=activationurl), 

=INFO REPORT==== 7-May-2014::16:27:58 ===
           ts_search:(4:<0.1341.0>) Dyn Var (RE): no Match (varname=activationurl), 

=INFO REPORT==== 7-May-2014::16:28:00 ===
           ts_search:(4:<0.1378.0>) Dyn Var (RE): no Match (varname=activationurl), 

=INFO REPORT==== 7-May-2014::16:28:01 ===
           ts_search:(4:<0.1260.0>) Dyn Var (RE): no Match (varname=activationurl), 

=INFO REPORT==== 7-May-2014::16:28:01 ===
           ts_search:(4:<0.1178.0>) Dyn Var (RE): no Match (varname=activationurl), 

=INFO REPORT==== 7-May-2014::16:28:02 ===
           ts_search:(4:<0.1238.0>) Dyn Var (RE): no Match (varname=activationurl), 

=INFO REPORT==== 7-May-2014::16:28:06 ===
           ts_search:(4:<0.1527.0>) Dyn Var (RE): no Match (varname=activationurl), 

=INFO REPORT==== 7-May-2014::16:28:07 ===
           ts_search:(4:<0.1536.0>) Dyn Var (RE): no Match (varname=activationurl), 

=INFO REPORT==== 7-May-2014::16:28:10 ===
           ts_search:(4:<0.1743.0>) Dyn Var (RE): no Match (varname=activationurl), 

=INFO REPORT==== 7-May-2014::16:28:10 ===
           ts_search:(4:<0.1724.0>) Dyn Var (RE): no Match (varname=activationurl), 

=INFO REPORT==== 7-May-2014::16:28:11 ===
           ts_search:(4:<0.1297.0>) Dyn Var (RE): no Match (varname=activationurl), 

=INFO REPORT==== 7-May-2014::16:28:11 ===
           ts_search:(4:<0.1665.0>) Dyn Var (RE): no Match (varname=activationurl), 

=INFO REPORT==== 7-May-2014::16:28:11 ===
           ts_search:(4:<0.1600.0>) Dyn Var (RE): no Match (varname=activationurl), 

=INFO REPORT==== 7-May-2014::16:28:11 ===
           ts_search:(4:<0.1560.0>) Dyn Var (RE): no Match (varname=activationurl), 

=INFO REPORT==== 7-May-2014::16:28:11 ===
           ts_search:(4:<0.1649.0>) Dyn Var (RE): no Match (varname=activationurl), 

=INFO REPORT==== 7-May-2014::16:28:11 ===
           ts_search:(4:<0.1720.0>) Dyn Var (RE): no Match (varname=activationurl), 

=INFO REPORT==== 7-May-2014::16:28:11 ===
           ts_search:(4:<0.1606.0>) Dyn Var (RE): no Match (varname=activationurl), 

=INFO REPORT==== 7-May-2014::16:28:13 ===
           ts_search:(4:<0.1626.0>) Dyn Var (RE): no Match (varname=activationurl), 

=INFO REPORT==== 7-May-2014::16:28:13 ===
           ts_search:(4:<0.1578.0>) Dyn Var (RE): no Match (varname=activationurl), 

=INFO REPORT==== 7-May-2014::16:28:14 ===
           ts_search:(4:<0.1782.0>) Dyn Var (RE): no Match (varname=activationurl), 

=INFO REPORT==== 7-May-2014::16:28:15 ===
           ts_search:(4:<0.1584.0>) Dyn Var (RE): no Match (varname=activationurl), 

=INFO REPORT==== 7-May-2014::16:28:16 ===
           ts_search:(4:<0.1664.0>) Dyn Var (RE): no Match (varname=activationurl), 

=INFO REPORT==== 7-May-2014::16:28:17 ===
           ts_search:(4:<0.1686.0>) Dyn Var (RE): no Match (varname=activationurl), 

=INFO REPORT==== 7-May-2014::16:28:21 ===
           ts_search:(4:<0.1871.0>) Dyn Var (RE): no Match (varname=activationurl), 

=INFO REPORT==== 7-May-2014::16:28:24 ===
           ts_search:(4:<0.1628.0>) Dyn Var (RE): no Match (varname=activationurl), 

=INFO REPORT==== 7-May-2014::16:28:24 ===
           ts_search:(4:<0.1585.0>) Dyn Var (RE): no Match (varname=activationurl), 

=INFO REPORT==== 7-May-2014::16:28:27 ===
           ts_search:(4:<0.1982.0>) Dyn Var (RE): no Match (varname=activationurl), 

=INFO REPORT==== 7-May-2014::16:28:27 ===
           ts_search:(4:<0.2074.0>) Dyn Var (RE): no Match (varname=activationurl), 

=INFO REPORT==== 7-May-2014::16:28:27 ===
           ts_search:(4:<0.1937.0>) Dyn Var (RE): no Match (varname=activationurl), 

=INFO REPORT==== 7-May-2014::16:28:28 ===
           ts_search:(4:<0.2101.0>) Dyn Var (RE): no Match (varname=activationurl), 

=INFO REPORT==== 7-May-2014::16:28:29 ===
           ts_search:(4:<0.2068.0>) Dyn Var (RE): no Match (varname=activationurl), 

=INFO REPORT==== 7-May-2014::16:28:30 ===
           ts_search:(4:<0.1861.0>) Dyn Var (RE): no Match (varname=activationurl), 

=INFO REPORT==== 7-May-2014::16:28:32 ===
           ts_search:(4:<0.2113.0>) Dyn Var (RE): no Match (varname=activationurl), 

=INFO REPORT==== 7-May-2014::16:28:32 ===
           ts_search:(4:<0.1832.0>) Dyn Var (RE): no Match (varname=activationurl), 

=INFO REPORT==== 7-May-2014::16:28:33 ===
           ts_search:(4:<0.2118.0>) Dyn Var (RE): no Match (varname=activationurl), 

=INFO REPORT==== 7-May-2014::16:28:33 ===
           ts_search:(4:<0.2238.0>) Dyn Var (RE): no Match (varname=activationurl), 

=INFO REPORT==== 7-May-2014::16:28:36 ===
           ts_search:(4:<0.1967.0>) Dyn Var (RE): no Match (varname=activationurl), 

=INFO REPORT==== 7-May-2014::16:28:37 ===
           ts_search:(4:<0.1961.0>) Dyn Var (RE): no Match (varname=activationurl), 

=INFO REPORT==== 7-May-2014::16:28:39 ===
           ts_search:(4:<0.2256.0>) Dyn Var (RE): no Match (varname=activationurl), 

=INFO REPORT==== 7-May-2014::16:28:47 ===
           ts_search:(4:<0.2284.0>) Dyn Var (RE): no Match (varname=activationurl), 

=INFO REPORT==== 7-May-2014::16:28:47 ===
           ts_search:(4:<0.2285.0>) Dyn Var (RE): no Match (varname=activationurl), 

=INFO REPORT==== 7-May-2014::16:28:47 ===
           ts_search:(4:<0.2021.0>) Dyn Var (RE): no Match (varname=activationurl), 

=INFO REPORT==== 7-May-2014::16:28:51 ===
           ts_search:(4:<0.2398.0>) Dyn Var (RE): no Match (varname=activationurl), 

=INFO REPORT==== 7-May-2014::16:28:51 ===
           ts_search:(4:<0.2181.0>) Dyn Var (RE): no Match (varname=activationurl), 

=INFO REPORT==== 7-May-2014::16:28:52 ===
           ts_search:(4:<0.2475.0>) Dyn Var (RE): no Match (varname=activationurl), 

=INFO REPORT==== 7-May-2014::16:28:52 ===
           ts_search:(4:<0.2359.0>) Dyn Var (RE): no Match (varname=activationurl), 

=INFO REPORT==== 7-May-2014::16:28:56 ===
           ts_search:(4:<0.2421.0>) Dyn Var (RE): no Match (varname=activationurl), 

=INFO REPORT==== 7-May-2014::16:28:57 ===
           ts_search:(4:<0.2445.0>) Dyn Var (RE): no Match (varname=activationurl), 

=INFO REPORT==== 7-May-2014::16:28:57 ===
           ts_search:(4:<0.2431.0>) Dyn Var (RE): no Match (varname=activationurl), 

=INFO REPORT==== 7-May-2014::16:29:00 ===
           ts_search:(4:<0.2793.0>) Dyn Var (RE): no Match (varname=activationurl), 

=INFO REPORT==== 7-May-2014::16:29:01 ===
           ts_search:(4:<0.2476.0>) Dyn Var (RE): no Match (varname=activationurl), 

=INFO REPORT==== 7-May-2014::16:29:01 ===
           ts_search:(4:<0.2757.0>) Dyn Var (RE): no Match (varname=activationurl), 

=INFO REPORT==== 7-May-2014::16:29:02 ===
           ts_search:(4:<0.2462.0>) Dyn Var (RE): no Match (varname=activationurl), 

=INFO REPORT==== 7-May-2014::16:29:03 ===
           ts_search:(4:<0.2832.0>) Dyn Var (RE): no Match (varname=activationurl), 

=INFO REPORT==== 7-May-2014::16:29:04 ===
           ts_search:(4:<0.2748.0>) Dyn Var (RE): no Match (varname=activationurl), 

=INFO REPORT==== 7-May-2014::16:29:04 ===
           ts_search:(4:<0.2691.0>) Dyn Var (RE): no Match (varname=activationurl), 

=INFO REPORT==== 7-May-2014::16:29:07 ===
           ts_search:(4:<0.2890.0>) Dyn Var (RE): no Match (varname=activationurl), 

=INFO REPORT==== 7-May-2014::16:29:07 ===
           ts_search:(4:<0.2767.0>) Dyn Var (RE): no Match (varname=activationurl), 

=INFO REPORT==== 7-May-2014::16:29:09 ===
           ts_search:(4:<0.2587.0>) Dyn Var (RE): no Match (varname=activationurl), 

=INFO REPORT==== 7-May-2014::16:29:13 ===
           ts_search:(4:<0.2458.0>) Dyn Var (RE): no Match (varname=activationurl), 

=INFO REPORT==== 7-May-2014::16:29:14 ===
           ts_search:(4:<0.2941.0>) Dyn Var (RE): no Match (varname=activationurl), 

=INFO REPORT==== 7-May-2014::16:29:16 ===
           ts_search:(4:<0.2763.0>) Dyn Var (RE): no Match (varname=activationurl), 

=INFO REPORT==== 7-May-2014::16:29:17 ===
           ts_search:(4:<0.2987.0>) Dyn Var (RE): no Match (varname=activationurl), 

=INFO REPORT==== 7-May-2014::16:29:18 ===
           ts_search:(4:<0.3007.0>) Dyn Var (RE): no Match (varname=activationurl), 

=INFO REPORT==== 7-May-2014::16:29:29 ===
           ts_search:(4:<0.2925.0>) Dyn Var (RE): no Match (varname=activationurl), 

=INFO REPORT==== 7-May-2014::16:29:29 ===
           ts_search:(4:<0.3324.0>) Dyn Var (RE): no Match (varname=activationurl), 

=INFO REPORT==== 7-May-2014::16:29:32 ===
           ts_search:(4:<0.3361.0>) Dyn Var (RE): no Match (varname=activationurl), 

=INFO REPORT==== 7-May-2014::16:29:32 ===
           ts_search:(4:<0.3278.0>) Dyn Var (RE): no Match (varname=activationurl), 

=INFO REPORT==== 7-May-2014::16:29:35 ===
           ts_search:(4:<0.3327.0>) Dyn Var (RE): no Match (varname=activationurl), 

=INFO REPORT==== 7-May-2014::16:29:36 ===
           ts_search:(4:<0.3508.0>) Dyn Var (RE): no Match (varname=activationurl), 

=INFO REPORT==== 7-May-2014::16:29:38 ===
           ts_search:(4:<0.3160.0>) Dyn Var (RE): no Match (varname=activationurl), 

=INFO REPORT==== 7-May-2014::16:29:38 ===
           ts_search:(4:<0.3541.0>) Dyn Var (RE): no Match (varname=activationurl), 

=INFO REPORT==== 7-May-2014::16:29:40 ===
           ts_search:(4:<0.3520.0>) Dyn Var (RE): no Match (varname=activationurl), 

=INFO REPORT==== 7-May-2014::16:29:41 ===
           ts_search:(4:<0.3405.0>) Dyn Var (RE): no Match (varname=activationurl), 

=INFO REPORT==== 7-May-2014::16:29:43 ===
           ts_search:(4:<0.3457.0>) Dyn Var (RE): no Match (varname=activationurl), 

=INFO REPORT==== 7-May-2014::16:29:43 ===
           ts_search:(4:<0.3526.0>) Dyn Var (RE): no Match (varname=activationurl), 

=INFO REPORT==== 7-May-2014::16:29:48 ===
           ts_search:(4:<0.3596.0>) Dyn Var (RE): no Match (varname=activationurl), 

=INFO REPORT==== 7-May-2014::16:29:57 ===
           ts_search:(4:<0.3770.0>) Dyn Var (RE): no Match (varname=activationurl), 

=INFO REPORT==== 7-May-2014::16:29:57 ===
           ts_search:(4:<0.3634.0>) Dyn Var (RE): no Match (varname=activationurl), 

=INFO REPORT==== 7-May-2014::16:29:58 ===
           ts_search:(4:<0.3830.0>) Dyn Var (RE): no Match (varname=activationurl), 

=INFO REPORT==== 7-May-2014::16:30:03 ===
           ts_search:(4:<0.3660.0>) Dyn Var (RE): no Match (varname=activationurl), 

=INFO REPORT==== 7-May-2014::16:30:03 ===
           ts_search:(4:<0.3983.0>) Dyn Var (RE): no Match (varname=activationurl), 

=INFO REPORT==== 7-May-2014::16:30:24 ===
           ts_search:(4:<0.4231.0>) Dyn Var (RE): no Match (varname=activationurl), 

=INFO REPORT==== 7-May-2014::16:30:24 ===
           ts_search:(4:<0.4277.0>) Dyn Var (RE): no Match (varname=activationurl), 

=INFO REPORT==== 7-May-2014::16:30:24 ===
           ts_search:(4:<0.4378.0>) Dyn Var (RE): no Match (varname=activationurl), 

=INFO REPORT==== 7-May-2014::16:30:25 ===
           ts_search:(4:<0.4156.0>) Dyn Var (RE): no Match (varname=activationurl), 

=INFO REPORT==== 7-May-2014::16:30:27 ===
           ts_search:(4:<0.4086.0>) Dyn Var (RE): no Match (varname=activationurl), 

=INFO REPORT==== 7-May-2014::16:30:28 ===
           ts_search:(4:<0.4521.0>) Dyn Var (RE): no Match (varname=activationurl), 

=INFO REPORT==== 7-May-2014::16:30:29 ===
           ts_search:(4:<0.4432.0>) Dyn Var (RE): no Match (varname=activationurl), 

=INFO REPORT==== 7-May-2014::16:30:30 ===
           ts_search:(4:<0.4384.0>) Dyn Var (RE): no Match (varname=activationurl), 

=INFO REPORT==== 7-May-2014::16:30:36 ===
           ts_search:(4:<0.4083.0>) Dyn Var (RE): no Match (varname=activationurl), 

=INFO REPORT==== 7-May-2014::16:30:39 ===
           ts_search:(4:<0.4680.0>) Dyn Var (RE): no Match (varname=activationurl), 

=INFO REPORT==== 7-May-2014::16:30:40 ===
           ts_search:(4:<0.4459.0>) Dyn Var (RE): no Match (varname=activationurl), 

=INFO REPORT==== 7-May-2014::16:30:41 ===
           ts_search:(4:<0.4598.0>) Dyn Var (RE): no Match (varname=activationurl), 

=INFO REPORT==== 7-May-2014::16:30:45 ===
           ts_search:(4:<0.4692.0>) Dyn Var (RE): no Match (varname=activationurl), 

=INFO REPORT==== 7-May-2014::16:30:50 ===
           ts_search:(4:<0.4901.0>) Dyn Var (RE): no Match (varname=activationurl), 

=INFO REPORT==== 7-May-2014::16:30:51 ===
           ts_search:(4:<0.4702.0>) Dyn Var (RE): no Match (varname=activationurl), 

=INFO REPORT==== 7-May-2014::16:30:52 ===
           ts_search:(4:<0.4691.0>) Dyn Var (RE): no Match (varname=activationurl), 

=INFO REPORT==== 7-May-2014::16:30:52 ===
           ts_search:(4:<0.4804.0>) Dyn Var (RE): no Match (varname=activationurl), 

=INFO REPORT==== 7-May-2014::16:30:52 ===
           ts_search:(4:<0.4879.0>) Dyn Var (RE): no Match (varname=activationurl), 

=INFO REPORT==== 7-May-2014::16:30:53 ===
           ts_search:(4:<0.4790.0>) Dyn Var (RE): no Match (varname=activationurl), 

=INFO REPORT==== 7-May-2014::16:30:57 ===
           ts_search:(4:<0.4937.0>) Dyn Var (RE): no Match (varname=activationurl), 

=INFO REPORT==== 7-May-2014::16:30:58 ===
           ts_search:(4:<0.4911.0>) Dyn Var (RE): no Match (varname=activationurl), 

=INFO REPORT==== 7-May-2014::16:30:59 ===
           ts_search:(4:<0.4912.0>) Dyn Var (RE): no Match (varname=activationurl), 

=INFO REPORT==== 7-May-2014::16:31:01 ===
           ts_search:(4:<0.4869.0>) Dyn Var (RE): no Match (varname=activationurl), 

=INFO REPORT==== 7-May-2014::16:31:01 ===
           ts_search:(4:<0.4975.0>) Dyn Var (RE): no Match (varname=activationurl), 

=INFO REPORT==== 7-May-2014::16:31:03 ===
           ts_search:(4:<0.4961.0>) Dyn Var (RE): no Match (varname=activationurl), 

=INFO REPORT==== 7-May-2014::16:31:13 ===
           ts_search:(4:<0.5366.0>) Dyn Var (RE): no Match (varname=activationurl), 

=INFO REPORT==== 7-May-2014::16:31:14 ===
           ts_search:(4:<0.5280.0>) Dyn Var (RE): no Match (varname=activationurl), 

=INFO REPORT==== 7-May-2014::16:31:14 ===
           ts_search:(4:<0.5208.0>) Dyn Var (RE): no Match (varname=activationurl), 

=INFO REPORT==== 7-May-2014::16:31:15 ===
           ts_search:(4:<0.5347.0>) Dyn Var (RE): no Match (varname=activationurl), 

=INFO REPORT==== 7-May-2014::16:31:15 ===
           ts_search:(4:<0.5449.0>) Dyn Var (RE): no Match (varname=activationurl), 

=INFO REPORT==== 7-May-2014::16:31:16 ===
           ts_search:(4:<0.5253.0>) Dyn Var (RE): no Match (varname=activationurl), 

=INFO REPORT==== 7-May-2014::16:31:16 ===
           ts_search:(4:<0.5318.0>) Dyn Var (RE): no Match (varname=activationurl), 

=INFO REPORT==== 7-May-2014::16:31:16 ===
           ts_search:(4:<0.4944.0>) Dyn Var (RE): no Match (varname=activationurl), 

=INFO REPORT==== 7-May-2014::16:31:16 ===
           ts_search:(4:<0.5463.0>) Dyn Var (RE): no Match (varname=activationurl), 

=INFO REPORT==== 7-May-2014::16:31:18 ===
           ts_search:(4:<0.5159.0>) Dyn Var (RE): no Match (varname=activationurl), 

=INFO REPORT==== 7-May-2014::16:31:21 ===
           ts_search:(4:<0.5222.0>) Dyn Var (RE): no Match (varname=activationurl), 

=INFO REPORT==== 7-May-2014::16:31:22 ===
           ts_search:(4:<0.5420.0>) Dyn Var (RE): no Match (varname=activationurl), 

=INFO REPORT==== 7-May-2014::16:31:22 ===
           ts_search:(4:<0.5455.0>) Dyn Var (RE): no Match (varname=activationurl), 

=INFO REPORT==== 7-May-2014::16:31:23 ===
           ts_search:(4:<0.5521.0>) Dyn Var (RE): no Match (varname=activationurl), 

=INFO REPORT==== 7-May-2014::16:31:24 ===
           ts_search:(4:<0.5498.0>) Dyn Var (RE): no Match (varname=activationurl), 

=INFO REPORT==== 7-May-2014::16:31:25 ===
           ts_search:(4:<0.5532.0>) Dyn Var (RE): no Match (varname=activationurl), 

=INFO REPORT==== 7-May-2014::16:31:25 ===
           ts_search:(4:<0.5511.0>) Dyn Var (RE): no Match (varname=activationurl), 

=INFO REPORT==== 7-May-2014::16:31:26 ===
           ts_search:(4:<0.5527.0>) Dyn Var (RE): no Match (varname=activationurl), 

=INFO REPORT==== 7-May-2014::16:31:27 ===
           ts_search:(4:<0.5323.0>) Dyn Var (RE): no Match (varname=activationurl), 

=INFO REPORT==== 7-May-2014::16:31:27 ===
           ts_search:(4:<0.5534.0>) Dyn Var (RE): no Match (varname=activationurl), 

=INFO REPORT==== 7-May-2014::16:31:28 ===
           ts_search:(4:<0.5620.0>) Dyn Var (RE): no Match (varname=activationurl), 

=INFO REPORT==== 7-May-2014::16:31:28 ===
           ts_search:(4:<0.5575.0>) Dyn Var (RE): no Match (varname=activationurl), 

=INFO REPORT==== 7-May-2014::16:31:29 ===
           ts_search:(4:<0.5430.0>) Dyn Var (RE): no Match (varname=activationurl), 

=INFO REPORT==== 7-May-2014::16:31:30 ===
           ts_search:(4:<0.5574.0>) Dyn Var (RE): no Match (varname=activationurl), 

=INFO REPORT==== 7-May-2014::16:31:37 ===
           ts_search:(4:<0.5712.0>) Dyn Var (RE): no Match (varname=activationurl), 

=INFO REPORT==== 7-May-2014::16:31:41 ===
           ts_search:(4:<0.5725.0>) Dyn Var (RE): no Match (varname=activationurl), 

=INFO REPORT==== 7-May-2014::16:31:43 ===
           ts_search:(4:<0.5772.0>) Dyn Var (RE): no Match (varname=activationurl), 

=INFO REPORT==== 7-May-2014::16:31:44 ===
           ts_search:(4:<0.5774.0>) Dyn Var (RE): no Match (varname=activationurl), 

=INFO REPORT==== 7-May-2014::16:31:47 ===
           ts_search:(4:<0.5816.0>) Dyn Var (RE): no Match (varname=activationurl), 

=INFO REPORT==== 7-May-2014::16:31:47 ===
           ts_search:(4:<0.6023.0>) Dyn Var (RE): no Match (varname=activationurl), 

=INFO REPORT==== 7-May-2014::16:31:47 ===
           ts_search:(4:<0.5985.0>) Dyn Var (RE): no Match (varname=activationurl), 

=INFO REPORT==== 7-May-2014::16:31:47 ===
           ts_search:(4:<0.5934.0>) Dyn Var (RE): no Match (varname=activationurl), 

=INFO REPORT==== 7-May-2014::16:31:50 ===
           ts_search:(4:<0.6017.0>) Dyn Var (RE): no Match (varname=activationurl), 

=INFO REPORT==== 7-May-2014::16:31:51 ===
           ts_search:(4:<0.5940.0>) Dyn Var (RE): no Match (varname=activationurl), 

=INFO REPORT==== 7-May-2014::16:31:51 ===
           ts_search:(4:<0.5998.0>) Dyn Var (RE): no Match (varname=activationurl), 

=INFO REPORT==== 7-May-2014::16:31:55 ===
           ts_search:(4:<0.5933.0>) Dyn Var (RE): no Match (varname=activationurl), 

=INFO REPORT==== 7-May-2014::16:32:01 ===
           ts_search:(4:<0.6208.0>) Dyn Var (RE): no Match (varname=activationurl), 

=INFO REPORT==== 7-May-2014::16:32:03 ===
           ts_search:(4:<0.6352.0>) Dyn Var (RE): no Match (varname=activationurl), 

=INFO REPORT==== 7-May-2014::16:32:04 ===
           ts_search:(4:<0.6321.0>) Dyn Var (RE): no Match (varname=activationurl), 

=INFO REPORT==== 7-May-2014::16:32:04 ===
           ts_search:(4:<0.6143.0>) Dyn Var (RE): no Match (varname=activationurl), 

=INFO REPORT==== 7-May-2014::16:32:05 ===
           ts_search:(4:<0.6306.0>) Dyn Var (RE): no Match (varname=activationurl), 

=INFO REPORT==== 7-May-2014::16:32:08 ===
           ts_search:(4:<0.6348.0>) Dyn Var (RE): no Match (varname=activationurl), 

=INFO REPORT==== 7-May-2014::16:32:13 ===
           ts_search:(4:<0.6307.0>) Dyn Var (RE): no Match (varname=activationurl), 

=INFO REPORT==== 7-May-2014::16:32:16 ===
           ts_search:(4:<0.6198.0>) Dyn Var (RE): no Match (varname=activationurl), 

=INFO REPORT==== 7-May-2014::16:32:22 ===
           ts_search:(4:<0.6479.0>) Dyn Var (RE): no Match (varname=activationurl), 

=INFO REPORT==== 7-May-2014::16:32:22 ===
           ts_search:(4:<0.6364.0>) Dyn Var (RE): no Match (varname=activationurl), 

=INFO REPORT==== 7-May-2014::16:32:23 ===
           ts_search:(4:<0.6166.0>) Dyn Var (RE): no Match (varname=activationurl), 

=INFO REPORT==== 7-May-2014::16:32:25 ===
           ts_search:(4:<0.6631.0>) Dyn Var (RE): no Match (varname=activationurl), 

=INFO REPORT==== 7-May-2014::16:32:31 ===
           ts_search:(4:<0.6828.0>) Dyn Var (RE): no Match (varname=activationurl), 

=INFO REPORT==== 7-May-2014::16:32:35 ===
           ts_search:(4:<0.6785.0>) Dyn Var (RE): no Match (varname=activationurl), 

=INFO REPORT==== 7-May-2014::16:32:37 ===
           ts_search:(4:<0.6928.0>) Dyn Var (RE): no Match (varname=activationurl), 

=INFO REPORT==== 7-May-2014::16:32:37 ===
           ts_search:(4:<0.6775.0>) Dyn Var (RE): no Match (varname=activationurl), 

=INFO REPORT==== 7-May-2014::16:32:42 ===
           ts_search:(4:<0.7000.0>) Dyn Var (RE): no Match (varname=activationurl), 

=INFO REPORT==== 7-May-2014::16:32:49 ===
           ts_search:(4:<0.6924.0>) Dyn Var (RE): no Match (varname=activationurl), 

=INFO REPORT==== 7-May-2014::16:32:49 ===
           ts_search:(4:<0.7080.0>) Dyn Var (RE): no Match (varname=activationurl), 

=INFO REPORT==== 7-May-2014::16:32:49 ===
           ts_search:(4:<0.7034.0>) Dyn Var (RE): no Match (varname=activationurl), 

=INFO REPORT==== 7-May-2014::16:32:50 ===
           ts_search:(4:<0.7141.0>) Dyn Var (RE): no Match (varname=activationurl), 

=INFO REPORT==== 7-May-2014::16:32:51 ===
           ts_search:(4:<0.7126.0>) Dyn Var (RE): no Match (varname=activationurl), 

=INFO REPORT==== 7-May-2014::16:32:51 ===
           ts_search:(4:<0.6916.0>) Dyn Var (RE): no Match (varname=activationurl), 

=INFO REPORT==== 7-May-2014::16:32:59 ===
           ts_search:(4:<0.7223.0>) Dyn Var (RE): no Match (varname=activationurl), 

=INFO REPORT==== 7-May-2014::16:32:59 ===
           ts_search:(4:<0.7394.0>) Dyn Var (RE): no Match (varname=activationurl), 

=INFO REPORT==== 7-May-2014::16:33:00 ===
           ts_search:(4:<0.7300.0>) Dyn Var (RE): no Match (varname=activationurl), 

=INFO REPORT==== 7-May-2014::16:33:00 ===
           ts_search:(4:<0.7061.0>) Dyn Var (RE): no Match (varname=activationurl), 

=INFO REPORT==== 7-May-2014::16:33:01 ===
           ts_search:(4:<0.7245.0>) Dyn Var (RE): no Match (varname=activationurl), 

=INFO REPORT==== 7-May-2014::16:33:08 ===
           ts_search:(4:<0.7497.0>) Dyn Var (RE): no Match (varname=activationurl), 

=INFO REPORT==== 7-May-2014::16:33:08 ===
           ts_search:(4:<0.7619.0>) Dyn Var (RE): no Match (varname=activationurl), 

=INFO REPORT==== 7-May-2014::16:33:08 ===
           ts_search:(4:<0.7590.0>) Dyn Var (RE): no Match (varname=activationurl), 

=INFO REPORT==== 7-May-2014::16:33:08 ===
           ts_search:(4:<0.7571.0>) Dyn Var (RE): no Match (varname=activationurl), 

=INFO REPORT==== 7-May-2014::16:33:09 ===
           ts_search:(4:<0.7498.0>) Dyn Var (RE): no Match (varname=activationurl), 

=INFO REPORT==== 7-May-2014::16:33:11 ===
           ts_search:(4:<0.7517.0>) Dyn Var (RE): no Match (varname=activationurl), 

=INFO REPORT==== 7-May-2014::16:33:11 ===
           ts_search:(4:<0.7230.0>) Dyn Var (RE): no Match (varname=activationurl), 

=INFO REPORT==== 7-May-2014::16:33:12 ===
           ts_search:(4:<0.7693.0>) Dyn Var (RE): no Match (varname=activationurl), 

=INFO REPORT==== 7-May-2014::16:33:13 ===
           ts_search:(4:<0.7488.0>) Dyn Var (RE): no Match (varname=activationurl), 

=INFO REPORT==== 7-May-2014::16:33:13 ===
           ts_search:(4:<0.7603.0>) Dyn Var (RE): no Match (varname=activationurl), 

=INFO REPORT==== 7-May-2014::16:33:13 ===
           ts_search:(4:<0.7617.0>) Dyn Var (RE): no Match (varname=activationurl), 

=INFO REPORT==== 7-May-2014::16:33:14 ===
           ts_search:(4:<0.7713.0>) Dyn Var (RE): no Match (varname=activationurl), 

=INFO REPORT==== 7-May-2014::16:33:16 ===
           ts_search:(4:<0.7597.0>) Dyn Var (RE): no Match (varname=activationurl), 

=INFO REPORT==== 7-May-2014::16:33:27 ===
           ts_search:(4:<0.7864.0>) Dyn Var (RE): no Match (varname=activationurl), 

=INFO REPORT==== 7-May-2014::16:33:27 ===
           ts_search:(4:<0.7872.0>) Dyn Var (RE): no Match (varname=activationurl), 

=INFO REPORT==== 7-May-2014::16:33:28 ===
           ts_search:(4:<0.8022.0>) Dyn Var (RE): no Match (varname=activationurl), 

=INFO REPORT==== 7-May-2014::16:33:29 ===
           ts_search:(4:<0.7950.0>) Dyn Var (RE): no Match (varname=activationurl), 

=INFO REPORT==== 7-May-2014::16:33:30 ===
           ts_search:(4:<0.7961.0>) Dyn Var (RE): no Match (varname=activationurl), 

=INFO REPORT==== 7-May-2014::16:33:31 ===
           ts_search:(4:<0.8037.0>) Dyn Var (RE): no Match (varname=activationurl), 

=INFO REPORT==== 7-May-2014::16:33:32 ===
           ts_search:(4:<0.7886.0>) Dyn Var (RE): no Match (varname=activationurl), 

=INFO REPORT==== 7-May-2014::16:33:32 ===
           ts_search:(4:<0.7857.0>) Dyn Var (RE): no Match (varname=activationurl), 

=INFO REPORT==== 7-May-2014::16:33:35 ===
           ts_search:(4:<0.8102.0>) Dyn Var (RE): no Match (varname=activationurl), 

=INFO REPORT==== 7-May-2014::16:33:42 ===
           ts_search:(4:<0.8199.0>) Dyn Var (RE): no Match (varname=activationurl), 

=INFO REPORT==== 7-May-2014::16:33:47 ===
           ts_search:(4:<0.8204.0>) Dyn Var (RE): no Match (varname=activationurl), 

=INFO REPORT==== 7-May-2014::16:33:50 ===
           ts_search:(4:<0.8354.0>) Dyn Var (RE): no Match (varname=activationurl), 

=INFO REPORT==== 7-May-2014::16:33:50 ===
           ts_search:(4:<0.8379.0>) Dyn Var (RE): no Match (varname=activationurl), 

=INFO REPORT==== 7-May-2014::16:33:55 ===
           ts_search:(4:<0.8451.0>) Dyn Var (RE): no Match (varname=activationurl), 

=INFO REPORT==== 7-May-2014::16:33:55 ===
           ts_search:(4:<0.8421.0>) Dyn Var (RE): no Match (varname=activationurl), 

=INFO REPORT==== 7-May-2014::16:33:56 ===
           ts_search:(4:<0.8320.0>) Dyn Var (RE): no Match (varname=activationurl), 

=INFO REPORT==== 7-May-2014::16:33:58 ===
           ts_search:(4:<0.8528.0>) Dyn Var (RE): no Match (varname=activationurl), 

=INFO REPORT==== 7-May-2014::16:34:00 ===
           ts_search:(4:<0.8571.0>) Dyn Var (RE): no Match (varname=activationurl), 

=INFO REPORT==== 7-May-2014::16:34:01 ===
           ts_search:(4:<0.8625.0>) Dyn Var (RE): no Match (varname=activationurl), 

=INFO REPORT==== 7-May-2014::16:34:03 ===
           ts_search:(4:<0.8637.0>) Dyn Var (RE): no Match (varname=activationurl), 

=INFO REPORT==== 7-May-2014::16:34:11 ===
           ts_search:(4:<0.8826.0>) Dyn Var (RE): no Match (varname=activationurl), 

=INFO REPORT==== 7-May-2014::16:34:12 ===
           ts_search:(4:<0.8672.0>) Dyn Var (RE): no Match (varname=activationurl), 

=INFO REPORT==== 7-May-2014::16:34:18 ===
           ts_search:(4:<0.9065.0>) Dyn Var (RE): no Match (varname=activationurl), 

=INFO REPORT==== 7-May-2014::16:34:18 ===
           ts_search:(4:<0.8869.0>) Dyn Var (RE): no Match (varname=activationurl), 

=INFO REPORT==== 7-May-2014::16:34:19 ===
           ts_search:(4:<0.8947.0>) Dyn Var (RE): no Match (varname=activationurl), 

=INFO REPORT==== 7-May-2014::16:34:23 ===
           ts_search:(4:<0.8961.0>) Dyn Var (RE): no Match (varname=activationurl), 

=INFO REPORT==== 7-May-2014::16:34:23 ===
           ts_search:(4:<0.8937.0>) Dyn Var (RE): no Match (varname=activationurl), 

=INFO REPORT==== 7-May-2014::16:34:23 ===
           ts_search:(4:<0.8821.0>) Dyn Var (RE): no Match (varname=activationurl), 

=INFO REPORT==== 7-May-2014::16:34:24 ===
           ts_search:(4:<0.9130.0>) Dyn Var (RE): no Match (varname=activationurl), 

=INFO REPORT==== 7-May-2014::16:34:24 ===
           ts_search:(4:<0.8861.0>) Dyn Var (RE): no Match (varname=activationurl), 

=INFO REPORT==== 7-May-2014::16:34:25 ===
           ts_search:(4:<0.9140.0>) Dyn Var (RE): no Match (varname=activationurl), 

=INFO REPORT==== 7-May-2014::16:34:25 ===
           ts_search:(4:<0.9136.0>) Dyn Var (RE): no Match (varname=activationurl), 

=INFO REPORT==== 7-May-2014::16:34:25 ===
           ts_search:(4:<0.8967.0>) Dyn Var (RE): no Match (varname=activationurl), 

=INFO REPORT==== 7-May-2014::16:34:26 ===
           ts_search:(4:<0.9125.0>) Dyn Var (RE): no Match (varname=activationurl), 

=INFO REPORT==== 7-May-2014::16:34:27 ===
           ts_search:(4:<0.9045.0>) Dyn Var (RE): no Match (varname=activationurl), 

=INFO REPORT==== 7-May-2014::16:34:28 ===
           ts_search:(4:<0.9153.0>) Dyn Var (RE): no Match (varname=activationurl), 

=INFO REPORT==== 7-May-2014::16:34:31 ===
           ts_search:(4:<0.9172.0>) Dyn Var (RE): no Match (varname=activationurl), 

=INFO REPORT==== 7-May-2014::16:34:33 ===
           ts_search:(4:<0.9191.0>) Dyn Var (RE): no Match (varname=activationurl), 

=INFO REPORT==== 7-May-2014::16:34:33 ===
           ts_search:(4:<0.9113.0>) Dyn Var (RE): no Match (varname=activationurl), 

=INFO REPORT==== 7-May-2014::16:34:34 ===
           ts_search:(4:<0.9277.0>) Dyn Var (RE): no Match (varname=activationurl), 

=INFO REPORT==== 7-May-2014::16:34:36 ===
           ts_search:(4:<0.9224.0>) Dyn Var (RE): no Match (varname=activationurl), 

=INFO REPORT==== 7-May-2014::16:34:43 ===
           ts_search:(4:<0.9465.0>) Dyn Var (RE): no Match (varname=activationurl), 

=INFO REPORT==== 7-May-2014::16:34:43 ===
           ts_search:(4:<0.9474.0>) Dyn Var (RE): no Match (varname=activationurl), 

=INFO REPORT==== 7-May-2014::16:34:44 ===
           ts_search:(4:<0.9363.0>) Dyn Var (RE): no Match (varname=activationurl), 

=INFO REPORT==== 7-May-2014::16:34:45 ===
           ts_search:(4:<0.9173.0>) Dyn Var (RE): no Match (varname=activationurl), 

=INFO REPORT==== 7-May-2014::16:34:45 ===
           ts_search:(4:<0.9463.0>) Dyn Var (RE): no Match (varname=activationurl), 

=INFO REPORT==== 7-May-2014::16:34:48 ===
           ts_search:(4:<0.9590.0>) Dyn Var (RE): no Match (varname=activationurl), 

=INFO REPORT==== 7-May-2014::16:34:48 ===
           ts_search:(4:<0.9392.0>) Dyn Var (RE): no Match (varname=activationurl), 

=INFO REPORT==== 7-May-2014::16:34:48 ===
           ts_search:(4:<0.9518.0>) Dyn Var (RE): no Match (varname=activationurl), 

=INFO REPORT==== 7-May-2014::16:34:51 ===
           ts_search:(4:<0.9466.0>) Dyn Var (RE): no Match (varname=activationurl), 

=INFO REPORT==== 7-May-2014::16:34:51 ===
           ts_search:(4:<0.9722.0>) Dyn Var (RE): no Match (varname=activationurl), 

=INFO REPORT==== 7-May-2014::16:34:52 ===
           ts_search:(4:<0.9606.0>) Dyn Var (RE): no Match (varname=activationurl), 

=INFO REPORT==== 7-May-2014::16:34:53 ===
           ts_search:(4:<0.9710.0>) Dyn Var (RE): no Match (varname=activationurl), 

=INFO REPORT==== 7-May-2014::16:34:53 ===
           ts_search:(4:<0.9701.0>) Dyn Var (RE): no Match (varname=activationurl), 

=INFO REPORT==== 7-May-2014::16:34:53 ===
           ts_search:(4:<0.9404.0>) Dyn Var (RE): no Match (varname=activationurl), 

=INFO REPORT==== 7-May-2014::16:34:53 ===
           ts_search:(4:<0.9755.0>) Dyn Var (RE): no Match (varname=activationurl), 

=INFO REPORT==== 7-May-2014::16:34:54 ===
           ts_search:(4:<0.9750.0>) Dyn Var (RE): no Match (varname=activationurl), 

=INFO REPORT==== 7-May-2014::16:34:54 ===
           ts_search:(4:<0.9639.0>) Dyn Var (RE): no Match (varname=activationurl), 

=INFO REPORT==== 7-May-2014::16:34:54 ===
           ts_search:(4:<0.9174.0>) Dyn Var (RE): no Match (varname=activationurl), 

=INFO REPORT==== 7-May-2014::16:34:54 ===
           ts_search:(4:<0.9595.0>) Dyn Var (RE): no Match (varname=activationurl), 

=INFO REPORT==== 7-May-2014::16:34:55 ===
           ts_search:(4:<0.9617.0>) Dyn Var (RE): no Match (varname=activationurl), 

=INFO REPORT==== 7-May-2014::16:34:56 ===
           ts_search:(4:<0.9366.0>) Dyn Var (RE): no Match (varname=activationurl), 

=INFO REPORT==== 7-May-2014::16:34:56 ===
           ts_search:(4:<0.9674.0>) Dyn Var (RE): no Match (varname=activationurl), 

=INFO REPORT==== 7-May-2014::16:35:05 ===
           ts_search:(4:<0.9935.0>) Dyn Var (RE): no Match (varname=activationurl), 

=INFO REPORT==== 7-May-2014::16:35:05 ===
           ts_search:(4:<0.9823.0>) Dyn Var (RE): no Match (varname=activationurl), 

=INFO REPORT==== 7-May-2014::16:35:05 ===
           ts_search:(4:<0.9840.0>) Dyn Var (RE): no Match (varname=activationurl), 

=INFO REPORT==== 7-May-2014::16:35:07 ===
           ts_search:(4:<0.9963.0>) Dyn Var (RE): no Match (varname=activationurl), 

=INFO REPORT==== 7-May-2014::16:35:07 ===
           ts_search:(4:<0.10017.0>) Dyn Var (RE): no Match (varname=activationurl), 

=INFO REPORT==== 7-May-2014::16:35:07 ===
           ts_search:(4:<0.9958.0>) Dyn Var (RE): no Match (varname=activationurl), 

=INFO REPORT==== 7-May-2014::16:35:07 ===
           ts_search:(4:<0.9966.0>) Dyn Var (RE): no Match (varname=activationurl), 

=INFO REPORT==== 7-May-2014::16:35:08 ===
           ts_search:(4:<0.9934.0>) Dyn Var (RE): no Match (varname=activationurl), 

=INFO REPORT==== 7-May-2014::16:35:13 ===
           ts_search:(4:<0.9988.0>) Dyn Var (RE): no Match (varname=activationurl), 

=INFO REPORT==== 7-May-2014::16:35:13 ===
           ts_search:(4:<0.10015.0>) Dyn Var (RE): no Match (varname=activationurl), 

=INFO REPORT==== 7-May-2014::16:35:13 ===
           ts_search:(4:<0.9997.0>) Dyn Var (RE): no Match (varname=activationurl), 

=INFO REPORT==== 7-May-2014::16:35:16 ===
           ts_search:(4:<0.10251.0>) Dyn Var (RE): no Match (varname=activationurl), 

=INFO REPORT==== 7-May-2014::16:35:17 ===
           ts_search:(4:<0.10203.0>) Dyn Var (RE): no Match (varname=activationurl), 

=INFO REPORT==== 7-May-2014::16:35:20 ===
           ts_search:(4:<0.9939.0>) Dyn Var (RE): no Match (varname=activationurl), 

=INFO REPORT==== 7-May-2014::16:35:20 ===
           ts_search:(4:<0.10075.0>) Dyn Var (RE): no Match (varname=activationurl), 

=INFO REPORT==== 7-May-2014::16:35:22 ===
           ts_search:(4:<0.10090.0>) Dyn Var (RE): no Match (varname=activationurl), 

=INFO REPORT==== 7-May-2014::16:35:22 ===
           ts_search:(4:<0.10097.0>) Dyn Var (RE): no Match (varname=activationurl), 

=INFO REPORT==== 7-May-2014::16:35:23 ===
           ts_search:(4:<0.10146.0>) Dyn Var (RE): no Match (varname=activationurl), 

=INFO REPORT==== 7-May-2014::16:35:23 ===
           ts_search:(4:<0.10331.0>) Dyn Var (RE): no Match (varname=activationurl), 

=INFO REPORT==== 7-May-2014::16:35:24 ===
           ts_search:(4:<0.10239.0>) Dyn Var (RE): no Match (varname=activationurl), 

=INFO REPORT==== 7-May-2014::16:35:24 ===
           ts_search:(4:<0.10147.0>) Dyn Var (RE): no Match (varname=activationurl), 

=INFO REPORT==== 7-May-2014::16:35:29 ===
           ts_search:(4:<0.10391.0>) Dyn Var (RE): no Match (varname=activationurl), 

=INFO REPORT==== 7-May-2014::16:35:29 ===
           ts_search:(4:<0.10430.0>) Dyn Var (RE): no Match (varname=activationurl), 

=INFO REPORT==== 7-May-2014::16:35:32 ===
           ts_search:(4:<0.10363.0>) Dyn Var (RE): no Match (varname=activationurl), 

=INFO REPORT==== 7-May-2014::16:35:34 ===
           ts_search:(4:<0.10418.0>) Dyn Var (RE): no Match (varname=activationurl), 

=INFO REPORT==== 7-May-2014::16:35:37 ===
           ts_search:(4:<0.10326.0>) Dyn Var (RE): no Match (varname=activationurl), 

=INFO REPORT==== 7-May-2014::16:35:37 ===
           ts_search:(4:<0.10475.0>) Dyn Var (RE): no Match (varname=activationurl), 

=INFO REPORT==== 7-May-2014::16:35:42 ===
           ts_search:(4:<0.10659.0>) Dyn Var (RE): no Match (varname=activationurl), 

=INFO REPORT==== 7-May-2014::16:35:43 ===
           ts_search:(4:<0.10520.0>) Dyn Var (RE): no Match (varname=activationurl), 

=INFO REPORT==== 7-May-2014::16:35:44 ===
           ts_search:(4:<0.10707.0>) Dyn Var (RE): no Match (varname=activationurl), 

=INFO REPORT==== 7-May-2014::16:35:47 ===
           ts_search:(4:<0.10900.0>) Dyn Var (RE): no Match (varname=activationurl), 

=INFO REPORT==== 7-May-2014::16:35:51 ===
           ts_search:(4:<0.10668.0>) Dyn Var (RE): no Match (varname=activationurl), 

=INFO REPORT==== 7-May-2014::16:35:52 ===
           ts_search:(4:<0.10834.0>) Dyn Var (RE): no Match (varname=activationurl), 

=INFO REPORT==== 7-May-2014::16:35:52 ===
           ts_search:(4:<0.10873.0>) Dyn Var (RE): no Match (varname=activationurl), 

=INFO REPORT==== 7-May-2014::16:35:52 ===
           ts_search:(4:<0.10871.0>) Dyn Var (RE): no Match (varname=activationurl), 

=INFO REPORT==== 7-May-2014::16:35:53 ===
           ts_search:(4:<0.10628.0>) Dyn Var (RE): no Match (varname=activationurl), 

=INFO REPORT==== 7-May-2014::16:35:53 ===
           ts_search:(4:<0.10808.0>) Dyn Var (RE): no Match (varname=activationurl), 

=INFO REPORT==== 7-May-2014::16:35:53 ===
           ts_search:(4:<0.10999.0>) Dyn Var (RE): no Match (varname=activationurl), 

=INFO REPORT==== 7-May-2014::16:35:56 ===
           ts_search:(4:<0.10804.0>) Dyn Var (RE): no Match (varname=activationurl), 

=INFO REPORT==== 7-May-2014::16:35:57 ===
           ts_search:(4:<0.11046.0>) Dyn Var (RE): no Match (varname=activationurl), 

=INFO REPORT==== 7-May-2014::16:35:58 ===
           ts_search:(4:<0.10724.0>) Dyn Var (RE): no Match (varname=activationurl), 

=INFO REPORT==== 7-May-2014::16:36:02 ===
           ts_search:(4:<0.11104.0>) Dyn Var (RE): no Match (varname=activationurl), 

=INFO REPORT==== 7-May-2014::16:36:05 ===
           ts_search:(4:<0.11059.0>) Dyn Var (RE): no Match (varname=activationurl), 

=INFO REPORT==== 7-May-2014::16:36:06 ===
           ts_search:(4:<0.11149.0>) Dyn Var (RE): no Match (varname=activationurl), 

=INFO REPORT==== 7-May-2014::16:36:08 ===
           ts_search:(4:<0.11184.0>) Dyn Var (RE): no Match (varname=activationurl), 

=INFO REPORT==== 7-May-2014::16:36:12 ===
           ts_search:(4:<0.10953.0>) Dyn Var (RE): no Match (varname=activationurl), 

=INFO REPORT==== 7-May-2014::16:36:13 ===
           ts_search:(4:<0.11103.0>) Dyn Var (RE): no Match (varname=activationurl), 

=INFO REPORT==== 7-May-2014::16:36:17 ===
           ts_search:(4:<0.11306.0>) Dyn Var (RE): no Match (varname=activationurl), 

=INFO REPORT==== 7-May-2014::16:36:20 ===
           ts_search:(4:<0.11380.0>) Dyn Var (RE): no Match (varname=activationurl), 

=INFO REPORT==== 7-May-2014::16:36:25 ===
           ts_search:(4:<0.11278.0>) Dyn Var (RE): no Match (varname=activationurl), 

=INFO REPORT==== 7-May-2014::16:36:32 ===
           ts_search:(4:<0.11401.0>) Dyn Var (RE): no Match (varname=activationurl), 

=INFO REPORT==== 7-May-2014::16:36:32 ===
           ts_search:(4:<0.11398.0>) Dyn Var (RE): no Match (varname=activationurl), 
