# stats: dump at 1399480000
stats: users 60 60
stats: session 28 2038.916294642857 1745.5303440029259 7525.072021484375 229.037109375 0 0
stats: users_count 88 88
stats: finish_users_count 28 28
stats: page 74 206.28858081714526 146.259795179002 930.197998046875 38.818115234375 0 0
stats: request 74 206.28858081714526 146.259795179002 930.197998046875 38.818115234375 0 0
stats: connect 54 132.8952094184028 8.318424683638206 174.455078125 123.131103515625 0 0
stats: nomatch 74 74
stats: 200 74 74
stats: size_rcv 884955 884955
stats: size_sent 17918 17918
stats: connected 26 26
# stats: dump at 1399480010
stats: users 113 113
stats: session 49 3656.139219945791 3343.3174317926655 14795.703125 221.010986328125 2038.916294642857 28
stats: users_count 102 190
stats: finish_users_count 49 77
stats: request 198 286.1457223603219 365.56870250012787 1860.324951171875 36.70703125 206.28858081714526 74
stats: page 198 286.1457223603219 365.56870250012787 1860.324951171875 36.70703125 206.28858081714526 74
stats: connect 87 132.91091112158765 6.717376803964869 174.455078125 121.74609375 132.8952094184028 54
stats: 302 3 3
stats: nomatch 198 272
stats: 200 195 269
stats: size_rcv 2096903 2981858
stats: size_sent 62544 80462
stats: connected 41 67
# stats: dump at 1399480020
stats: users 178 178
stats: session 31 5039.309948336694 3827.7585763221145 14795.703125 221.010986328125 3068.0581561992694 77
stats: users_count 96 286
stats: finish_users_count 31 108
stats: request 175 1552.7915262276779 1690.2195735549897 6468.406982421875 36.70703125 264.41988238166357 272
stats: page 175 1552.7915262276779 1690.2195735549897 6468.406982421875 36.70703125 264.41988238166357 272
stats: connect 100 131.52703124999994 6.823802761077254 174.455078125 121.701904296875 132.90489770334662 141
stats: 302 8 11
stats: nomatch 175 447
stats: 200 167 436
stats: size_rcv 1777661 4759519
stats: size_sent 73192 153654
stats: connected 67 134
# stats: dump at 1399480030
stats: users 234 235
stats: session 39 11349.381266276041 7801.8616669900075 33086.298095703125 221.010986328125 3633.880429868345 108
stats: users_count 95 381
stats: finish_users_count 39 147
stats: request 167 5587.3980676342635 1871.7264190625435 10667.64501953125 36.70703125 768.8159398157856 447
stats: page 167 5587.3980676342635 1871.7264190625435 10667.64501953125 36.70703125 768.8159398157856 447
stats: connect 102 131.70081523820468 5.299754854873673 174.455078125 121.701904296875 132.33316888453058 241
stats: 302 10 21
stats: nomatch 167 614
stats: 200 157 593
stats: size_rcv 1778613 6538132
stats: size_sent 63250 216904
stats: connected 63 197
# stats: dump at 1399480040
stats: users 239 248
stats: session 85 14860.760118910846 11969.860604070931 43933.8330078125 221.010986328125 5680.85003952753 147
stats: users_count 90 471
stats: finish_users_count 85 232
stats: request 208 6252.484055739183 3950.4614550570786 13061.528076171875 23.051025390625 2079.4074957533844 614
stats: page 208 6252.484055739183 3950.4614550570786 13061.528076171875 23.051025390625 2079.4074957533844 614
stats: connect 85 131.67013154871324 6.840062208076584 174.455078125 121.701904296875 132.14512202760568 343
stats: 302 11 32
stats: match_stop 49 49
stats: nomatch 159 773
stats: 200 148 741
stats: size_rcv 2209678 8747810
stats: 502 49 49
stats: match 49 49
stats: size_sent 65942 282846
stats: connected 2 199
# stats: dump at 1399480050
stats: users 233 250
stats: session 112 18165.402858189183 16290.681576936327 55284.279052734375 221.010986328125 9044.179163439521 232
stats: users_count 106 577
stats: finish_users_count 112 344
stats: request 206 5956.191893346104 5512.063667343936 17366.2470703125 23.051025390625 3135.3684744359225 822
stats: page 206 5956.191893346104 5512.063667343936 17366.2470703125 23.051025390625 3135.3684744359225 822
stats: connect 102 132.4734748391544 6.890190540322451 174.455078125 121.701904296875 132.05078980633033 428
stats: 302 11 43
stats: match_stop 89 138
stats: nomatch 117 890
stats: 200 106 847
stats: size_rcv 2060421 10808231
stats: 502 89 138
stats: match 89 138
stats: size_sent 58500 341346
stats: connected -7 192
# stats: dump at 1399480060
stats: users 255 255
stats: session 80 18483.557708740238 16096.590933723213 65507.547119140625 221.010986328125 12013.879901264992 344
stats: users_count 102 679
stats: finish_users_count 80 424
stats: request 199 9450.104996417638 5750.163137808434 18867.8818359375 23.051025390625 3700.6307548790132 1028
stats: page 199 9450.104996417638 5750.163137808434 18867.8818359375 23.051025390625 3700.6307548790132 1028
stats: connect 99 132.77695657749376 6.916184628000272 174.455078125 121.701904296875 132.1321367371757 530
stats: 302 11 54
stats: match_stop 43 181
stats: nomatch 156 1046
stats: 200 145 992
stats: size_rcv 2107230 12915461
stats: 502 43 181
stats: match 43 181
stats: size_sent 55278 396624
stats: connected 16 208
# stats: dump at 1399480070
stats: users 252 265
stats: session 113 18908.28644609029 19943.544207078994 74024.07495117188 184.053955078125 13234.573827203716 424
stats: users_count 110 789
stats: finish_users_count 113 537
stats: request 239 6280.184748055046 4670.319606512546 18867.8818359375 23.051025390625 4633.104572373867 1227
stats: page 239 6280.184748055046 4670.319606512546 18867.8818359375 23.051025390625 4633.104572373867 1227
stats: connect 101 133.43223043007424 7.352607633114375 174.455078125 121.701904296875 132.23362666434818 629
stats: 302 9 63
stats: match_stop 64 245
stats: nomatch 175 1221
stats: 200 166 1158
stats: size_rcv 2564602 15480063
stats: 502 64 245
stats: match 64 245
stats: size_sent 68430 465054
stats: connected -12 196
# stats: dump at 1399480080
stats: users 243 269
stats: session 114 20751.767261170506 21137.59322957904 80440.8759765625 184.053955078125 14428.483558924727 537
stats: users_count 105 894
stats: finish_users_count 114 651
stats: request 264 6721.209907300546 4380.185136952615 18867.8818359375 22.613037109375 4901.625828845765 1466
stats: page 264 6721.209907300546 4380.185136952615 18867.8818359375 22.613037109375 4901.625828845765 1466
stats: connect 124 131.94847451486893 5.991084109000109 174.455078125 121.701904296875 132.39946088398972 730
stats: 302 10 73
stats: match_stop 67 312
stats: nomatch 197 1418
stats: 200 187 1345
stats: size_rcv 2735229 18215292
stats: 502 67 312
stats: match 67 312
stats: size_sent 72047 537101
stats: connected 10 206
# stats: dump at 1399480090
stats: users 256 269
stats: session 99 18996.52738567313 19609.191445790635 81818.88305664063 184.053955078125 15535.786695723526 651
stats: users_count 112 1006
stats: finish_users_count 99 750
stats: request 231 6483.2593597808445 4375.851280682051 23024.84716796875 22.613037109375 5179.2964627833735 1730
stats: 302 9 82
stats: page 231 6483.2593597808445 4375.851280682051 23024.84716796875 22.613037109375 5179.2964627833735 1730
stats: connect 105 133.12061941964285 6.6071232475299055 174.455078125 121.701904296875 132.33397808566306 854
stats: match_stop 57 369
stats: nomatch 174 1592
stats: 200 165 1510
stats: size_rcv 2404234 20619526
stats: 502 57 369
stats: match 57 369
stats: size_sent 68355 605456
stats: connected 10 216
# stats: dump at 1399480100
stats: users 232 269
stats: session 122 22401.72289838947 23821.76361828931 93946.62622070313 184.053955078125 15992.604466796874 750
stats: users_count 98 1104
stats: finish_users_count 122 872
stats: request 261 6140.1179049554 4770.598645588533 24607.666015625 22.613037109375 5332.899435351663 1961
stats: 302 11 93
stats: page 261 6140.1179049554 4770.598645588533 24607.666015625 22.613037109375 5332.899435351663 1961
stats: connect 99 132.19780815972223 6.901613982276492 174.455078125 121.701904296875 132.42010669887253 959
stats: match_stop 87 456
stats: nomatch 174 1766
stats: 200 163 1673
stats: size_rcv 2721668 23341194
stats: 502 87 456
stats: match 87 456
stats: size_sent 71629 677085
stats: connected -25 191
# stats: dump at 1399480110
stats: users 225 269
stats: session 92 22779.08587911854 26330.02883351659 109836.34716796875 184.053955078125 16889.29305470318 872
stats: users_count 85 1189
stats: finish_users_count 92 964
stats: request 223 6356.73248646826 4298.035359491253 24607.666015625 21.93115234375 5427.7167263357205 2222
stats: page 223 6356.73248646826 4298.035359491253 24607.666015625 21.93115234375 5427.7167263357205 2222
stats: connect 94 133.52207135139625 7.2415656859969335 174.455078125 121.701904296875 132.39930560683484 1058
stats: 302 9 102
stats: match_stop 53 509
stats: nomatch 170 1936
stats: 200 161 1834
stats: size_rcv 2345375 25686569
stats: 502 53 509
stats: match 53 509
stats: size_sent 71835 748920
stats: connected 2 193
# stats: dump at 1399480120
stats: users 219 269
stats: session 117 20679.692841880333 25323.821140213993 109836.34716796875 171.048095703125 17451.38946533203 964
stats: users_count 111 1300
stats: finish_users_count 117 1081
stats: page 200 5138.346125488282 5154.841772273261 24607.666015625 21.93115234375 5512.449043108545 2445
stats: request 200 5138.346125488282 5154.841772273261 24607.666015625 21.93115234375 5512.449043108545 2445
stats: connect 104 133.70651949369 6.701831127551467 174.455078125 121.701904296875 132.49092017279733 1152
stats: 302 11 113
stats: match_stop 96 605
stats: nomatch 104 2040
stats: 200 93 1927
stats: size_rcv 2029388 27715957
stats: 502 96 605
stats: match 96 605
stats: size_sent 55397 804317
stats: connected -14 179
# stats: dump at 1399480130
stats: users 248 269
stats: session 73 20506.236461900684 24994.86789159272 114578.5458984375 171.048095703125 17800.79880395937 1081
stats: users_count 102 1402
stats: finish_users_count 73 1154
stats: request 213 10149.786333397515 5418.513639269253 24933.982177734375 21.93115234375 5484.161487900964 2645
stats: page 213 10149.786333397515 5418.513639269253 24933.982177734375 21.93115234375 5484.161487900964 2645
stats: connect 106 133.11009360259436 5.552945804108606 174.455078125 121.701904296875 132.59157489363557 1256
stats: 302 16 129
stats: match_stop 35 640
stats: nomatch 178 2218
stats: 200 162 2089
stats: size_rcv 2178632 29894589
stats: 502 35 640
stats: match 35 640
stats: size_sent 54200 858517
stats: connected 31 210
# stats: dump at 1399480140
stats: users 247 269
stats: session 104 25604.152925931492 32811.43322578199 142477.23095703125 171.048095703125 17971.940007624635 1154
stats: users_count 103 1505
stats: finish_users_count 104 1258
stats: request 251 6631.295466571214 4413.853774796426 27106.15380859375 21.93115234375 5831.8795047276835 2858
stats: page 251 6631.295466571214 4413.853774796426 27106.15380859375 21.93115234375 5831.8795047276835 2858
stats: connect 102 133.10825961243867 5.9585957554869236 174.455078125 121.701904296875 132.63192950681446 1362
stats: 302 11 140
stats: match_stop 48 688
stats: nomatch 203 2421
stats: 200 192 2281
stats: size_rcv 2737798 32632387
stats: 502 48 688
stats: match 48 688
stats: size_sent 74162 932679
stats: connected -4 206
# stats: dump at 1399480150
stats: users 254 269
stats: session 108 21098.434681080016 27295.061995184482 142477.23095703125 171.048095703125 18602.901965894835 1258
stats: users_count 115 1620
stats: finish_users_count 108 1366
stats: request 226 6109.365601666207 4369.394202427445 27106.15380859375 21.93115234375 5896.419037189158 3109
stats: page 226 6109.365601666207 4369.394202427445 27106.15380859375 21.93115234375 5896.419037189158 3109
stats: connect 100 133.94686279296877 6.463892095621257 174.455078125 121.701904296875 132.665116440403 1464
stats: 302 10 150
stats: match_stop 67 755
stats: nomatch 159 2580
stats: 200 149 2430
stats: size_rcv 2340211 34972598
stats: 502 67 755
stats: match 67 755
stats: size_sent 65231 997910
stats: connected -8 198
# stats: dump at 1399480160
stats: users 221 269
stats: session 130 24702.765985576923 29681.784889351627 153019.93408203125 171.048095703125 18800.20616299586 1366
stats: users_count 97 1717
stats: finish_users_count 130 1496
stats: request 235 6863.214795960771 5489.7926243067295 27106.15380859375 21.93115234375 5910.849598979807 3335
stats: page 235 6863.214795960771 5489.7926243067295 27106.15380859375 21.93115234375 5910.849598979807 3335
stats: connect 115 133.4692807404891 7.584111992497121 174.455078125 121.701904296875 132.74706953199927 1564
stats: 302 7 157
stats: match_stop 87 842
stats: nomatch 148 2728
stats: 200 141 2571
stats: size_rcv 2478231 37450829
stats: 502 87 842
stats: match 87 842
stats: size_sent 58468 1056378
stats: connected -15 183
# stats: dump at 1399480170
stats: users 247 269
stats: session 66 19444.147531220406 26349.096275145763 153019.93408203125 171.048095703125 19313.129142230846 1496
stats: users_count 92 1809
stats: finish_users_count 66 1562
stats: request 220 7042.74063498757 4001.7332696442954 27106.15380859375 21.93115234375 5973.540305223652 3570
stats: page 220 7042.74063498757 4001.7332696442954 27106.15380859375 21.93115234375 5973.540305223652 3570
stats: 302 13 170
stats: connect 85 133.88760627297793 5.984253676380556 174.455078125 121.701904296875 132.79653605312873 1679
stats: match_stop 11 853
stats: nomatch 209 2937
stats: 200 196 2767
stats: size_rcv 2319361 39770190
stats: 502 11 853
stats: match 11 853
stats: size_sent 72290 1128668
stats: connected 19 202
# stats: dump at 1399480180
stats: users 245 269
stats: session 109 21604.645635482368 31421.945462026426 157877.65112304688 171.048095703125 19318.665130498008 1562
stats: users_count 107 1916
stats: finish_users_count 109 1671
stats: request 236 6121.608274298198 4701.266265383388 27106.15380859375 21.93115234375 6035.60470431285 3790
stats: page 236 6121.608274298198 4701.266265383388 27106.15380859375 21.93115234375 6035.60470431285 3790
stats: connect 114 134.92690772341 6.463207444030262 174.455078125 121.701904296875 132.84911029841626 1764
stats: 302 12 182
stats: match_stop 81 934
stats: nomatch 155 3092
stats: 200 143 2910
stats: size_rcv 2379987 42150177
stats: 502 81 934
stats: match 81 934
stats: size_sent 66278 1194946
stats: connected 5 207
# stats: dump at 1399480190
stats: users 234 269
stats: session 100 27170.56327392578 33444.535478581856 174513.01000976563 171.048095703125 19467.78055541919 1671
stats: users_count 89 2005
stats: finish_users_count 100 1771
stats: request 199 7732.192458876413 6174.380645521937 27106.15380859375 21.93115234375 6040.64614557379 4026
stats: page 199 7732.192458876413 6174.380645521937 27106.15380859375 21.93115234375 6040.64614557379 4026
stats: connect 81 134.2599494839892 6.928546846048167 174.455078125 121.701904296875 132.97523857661076 1878
stats: 302 10 192
stats: match_stop 73 1007
stats: nomatch 126 3218
stats: 200 116 3026
stats: size_rcv 2050778 44200955
stats: 502 73 1007
stats: match 73 1007
stats: size_sent 47678 1242624
stats: connected -19 188
# stats: dump at 1399480200
stats: users 242 269
stats: session 85 20148.312571806066 24497.857030616713 174513.01000976563 171.048095703125 19902.720291077385 1771
stats: users_count 93 2098
stats: finish_users_count 85 1856
stats: request 235 7722.520223154922 4342.382920345587 27106.15380859375 21.93115234375 6120.318977845322 4225
stats: connect 98 144.84720782844389 100.49644131406782 1131.8759765625 121.701904296875 133.02835832316393 1959
stats: page 235 7722.520223154922 4342.382920345587 27106.15380859375 21.93115234375 6120.318977845322 4225
stats: 302 11 203
stats: match_stop 27 1034
stats: nomatch 208 3426
stats: 200 197 3223
stats: size_rcv 2511451 46712406
stats: 502 27 1034
stats: match 27 1034
stats: size_sent 70332 1312956
stats: connected 13 201
# stats: dump at 1399480210
stats: users 234 269
stats: session 115 27734.744036599863 31204.8854929789 181857.02807617188 171.048095703125 19913.967782382308 1856
stats: users_count 107 2205
stats: finish_users_count 115 1971
stats: request 199 5196.16119660804 4782.671262750385 27106.15380859375 21.93115234375 6204.739895479348 4460
stats: page 199 5196.16119660804 4782.671262750385 27106.15380859375 21.93115234375 6204.739895479348 4460
stats: connect 103 134.64028841777917 6.874641715434685 1131.8759765625 121.701904296875 133.59143428403775 2057
stats: 302 11 214
stats: match_stop 82 1116
stats: nomatch 117 3543
stats: 200 106 3329
stats: size_rcv 1985418 48697824
stats: 502 82 1116
stats: match 82 1116
stats: size_sent 60624 1373580
stats: connected -12 189
# stats: dump at 1399480220
stats: users 237 269
stats: session 92 20668.647604237438 25185.744664291844 181857.02807617188 171.048095703125 20370.278928620268 1971
stats: users_count 95 2300
stats: finish_users_count 92 2063
stats: page 229 8720.145830845724 4945.976959477496 27106.15380859375 21.93115234375 6161.660444722664 4659
stats: 302 8 222
stats: request 229 8720.145830845724 4945.976959477496 27106.15380859375 21.93115234375 6161.660444722664 4659
stats: connect 96 132.23601531982425 4.49674502078181 1131.8759765625 121.701904296875 133.64144908763745 2160
stats: match_stop 42 1158
stats: nomatch 187 3730
stats: 200 179 3508
stats: size_rcv 2498810 51196634
stats: 502 42 1158
stats: match 42 1158
stats: size_sent 55846 1429426
stats: connected 4 193
# stats: dump at 1399480230
stats: users 226 269
stats: session 106 29589.636889187794 42385.76110312711 223916.998046875 168.669189453125 20383.58475419311 2063
stats: users_count 95 2395
stats: finish_users_count 106 2169
stats: 302 13 235
stats: request 207 5255.007070642736 4660.887101977165 27106.15380859375 21.93115234375 6281.524019481702 4888
stats: page 207 5255.007070642736 4660.887101977165 27106.15380859375 21.93115234375 6281.524019481702 4888
stats: connect 100 154.5769140624999 139.4814122588278 1133.7890625 121.701904296875 133.58164339539007 2256
stats: match_stop 74 1232
stats: nomatch 133 3863
stats: 200 120 3628
stats: size_rcv 2105144 53301778
stats: 502 74 1232
stats: match 74 1232
stats: size_sent 68200 1497626
stats: connected -6 187
# stats: dump at 1399480240
stats: users 231 269
stats: session 83 23454.33904661615 32259.392620216222 223916.998046875 168.669189453125 20833.488639075287 2169
stats: users_count 88 2483
stats: finish_users_count 83 2252
stats: request 192 8658.59090042114 4358.111924694913 27106.15380859375 21.93115234375 6239.818620382652 5095
stats: page 192 8658.59090042114 4358.111924694913 27106.15380859375 21.93115234375 6239.818620382652 5095
stats: connect 91 134.64769166380498 7.462184840354502 1133.7890625 121.701904296875 134.47278391606537 2356
stats: 302 9 244
stats: match_stop 32 1264
stats: nomatch 160 4023
stats: 200 151 3779
stats: size_rcv 1980571 55282349
stats: 502 32 1264
stats: match 32 1264
stats: size_sent 52421 1550047
stats: connected 19 206
# stats: dump at 1399480250
stats: users 244 269
stats: session 94 24271.974505485374 34865.05176205545 223916.998046875 168.669189453125 20930.083036866534 2252
stats: users_count 107 2590
stats: finish_users_count 94 2346
stats: request 230 7438.225367272418 4754.638376153433 27106.15380859375 21.93115234375 6327.657522929917 5287
stats: page 230 7438.225367272418 4754.638376153433 27106.15380859375 21.93115234375 6327.657522929917 5287
stats: connect 94 134.61526813912894 4.928442628543671 1133.7890625 121.701904296875 134.4792884542935 2447
stats: 302 7 251
stats: match_stop 50 1314
stats: nomatch 180 4203
stats: 200 173 3952
stats: size_rcv 2444632 57726981
stats: 502 50 1314
stats: match 50 1314
stats: size_sent 65662 1615709
stats: connected -3 203
# stats: dump at 1399480260
stats: users 236 269
stats: session 107 22071.496253468176 30389.24045394444 223916.998046875 168.669189453125 21063.986616598067 2346
stats: users_count 99 2689
stats: finish_users_count 107 2453
stats: request 206 6190.62054502617 5337.544393772828 27106.15380859375 21.93115234375 6373.9563455144325 5517
stats: page 206 6190.62054502617 5337.544393772828 27106.15380859375 21.93115234375 6373.9563455144325 5517
stats: 302 15 266
stats: connect 102 145.34221095664833 100.14826946780232 1149.628173828125 121.701904296875 134.48431879289032 2541
stats: match_stop 78 1392
stats: nomatch 128 4331
stats: 200 113 4065
stats: size_rcv 2047251 59774232
stats: 502 78 1392
stats: match 78 1392
stats: size_sent 56084 1671793
stats: connected -13 190
# stats: dump at 1399480270
stats: users 240 269
stats: session 90 26192.814203559028 31840.649993929703 223916.998046875 168.669189453125 21107.934244459913 2453
stats: users_count 94 2783
stats: finish_users_count 90 2543
stats: request 243 8237.634689268274 4645.813671189634 29990.123046875 21.93115234375 6367.357153674387 5723
stats: page 243 8237.634689268274 4645.813671189634 29990.123046875 21.93115234375 6367.357153674387 5723
stats: connect 101 134.76359452351483 5.770371094287328 1149.628173828125 121.701904296875 134.90335208865397 2643
stats: 302 14 280
stats: match_stop 32 1424
stats: nomatch 211 4542
stats: 200 197 4262
stats: size_rcv 2649758 62423990
stats: 502 32 1424
stats: match 32 1424
stats: size_sent 64137 1735930
stats: connected 12 202
# stats: dump at 1399480280
stats: users 238 269
stats: session 92 23388.307776409638 31501.469557149743 223916.998046875 168.669189453125 21287.894604789806 2543
stats: users_count 90 2873
stats: finish_users_count 92 2635
stats: request 202 5835.5418399017635 4443.139181430939 29990.123046875 21.93115234375 6443.535068717852 5966
stats: page 202 5835.5418399017635 4443.139181430939 29990.123046875 21.93115234375 6443.535068717852 5966
stats: connect 87 153.42835735452582 170.43044557167732 1732.578857421875 121.701904296875 134.89820795087005 2744
stats: 302 15 295
stats: match_stop 59 1483
stats: nomatch 143 4685
stats: 200 128 4390
stats: size_rcv 2056744 64480734
stats: 502 59 1483
stats: match 59 1483
stats: size_sent 64145 1800075
stats: connected 1 203
# stats: dump at 1399480290
stats: users 210 269
stats: session 115 26752.6268639606 31312.74765376943 223916.998046875 168.669189453125 21361.229713628145 2635
stats: users_count 87 2960
stats: finish_users_count 115 2750
stats: connect 90 136.57680664062502 7.32351071581324 1732.578857421875 121.701904296875 135.4676615001876 2831
stats: request 212 6103.666401413254 5606.813182627252 29990.123046875 21.93115234375 6423.623487618492 6168
stats: page 212 6103.666401413254 5606.813182627252 29990.123046875 21.93115234375 6423.623487618492 6168
stats: 302 12 307
stats: match_stop 91 1574
stats: nomatch 121 4806
stats: 200 109 4499
stats: size_rcv 2149909 66630643
stats: 502 91 1574
stats: match 91 1574
stats: size_sent 63436 1863511
stats: connected -24 179
# stats: dump at 1399480300
stats: users 251 269
stats: session 65 27575.669388521634 34211.57967344391 223916.998046875 168.669189453125 21586.688139914775 2750
stats: users_count 106 3066
stats: finish_users_count 65 2815
stats: request 219 9360.528236702696 3860.942650140228 29990.123046875 21.93115234375 6412.991684753992 6380
stats: 302 11 318
stats: page 219 9360.528236702696 3860.942650140228 29990.123046875 21.93115234375 6412.991684753992 6380
stats: connect 96 136.89821624755868 6.683647295549338 1732.578857421875 121.701904296875 135.50183577702407 2921
stats: match_stop 12 1586
stats: nomatch 207 5013
stats: 200 196 4695
stats: size_rcv 2404119 69034762
stats: 502 12 1586
stats: match 12 1586
stats: size_sent 61554 1925065
stats: connected 25 204
# stats: dump at 1399480310
stats: users 245 269
stats: session 91 20786.54898104825 29584.557257835822 223916.998046875 168.669189453125 21724.977227360403 2815
stats: users_count 85 3151
stats: finish_users_count 91 2906
stats: page 207 6627.560224892439 4679.672681541099 29990.123046875 21.93115234375 6510.811127832756 6599
stats: request 207 6627.560224892439 4679.672681541099 29990.123046875 21.93115234375 6510.811127832756 6599
stats: 302 9 327
stats: connect 92 135.1820068359374 5.771953336619581 1732.578857421875 121.701904296875 135.5462681685293 3017
stats: match_stop 59 1645
stats: nomatch 148 5161
stats: 200 139 4834
stats: size_rcv 2179800 71214562
stats: 502 59 1645
stats: match 59 1645
stats: size_sent 59392 1984457
stats: connected 1 205
# stats: dump at 1399480320
stats: users 245 269
stats: session 99 23625.87393959123 29477.001633062388 223916.998046875 168.669189453125 21695.590795696808 2906
stats: users_count 99 3250
stats: finish_users_count 99 3005
stats: request 269 6962.587990459458 4346.727446133272 29990.123046875 21.93115234375 6514.361974599044 6806
stats: page 269 6962.587990459458 4346.727446133272 29990.123046875 21.93115234375 6514.361974599044 6806
stats: 302 10 337
stats: connect 103 135.72610977320986 5.759871434053496 1732.578857421875 121.701904296875 135.5354891262011 3109
stats: match_stop 50 1695
stats: nomatch 219 5380
stats: 200 209 5043
stats: size_rcv 2794391 74008953
stats: 502 50 1695
stats: match 50 1695
stats: size_sent 72377 2056834
stats: connected 3 208
# stats: dump at 1399480330
stats: users 243 269
stats: session 114 18883.474508720537 25476.54826554126 223916.998046875 168.669189453125 21759.184150520618 3005
stats: users_count 112 3362
stats: finish_users_count 114 3119
stats: request 215 4914.758140670421 4303.494006397698 29990.123046875 21.93115234375 6531.404066226811 7075
stats: page 215 4914.758140670421 4303.494006397698 29990.123046875 21.93115234375 6531.404066226811 7075
stats: connect 112 135.58460344587056 5.924193143316617 1732.578857421875 121.701904296875 135.54160180572848 3212
stats: 302 10 347
stats: match_stop 81 1776
stats: nomatch 134 5514
stats: 200 124 5167
stats: size_rcv 2141752 76150705
stats: 502 81 1776
stats: match 81 1776
stats: size_sent 68231 2125065
stats: connected 2 210
# stats: dump at 1399480340
stats: users 237 269
stats: session 101 26969.795166015625 27342.478344911648 223916.998046875 168.669189453125 21654.076456014296 3119
stats: users_count 95 3457
stats: finish_users_count 101 3220
stats: request 223 7622.193126182385 5349.376086579219 29990.123046875 21.93115234375 6483.725208340032 7290
stats: page 223 7622.193126182385 5349.376086579219 29990.123046875 21.93115234375 6483.725208340032 7290
stats: connect 90 146.52456325954873 104.98546599573487 1732.578857421875 121.701904296875 135.54305071779103 3324
stats: 302 13 360
stats: match_stop 65 1841
stats: nomatch 158 5672
stats: 200 145 5312
stats: size_rcv 2292999 78443704
stats: 502 65 1841
stats: match 65 1841
stats: size_sent 57904 2182969
stats: connected -16 194
# stats: dump at 1399480350
stats: users 236 269
stats: session 98 25328.783935546886 42661.35478427633 321829.2849121094 168.669189453125 21820.811732321792 3220
stats: users_count 97 3554
stats: finish_users_count 98 3318
stats: request 211 7149.789092583678 5600.785042088476 29990.123046875 21.93115234375 6517.517081849794 7513
stats: page 211 7149.789092583678 5600.785042088476 29990.123046875 21.93115234375 6517.517081849794 7513
stats: 302 11 371
stats: connect 104 136.3813100961538 5.988618978119292 1732.578857421875 121.701904296875 135.8325457760096 3414
stats: match_stop 69 1910
stats: nomatch 142 5814
stats: 200 131 5443
stats: size_rcv 2172722 80616426
stats: 502 69 1910
stats: match 69 1910
stats: size_sent 64051 2247020
stats: connected 6 200
# stats: dump at 1399480360
stats: users 236 269
stats: session 92 24453.830768087635 30040.174477758756 321829.2849121094 168.669189453125 21924.422725665994 3318
stats: users_count 92 3646
stats: finish_users_count 92 3410
stats: request 195 7222.8875388121 5439.765681789653 29990.123046875 21.93115234375 6534.789142215517 7724
stats: page 195 7222.8875388121 5439.765681789653 29990.123046875 21.93115234375 6534.789142215517 7724
stats: 302 12 383
stats: connect 87 138.167477662536 7.991759830266264 1732.578857421875 121.701904296875 135.84876848473473 3518
stats: match_stop 57 1967
stats: nomatch 138 5952
stats: 200 126 5569
stats: size_rcv 2075797 82692223
stats: 502 57 1967
stats: match 57 1967
stats: size_sent 53990 2301010
stats: connected -1 199
# stats: dump at 1399480370
stats: users 239 269
stats: session 103 19973.007824351498 29220.928214649393 321829.2849121094 168.669189453125 21992.664819479127 3410
stats: users_count 106 3752
stats: finish_users_count 103 3513
stats: 302 10 393
stats: request 212 8232.917859347355 5878.995309754821 29990.123046875 21.93115234375 6551.733098186768 7919
stats: page 212 8232.917859347355 5878.995309754821 29990.123046875 21.93115234375 6551.733098186768 7919
stats: connect 103 155.83179659056427 137.2023145938669 1732.578857421875 121.701904296875 135.90472623743062 3605
stats: match_stop 63 2030
stats: nomatch 149 6101
stats: 200 139 5708
stats: size_rcv 2247057 84939280
stats: 502 63 2030
stats: match 63 2030
stats: size_sent 60903 2361913
stats: connected 2 201
# stats: dump at 1399480380
stats: users 247 269
stats: session 94 26801.015373067654 37572.21301397974 321829.2849121094 168.669189453125 21933.44914327698 3513
stats: users_count 102 3854
stats: finish_users_count 94 3607
stats: request 230 6751.857774286685 4732.056327155078 29990.123046875 21.93115234375 6595.56671881966 8131
stats: page 230 6751.857774286685 4732.056327155078 29990.123046875 21.93115234375 6595.56671881966 8131
stats: connect 99 137.33832958491155 7.109305082084259 1732.578857421875 121.701904296875 136.4582559694621 3708
stats: 302 11 404
stats: match_stop 55 2085
stats: nomatch 175 6276
stats: 200 164 5872
stats: size_rcv 2430140 87369420
stats: 502 55 2085
stats: match 55 2085
stats: size_sent 63857 2425770
stats: connected 3 204
# stats: dump at 1399480390
stats: users 256 273
stats: session 111 24227.298280458195 34230.76514740063 321829.2849121094 168.669189453125 22060.300051400165 3607
stats: users_count 120 3974
stats: finish_users_count 111 3718
stats: request 266 6370.413916566318 4036.0107515700442 29990.123046875 21.93115234375 6599.866078077813 8361
stats: page 266 6370.413916566318 4036.0107515700442 29990.123046875 21.93115234375 6599.866078077813 8361
stats: 302 10 414
stats: connect 113 136.5588357300885 6.168352501434157 1732.578857421875 121.701904296875 136.48114204456834 3807
stats: match_stop 62 2147
stats: nomatch 204 6480
stats: 200 194 6066
stats: size_rcv 2736208 90105628
stats: 502 62 2147
stats: match 62 2147
stats: size_sent 71294 2497064
stats: connected 1 205
# stats: dump at 1399480400
stats: users 215 273
stats: session 135 24277.132060185188 29510.06301186589 321829.2849121094 168.18603515625 22124.995264801306 3718
stats: users_count 94 4068
stats: finish_users_count 135 3853
stats: request 245 5915.026643215878 4878.2468136151665 29990.123046875 21.93115234375 6592.791280933724 8627
stats: page 245 5915.026643215878 4878.2468136151665 29990.123046875 21.93115234375 6592.791280933724 8627
stats: connect 107 146.2358535338784 96.32345076774256 1732.578857421875 121.701904296875 136.48338168397237 3920
stats: 302 9 423
stats: match_stop 91 2238
stats: nomatch 154 6634
stats: 200 145 6211
stats: size_rcv 2572088 92677716
stats: 502 91 2238
stats: match 91 2238
stats: size_sent 65713 2562777
stats: connected -31 174
# stats: dump at 1399480410
stats: users 234 273
stats: session 79 20182.006186956096 31061.469153354232 321829.2849121094 168.18603515625 22200.40104403225 3853
stats: users_count 98 4166
stats: finish_users_count 79 3932
stats: page 188 6807.964690512796 4708.2648785024085 29990.123046875 21.93115234375 6574.074831853373 8872
stats: request 188 6807.964690512796 4708.2648785024085 29990.123046875 21.93115234375 6574.074831853373 8872
stats: connect 95 147.55079923930913 102.01868750720132 1732.578857421875 121.701904296875 136.7425111818467 4027
stats: 302 12 435
stats: match_stop 45 2283
stats: nomatch 143 6777
stats: 200 131 6342
stats: size_rcv 1930252 94607968
stats: 502 45 2283
stats: match 45 2283
stats: size_sent 61637 2624414
stats: connected 17 191
# stats: dump at 1399480420
stats: users 235 273
stats: session 91 23225.970110212053 31310.39711973807 321829.2849121094 168.18603515625 22159.8483498031 3932
stats: users_count 92 4258
stats: finish_users_count 91 4023
stats: request 204 7971.688410740273 5367.063531032602 29990.123046875 21.93115234375 6578.928175498844 9060
stats: page 204 7971.688410740273 5367.063531032602 29990.123046875 21.93115234375 6578.928175498844 9060
stats: connect 102 145.71641869638478 98.72103521702992 1732.578857421875 121.701904296875 136.9916104941851 4122
stats: 302 12 447
stats: match_stop 59 2342
stats: nomatch 145 6922
stats: 200 133 6475
stats: size_rcv 2149541 96757509
stats: 502 59 2342
stats: match 59 2342
stats: size_sent 55775 2680189
stats: connected 12 203
# stats: dump at 1399480430
stats: users 237 273
stats: session 104 26447.19177715595 36739.13044171829 321829.2849121094 168.18603515625 22183.96395512182 4023
stats: users_count 106 4364
stats: finish_users_count 104 4127
stats: request 227 7245.902672855865 5186.496338472386 30401.222900390625 21.93115234375 6609.5977661712595 9264
stats: page 227 7245.902672855865 5186.496338472386 30401.222900390625 21.93115234375 6609.5977661712595 9264
stats: 302 13 460
stats: connect 96 148.5224914550782 101.15258856771096 1732.578857421875 121.701904296875 137.2022947831587 4224
stats: match_stop 56 2398
stats: nomatch 171 7093
stats: 200 158 6633
stats: size_rcv 2367606 99125115
stats: 502 56 2398
stats: match 56 2398
stats: size_sent 65419 2745608
stats: connected -7 196
# stats: dump at 1399480440
stats: users 239 273
stats: session 93 24309.134878507226 31337.006642659264 321829.2849121094 168.18603515625 22291.39688303351 4127
stats: users_count 95 4459
stats: finish_users_count 93 4220
stats: request 215 6565.62447538154 4466.425753671065 30401.222900390625 21.93115234375 6624.816522236732 9491
stats: page 215 6565.62447538154 4466.425753671065 30401.222900390625 21.93115234375 6624.816522236732 9491
stats: 302 11 471
stats: connect 96 155.1120325724285 161.85785509960073 1732.578857421875 121.701904296875 137.45385470920132 4320
stats: match_stop 51 2449
stats: nomatch 164 7257
stats: 200 153 6786
stats: size_rcv 2270637 101395752
stats: 502 51 2449
stats: match 51 2449
stats: size_sent 61199 2806807
stats: connected 2 198
# stats: dump at 1399480450
stats: users 241 273
stats: session 92 18244.05387281335 25946.30546036484 321829.2849121094 168.18603515625 22335.863620848453 4220
stats: users_count 94 4553
stats: finish_users_count 92 4312
stats: request 223 8060.16260750946 5227.154074332741 30401.222900390625 21.93115234375 6623.505344607032 9706
stats: 302 10 481
stats: page 223 8060.16260750946 5227.154074332741 30401.222900390625 21.93115234375 6623.505344607032 9706
stats: connect 97 154.81348411324097 162.25485556098113 1742.691162109375 121.701904296875 137.83772814101061 4416
stats: match_stop 56 2505
stats: nomatch 167 7424
stats: 200 157 6943
stats: size_rcv 2330109 103725861
stats: 502 56 2505
stats: match 56 2505
stats: size_sent 56041 2862848
stats: connected 3 201
# stats: dump at 1399480460
stats: users 251 273
stats: session 91 21216.159791380498 27247.166110531864 321829.2849121094 168.18603515625 22248.561557578687 4312
stats: users_count 101 4654
stats: finish_users_count 91 4403
stats: request 224 6545.564038957869 4441.626933053843 30401.222900390625 21.93115234375 6655.771894070951 9929
stats: page 224 6545.564038957869 4441.626933053843 30401.222900390625 21.93115234375 6655.771894070951 9929
stats: connect 95 138.76266190378283 6.764741501327493 1742.691162109375 121.701904296875 138.2025959294676 4513
stats: 302 15 496
stats: match_stop 51 2556
stats: nomatch 173 7597
stats: 200 158 7101
stats: size_rcv 2320396 106046257
stats: 502 51 2556
stats: match 51 2556
stats: size_sent 67238 2930086
stats: connected 4 205
# stats: dump at 1399480470
stats: users 243 273
stats: session 121 28913.501146048555 41579.73354477842 321829.2849121094 168.18603515625 22227.224160185084 4403
stats: users_count 113 4767
stats: finish_users_count 121 4524
stats: request 205 5186.741325266768 4839.754644231618 30401.222900390625 21.93115234375 6653.3404393732935 10153
stats: page 205 5186.741325266768 4839.754644231618 30401.222900390625 21.93115234375 6653.3404393732935 10153
stats: connect 108 148.40885868778926 95.7111531934973 1742.691162109375 121.701904296875 138.21414242850403 4608
stats: 302 7 503
stats: match_stop 88 2644
stats: nomatch 117 7714
stats: 200 110 7211
stats: size_rcv 2107064 108153321
stats: 502 88 2644
stats: match 88 2644
stats: size_sent 60235 2990321
stats: connected -6 199
# stats: dump at 1399480480
stats: users 229 273
stats: session 109 22399.66422152738 28172.852233235102 321829.2849121094 168.18603515625 22406.056944289743 4524
stats: users_count 95 4862
stats: finish_users_count 109 4633
stats: request 266 8009.551853265977 5138.117499862468 30401.222900390625 21.93115234375 6624.314293554425 10358
stats: 302 11 514
stats: page 266 8009.551853265977 5138.117499862468 30401.222900390625 21.93115234375 6624.314293554425 10358
stats: connect 100 168.56526367187507 169.54575902104136 1742.691162109375 121.701904296875 138.44760921306784 4716
stats: match_stop 58 2702
stats: nomatch 208 7922
stats: 200 197 7408
stats: size_rcv 2852753 111006074
stats: 502 58 2702
stats: match 58 2702
stats: size_sent 67788 3058109
stats: connected -15 184
# stats: dump at 1399480490
stats: users 240 273
stats: session 84 23323.74338495164 28850.204733386825 321829.2849121094 168.18603515625 22405.906543516787 4633
stats: users_count 95 4957
stats: finish_users_count 84 4717
stats: request 196 5601.437093929369 4438.725010685266 30401.222900390625 21.93115234375 6658.997387575818 10624
stats: page 196 5601.437093929369 4438.725010685266 30401.222900390625 21.93115234375 6658.997387575818 10624
stats: 302 13 527
stats: connect 87 150.88128591954023 108.0974610176629 1742.691162109375 121.701904296875 139.072975792362 4816
stats: match_stop 57 2759
stats: nomatch 139 8061
stats: 200 126 7534
stats: size_rcv 1957165 112963239
stats: 502 57 2759
stats: match 57 2759
stats: size_sent 67996 3126105
stats: connected 6 190
# stats: dump at 1399480500
stats: users 247 273
stats: session 100 23676.113295898424 26946.509118450485 321829.2849121094 168.18603515625 22422.251316609963 4717
stats: users_count 107 5064
stats: finish_users_count 100 4817
stats: request 251 7403.741176893986 5113.664770553649 30401.222900390625 21.93115234375 6639.840103143774 10820
stats: page 251 7403.741176893986 5113.664770553649 30401.222900390625 21.93115234375 6639.840103143774 10820
stats: 302 15 542
stats: connect 110 146.57473810369314 95.67832698182835 1742.691162109375 121.701904296875 139.28250526025198 4903
stats: match_stop 67 2826
stats: nomatch 184 8245
stats: 200 169 7703
stats: size_rcv 2588668 115551907
stats: 502 67 2826
stats: match 67 2826
stats: size_sent 68795 3194900
stats: connected 6 196
# stats: dump at 1399480510
stats: users 248 273
stats: session 106 23434.83072072155 27628.023928368628 321829.2849121094 168.18603515625 22448.28125182459 4817
stats: users_count 107 5171
stats: finish_users_count 106 4923
stats: request 258 6374.1985270182295 4204.3410424401 30401.222900390625 21.93115234375 6657.1591501595185 11071
stats: connect 110 139.35109197443194 7.501086656982821 1742.691162109375 121.701904296875 139.44251834877753 5013
stats: page 258 6374.1985270182295 4204.3410424401 30401.222900390625 21.93115234375 6657.1591501595185 11071
stats: 302 15 557
stats: match_stop 61 2887
stats: nomatch 197 8442
stats: 200 182 7885
stats: size_rcv 2669330 118221237
stats: 502 61 2887
stats: match 61 2887
stats: size_sent 71240 3266140
stats: connected 6 202
# stats: dump at 1399480520
stats: users 255 273
stats: session 89 27355.346926571277 44246.611488215196 355400.791015625 168.18603515625 22469.523226982637 4923
stats: users_count 96 5267
stats: finish_users_count 89 5012
stats: request 220 5928.91668035334 3339.7741787004525 30401.222900390625 21.93115234375 6650.715170923006 11329
stats: page 220 5928.91668035334 3339.7741787004525 30401.222900390625 21.93115234375 6650.715170923006 11329
stats: connect 95 139.51701531661186 7.594398405503956 1742.691162109375 121.701904296875 139.44055526051324 5123
stats: 302 9 566
stats: match_stop 41 2928
stats: nomatch 179 8621
stats: 200 170 8055
stats: size_rcv 2333247 120554484
stats: 502 41 2928
stats: match 41 2928
stats: size_sent 70394 3336534
stats: connected 10 212
# stats: dump at 1399480530
stats: users 259 273
stats: session 105 20128.838257998494 24872.339640891463 355400.791015625 168.18603515625 22556.282666181236 5012
stats: users_count 109 5376
stats: finish_users_count 105 5117
stats: page 230 6357.400745159647 4911.385047303186 30401.222900390625 21.93115234375 6636.9654377924035 11549
stats: connect 99 140.2183455650252 7.1199516706768735 1742.691162109375 121.701904296875 139.44194730829577 5218
stats: request 230 6357.400745159647 4911.385047303186 30401.222900390625 21.93115234375 6636.9654377924035 11549
stats: 302 10 576
stats: match_stop 75 3003
stats: nomatch 155 8776
stats: 200 145 8200
stats: size_rcv 2365908 122920392
stats: 502 75 3003
stats: match 75 3003
stats: size_sent 67265 3403799
stats: connected -12 200
# stats: dump at 1399480540
stats: users 249 273
stats: session 112 23613.48245675224 34321.17186630437 355400.791015625 168.18603515625 22506.471905411414 5117
stats: users_count 102 5478
stats: finish_users_count 112 5229
stats: request 232 7389.270943477236 4984.104193467819 30401.222900390625 21.93115234375 6631.5065805629665 11779
stats: page 232 7389.270943477236 4984.104193467819 30401.222900390625 21.93115234375 6631.5065805629665 11779
stats: 302 14 590
stats: connect 114 148.42115971080048 93.1700771715364 1742.691162109375 121.701904296875 139.45640347294054 5317
stats: match_stop 59 3062
stats: nomatch 173 8949
stats: 200 159 8359
stats: size_rcv 2427253 125347645
stats: 502 59 3062
stats: match 59 3062
stats: size_sent 66137 3469936
stats: connected 13 213
# stats: dump at 1399480550
stats: users 245 273
stats: session 89 24261.48405130793 29226.541879786713 355400.791015625 168.18603515625 22530.182974784177 5229
stats: users_count 85 5563
stats: finish_users_count 89 5318
stats: page 269 6645.768648168852 3859.251198400942 30401.222900390625 21.93115234375 6646.143274609766 12011
stats: request 269 6645.768648168852 3859.251198400942 30401.222900390625 21.93115234375 6646.143274609766 12011
stats: connect 96 157.372548421224 161.79159691529313 1742.691162109375 121.701904296875 139.6445791700711 5431
stats: 302 13 603
stats: match_stop 45 3107
stats: nomatch 224 9173
stats: 200 211 8570
stats: size_rcv 2836648 128184293
stats: 502 45 3107
stats: match 45 3107
stats: size_sent 78461 3548397
stats: connected -4 209
# stats: dump at 1399480560
stats: users 242 273
stats: session 102 22811.523980832564 27800.913512414583 355400.791015625 168.18603515625 22559.157362864396 5318
stats: users_count 99 5662
stats: finish_users_count 102 5420
stats: request 213 5617.723992719335 4735.85092955775 30401.222900390625 21.93115234375 6646.135068216232 12280
stats: page 213 5617.723992719335 4735.85092955775 30401.222900390625 21.93115234375 6646.135068216232 12280
stats: 302 9 612
stats: connect 93 151.0502037130376 102.76901680273482 1742.691162109375 121.701904296875 139.95250119795435 5527
stats: match_stop 82 3189
stats: nomatch 131 9304
stats: 200 122 8692
stats: size_rcv 2185715 130370008
stats: 502 82 3189
stats: match 82 3189
stats: size_sent 60531 3608928
stats: connected -9 200
# stats: dump at 1399480570
stats: users 248 273
stats: session 92 23866.48406717051 33460.9631434905 355400.791015625 168.18603515625 22563.906697741288 5420
stats: users_count 98 5760
stats: finish_users_count 92 5512
stats: request 220 7519.761949573868 4908.858650016963 30401.222900390625 21.93115234375 6628.6011244812735 12493
stats: 302 9 621
stats: match_stop 54 3243
stats: nomatch 166 9470
stats: 200 157 8849
stats: size_rcv 2252331 132622339
stats: 502 54 3243
stats: match 54 3243
stats: size_sent 65163 3674091
stats: connected 8 208
stats: connect 100 149.94070068359378 98.89341834743774 1742.691162109375 121.701904296875 140.13614645309718 5620
stats: page 220 7519.761949573868 4908.858650016963 30401.222900390625 21.93115234375 6628.6011244812735 12493
# stats: dump at 1399480580
stats: users 225 273
stats: session 118 24130.240178512315 33219.39757988812 355400.791015625 168.18603515625 22585.647829451646 5512
stats: users_count 95 5855
stats: finish_users_count 118 5630
stats: request 222 6296.526330896326 4957.762329757539 30401.222900390625 21.93115234375 6644.022770160528 12713
stats: page 222 6296.526330896326 4957.762329757539 30401.222900390625 21.93115234375 6644.022770160528 12713
stats: connect 96 139.37783050537112 6.882993248369479 1742.691162109375 121.701904296875 140.30755474384011 5720
stats: 302 9 630
stats: match_stop 78 3321
stats: nomatch 144 9614
stats: 200 135 8984
stats: size_rcv 2291404 134913743
stats: 502 78 3321
stats: match 78 3321
stats: size_sent 63430 3737521
stats: connected -17 191
# stats: dump at 1399480590
stats: users 251 273
stats: session 92 25033.032730765975 29695.197365475065 355400.791015625 168.18603515625 22618.021168206382 5630
stats: users_count 118 5973
stats: finish_users_count 92 5722
stats: request 218 7922.293748208142 5108.562967800041 30401.222900390625 21.93115234375 6638.058780248147 12935
stats: page 218 7922.293748208142 5108.562967800041 30401.222900390625 21.93115234375 6638.058780248147 12935
stats: connect 109 140.39153660765493 7.052441284403983 1742.691162109375 121.701904296875 140.2922085390786 5816
stats: 302 12 642
stats: match_stop 54 3375
stats: nomatch 164 9778
stats: 200 152 9136
stats: size_rcv 2264399 137178142
stats: 502 54 3375
stats: match 54 3375
stats: size_sent 58752 3796273
stats: connected 16 207
# stats: dump at 1399480600
stats: users 190 273
stats: session 70 19861.45061035157 27805.701869246295 355400.791015625 168.18603515625 22656.850434853615 5722
stats: users_count 9 5982
stats: finish_users_count 70 5792
stats: request 221 7464.112900125495 3981.0836355639135 30401.222900390625 21.93115234375 6659.3439032630695 13153
stats: page 221 7464.112900125495 3981.0836355639135 30401.222900390625 21.93115234375 6659.3439032630695 13153
stats: connect 54 140.2368390118635 6.075432273877436 1742.691162109375 121.701904296875 140.29403584025576 5925
stats: 302 12 654
stats: match_stop 20 3395
stats: nomatch 201 9979
stats: 200 189 9325
stats: size_rcv 2341686 139519828
stats: 502 20 3395
stats: match 20 3395
stats: size_sent 59444 3855717
stats: connected -20 187
# stats: dump at 1399480610
stats: users 177 273
stats: session 13 34952.5610163762 33389.663474462985 355400.791015625 168.18603515625 22623.06625189175 5792
stats: users_count 0 5982
stats: finish_users_count 13 5805
stats: request 120 9872.344860839843 2191.4080218011227 30401.222900390625 21.93115234375 6672.642389004553 13374
stats: page 120 9872.344860839843 2191.4080218011227 30401.222900390625 21.93115234375 6672.642389004553 13374
stats: connect 3 144.40291341145834 3.7221257535728522 1742.691162109375 121.701904296875 140.29351926077203 5979
stats: 302 10 664
stats: match_stop 0 3395
stats: nomatch 120 10099
stats: 200 110 9435
stats: size_rcv 1084251 140604079
stats: 502 0 3395
stats: match 0 3395
stats: size_sent 48087 3903804
stats: connected -10 177
# stats: dump at 1399480620
stats: users 170 273
stats: session 7 88594.53086635044 27386.95642008834 355400.791015625 168.18603515625 22650.67752354348 5805
stats: users_count 0 5982
stats: finish_users_count 7 5812
stats: request 69 14107.096778759058 2770.208344162148 30401.222900390625 21.93115234375 6701.09683517472 13494
stats: page 69 14107.096778759058 2770.208344162148 30401.222900390625 21.93115234375 6701.09683517472 13494
stats: connect 0 0 0 1742.691162109375 121.701904296875 140.29558014048652 5982
stats: 302 11 675
stats: match_stop 0 3395
stats: nomatch 69 10168
stats: 200 58 9493
stats: size_rcv 599330 141203409
stats: 502 0 3395
stats: match 0 3395
stats: size_sent 28753 3932557
stats: connected -6 171
# stats: dump at 1399480630
stats: users 167 273
stats: session 3 106624.32470703125 2604.0881977012496 355400.791015625 168.18603515625 22730.100609124976 5812
stats: users_count 0 5982
stats: finish_users_count 3 5815
stats: request 64 18498.17310714722 1978.0124488312538 30401.222900390625 21.93115234375 6738.773897484483 13563
stats: connect 0 0 0 1742.691162109375 121.701904296875 140.29558014048652 5982
stats: page 64 18498.17310714722 1978.0124488312538 30401.222900390625 21.93115234375 6738.773897484483 13563
stats: 302 14 689
stats: match_stop 0 3395
stats: nomatch 64 10232
stats: 200 50 9543
stats: size_rcv 520134 141723543
stats: 502 0 3395
stats: match 0 3395
stats: size_sent 22280 3954837
stats: connected -4 167
# stats: dump at 1399480640
stats: users 164 273
stats: session 3 103326.39794921875 5399.484427054995 355400.791015625 168.18603515625 22773.382238066286 5815
stats: users_count 0 5982
stats: finish_users_count 3 5818
stats: request 84 21339.59341285342 2257.469491578293 30401.222900390625 21.93115234375 6794.002601485247 13627
stats: page 84 21339.59341285342 2257.469491578293 30401.222900390625 21.93115234375 6794.002601485247 13627
stats: connect 0 0 0 1742.691162109375 121.701904296875 140.29558014048652 5982
stats: 302 12 701
stats: match_stop 0 3395
stats: nomatch 84 10316
stats: 200 72 9615
stats: size_rcv 667754 142391297
stats: 502 0 3395
stats: match 0 3395
stats: size_sent 22424 3977261
stats: connected -3 164
# stats: dump at 1399480650
stats: users 157 273
stats: session 7 112632.08858816964 8810.41121690837 355400.791015625 168.18603515625 22814.91868480631 5818
stats: users_count 0 5982
stats: finish_users_count 7 5825
stats: request 105 16879.978229631695 4997.949571832196 35005.152099609375 21.93115234375 6883.115695216918 13711
stats: page 105 16879.978229631695 4997.949571832196 35005.152099609375 21.93115234375 6883.115695216918 13711
stats: connect 0 0 0 1742.691162109375 121.701904296875 140.29558014048652 5982
stats: 302 18 719
stats: match_stop 0 3395
stats: nomatch 105 10421
stats: 200 87 9702
stats: size_rcv 895510 143286807
stats: 502 0 3395
stats: match 0 3395
stats: size_sent 34405 4011666
stats: connected -7 157
# stats: dump at 1399480660
stats: users 147 273
stats: session 10 105715.59147949218 5599.86997663736 355400.791015625 168.18603515625 22922.853481256705 5825
stats: users_count 0 5982
stats: finish_users_count 10 5835
stats: request 100 12638.097333984377 3603.7738022036524 35005.152099609375 21.93115234375 6959.090692764222 13816
stats: page 100 12638.097333984377 3603.7738022036524 35005.152099609375 21.93115234375 6959.090692764222 13816
stats: connect 0 0 0 1742.691162109375 121.701904296875 140.29558014048652 5982
stats: 302 29 748
stats: match_stop 0 3395
stats: nomatch 100 10521
stats: 200 71 9773
stats: size_rcv 780419 144067226
stats: 502 0 3395
stats: match 0 3395
stats: size_sent 33811 4045477
stats: connected -10 147
# stats: dump at 1399480670
stats: users 141 273
stats: session 6 120893.77913411458 7268.539488837028 355400.791015625 168.18603515625 23064.743349291384 5835
stats: users_count 0 5982
stats: finish_users_count 6 5841
stats: request 63 14042.866970486111 2476.8414463501895 35005.152099609375 21.93115234375 6999.899881045481 13916
stats: page 63 14042.866970486111 2476.8414463501895 35005.152099609375 21.93115234375 6999.899881045481 13916
stats: connect 0 0 0 1742.691162109375 121.701904296875 140.29558014048652 5982
stats: 302 26 774
stats: match_stop 0 3395
stats: nomatch 63 10584
stats: 200 37 9810
stats: size_rcv 432416 144499642
stats: 502 0 3395
stats: match 0 3395
stats: size_sent 23561 4069038
stats: connected -6 141
# stats: dump at 1399480680
stats: users 134 273
stats: session 7 124611.39756556919 12030.677698991785 355400.791015625 168.18603515625 23165.23542508473 5841
stats: users_count 0 5982
stats: finish_users_count 7 5848
stats: request 61 16899.652343749996 2919.5123472118416 35005.152099609375 21.93115234375 7031.640844392986 13979
stats: connect 0 0 0 1742.691162109375 121.701904296875 140.29558014048652 5982
stats: page 61 16899.652343749996 2919.5123472118416 35005.152099609375 21.93115234375 7031.640844392986 13979
stats: 302 28 802
stats: match_stop 0 3395
stats: nomatch 61 10645
stats: 200 33 9843
stats: size_rcv 471237 144970879
stats: 502 0 3395
stats: match 0 3395
stats: size_sent 22049 4091087
stats: connected -7 134
# stats: dump at 1399480690
stats: users 124 273
stats: session 10 116814.1598876953 5171.143985031927 355400.791015625 168.18603515625 23286.665509726216 5848
stats: users_count 0 5982
stats: finish_users_count 10 5858
stats: request 63 17939.85362025669 3274.258483521256 35005.152099609375 21.93115234375 7074.514683528369 14040
stats: page 63 17939.85362025669 3274.258483521256 35005.152099609375 21.93115234375 7074.514683528369 14040
stats: connect 0 0 0 1742.691162109375 121.701904296875 140.29558014048652 5982
stats: 302 25 827
stats: match_stop 0 3395
stats: nomatch 63 10708
stats: 200 38 9881
stats: size_rcv 610206 145581085
stats: 502 0 3395
stats: match 0 3395
stats: size_sent 21433 4112520
stats: connected -10 124
# stats: dump at 1399480700
stats: users 102 273
stats: session 22 114895.50318492543 6758.081090222782 355400.791015625 168.18603515625 23446.32323314371 5858
stats: users_count 0 5982
stats: finish_users_count 22 5880
stats: request 110 14369.79928755327 4653.522468797456 35005.152099609375 21.93115234375 7123.051615600543 14103
stats: connect 0 0 0 1742.691162109375 121.701904296875 140.29558014048652 5982
stats: 302 49 876
stats: page 110 14369.79928755327 4653.522468797456 35005.152099609375 21.93115234375 7123.051615600543 14103
stats: match_stop 0 3395
stats: nomatch 110 10818
stats: 200 61 9942
stats: size_rcv 1121669 146702754
stats: 502 0 3395
stats: match 0 3395
stats: size_sent 25665 4138185
stats: connected -22 102
# stats: dump at 1399480710
stats: users 89 273
stats: session 13 115900.9844125601 3708.1883993032907 355400.791015625 168.18603515625 23788.48002888167 5880
stats: users_count 0 5982
stats: finish_users_count 13 5893
stats: request 123 5118.385440485265 3928.838471823359 35005.152099609375 21.93115234375 7179.137047523065 14213
stats: connect 0 0 0 1742.691162109375 121.701904296875 140.29558014048652 5982
stats: page 123 5118.385440485265 3928.838471823359 35005.152099609375 21.93115234375 7179.137047523065 14213
stats: 302 42 918
stats: match_stop 0 3395
stats: nomatch 123 10941
stats: 200 81 10023
stats: size_rcv 2337138 149039892
stats: 502 0 3395
stats: match 0 3395
stats: size_sent 41970 4180155
stats: connected -13 89
# stats: dump at 1399480720
stats: users 86 273
stats: session 3 128043.61075846355 4434.040319291377 355400.791015625 168.18603515625 23991.68087004709 5893
stats: users_count 0 5982
stats: finish_users_count 3 5896
stats: request 100 4921.237429199217 2290.91698722131 35005.152099609375 21.93115234375 7161.456212724959 14336
stats: connect 0 0 0 1742.691162109375 121.701904296875 140.29558014048652 5982
stats: page 100 4921.237429199217 2290.91698722131 35005.152099609375 21.93115234375 7161.456212724959 14336
stats: 302 27 945
stats: match_stop 0 3395
stats: nomatch 100 11041
stats: 200 73 10096
stats: size_rcv 959417 149999309
stats: 502 0 3395
stats: match 0 3395
stats: size_sent 31840 4211995
stats: connected -3 86
# stats: dump at 1399480730
stats: users 86 273
stats: session 0 0 0 355400.791015625 168.18603515625 24044.624525010666 5896
stats: users_count 0 5982
stats: finish_users_count 0 5896
stats: request 108 4661.742727774161 2728.8530263895746 35005.152099609375 21.93115234375 7145.937933537333 14436
stats: page 108 4661.742727774161 2728.8530263895746 35005.152099609375 21.93115234375 7145.937933537333 14436
stats: connect 0 0 0 1742.691162109375 121.701904296875 140.29558014048652 5982
stats: 302 28 973
stats: match_stop 0 3395
stats: nomatch 108 11149
stats: 200 80 10176
stats: size_rcv 1086488 151085797
stats: 502 0 3395
stats: match 0 3395
stats: size_sent 37842 4249837
stats: connected 0 86
# stats: dump at 1399480740
stats: users 86 273
stats: session 0 0 0 355400.791015625 168.18603515625 24044.624525010666 5896
stats: users_count 0 5982
stats: finish_users_count 0 5896
stats: request 125 3188.080548828125 2373.9327689904717 35005.152099609375 21.93115234375 7127.490939435131 14544
stats: page 125 3188.080548828125 2373.9327689904717 35005.152099609375 21.93115234375 7127.490939435131 14544
stats: connect 0 0 0 1742.691162109375 121.701904296875 140.29558014048652 5982
stats: 302 20 993
stats: match_stop 0 3395
stats: nomatch 125 11274
stats: 200 105 10281
stats: size_rcv 1110625 152196422
stats: 502 0 3395
stats: match 0 3395
stats: size_sent 44100 4293937
stats: connected 0 86
# stats: dump at 1399480750
stats: users 86 273
stats: session 0 0 0 355400.791015625 168.18603515625 24044.624525010666 5896
stats: users_count 0 5982
stats: finish_users_count 0 5896
stats: request 112 3611.9449157714853 2615.95788293563 35005.152099609375 21.93115234375 7093.921759611975 14669
stats: page 112 3611.9449157714853 2615.95788293563 35005.152099609375 21.93115234375 7093.921759611975 14669
stats: connect 0 0 0 1742.691162109375 121.701904296875 140.29558014048652 5982
stats: 302 26 1019
stats: match_stop 0 3395
stats: nomatch 112 11386
stats: 200 86 10367
stats: size_rcv 6167926 158364348
stats: 502 0 3395
stats: match 0 3395
stats: size_sent 34468 4328405
stats: connected 0 86
# stats: dump at 1399480760
stats: users 86 273
stats: session 0 0 0 355400.791015625 168.18603515625 24044.624525010666 5896
stats: users_count 0 5982
stats: finish_users_count 0 5896
stats: connect 0 0 0 1742.691162109375 121.701904296875 140.29558014048652 5982
stats: request 91 2632.4230259486603 2411.3187307710677 35005.152099609375 21.93115234375 7067.537793269364 14781
stats: page 91 2632.4230259486603 2411.3187307710677 35005.152099609375 21.93115234375 7067.537793269364 14781
stats: 302 20 1039
stats: match_stop 0 3395
stats: nomatch 91 11477
stats: 200 71 10438
stats: size_rcv 3102734 161467082
stats: 502 0 3395
stats: match 0 3395
stats: size_sent 42516 4370921
stats: connected 0 86
# stats: dump at 1399480770
stats: users 86 273
stats: session 0 0 0 355400.791015625 168.18603515625 24044.624525010666 5896
stats: users_count 0 5982
stats: finish_users_count 0 5896
stats: request 62 6010.322056924143 2666.1278398830405 35005.152099609375 21.93115234375 7040.399853259534 14872
stats: page 62 6010.322056924143 2666.1278398830405 35005.152099609375 21.93115234375 7040.399853259534 14872
stats: connect 0 0 0 1742.691162109375 121.701904296875 140.29558014048652 5982
stats: 302 25 1064
stats: match_stop 0 3395
stats: nomatch 62 11539
stats: 200 37 10475
stats: size_rcv 1496843 162963925
stats: 502 0 3395
stats: match 0 3395
stats: size_sent 28940 4399861
stats: connected 0 86
# stats: dump at 1399480780
stats: users 86 273
stats: session 0 0 0 355400.791015625 168.18603515625 24044.624525010666 5896
stats: users_count 0 5982
stats: finish_users_count 0 5896
stats: connect 0 0 0 1742.691162109375 121.701904296875 140.29558014048652 5982
stats: 302 26 1090
stats: request 102 5930.575511259191 3503.307104973723 35005.152099609375 21.93115234375 7036.123381894006 14934
stats: page 102 5930.575511259191 3503.307104973723 35005.152099609375 21.93115234375 7036.123381894006 14934
stats: match_stop 0 3395
stats: nomatch 102 11641
stats: 200 76 10551
stats: size_rcv 1928556 164892481
stats: 502 0 3395
stats: match 0 3395
stats: size_sent 30588 4430449
stats: connected 0 86
# stats: dump at 1399480790
stats: users 86 273
stats: session 0 0 0 355400.791015625 168.18603515625 24044.624525010666 5896
stats: users_count 0 5982
stats: finish_users_count 0 5896
stats: request 98 4517.51536840322 2514.341183993889 35005.152099609375 21.93115234375 7028.623655716516 15036
stats: page 98 4517.51536840322 2514.341183993889 35005.152099609375 21.93115234375 7028.623655716516 15036
stats: 302 21 1111
stats: connect 0 0 0 1742.691162109375 121.701904296875 140.29558014048652 5982
stats: match_stop 0 3395
stats: nomatch 98 11739
stats: 200 77 10628
stats: size_rcv 8875074 173767555
stats: 502 0 3395
stats: match 0 3395
stats: size_sent 37273 4467722
stats: connected 0 86
# stats: dump at 1399480800
stats: users 86 273
stats: session 0 0 0 355400.791015625 168.18603515625 24044.624525010666 5896
stats: users_count 0 5982
stats: finish_users_count 0 5896
stats: request 116 4317.168917951907 2647.019769203533 35005.152099609375 21.93115234375 7012.363010007734 15134
stats: page 116 4317.168917951907 2647.019769203533 35005.152099609375 21.93115234375 7012.363010007734 15134
stats: 302 23 1134
stats: connect 0 0 0 1742.691162109375 121.701904296875 140.29558014048652 5982
stats: match_stop 0 3395
stats: nomatch 116 11855
stats: 200 93 10721
stats: size_rcv 3688848 177456403
stats: 502 0 3395
stats: match 0 3395
stats: size_sent 39647 4507369
stats: connected 0 86
# stats: dump at 1399480810
stats: users 86 273
stats: session 0 0 0 355400.791015625 168.18603515625 24044.624525010666 5896
stats: users_count 0 5982
stats: finish_users_count 0 5896
stats: request 118 3910.1009873212392 2350.2160462038864 35005.152099609375 21.93115234375 6991.861861504228 15250
stats: page 118 3910.1009873212392 2350.2160462038864 35005.152099609375 21.93115234375 6991.861861504228 15250
stats: connect 0 0 0 1742.691162109375 121.701904296875 140.29558014048652 5982
stats: 302 21 1155
stats: match_stop 0 3395
stats: nomatch 118 11973
stats: 200 97 10818
stats: size_rcv 4088853 181545256
stats: 502 0 3395
stats: match 0 3395
stats: size_sent 48390 4555759
stats: connected 0 86
# stats: dump at 1399480820
stats: users 86 273
stats: session 0 0 0 355400.791015625 168.18603515625 24044.624525010666 5896
stats: users_count 0 5982
stats: finish_users_count 0 5896
stats: request 87 5764.4831739403735 2578.0760232904554 35005.152099609375 21.93115234375 6968.199199924738 15368
stats: page 87 5764.4831739403735 2578.0760232904554 35005.152099609375 21.93115234375 6968.199199924738 15368
stats: connect 0 0 0 1742.691162109375 121.701904296875 140.29558014048652 5982
stats: 302 27 1182
stats: match_stop 0 3395
stats: nomatch 87 12060
stats: 200 60 10878
stats: size_rcv 7787018 189332274
stats: 502 0 3395
stats: match 0 3395
stats: size_sent 30837 4586596
stats: connected 0 86
# stats: dump at 1399480830
stats: users 86 273
stats: session 0 0 0 355400.791015625 168.18603515625 24044.624525010666 5896
stats: users_count 0 5982
stats: finish_users_count 0 5896
stats: connect 0 0 0 1742.691162109375 121.701904296875 140.29558014048652 5982
stats: request 91 4679.042155842204 2959.678089884729 35005.152099609375 21.93115234375 6961.423186061222 15455
stats: page 91 4679.042155842204 2959.678089884729 35005.152099609375 21.93115234375 6961.423186061222 15455
stats: 302 25 1207
stats: match_stop 0 3395
stats: nomatch 91 12151
stats: 200 66 10944
stats: size_rcv 7353501 196685775
stats: 502 0 3395
stats: match 0 3395
stats: size_sent 41632 4628228
stats: connected 0 86
# stats: dump at 1399480840
stats: users 86 273
stats: session 0 0 0 355400.791015625 168.18603515625 24044.624525010666 5896
stats: users_count 0 5982
stats: finish_users_count 0 5896
stats: request 59 4144.7109540519095 3123.047219922082 35005.152099609375 21.93115234375 6948.063050093775 15546
stats: page 59 4144.7109540519095 3123.047219922082 35005.152099609375 21.93115234375 6948.063050093775 15546
stats: connect 0 0 0 1742.691162109375 121.701904296875 140.29558014048652 5982
stats: 302 10 1217
stats: match_stop 0 3395
stats: nomatch 59 12210
stats: 200 49 10993
stats: size_rcv 3131046 199816821
stats: 502 0 3395
stats: match 0 3395
stats: size_sent 28204 4656432
stats: connected 0 86
# stats: dump at 1399480850
stats: users 86 273
stats: session 0 0 0 355400.791015625 168.18603515625 24044.624525010666 5896
stats: users_count 0 5982
stats: finish_users_count 0 5896
stats: request 4 19978.539489746094 7006.392738699737 35005.152099609375 21.93115234375 6937.464025828061 15605
stats: page 4 19978.539489746094 7006.392738699737 35005.152099609375 21.93115234375 6937.464025828061 15605
stats: connect 0 0 0 1742.691162109375 121.701904296875 140.29558014048652 5982
stats: 302 0 1217
stats: match_stop 0 3395
stats: nomatch 4 12214
stats: 200 4 10997
stats: size_rcv 3411574 203228395
stats: 502 0 3395
stats: match 0 3395
stats: size_sent 5032 4661464
stats: connected 0 86
# stats: dump at 1399480860
stats: users 86 273
stats: session 0 0 0 355400.791015625 168.18603515625 24044.624525010666 5896
stats: users_count 0 5982
stats: finish_users_count 0 5896
stats: request 16 24880.04981994629 6092.473771196455 35005.152099609375 21.93115234375 6940.805963290786 15609
stats: page 16 24880.04981994629 6092.473771196455 35005.152099609375 21.93115234375 6940.805963290786 15609
stats: connect 0 0 0 1742.691162109375 121.701904296875 140.29558014048652 5982
stats: 302 3 1220
stats: match_stop 0 3395
stats: nomatch 16 12230
stats: 200 13 11010
stats: size_rcv 7119692 210348087
stats: 502 0 3395
stats: match 0 3395
stats: size_sent 4468 4665932
stats: connected 0 86
# stats: dump at 1399480870
stats: users 86 273
stats: session 0 0 0 355400.791015625 168.18603515625 24044.624525010666 5896
stats: users_count 0 5982
stats: finish_users_count 0 5896
stats: page 87 18403.3132155846 13211.480400829943 46463.611083984375 21.93115234375 6959.175749000001 15625
stats: request 87 18403.3132155846 13211.480400829943 46463.611083984375 21.93115234375 6959.175749000001 15625
stats: connect 0 0 0 1742.691162109375 121.701904296875 140.29558014048652 5982
stats: 302 18 1238
stats: match_stop 0 3395
stats: nomatch 87 12317
stats: 200 70 11080
stats: size_rcv 19413256 229761343
stats: 502 0 3395
stats: match 0 3395
stats: size_sent 22216 4688148
stats: connected 0 86
# stats: dump at 1399480880
stats: users 86 273
stats: session 0 0 0 355400.791015625 168.18603515625 24044.624525010666 5896
stats: users_count 0 5982
stats: finish_users_count 0 5896
stats: request 56 10404.80480957031 13663.047999480099 50808.25 21.93115234375 7022.543872701176 15712
stats: page 56 10404.80480957031 13663.047999480099 50808.25 21.93115234375 7022.543872701176 15712
stats: connect 0 0 0 1742.691162109375 121.701904296875 140.29558014048652 5982
stats: 302 7 1245
stats: match_stop 0 3395
stats: nomatch 56 12373
stats: 200 48 11128
stats: size_rcv 10516769 240278112
stats: 502 0 3395
stats: match 0 3395
stats: size_sent 23550 4711698
stats: connected 0 86
# stats: dump at 1399480890
stats: users 86 273
stats: session 0 0 0 355400.791015625 168.18603515625 24044.624525010666 5896
stats: users_count 0 5982
stats: finish_users_count 0 5896
stats: request 20 15432.693298339844 16042.734894093406 54262.1318359375 21.93115234375 7034.555961264385 15768
stats: connect 0 0 0 1742.691162109375 121.701904296875 140.29558014048652 5982
stats: page 20 15432.693298339844 16042.734894093406 54262.1318359375 21.93115234375 7034.555961264385 15768
stats: 302 4 1249
stats: match_stop 0 3395
stats: nomatch 20 12393
stats: 200 16 11144
stats: size_rcv 3456377 243734489
stats: 502 0 3395
stats: match 0 3395
stats: size_sent 11641 4723339
stats: connected 0 86
# stats: dump at 1399480900
stats: users 83 273
stats: session 3 335293.78206380206 34723.50447265786 384316.43115234375 168.18603515625 24044.624525010666 5896
stats: users_count 0 5982
stats: finish_users_count 3 5899
stats: request 74 15140.40818003061 16037.64426952678 60027.15283203125 21.93115234375 7045.194594830479 15788
stats: page 74 15140.40818003061 16037.64426952678 60027.15283203125 21.93115234375 7045.194594830479 15788
stats: connect 0 0 0 1742.691162109375 121.701904296875 140.29558014048652 5982
stats: 302 8 1257
stats: match_stop 3 3398
stats: 504 3 3
stats: nomatch 71 12464
stats: 200 65 11209
stats: size_rcv 9529683 253264172
stats: 502 0 3395
stats: match 3 3398
stats: size_sent 22883 4746222
stats: connected -3 83
# stats: dump at 1399480910
stats: users 83 273
stats: session 0 0 0 384316.43115234375 168.18603515625 24202.913637168043 5899
stats: users_count 0 5982
stats: finish_users_count 0 5899
stats: request 96 6855.9827677408875 11393.88001562984 60027.15283203125 21.93115234375 7082.960690234893 15862
stats: page 96 6855.9827677408875 11393.88001562984 60027.15283203125 21.93115234375 7082.960690234893 15862
stats: connect 0 0 0 1742.691162109375 121.701904296875 140.29558014048652 5982
stats: 302 15 1272
stats: match_stop 0 3398
stats: 504 0 3
stats: nomatch 96 12560
stats: 200 79 11288
stats: size_rcv 12807964 266072136
stats: 502 0 3395
stats: match 0 3398
stats: size_sent 31266 4777488
stats: connected 0 83
# stats: dump at 1399480920
stats: users 83 273
stats: session 0 0 0 384316.43115234375 168.18603515625 24202.913637168043 5899
stats: users_count 0 5982
stats: finish_users_count 0 5899
stats: request 33 10467.145922111742 14139.710715292584 60027.15283203125 21.93115234375 7081.595238388833 15958
stats: page 33 10467.145922111742 14139.710715292584 60027.15283203125 21.93115234375 7081.595238388833 15958
stats: connect 0 0 0 1742.691162109375 121.701904296875 140.29558014048652 5982
stats: 302 11 1283
stats: match_stop 0 3398
stats: 504 0 3
stats: nomatch 33 12593
stats: 200 22 11310
stats: size_rcv 6629863 272701999
stats: 502 0 3395
stats: match 0 3398
stats: size_sent 24684 4802172
stats: connected 0 83
# stats: dump at 1399480930
stats: users 83 273
stats: session 0 0 0 384316.43115234375 168.18603515625 24202.913637168043 5899
stats: users_count 0 5982
stats: finish_users_count 0 5899
stats: request 38 16012.363506116366 9019.641422093431 60027.15283203125 21.93115234375 7088.58186665241 15991
stats: page 38 16012.363506116366 9019.641422093431 60027.15283203125 21.93115234375 7088.58186665241 15991
stats: connect 0 0 0 1742.691162109375 121.701904296875 140.29558014048652 5982
stats: 302 10 1293
stats: match_stop 0 3398
stats: 504 0 3
stats: nomatch 38 12631
stats: 200 28 11338
stats: size_rcv 4958651 277660650
stats: 502 0 3395
stats: match 0 3398
stats: size_sent 7528 4809700
stats: connected 0 83
# stats: dump at 1399480940
stats: users 83 273
stats: session 0 0 0 384316.43115234375 168.18603515625 24202.913637168043 5899
stats: users_count 0 5982
stats: finish_users_count 0 5899
stats: 302 13 1306
stats: request 56 10342.425327845986 15243.145070143197 60058.349853515625 21.93115234375 7109.737503454433 16029
stats: page 56 10342.425327845986 15243.145070143197 60058.349853515625 21.93115234375 7109.737503454433 16029
stats: connect 0 0 0 1742.691162109375 121.701904296875 140.29558014048652 5982
stats: match_stop 0 3398
stats: 504 0 3
stats: nomatch 56 12687
stats: 200 44 11382
stats: size_rcv 8309262 285969912
stats: 502 0 3395
stats: match 0 3398
stats: size_sent 26273 4835973
stats: connected 0 83
# stats: dump at 1399480950
stats: users 83 273
stats: session 0 0 0 384316.43115234375 168.18603515625 24202.913637168043 5899
stats: users_count 0 5982
stats: finish_users_count 0 5899
stats: request 63 14252.270205543151 15827.507159577812 60058.349853515625 21.93115234375 7120.9921206857625 16085
stats: page 63 14252.270205543151 15827.507159577812 60058.349853515625 21.93115234375 7120.9921206857625 16085
stats: connect 0 0 0 1742.691162109375 121.701904296875 140.29558014048652 5982
stats: 302 9 1315
stats: match_stop 0 3398
stats: 504 0 3
stats: nomatch 63 12750
stats: 200 54 11436
stats: size_rcv 19297686 305267598
stats: 502 0 3395
stats: match 0 3398
stats: size_sent 18690 4854663
stats: connected 0 83
# stats: dump at 1399480960
stats: users 83 273
stats: session 0 0 0 384316.43115234375 168.18603515625 24202.913637168043 5899
stats: users_count 0 5982
stats: finish_users_count 0 5899
stats: connect 0 0 0 1742.691162109375 121.701904296875 140.29558014048652 5982
stats: request 38 11365.7645520662 13094.845366573956 60058.349853515625 21.93115234375 7148.8141741503405 16148
stats: page 38 11365.7645520662 13094.845366573956 60058.349853515625 21.93115234375 7148.8141741503405 16148
stats: 302 5 1320
stats: match_stop 0 3398
stats: 504 0 3
stats: nomatch 38 12788
stats: 200 32 11468
stats: size_rcv 5428774 310696372
stats: 502 0 3395
stats: match 0 3398
stats: size_sent 16797 4871460
stats: connected 0 83
# stats: dump at 1399480970
stats: users 83 273
stats: session 0 0 0 384316.43115234375 168.18603515625 24202.913637168043 5899
stats: users_count 0 5982
stats: finish_users_count 0 5899
stats: request 21 17887.552001953125 16842.458284622142 60058.349853515625 21.93115234375 7158.714341848401 16186
stats: page 21 17887.552001953125 16842.458284622142 60058.349853515625 21.93115234375 7158.714341848401 16186
stats: connect 0 0 0 1742.691162109375 121.701904296875 140.29558014048652 5982
stats: 302 5 1325
stats: match_stop 0 3398
stats: 504 0 3
stats: nomatch 21 12809
stats: 200 16 11484
stats: size_rcv 5531661 316228033
stats: 502 0 3395
stats: match 0 3398
stats: size_sent 12765 4884225
stats: connected 0 83
# stats: dump at 1399480980
stats: users 83 273
stats: session 0 0 0 384316.43115234375 168.18603515625 24202.913637168043 5899
stats: users_count 0 5982
stats: finish_users_count 0 5899
stats: request 51 17385.615234374996 10065.632229564966 60058.349853515625 21.93115234375 7172.61608744365 16207
stats: page 51 17385.615234374996 10065.632229564966 60058.349853515625 21.93115234375 7172.61608744365 16207
stats: connect 0 0 0 1742.691162109375 121.701904296875 140.29558014048652 5982
stats: 302 8 1333
stats: match_stop 0 3398
stats: 504 0 3
stats: nomatch 51 12860
stats: 200 43 11527
stats: size_rcv 7511519 323739552
stats: 502 0 3395
stats: match 0 3398
stats: size_sent 8927 4893152
stats: connected 0 83
# stats: dump at 1399480990
stats: users 83 273
stats: session 0 0 0 384316.43115234375 168.18603515625 24202.913637168043 5899
stats: users_count 0 5982
stats: finish_users_count 0 5899
stats: connect 0 0 0 1742.691162109375 121.701904296875 140.29558014048652 5982
stats: request 88 8141.3910716663695 14382.789017660922 60058.349853515625 21.93115234375 7204.653420233261 16258
stats: page 88 8141.3910716663695 14382.789017660922 60058.349853515625 21.93115234375 7204.653420233261 16258
stats: 302 13 1346
stats: match_stop 0 3398
stats: 504 0 3
stats: nomatch 88 12948
stats: 200 76 11603
stats: size_rcv 13868939 337608491
stats: 502 0 3395
stats: match 0 3398
stats: size_sent 31702 4924854
stats: connected 0 83
# stats: dump at 1399481000
stats: users 83 273
stats: session 0 0 0 384316.43115234375 168.18603515625 24202.913637168043 5899
stats: users_count 0 5982
stats: finish_users_count 0 5899
stats: request 109 6290.555811890768 14228.21856313886 60058.349853515625 21.93115234375 7209.696422394409 16346
stats: page 109 6290.555811890768 14228.21856313886 60058.349853515625 21.93115234375 7209.696422394409 16346
stats: 302 28 1374
stats: connect 0 0 0 1742.691162109375 121.701904296875 140.29558014048652 5982
stats: match_stop 0 3398
stats: 504 0 3
stats: nomatch 109 13057
stats: 200 81 11684
stats: size_rcv 15241270 352849761
stats: 502 0 3395
stats: match 0 3398
stats: size_sent 43938 4968792
stats: connected 0 83
# stats: dump at 1399481010
stats: users 83 273
stats: session 0 0 0 384316.43115234375 168.18603515625 24202.913637168043 5899
stats: users_count 0 5982
stats: finish_users_count 0 5899
stats: request 88 6038.923500754615 12193.51341395127 60058.349853515625 21.93115234375 7203.607918806144 16455
stats: page 88 6038.923500754615 12193.51341395127 60058.349853515625 21.93115234375 7203.607918806144 16455
stats: connect 0 0 0 1742.691162109375 121.701904296875 140.29558014048652 5982
stats: 302 18 1392
stats: match_stop 0 3398
stats: 504 0 3
stats: nomatch 88 13145
stats: 200 69 11753
stats: size_rcv 8130172 360979933
stats: 502 0 3395
stats: match 0 3398
stats: size_sent 34979 5003771
stats: connected 0 83
# stats: dump at 1399481020
stats: users 83 273
stats: session 0 0 0 384316.43115234375 168.18603515625 24202.913637168043 5899
stats: users_count 0 5982
stats: finish_users_count 0 5899
stats: request 84 7262.929989769346 12186.392495260143 60058.349853515625 21.93115234375 7197.412414436408 16543
stats: page 84 7262.929989769346 12186.392495260143 60058.349853515625 21.93115234375 7197.412414436408 16543
stats: connect 0 0 0 1742.691162109375 121.701904296875 140.29558014048652 5982
stats: 302 21 1413
stats: match_stop 0 3398
stats: 504 0 3
stats: nomatch 84 13229
stats: 200 63 11816
stats: size_rcv 11941223 372921156
stats: 502 0 3395
stats: match 0 3398
stats: size_sent 30849 5034620
stats: connected 0 83
# stats: dump at 1399481030
stats: users 83 273
stats: session 0 0 0 384316.43115234375 168.18603515625 24202.913637168043 5899
stats: users_count 0 5982
stats: finish_users_count 0 5899
stats: request 100 7202.615124511719 10597.281253177847 60058.349853515625 21.93115234375 7197.743410787401 16627
stats: page 100 7202.615124511719 10597.281253177847 60058.349853515625 21.93115234375 7197.743410787401 16627
stats: connect 0 0 0 1742.691162109375 121.701904296875 140.29558014048652 5982
stats: 302 20 1433
stats: match_stop 0 3398
stats: 504 0 3
stats: nomatch 100 13329
stats: 200 80 11896
stats: size_rcv 16326884 389248040
stats: 502 0 3395
stats: match 0 3398
stats: size_sent 32989 5067609
stats: connected 0 83
# stats: dump at 1399481040
stats: users 83 273
stats: session 0 0 0 384316.43115234375 168.18603515625 24202.913637168043 5899
stats: users_count 0 5982
stats: finish_users_count 0 5899
stats: connect 0 0 0 1742.691162109375 121.701904296875 140.29558014048652 5982
stats: request 100 5250.583562011717 7933.767401711594 60058.349853515625 21.93115234375 7197.772535637789 16727
stats: page 100 5250.583562011717 7933.767401711594 60058.349853515625 21.93115234375 7197.772535637789 16727
stats: 302 21 1454
stats: match_stop 0 3398
stats: 504 0 3
stats: nomatch 100 13429
stats: 200 79 11975
stats: size_rcv 14798729 404046769
stats: 502 0 3395
stats: match 0 3398
stats: size_sent 40277 5107886
stats: connected 0 83
# stats: dump at 1399481050
stats: users 83 273
stats: session 0 0 0 384316.43115234375 168.18603515625 24202.913637168043 5899
stats: users_count 0 5982
stats: finish_users_count 0 5899
stats: request 81 4768.658706476658 3069.7313144749783 60058.349853515625 21.93115234375 7186.200722637099 16827
stats: page 81 4768.658706476658 3069.7313144749783 60058.349853515625 21.93115234375 7186.200722637099 16827
stats: connect 0 0 0 1742.691162109375 121.701904296875 140.29558014048652 5982
stats: 302 22 1476
stats: match_stop 0 3398
stats: 504 0 3
stats: nomatch 81 13510
stats: 200 59 12034
stats: size_rcv 9127326 413174095
stats: 502 0 3395
stats: match 0 3398
stats: size_sent 34157 5142043
stats: connected 0 83
# stats: dump at 1399481060
stats: users 81 273
stats: session 2 730227.0014648438 71259.05053710938 801486.0520019531 168.18603515625 24202.913637168043 5899
stats: users_count 0 5982
stats: finish_users_count 2 5901
stats: request 97 5834.580206487595 3156.489069855863 60058.349853515625 21.93115234375 7174.61916933044 16908
stats: page 97 5834.580206487595 3156.489069855863 60058.349853515625 21.93115234375 7174.61916933044 16908
stats: connect 0 0 0 1742.691162109375 121.701904296875 140.29558014048652 5982
stats: 302 31 1507
stats: match_stop 0 3398
stats: 504 0 3
stats: nomatch 97 13607
stats: 200 66 12100
stats: size_rcv 10459892 423633987
stats: 502 0 3395
stats: match 0 3398
stats: size_sent 31403 5173446
stats: connected -2 81
# stats: dump at 1399481070
stats: users 81 273
stats: session 0 0 0 801486.0520019531 168.18603515625 24442.203278865276 5901
stats: users_count 0 5982
stats: finish_users_count 0 5901
stats: request 51 5668.537320006128 3167.1835961943275 60058.349853515625 21.93115234375 7166.975312853183 17005
stats: page 51 5668.537320006128 3167.1835961943275 60058.349853515625 21.93115234375 7166.975312853183 17005
stats: connect 0 0 0 1742.691162109375 121.701904296875 140.29558014048652 5982
stats: 302 16 1523
stats: match_stop 0 3398
stats: 504 0 3
stats: nomatch 51 13658
stats: 200 35 12135
stats: size_rcv 7375307 431009294
stats: 502 0 3395
stats: match 0 3398
stats: size_sent 27410 5200856
stats: connected 0 81
# stats: dump at 1399481080
stats: users 81 273
stats: session 0 0 0 801486.0520019531 168.18603515625 24442.203278865276 5901
stats: users_count 0 5982
stats: finish_users_count 0 5901
stats: request 69 9182.636715211731 3635.462676250028 60058.349853515625 21.93115234375 7162.4947583483045 17056
stats: page 69 9182.636715211731 3635.462676250028 60058.349853515625 21.93115234375 7162.4947583483045 17056
stats: connect 0 0 0 1742.691162109375 121.701904296875 140.29558014048652 5982
stats: 302 23 1546
stats: match_stop 0 3398
stats: 504 0 3
stats: nomatch 69 13727
stats: 200 47 12182
stats: size_rcv 8992990 440002284
stats: 502 0 3395
stats: match 0 3398
stats: size_sent 21976 5222832
stats: connected 0 81
# stats: dump at 1399481090
stats: users 79 273
stats: session 2 679026.8055419922 26423.936645507813 801486.0520019531 168.18603515625 24442.203278865276 5901
stats: users_count 0 5982
stats: finish_users_count 2 5903
stats: connect 0 0 0 1742.691162109375 121.701904296875 140.29558014048652 5982
stats: request 59 9022.521248510327 4856.589965238376 60058.349853515625 21.93115234375 7170.634308422675 17125
stats: 302 20 1566
stats: page 59 9022.521248510327 4856.589965238376 60058.349853515625 21.93115234375 7170.634308422675 17125
stats: match_stop 0 3398
stats: 504 0 3
stats: nomatch 59 13786
stats: 200 38 12220
stats: size_rcv 8923276 448925560
stats: 502 0 3395
stats: match 0 3398
stats: size_sent 23090 5245922
stats: connected -2 79
# stats: dump at 1399481100
stats: users 79 273
stats: session 0 0 0 801486.0520019531 168.18603515625 24663.983594726065 5903
stats: users_count 0 5982
stats: finish_users_count 0 5903
stats: connect 0 0 0 1742.691162109375 121.701904296875 140.29558014048652 5982
stats: request 59 8750.826093253445 4612.888904308928 60058.349853515625 21.93115234375 7176.992626012593 17184
stats: page 59 8750.826093253445 4612.888904308928 60058.349853515625 21.93115234375 7176.992626012593 17184
stats: 302 19 1585
stats: match_stop 0 3398
stats: 504 0 3
stats: nomatch 59 13845
stats: 200 40 12260
stats: size_rcv 7447584 456373144
stats: 502 0 3395
stats: match 0 3398
stats: size_sent 22968 5268890
stats: connected 0 79
# stats: dump at 1399481110
stats: users 79 273
stats: session 0 0 0 801486.0520019531 168.18603515625 24663.983594726065 5903
stats: users_count 0 5982
stats: finish_users_count 0 5903
stats: connect 0 0 0 1742.691162109375 121.701904296875 140.29558014048652 5982
stats: request 66 8916.296109286222 4653.851020300611 60058.349853515625 21.93115234375 7182.377777933211 17243
stats: 302 22 1607
stats: page 66 8916.296109286222 4653.851020300611 60058.349853515625 21.93115234375 7182.377777933211 17243
stats: match_stop 0 3398
stats: 504 0 3
stats: nomatch 66 13911
stats: 200 44 12304
stats: size_rcv 10386054 466759198
stats: 502 0 3395
stats: match 0 3398
stats: size_sent 18444 5287334
stats: connected 0 79
# stats: dump at 1399481120
stats: users 78 273
stats: session 1 736802.1809082031 0.0 801486.0520019531 168.18603515625 24663.983594726065 5903
stats: users_count 0 5982
stats: finish_users_count 1 5904
stats: connect 0 0 0 1742.691162109375 121.701904296875 140.29558014048652 5982
stats: request 51 9092.417858647366 4973.130107975405 60058.349853515625 21.93115234375 7188.989286967199 17309
stats: 302 16 1623
stats: page 51 9092.417858647366 4973.130107975405 60058.349853515625 21.93115234375 7188.989286967199 17309
stats: match_stop 0 3398
stats: 504 0 3
stats: nomatch 51 13962
stats: 200 35 12339
stats: size_rcv 8870091 475629289
stats: 502 0 3395
stats: match 0 3398
stats: size_sent 19676 5307010
stats: connected -1 78
# stats: dump at 1399481130
stats: users 78 273
stats: session 0 0 0 801486.0520019531 168.18603515625 24784.60320809217 5904
stats: users_count 0 5982
stats: finish_users_count 0 5904
stats: request 60 10236.869197591146 5241.957300121683 60058.349853515625 21.93115234375 7194.581156619024 17360
stats: page 60 10236.869197591146 5241.957300121683 60058.349853515625 21.93115234375 7194.581156619024 17360
stats: connect 0 0 0 1742.691162109375 121.701904296875 140.29558014048652 5982
stats: 302 28 1651
stats: match_stop 0 3398
stats: 504 0 3
stats: nomatch 60 14022
stats: 200 32 12371
stats: size_rcv 7337626 482966915
stats: 502 0 3395
stats: match 0 3398
stats: size_sent 20022 5327032
stats: connected 0 78
# stats: dump at 1399481140
stats: users 75 273
stats: session 3 761549.4020182291 22501.62718158533 801486.0520019531 168.18603515625 24784.60320809217 5904
stats: users_count 0 5982
stats: finish_users_count 3 5907
stats: request 70 8602.697262137277 5579.997770223674 60058.349853515625 21.93115234375 7205.059760663705 17420
stats: page 70 8602.697262137277 5579.997770223674 60058.349853515625 21.93115234375 7205.059760663705 17420
stats: connect 0 0 0 1742.691162109375 121.701904296875 140.29558014048652 5982
stats: 302 31 1682
stats: match_stop 0 3398
stats: 504 0 3
stats: nomatch 70 14092
stats: 200 39 12410
stats: size_rcv 10259046 493225961
stats: 502 0 3395
stats: match 0 3398
stats: size_sent 24428 5351460
stats: connected -3 75
# stats: dump at 1399481150
stats: users 73 273
stats: session 2 632838.7919921875 184.281982421875 801486.0520019531 168.18603515625 25158.785431967302 5907
stats: users_count 0 5982
stats: finish_users_count 2 5909
stats: connect 0 0 0 1742.691162109375 121.701904296875 140.29558014048652 5982
stats: request 49 9023.316605548467 4180.986445100743 60058.349853515625 21.93115234375 7210.653507096132 17490
stats: page 49 9023.316605548467 4180.986445100743 60058.349853515625 21.93115234375 7210.653507096132 17490
stats: 302 27 1709
stats: match_stop 0 3398
stats: 504 0 3
stats: nomatch 49 14141
stats: 200 22 12432
stats: size_rcv 5869198 499095159
stats: 502 0 3395
stats: match 0 3398
stats: size_sent 17423 5368883
stats: connected -2 73
# stats: dump at 1399481160
stats: users 71 273
stats: session 2 696298.5631103516 1469.4869384765625 801486.0520019531 168.18603515625 25364.464906179597 5909
stats: users_count 0 5982
stats: finish_users_count 2 5911
stats: request 57 9408.466398540297 5236.184113402457 60058.349853515625 21.93115234375 7215.717677905423 17539
stats: page 57 9408.466398540297 5236.184113402457 60058.349853515625 21.93115234375 7215.717677905423 17539
stats: connect 0 0 0 1742.691162109375 121.701904296875 140.29558014048652 5982
stats: 302 32 1741
stats: match_stop 0 3398
stats: 504 0 3
stats: nomatch 57 14198
stats: 200 25 12457
stats: size_rcv 8740863 507836022
stats: 502 0 3395
stats: match 0 3398
stats: size_sent 20777 5389660
stats: connected -2 71
# stats: dump at 1399481170
stats: users 68 273
stats: session 3 655709.0783691406 51877.57786819163 801486.0520019531 168.18603515625 25591.476950911172 5911
stats: users_count 0 5982
stats: finish_users_count 3 5914
stats: request 58 7290.202502020472 4958.019839457785 60058.349853515625 21.93115234375 7222.820807996136 17596
stats: page 58 7290.202502020472 4958.019839457785 60058.349853515625 21.93115234375 7222.820807996136 17596
stats: connect 0 0 0 1742.691162109375 121.701904296875 140.29558014048652 5982
stats: 302 32 1773
stats: match_stop 0 3398
stats: 504 0 3
stats: nomatch 58 14256
stats: 200 26 12483
stats: size_rcv 4531611 512367633
stats: 502 0 3395
stats: match 0 3398
stats: size_sent 17507 5407167
stats: connected -3 68
# stats: dump at 1399481180
stats: users 66 273
stats: session 2 613900.212890625 29042.802978515625 801486.0520019531 168.18603515625 25911.11726275674 5914
stats: users_count 0 5982
stats: finish_users_count 2 5916
stats: request 36 6317.350531684027 6802.526467137934 60058.349853515625 21.93115234375 7223.042182090019 17654
stats: page 36 6317.350531684027 6802.526467137934 60058.349853515625 21.93115234375 7223.042182090019 17654
stats: connect 0 0 0 1742.691162109375 121.701904296875 140.29558014048652 5982
stats: 302 26 1799
stats: match_stop 0 3398
stats: 504 0 3
stats: nomatch 36 14292
stats: 200 10 12493
stats: size_rcv 2935319 515302952
stats: 502 0 3395
stats: match 0 3398
stats: size_sent 13625 5420792
stats: connected -2 66
# stats: dump at 1399481190
stats: users 66 273
stats: session 0 0 0 801486.0520019531 168.18603515625 26109.896537816872 5916
stats: users_count 0 5982
stats: finish_users_count 0 5916
stats: request 15 20304.489632161458 13247.953658397937 60058.349853515625 21.93115234375 7221.199056063189 17690
stats: page 15 20304.489632161458 13247.953658397937 60058.349853515625 21.93115234375 7221.199056063189 17690
stats: connect 0 0 0 1742.691162109375 121.701904296875 140.29558014048652 5982
stats: 302 6 1805
stats: match_stop 0 3398
stats: 504 0 3
stats: nomatch 15 14307
stats: 200 9 12502
stats: size_rcv 8584761 523887713
stats: 502 0 3395
stats: match 0 3398
stats: size_sent 8447 5429239
stats: connected 0 66
# stats: dump at 1399481200
stats: users 64 273
stats: session 2 786332.3189697266 21696.419799804688 808028.7387695313 168.18603515625 26109.896537816872 5916
stats: users_count 0 5982
stats: finish_users_count 2 5918
stats: request 31 20640.9288999496 11066.378456307857 60058.349853515625 21.93115234375 7232.2834592623685 17705
stats: page 31 20640.9288999496 11066.378456307857 60058.349853515625 21.93115234375 7232.2834592623685 17705
stats: connect 0 0 0 1742.691162109375 121.701904296875 140.29558014048652 5982
stats: 302 17 1822
stats: match_stop 0 3398
stats: 504 0 3
stats: nomatch 31 14338
stats: 200 14 12516
stats: size_rcv 8641190 532528903
stats: 502 0 3395
stats: match 0 3398
stats: size_sent 5244 5434483
stats: connected -2 64
# stats: dump at 1399481210
stats: users 61 273
stats: session 3 692859.1776529948 38312.975392944165 808028.7387695313 168.18603515625 26366.815234143978 5918
stats: users_count 0 5982
stats: finish_users_count 3 5921
stats: request 34 15757.31975959329 17460.748474072516 60058.349853515625 21.93115234375 7255.719860291986 17736
stats: page 34 15757.31975959329 17460.748474072516 60058.349853515625 21.93115234375 7255.719860291986 17736
stats: 302 20 1842
stats: connect 0 0 0 1742.691162109375 121.701904296875 140.29558014048652 5982
stats: match_stop 0 3398
stats: 504 0 3
stats: nomatch 34 14372
stats: 200 14 12530
stats: size_rcv 11479229 544008132
stats: 502 0 3395
stats: match 0 3398
stats: size_sent 11945 5446428
stats: connected -3 61
# stats: dump at 1399481220
stats: users 54 273
stats: session 7 666926.3333217076 26861.242616098654 808028.7387695313 168.18603515625 26704.50769948033 5921
stats: users_count 0 5982
stats: finish_users_count 7 5928
stats: 302 53 1895
stats: request 79 7299.022309508505 15542.697201328343 60058.349853515625 21.93115234375 7271.9862866609365 17770
stats: page 79 7299.022309508505 15542.697201328343 60058.349853515625 21.93115234375 7271.9862866609365 17770
stats: connect 0 0 0 1742.691162109375 121.701904296875 140.29558014048652 5982
stats: match_stop 0 3398
stats: 504 0 3
stats: nomatch 79 14451
stats: 200 26 12556
stats: size_rcv 14438545 558446677
stats: 502 0 3395
stats: match 0 3398
stats: size_sent 20343 5466771
stats: connected -7 54
# stats: dump at 1399481230
stats: users 47 273
stats: session 7 671739.651890346 26487.814986833193 808028.7387695313 168.18603515625 27460.505131895243 5928
stats: users_count 0 5982
stats: finish_users_count 7 5935
stats: request 52 4185.211191030649 13621.386859761908 60058.349853515625 21.93115234375 7272.105948591855 17849
stats: page 52 4185.211191030649 13621.386859761908 60058.349853515625 21.93115234375 7272.105948591855 17849
stats: connect 0 0 0 1742.691162109375 121.701904296875 140.29558014048652 5982
stats: 302 40 1935
stats: match_stop 0 3398
stats: 504 0 3
stats: nomatch 52 14503
stats: 200 13 12569
stats: size_rcv 5787401 564234078
stats: 502 0 3395
stats: match 0 3398
stats: size_sent 18799 5485570
stats: connected -6 48
# stats: dump at 1399481240
stats: users 38 273
stats: session 9 676067.0435655382 19535.954197172596 808028.7387695313 168.18603515625 28220.396290666795 5935
stats: users_count 0 5982
stats: finish_users_count 9 5944
stats: request 43 7804.196868186773 18635.151979070855 60058.349853515625 21.93115234375 7263.138934045563 17901
stats: page 43 7804.196868186773 18635.151979070855 60058.349853515625 21.93115234375 7263.138934045563 17901
stats: connect 0 0 0 1742.691162109375 121.701904296875 140.29558014048652 5982
stats: 302 29 1964
stats: match_stop 1 3399
stats: 504 1 4
stats: nomatch 42 14545
stats: 200 12 12581
stats: size_rcv 7223175 571457253
stats: 502 0 3395
stats: match 1 3399
stats: size_sent 14328 5499898
stats: connected -10 38
# stats: dump at 1399481250
stats: users 32 273
stats: session 6 682886.2760416666 14561.358611223966 808028.7387695313 168.18603515625 29201.32156413144 5944
stats: users_count 0 5982
stats: finish_users_count 6 5950
stats: request 40 7580.92631225586 16472.22153889636 60058.349853515625 21.93115234375 7264.435495078112 17944
stats: connect 0 0 0 1742.691162109375 121.701904296875 140.29558014048652 5982
stats: page 40 7580.92631225586 16472.22153889636 60058.349853515625 21.93115234375 7264.435495078112 17944
stats: 302 32 1996
stats: match_stop 0 3399
stats: 504 0 4
stats: nomatch 40 14585
stats: 200 8 12589
stats: size_rcv 9994754 581452007
stats: 502 0 3395
stats: match 0 3399
stats: size_sent 13357 5513255
stats: connected -5 33
# stats: dump at 1399481260
stats: users 24 273
stats: session 8 694226.1131286621 28275.247928128287 808028.7387695313 168.18603515625 29860.499669486937 5950
stats: users_count 0 5982
stats: finish_users_count 8 5958
stats: request 53 9241.60247917895 16302.835619319383 60058.349853515625 21.93115234375 7265.139433728418 17984
stats: connect 0 0 0 1742.691162109375 121.701904296875 140.29558014048652 5982
stats: page 53 9241.60247917895 16302.835619319383 60058.349853515625 21.93115234375 7265.139433728418 17984
stats: 302 37 2033
stats: match_stop 0 3399
stats: 504 0 4
stats: nomatch 53 14638
stats: 200 17 12606
stats: size_rcv 19090743 600542750
stats: 502 0 3395
stats: match 0 3399
stats: size_sent 14586 5527841
stats: connected -9 24
# stats: dump at 1399481270
stats: users 16 273
stats: session 8 698406.7021179199 18693.43722364901 808028.7387695313 168.18603515625 30752.56494435659 5958
stats: users_count 0 5982
stats: finish_users_count 8 5966
stats: request 58 3605.2493896484375 8180.143801883608 60058.349853515625 21.93115234375 7270.947081419768 18037
stats: connect 0 0 0 1742.691162109375 121.701904296875 140.29558014048652 5982
stats: page 58 3605.2493896484375 8180.143801883608 60058.349853515625 21.93115234375 7270.947081419768 18037
stats: 302 48 2081
stats: match_stop 0 3399
stats: 504 0 4
stats: nomatch 58 14696
stats: 200 9 12615
stats: size_rcv 13735069 614277819
stats: 502 0 3395
stats: match 0 3399
stats: size_sent 18224 5546065
stats: connected -8 16
# stats: dump at 1399481280
stats: users 4 273
stats: session 12 709182.9856567383 20766.641099081913 808028.7387695313 168.18603515625 31647.843706909138 5966
stats: users_count 0 5982
stats: finish_users_count 12 5978
stats: request 29 131.55277646821122 254.76964370025402 60058.349853515625 21.93115234375 7259.197401059297 18095
stats: page 29 131.55277646821122 254.76964370025402 60058.349853515625 21.93115234375 7259.197401059297 18095
stats: connect 0 0 0 1742.691162109375 121.701904296875 140.29558014048652 5982
stats: 302 28 2109
stats: match_stop 0 3399
stats: 504 0 4
stats: nomatch 29 14725
stats: 200 1 12616
stats: size_rcv 1425998 615703817
stats: 502 0 3395
stats: match 0 3399
stats: size_sent 10400 5556465
stats: connected -11 5
# stats: dump at 1399481290
stats: users 2 273
stats: session 2 717433.3740234375 18540.531982421875 808028.7387695313 168.18603515625 33007.90086706269 5978
stats: users_count 0 5982
stats: finish_users_count 2 5980
stats: request 6 81.781005859375 5.394494815512782 60058.349853515625 21.93115234375 7247.7925404262605 18124
stats: page 6 81.781005859375 5.394494815512782 60058.349853515625 21.93115234375 7247.7925404262605 18124
stats: connect 0 0 0 1742.691162109375 121.701904296875 140.29558014048652 5982
stats: 302 6 2115
stats: match_stop 0 3399
stats: 504 0 4
stats: nomatch 6 14731
stats: 200 0 12616
stats: size_rcv 6 615703823
stats: 502 0 3395
stats: match 0 3399
stats: size_sent 2045 5558510
stats: connected -3 2
# stats: dump at 1399481300
stats: users 1 273
stats: session 1 708003.1450195313 0.0 808028.7387695313 168.18603515625 33236.80570758322 5980
stats: users_count 0 5982
stats: finish_users_count 1 5981
stats: request 1 76.944091796875 0.0 60058.349853515625 21.93115234375 7245.420997723149 18130
stats: page 1 76.944091796875 0.0 60058.349853515625 21.93115234375 7245.420997723149 18130
stats: 302 1 2116
stats: connect 0 0 0 1742.691162109375 121.701904296875 140.29558014048652 5982
stats: match_stop 0 3399
stats: 504 0 4
stats: nomatch 1 14732
stats: 200 0 12616
stats: size_rcv 1 615703824
stats: 502 0 3395
stats: match 0 3399
stats: size_sent 289 5558799
stats: connected -1 1
# stats: dump at 1399481307
stats: users 0 273
stats: session 1 715907.4641113281 0.0 808028.7387695313 168.18603515625 33349.624022131284 5981
stats: users_count 0 5982
stats: finish_users_count 1 5982
stats: request 1 82.409912109375 0.0 60058.349853515625 21.93115234375 7245.025626430561 18131
stats: 302 1 2117
stats: page 1 82.409912109375 0.0 60058.349853515625 21.93115234375 7245.025626430561 18131
stats: connect 0 0 0 1742.691162109375 121.701904296875 140.29558014048652 5982
stats: match_stop 0 3399
stats: 504 0 4
stats: nomatch 1 14733
stats: 200 0 12616
stats: size_rcv 1 615703825
stats: 502 0 3395
stats: match 0 3399
stats: size_sent 289 5559088
stats: connected -1 0
EndMonitor:{1399,481307,38460}
