# stats: dump at 1399470079
stats: users 1 1
stats: users_count 1 1
stats: finish_users_count 0 0
stats: request 2 154.5980224609375 107.7930908203125 262.39111328125 46.804931640625 0 0
stats: page 2 154.5980224609375 107.7930908203125 262.39111328125 46.804931640625 0 0
stats: connect 1 189.98876953125 0.0 189.98876953125 189.98876953125 0 0
stats: nomatch 2 2
stats: 200 2 2
stats: size_rcv 22959 22959
stats: size_sent 535 535
stats: connected 1 1
# stats: dump at 1399470089
stats: users 2 3
stats: session 1 4079.078125 0 4079.078125 4079.078125 0 0
stats: users_count 2 3
stats: finish_users_count 1 1
stats: request 6 163.84366861979166 126.34658151275863 406.14697265625 43.903076171875 154.5980224609375 2
stats: page 6 163.84366861979166 126.34658151275863 406.14697265625 43.903076171875 154.5980224609375 2
stats: connect 2 140.66748046875 2.784423828125 189.98876953125 137.883056640625 189.98876953125 1
stats: nomatch 6 8
stats: 200 6 8
stats: size_rcv 59969 82928
stats: size_sent 1806 2341
stats: connected 1 2
# stats: dump at 1399470099
stats: users 3 3
stats: session 0 0 0 4079.078125 4079.078125 4079.078125 1
stats: users_count 1 4
stats: finish_users_count 0 1
stats: request 4 247.34466552734375 190.16771875708088 491.06103515625 40.302978515625 161.53225708007813 8
stats: page 4 247.34466552734375 190.16771875708088 491.06103515625 40.302978515625 161.53225708007813 8
stats: connect 0 0 0 189.98876953125 137.883056640625 157.10791015625 3
stats: 302 1 1
stats: nomatch 4 12
stats: 200 3 11
stats: size_rcv 23893 106821
stats: size_sent 1546 3887
stats: connected 0 2
# stats: dump at 1399470109
stats: users 2 4
stats: session 3 16816.794026692707 11159.142739544981 29539.916015625 2369.361083984375 4079.078125 1
stats: users_count 2 6
stats: finish_users_count 3 4
stats: request 9 224.04226345486111 180.35757704334355 597.289794921875 40.302978515625 190.13639322916666 12
stats: page 9 224.04226345486111 180.35757704334355 597.289794921875 40.302978515625 190.13639322916666 12
stats: connect 3 141.875 1.678355163191069 189.98876953125 137.883056640625 157.10791015625 3
stats: 302 1 2
stats: nomatch 9 21
stats: 200 8 19
stats: size_rcv 109338 216159
stats: size_sent 3221 7108
stats: connected 0 2
# stats: dump at 1399470119
stats: users 2 4
stats: session 0 0 0 29539.916015625 2369.361083984375 13632.365051269531 4
stats: users_count 0 6
stats: finish_users_count 0 4
stats: request 8 168.32562255859375 152.61088399197433 597.289794921875 39.932861328125 204.66748046875 21
stats: page 8 168.32562255859375 152.61088399197433 597.289794921875 39.932861328125 204.66748046875 21
stats: connect 0 0 0 189.98876953125 137.883056640625 149.491455078125 6
stats: 302 2 4
stats: nomatch 8 29
stats: 200 6 25
stats: size_rcv 60833 276992
stats: size_sent 2513 9621
stats: connected 0 2
# stats: dump at 1399470129
stats: users 3 4
stats: session 2 13986.373901367188 9765.863891601563 29539.916015625 2369.361083984375 13632.365051269531 4
stats: users_count 3 9
stats: finish_users_count 2 6
stats: request 11 164.1433993252841 123.11718171519419 597.289794921875 39.1689453125 194.64214035560346 29
stats: page 11 164.1433993252841 123.11718171519419 597.289794921875 39.1689453125 194.64214035560346 29
stats: connect 2 136.407470703125 9.98046875 189.98876953125 126.427001953125 149.491455078125 6
stats: 302 2 6
stats: nomatch 11 40
stats: 200 9 34
stats: size_rcv 112709 389701
stats: size_sent 3288 12909
stats: connected 0 2
# stats: dump at 1399470139
stats: users 2 4
stats: session 2 5917.575439453125 3388.685546875 29539.916015625 2369.361083984375 13750.368001302084 6
stats: users_count 1 10
stats: finish_users_count 2 8
stats: request 9 207.58515082465277 142.84567183180351 597.289794921875 38.976806640625 186.25498657226564 40
stats: page 9 207.58515082465277 142.84567183180351 597.289794921875 38.976806640625 186.25498657226564 40
stats: connect 2 133.10400390625 0.02099609375 189.98876953125 126.427001953125 146.220458984375 8
stats: 302 2 8
stats: nomatch 9 49
stats: 200 7 41
stats: size_rcv 81366 471067
stats: size_sent 3158 16067
stats: connected 0 2
# stats: dump at 1399470149
stats: users 3 4
stats: session 0 0 0 29539.916015625 2369.361083984375 11792.169860839844 8
stats: users_count 1 11
stats: finish_users_count 0 8
stats: request 10 134.1302978515625 113.61371654063413 597.289794921875 38.976806640625 190.17277184311226 49
stats: page 10 134.1302978515625 113.61371654063413 597.289794921875 38.976806640625 190.17277184311226 49
stats: connect 0 0 0 189.98876953125 126.427001953125 143.59716796875 10
stats: 302 1 9
stats: nomatch 10 59
stats: 200 9 50
stats: size_rcv 78882 549949
stats: size_sent 3307 19374
stats: connected 0 2
# stats: dump at 1399470159
stats: users 2 4
stats: session 1 36434.989990234375 0.0 36434.989990234375 2369.361083984375 11792.169860839844 8
stats: users_count 0 11
stats: finish_users_count 1 9
stats: request 7 355.76021902901783 346.92425251822584 1130.47314453125 38.976806640625 180.67404743776484 59
stats: page 7 355.76021902901783 346.92425251822584 1130.47314453125 38.976806640625 180.67404743776484 59
stats: connect 1 140.574951171875 0.0 189.98876953125 126.427001953125 143.59716796875 10
stats: 302 2 11
stats: nomatch 7 66
stats: 200 5 55
stats: size_rcv 1189912 1739861
stats: size_sent 2623 21997
stats: connected 0 2
# stats: dump at 1399470169
stats: users 3 4
stats: session 0 0 0 36434.989990234375 2369.361083984375 14530.260986328125 9
stats: users_count 1 12
stats: finish_users_count 0 9
stats: request 6 110.58463541666667 106.92604809913496 1130.47314453125 38.976806640625 199.2437929095644 66
stats: page 6 110.58463541666667 106.92604809913496 1130.47314453125 38.976806640625 199.2437929095644 66
stats: connect 0 0 0 189.98876953125 126.427001953125 143.3224209872159 11
stats: 302 0 11
stats: nomatch 6 72
stats: 200 6 61
stats: size_rcv 33656 1773517
stats: size_sent 2026 24023
stats: connected 0 2
# stats: dump at 1399470179
stats: users 5 5
stats: session 1 1017.294189453125 0.0 36434.989990234375 1017.294189453125 14530.260986328125 9
stats: users_count 3 15
stats: finish_users_count 1 10
stats: request 11 181.69788707386363 131.4658730672824 1130.47314453125 38.976806640625 191.85552978515625 72
stats: page 11 181.69788707386363 131.4658730672824 1130.47314453125 38.976806640625 191.85552978515625 72
stats: connect 3 134.0419921875 9.82261791091808 189.98876953125 126.427001953125 143.3224209872159 11
stats: 302 3 14
stats: nomatch 11 83
stats: 200 8 69
stats: size_rcv 101564 1875081
stats: size_sent 4364 28387
stats: connected 2 4
# stats: dump at 1399470189
stats: users 8 8
stats: session 0 0 0 36434.989990234375 1017.294189453125 13178.964306640624 10
stats: users_count 3 18
stats: finish_users_count 0 10
stats: request 17 280.9627900965074 327.05119095871237 1404.18017578125 38.426025390625 190.50933617281626 83
stats: page 17 280.9627900965074 327.05119095871237 1404.18017578125 38.426025390625 190.50933617281626 83
stats: connect 4 129.2725830078125 1.9667912116627413 189.98876953125 126.427001953125 141.33375767299108 14
stats: 302 1 15
stats: nomatch 17 100
stats: 200 16 85
stats: size_rcv 1568367 3443448
stats: size_sent 5326 33713
stats: connected 4 8
# stats: dump at 1399470199
stats: users 10 11
stats: session 1 20617.60400390625 0.0 36434.989990234375 1017.294189453125 13178.964306640624 10
stats: users_count 3 21
stats: finish_users_count 1 11
stats: request 19 219.29911081414474 234.9959345964949 1404.18017578125 36.85791015625 205.88642333984376 100
stats: page 19 219.29911081414474 234.9959345964949 1404.18017578125 36.85791015625 205.88642333984376 100
stats: connect 2 126.4854736328125 3.2574462890625 189.98876953125 123.22802734375 138.65349663628473 18
stats: 302 4 19
stats: nomatch 19 119
stats: 200 15 100
stats: size_rcv 189465 3632913
stats: size_sent 6875 40588
stats: connected 1 9
# stats: dump at 1399470209
stats: users 11 11
stats: session 1 15566.862060546875 0.0 36434.989990234375 1017.294189453125 13855.204279119318 11
stats: users_count 2 23
stats: finish_users_count 1 12
stats: request 33 173.54364198626888 150.3002579430612 1404.18017578125 36.85791015625 208.027944869354 119
stats: page 33 173.54364198626888 150.3002579430612 1404.18017578125 36.85791015625 208.027944869354 119
stats: connect 3 130.08439127604166 5.292454131549357 189.98876953125 123.22802734375 137.4366943359375 20
stats: 302 6 25
stats: nomatch 33 152
stats: 200 27 127
stats: size_rcv 293742 3926655
stats: size_sent 11039 51627
stats: connected 2 11
# stats: dump at 1399470219
stats: users 9 11
stats: session 2 30333.864868164063 6410.6510009765625 36744.515869140625 1017.294189453125 13997.842427571615 12
stats: users_count 0 23
stats: finish_users_count 2 14
stats: request 29 179.49808054956895 162.22347925399885 1404.18017578125 36.64599609375 200.54122121710526 152
stats: page 29 179.49808054956895 162.22347925399885 1404.18017578125 36.64599609375 200.54122121710526 152
stats: connect 0 0 0 189.98876953125 123.22802734375 136.47769828464675 23
stats: 302 7 32
stats: nomatch 29 181
stats: 200 22 149
stats: size_rcv 243557 4170212
stats: size_sent 10666 62293
stats: connected -2 9
# stats: dump at 1399470229
stats: users 9 11
stats: session 2 24292.744506835938 650.5416259765625 36744.515869140625 1017.294189453125 16331.55991908482 14
stats: users_count 2 25
stats: finish_users_count 2 16
stats: request 19 282.5747841282895 269.5739099143555 1404.18017578125 36.51708984375 197.16966829247238 181
stats: page 19 282.5747841282895 269.5739099143555 1404.18017578125 36.51708984375 197.16966829247238 181
stats: connect 0 0 0 189.98876953125 123.22802734375 136.47769828464675 23
stats: 302 7 39
stats: nomatch 19 200
stats: 200 12 161
stats: size_rcv 1251907 5422119
stats: size_sent 7486 69779
stats: connected -2 7
# stats: dump at 1399470239
stats: users 8 11
stats: session 1 5515.094970703125 0.0 36744.515869140625 1017.294189453125 17326.70799255371 16
stats: users_count 0 25
stats: finish_users_count 1 17
stats: request 17 188.7146714154412 135.19258156520266 1404.18017578125 36.51708984375 205.283154296875 200
stats: page 17 188.7146714154412 135.19258156520266 1404.18017578125 36.51708984375 205.283154296875 200
stats: connect 2 129.7230224609375 0.1849365234375 189.98876953125 123.22802734375 136.47769828464675 23
stats: 302 3 42
stats: nomatch 17 217
stats: 200 14 175
stats: size_rcv 186407 5608526
stats: size_sent 5683 75462
stats: connected 1 8
# stats: dump at 1399470249
stats: users 7 11
stats: session 3 27509.317708333332 17956.61641841453 48891.404052734375 1017.294189453125 16631.9072265625 17
stats: users_count 2 27
stats: finish_users_count 3 20
stats: request 23 170.92312754755434 139.67791299494812 1404.18017578125 36.51708984375 203.98516255040323 217
stats: page 23 170.92312754755434 139.67791299494812 1404.18017578125 36.51708984375 203.98516255040323 217
stats: connect 2 131.6204833984375 2.6644287109375 189.98876953125 123.22802734375 135.93732421875 25
stats: 302 4 46
stats: nomatch 23 240
stats: 200 19 194
stats: size_rcv 154972 5763498
stats: size_sent 7984 83446
stats: connected -1 7
# stats: dump at 1399470259
stats: users 7 11
stats: session 0 0 0 48891.404052734375 1017.294189453125 18263.518798828125 20
stats: users_count 0 27
stats: finish_users_count 0 20
stats: request 22 252.3629816228693 325.6691442973205 1404.18017578125 36.51708984375 200.81671752929688 240
stats: page 22 252.3629816228693 325.6691442973205 1404.18017578125 36.51708984375 200.81671752929688 240
stats: connect 0 0 0 189.98876953125 123.22802734375 135.6175582320602 27
stats: 302 5 51
stats: nomatch 22 262
stats: 200 17 211
stats: size_rcv 2685941 8449439
stats: size_sent 8727 92173
stats: connected 0 7
# stats: dump at 1399470269
stats: users 9 11
stats: session 0 0 0 48891.404052734375 1017.294189453125 18263.518798828125 20
stats: users_count 2 29
stats: finish_users_count 0 20
stats: connect 0 0 0 189.98876953125 123.22802734375 135.6175582320602 27
stats: request 16 279.9775390625 419.4761470674648 1404.18017578125 36.51708984375 205.14502978142892 262
stats: page 16 279.9775390625 419.4761470674648 1404.18017578125 36.51708984375 205.14502978142892 262
stats: 302 2 53
stats: nomatch 16 278
stats: 200 14 225
stats: size_rcv 2952421 11401860
stats: size_sent 5007 97180
stats: connected 0 7
# stats: dump at 1399470279
stats: users 11 11
stats: session 0 0 0 48891.404052734375 1017.294189453125 18263.518798828125 20
stats: users_count 2 31
stats: finish_users_count 0 20
stats: request 21 345.0153576078869 337.3147308717979 1404.18017578125 36.51708984375 209.45193679041142 278
stats: page 21 345.0153576078869 337.3147308717979 1404.18017578125 36.51708984375 209.45193679041142 278
stats: connect 3 129.67667643229166 0.45870245894791006 189.98876953125 123.22802734375 135.6175582320602 27
stats: 302 7 60
stats: nomatch 21 299
stats: 200 14 239
stats: size_rcv 1572803 12974663
stats: size_sent 8367 105547
stats: connected 3 10
# stats: dump at 1399470289
stats: users 10 11
stats: session 1 12271.35595703125 0.0 48891.404052734375 1017.294189453125 18263.518798828125 20
stats: users_count 0 31
stats: finish_users_count 1 21
stats: request 23 229.26325789741847 236.01411108031468 1404.18017578125 36.51708984375 218.97311350334448 299
stats: page 23 229.26325789741847 236.01411108031468 1404.18017578125 36.51708984375 218.97311350334448 299
stats: connect 1 124.6591796875 0.0 189.98876953125 123.22802734375 135.02347005208333 30
stats: 302 5 65
stats: nomatch 23 322
stats: 200 18 257
stats: size_rcv 1292475 14267138
stats: size_sent 8426 113973
stats: connected 0 10
# stats: dump at 1399470299
stats: users 8 11
stats: session 4 61054.116455078125 77707.17308059386 194400.5859375 1017.294189453125 17978.177711123513 21
stats: users_count 2 33
stats: finish_users_count 4 25
stats: request 30 248.3939697265625 337.15305810514724 1404.18017578125 36.51708984375 219.7081238172069 322
stats: page 30 248.3939697265625 337.15305810514724 1404.18017578125 36.51708984375 219.7081238172069 322
stats: connect 1 135.875 0.0 189.98876953125 123.22802734375 134.68913810483872 31
stats: 302 8 73
stats: nomatch 30 352
stats: 200 22 279
stats: size_rcv 2769843 17036981
stats: size_sent 10336 124309
stats: connected -3 7
# stats: dump at 1399470309
stats: users 7 11
stats: session 2 18036.059936523438 9223.945922851563 194400.5859375 1017.294189453125 24870.32791015625 25
stats: users_count 1 34
stats: finish_users_count 2 27
stats: connect 1 125.3701171875 0.0 189.98876953125 123.22802734375 134.7261962890625 32
stats: request 14 349.59416852678567 433.05545184456497 1404.18017578125 36.51708984375 222.1529402299361 352
stats: page 14 349.59416852678567 433.05545184456497 1404.18017578125 36.51708984375 222.1529402299361 352
stats: 302 3 76
stats: nomatch 14 366
stats: 200 11 290
stats: size_rcv 2926986 19963967
stats: size_sent 4994 129303
stats: connected -1 6
# stats: dump at 1399470319
stats: users 8 11
stats: session 0 0 0 194400.5859375 1017.294189453125 24364.085838035302 27
stats: users_count 1 35
stats: finish_users_count 0 27
stats: request 17 242.67224839154412 262.1072276216064 1404.18017578125 36.51708984375 227.02774131232923 366
stats: page 17 242.67224839154412 262.1072276216064 1404.18017578125 36.51708984375 227.02774131232923 366
stats: connect 1 128.01904296875 0.0 189.98876953125 123.22802734375 134.4426787405303 33
stats: 302 4 80
stats: nomatch 17 383
stats: 200 13 303
stats: size_rcv 1235489 21199456
stats: size_sent 5934 135237
stats: connected 1 7
# stats: dump at 1399470329
stats: users 8 11
stats: session 1 5140.489990234375 0.0 194400.5859375 1017.294189453125 24364.085838035302 27
stats: users_count 1 36
stats: finish_users_count 1 28
stats: request 21 216.07547433035714 191.67557904127116 1404.18017578125 36.51708984375 227.72214502080612 383
stats: page 21 216.07547433035714 191.67557904127116 1404.18017578125 36.51708984375 227.72214502080612 383
stats: connect 1 149.47900390625 0.0 189.98876953125 123.22802734375 134.25374827665442 34
stats: 302 5 85
stats: nomatch 21 404
stats: 200 16 319
stats: size_rcv 158094 21357550
stats: size_sent 7171 142408
stats: connected 0 7
# stats: dump at 1399470339
stats: users 7 11
stats: session 2 2009.9739990234375 213.1419677734375 194400.5859375 1017.294189453125 23677.528843470984 28
stats: users_count 1 37
stats: finish_users_count 2 30
stats: request 20 519.1359497070313 809.882722473111 2632.864990234375 36.51708984375 227.11674877204518 404
stats: 302 9 94
stats: page 20 519.1359497070313 809.882722473111 2632.864990234375 36.51708984375 227.11674877204518 404
stats: connect 2 130.6876220703125 0.0035400390625 189.98876953125 123.22802734375 134.68875558035714 35
stats: nomatch 20 424
stats: 200 11 330
stats: size_rcv 4339449 25696999
stats: size_sent 7681 150089
stats: connected 0 7
# stats: dump at 1399470349
stats: users 6 11
stats: session 1 200893.8359375 0.0 200893.8359375 1017.294189453125 22233.02518717448 30
stats: users_count 0 37
stats: finish_users_count 1 31
stats: request 20 284.78179931640625 437.0079959582294 2632.864990234375 36.51708984375 240.89123938218603 424
stats: page 20 284.78179931640625 437.0079959582294 2632.864990234375 36.51708984375 240.89123938218603 424
stats: connect 0 0 0 189.98876953125 123.22802734375 134.4724780933277 37
stats: 302 4 98
stats: nomatch 20 444
stats: 200 16 346
stats: size_rcv 4137170 29834169
stats: size_sent 6378 156467
stats: connected -1 6
# stats: dump at 1399470359
stats: users 5 11
stats: session 2 95295.8115234375 91610.25756835938 200893.8359375 1017.294189453125 27996.277146862398 31
stats: users_count 1 38
stats: finish_users_count 2 33
stats: request 11 138.94482421875 102.89256543264932 2632.864990234375 36.51708984375 242.86829163147522 444
stats: page 11 138.94482421875 102.89256543264932 2632.864990234375 36.51708984375 242.86829163147522 444
stats: connect 1 141.708984375 0.0 189.98876953125 123.22802734375 134.4724780933277 37
stats: 302 4 102
stats: nomatch 11 455
stats: 200 7 353
stats: size_rcv 28133 29862302
stats: size_sent 3923 160390
stats: connected -1 5
# stats: dump at 1399470369
stats: users 5 11
stats: session 0 0 0 200893.8359375 1017.294189453125 32075.036806048767 33
stats: users_count 0 38
stats: finish_users_count 0 33
stats: request 12 386.39093017578125 361.4109633197783 2632.864990234375 36.51708984375 240.35585615556317 455
stats: page 12 386.39093017578125 361.4109633197783 2632.864990234375 36.51708984375 240.35585615556317 455
stats: connect 0 0 0 189.98876953125 123.22802734375 134.66291246916117 38
stats: 302 6 108
stats: nomatch 12 467
stats: 200 6 359
stats: size_rcv 1476459 31338761
stats: size_sent 5246 165636
stats: connected 0 5
# stats: dump at 1399470379
stats: users 8 11
stats: session 0 0 0 200893.8359375 1017.294189453125 32075.036806048767 33
stats: users_count 3 41
stats: finish_users_count 0 33
stats: request 19 232.55861944901315 296.8375831564241 2632.864990234375 36.51708984375 244.1083634109007 467
stats: page 19 232.55861944901315 296.8375831564241 2632.864990234375 36.51708984375 244.1083634109007 467
stats: connect 1 139.1572265625 0.0 189.98876953125 123.22802734375 134.66291246916117 38
stats: 302 5 113
stats: nomatch 19 486
stats: 200 14 373
stats: size_rcv 1551142 32889903
stats: size_sent 7085 172721
stats: connected 1 6
# stats: dump at 1399470389
stats: users 7 11
stats: session 1 204388.73803710938 0.0 204388.73803710938 1017.294189453125 32075.036806048767 33
stats: users_count 0 41
stats: finish_users_count 1 34
stats: request 20 138.5635498046875 120.82978030067267 2632.864990234375 36.51708984375 243.6568302107446 486
stats: page 20 138.5635498046875 120.82978030067267 2632.864990234375 36.51708984375 243.6568302107446 486
stats: connect 2 129.11083984375 4.39501953125 189.98876953125 123.22802734375 134.7781512920673 39
stats: 302 5 118
stats: nomatch 20 506
stats: 200 15 388
stats: size_rcv 163057 33052960
stats: size_sent 6781 179502
stats: connected 1 7
# stats: dump at 1399470399
stats: users 6 11
stats: session 4 9498.211669921875 8535.784164449406 204388.73803710938 514.35498046875 37143.08684225643 34
stats: users_count 3 44
stats: finish_users_count 4 38
stats: request 16 245.21939086914063 329.5983829899417 2632.864990234375 36.51708984375 239.5029456097147 506
stats: page 16 245.21939086914063 329.5983829899417 2632.864990234375 36.51708984375 239.5029456097147 506
stats: connect 2 131.322509765625 3.33642578125 189.98876953125 123.22802734375 134.5016970750762 41
stats: 302 2 120
stats: nomatch 16 522
stats: 200 14 402
stats: size_rcv 1543512 34596472
stats: size_sent 6314 185816
stats: connected -2 5
# stats: dump at 1399470409
stats: users 6 11
stats: session 0 0 0 204388.73803710938 514.35498046875 34233.09998201069 38
stats: users_count 0 44
stats: finish_users_count 0 38
stats: request 13 349.26305213341345 436.5753280079791 2632.864990234375 36.51708984375 239.67816232264727 522
stats: page 13 349.26305213341345 436.5753280079791 2632.864990234375 36.51708984375 239.67816232264727 522
stats: connect 1 126.658935546875 0.0 189.98876953125 123.22802734375 134.35382789789244 43
stats: 302 2 122
stats: nomatch 13 535
stats: 200 11 413
stats: size_rcv 2646979 37243451
stats: size_sent 4237 190053
stats: connected 1 6
# stats: dump at 1399470419
stats: users 6 11
stats: session 1 394.8798828125 0.0 204388.73803710938 394.8798828125 34233.09998201069 38
stats: users_count 1 45
stats: finish_users_count 1 39
stats: request 15 327.00572916666664 334.8877198431277 2632.864990234375 35.3369140625 242.34097272926402 535
stats: page 15 327.00572916666664 334.8877198431277 2632.864990234375 35.3369140625 242.34097272926402 535
stats: 302 4 126
stats: connect 1 128.921875 0.0 189.98876953125 123.22802734375 134.17894398082387 44
stats: nomatch 15 550
stats: 200 11 424
stats: size_rcv 1518968 38762419
stats: size_sent 4407 194460
stats: connected 0 6
# stats: dump at 1399470429
stats: users 5 11
stats: session 1 30385.345947265625 0.0 204388.73803710938 394.8798828125 33365.453312800484 39
stats: users_count 0 45
stats: finish_users_count 1 40
stats: request 11 389.5513805042614 385.1162426311903 2632.864990234375 35.3369140625 244.65001154119318 550
stats: 302 4 130
stats: page 11 389.5513805042614 385.1162426311903 2632.864990234375 35.3369140625 244.65001154119318 550
stats: connect 0 0 0 189.98876953125 123.22802734375 134.06212022569446 45
stats: nomatch 11 561
stats: 200 7 431
stats: size_rcv 1502625 40265044
stats: size_sent 4573 199033
stats: connected -1 5
# stats: dump at 1399470439
stats: users 5 11
stats: session 0 0 0 204388.73803710938 394.8798828125 33290.95062866212 40
stats: users_count 0 45
stats: finish_users_count 0 40
stats: request 10 235.9988525390625 378.81254609977424 2632.864990234375 35.3369140625 247.4912148541945 561
stats: page 10 235.9988525390625 378.81254609977424 2632.864990234375 35.3369140625 247.4912148541945 561
stats: 302 5 135
stats: connect 0 0 0 189.98876953125 123.22802734375 134.06212022569446 45
stats: nomatch 10 571
stats: 200 5 436
stats: size_rcv 1492861 41757905
stats: size_sent 3549 202582
stats: connected 0 5
# stats: dump at 1399470449
stats: users 4 11
stats: session 2 137899.3475341797 134581.4483642578 272480.7958984375 394.8798828125 33290.95062866212 40
stats: users_count 1 46
stats: finish_users_count 2 42
stats: request 15 253.97592773437498 328.3688180040213 2632.864990234375 35.3369140625 247.28994756321148 571
stats: connect 1 127.275146484375 0.0 189.98876953125 123.22802734375 134.06212022569446 45
stats: page 15 253.97592773437498 328.3688180040213 2632.864990234375 35.3369140625 247.28994756321148 571
stats: 302 8 143
stats: nomatch 15 586
stats: 200 7 443
stats: size_rcv 1460465 43218370
stats: size_sent 4972 207554
stats: connected -1 4
# stats: dump at 1399470459
stats: users 3 11
stats: session 1 210307.92797851563 0.0 272480.7958984375 394.8798828125 38272.3028622582 42
stats: users_count 0 46
stats: finish_users_count 1 43
stats: request 10 287.9480224609375 368.0983046687894 2632.864990234375 35.3369140625 247.4610904003573 586
stats: 302 5 148
stats: page 10 287.9480224609375 368.0983046687894 2632.864990234375 35.3369140625 247.4610904003573 586
stats: connect 0 0 0 189.98876953125 123.22802734375 133.91457731827447 46
stats: nomatch 10 596
stats: 200 5 448
stats: size_rcv 1472879 44691249
stats: size_sent 3760 211314
stats: connected -1 3
# stats: dump at 1399470469
stats: users 3 11
stats: session 1 2292.093994140625 0.0 272480.7958984375 394.8798828125 42273.131353333956 43
stats: users_count 1 47
stats: finish_users_count 1 44
stats: request 11 122.04137073863636 85.74404238303774 2632.864990234375 35.3369140625 248.14040134097107 596
stats: page 11 122.04137073863636 85.74404238303774 2632.864990234375 35.3369140625 248.14040134097107 596
stats: connect 1 144.716064453125 0.0 189.98876953125 123.22802734375 133.91457731827447 46
stats: 302 3 151
stats: nomatch 11 607
stats: 200 8 456
stats: size_rcv 80673 44771922
stats: size_sent 3655 214969
stats: connected 0 3
# stats: dump at 1399470479
stats: users 2 11
stats: session 2 139879.96716308594 139613.18200683594 279493.1491699219 266.78515625 41364.47141335229 44
stats: users_count 1 48
stats: finish_users_count 2 46
stats: page 7 311.03187779017856 430.60882323556916 2632.864990234375 35.3369140625 245.85524592643122 607
stats: request 7 311.03187779017856 430.60882323556916 2632.864990234375 35.3369140625 245.85524592643122 607
stats: connect 1 123.281982421875 0.0 189.98876953125 123.22802734375 134.14439619348406 47
stats: 302 3 154
stats: nomatch 7 614
stats: 200 4 460
stats: size_rcv 1450204 46222126
stats: size_sent 2612 217581
stats: connected -1 2
# stats: dump at 1399470489
stats: users 2 11
stats: session 0 0 0 279493.1491699219 266.78515625 45647.75383725376 46
stats: users_count 0 48
stats: finish_users_count 0 46
stats: request 7 335.12583705357144 357.458079419405 2632.864990234375 35.3369140625 246.59830199002442 614
stats: page 7 335.12583705357144 357.458079419405 2632.864990234375 35.3369140625 246.59830199002442 614
stats: 302 1 155
stats: connect 0 0 0 189.98876953125 123.22802734375 133.91809590657553 48
stats: nomatch 7 621
stats: 200 6 466
stats: size_rcv 1168192 47390318
stats: size_sent 2269 219850
stats: connected 0 2
# stats: dump at 1399470499
stats: users 2 11
stats: session 1 2011.816162109375 0.0 279493.1491699219 266.78515625 45647.75383725376 46
stats: users_count 1 49
stats: finish_users_count 1 47
stats: request 7 388.702880859375 429.10898385249425 2632.864990234375 35.3369140625 247.59619691022544 621
stats: page 7 388.702880859375 429.10898385249425 2632.864990234375 35.3369140625 247.59619691022544 621
stats: connect 1 128.805908203125 0.0 189.98876953125 123.22802734375 133.91809590657553 48
stats: 302 3 158
stats: nomatch 7 628
stats: 200 4 470
stats: size_rcv 1460110 48850428
stats: size_sent 2522 222372
stats: connected 0 2
# stats: dump at 1399470509
stats: users 2 11
stats: session 0 0 0 279493.1491699219 266.78515625 44719.32963139962 47
stats: users_count 0 49
stats: finish_users_count 0 47
stats: request 9 257.89935980902777 393.555214741163 2632.864990234375 35.3369140625 249.1690421134803 628
stats: page 9 257.89935980902777 393.555214741163 2632.864990234375 35.3369140625 249.1690421134803 628
stats: connect 0 0 0 189.98876953125 123.22802734375 133.8137655452806 49
stats: 302 3 161
stats: nomatch 9 637
stats: 200 6 476
stats: size_rcv 1466928 50317356
stats: size_sent 3390 225762
stats: connected 0 2
# stats: dump at 1399470519
stats: users 2 11
stats: session 2 106776.36694335938 103971.59594726563 279493.1491699219 266.78515625 44719.32963139962 47
stats: users_count 2 51
stats: finish_users_count 2 49
stats: request 5 194.277001953125 177.11067997122956 2632.864990234375 35.3369140625 249.2923904011725 637
stats: page 5 194.277001953125 177.11067997122956 2632.864990234375 35.3369140625 249.2923904011725 637
stats: connect 1 122.239013671875 0.0 189.98876953125 122.239013671875 133.8137655452806 49
stats: 302 3 164
stats: nomatch 5 642
stats: 200 2 478
stats: size_rcv 24375 50341731
stats: size_sent 1751 227513
stats: connected -1 1
# stats: dump at 1399470529
stats: users 1 11
stats: session 1 8002.137939453125 0.0 279493.1491699219 266.78515625 47252.26992984696 49
stats: users_count 0 51
stats: finish_users_count 1 50
stats: request 3 130.15966796875 50.672264590879564 2632.864990234375 35.3369140625 248.86392164378893 642
stats: page 3 130.15966796875 50.672264590879564 2632.864990234375 35.3369140625 248.86392164378893 642
stats: connect 1 135.837890625 0.0 189.98876953125 122.239013671875 133.5822705078125 50
stats: 302 0 164
stats: nomatch 3 645
stats: 200 3 481
stats: size_rcv 34282 50376013
stats: size_sent 771 228284
stats: connected 0 1
# stats: dump at 1399470539
stats: users 3 11
stats: session 0 0 0 279493.1491699219 266.78515625 46467.26729003908 50
stats: users_count 2 53
stats: finish_users_count 0 50
stats: request 2 151.344970703125 69.635009765625 2632.864990234375 35.3369140625 248.31180883599805 645
stats: page 2 151.344970703125 69.635009765625 2632.864990234375 35.3369140625 248.31180883599805 645
stats: connect 1 150.070068359375 0.0 189.98876953125 122.239013671875 133.62649835324754 51
stats: 302 0 164
stats: nomatch 2 647
stats: 200 2 483
stats: size_rcv 13205 50389218
stats: size_sent 547 228831
stats: connected 1 2
# stats: dump at 1399470549
stats: users 3 11
stats: session 1 9747.4501953125 0.0 279493.1491699219 266.78515625 46467.26729003908 50
stats: users_count 1 54
stats: finish_users_count 1 51
stats: request 9 300.059326171875 386.83376342355274 2632.864990234375 35.3369140625 248.0120659051391 647
stats: page 9 300.059326171875 386.83376342355274 2632.864990234375 35.3369140625 248.0120659051391 647
stats: connect 2 131.939453125 1.46337890625 189.98876953125 122.239013671875 133.9427208533654 52
stats: 302 2 166
stats: nomatch 9 656
stats: 200 7 490
stats: size_rcv 1496610 51885828
stats: size_sent 3459 232290
stats: connected 1 3
# stats: dump at 1399470559
stats: users 4 11
stats: session 0 0 0 279493.1491699219 266.78515625 45747.270876416995 51
stats: users_count 1 55
stats: finish_users_count 0 51
stats: request 8 282.4687194824219 197.89089455687613 2632.864990234375 35.3369140625 248.72612892709128 656
stats: page 8 282.4687194824219 197.89089455687613 2632.864990234375 35.3369140625 248.72612892709128 656
stats: connect 1 134.65087890625 0.0 189.98876953125 122.239013671875 133.8685257523148 54
stats: 302 1 167
stats: nomatch 8 664
stats: 200 7 497
stats: size_rcv 63430 51949258
stats: size_sent 2392 234682
stats: connected 1 4
# stats: dump at 1399470569
stats: users 5 11
stats: session 0 0 0 279493.1491699219 266.78515625 45747.270876416995 51
stats: users_count 1 56
stats: finish_users_count 0 51
stats: request 11 315.05373313210225 377.04579569436754 2632.864990234375 35.3369140625 249.13266616269766 664
stats: page 11 315.05373313210225 377.04579569436754 2632.864990234375 35.3369140625 249.13266616269766 664
stats: connect 0 0 0 189.98876953125 122.239013671875 133.88275035511364 55
stats: 302 4 171
stats: nomatch 11 675
stats: 200 7 504
stats: size_rcv 1490322 53439580
stats: size_sent 4105 238787
stats: connected 0 4
# stats: dump at 1399470579
stats: users 3 11
stats: session 3 21562.4052734375 12875.975832023496 279493.1491699219 266.78515625 45747.270876416995 51
stats: users_count 1 57
stats: finish_users_count 3 54
stats: request 14 179.2689208984375 131.6744131524401 2632.864990234375 35.3369140625 250.20693540219906 675
stats: page 14 179.2689208984375 131.6744131524401 2632.864990234375 35.3369140625 250.20693540219906 675
stats: connect 2 134.2679443359375 3.3748779296875 189.98876953125 122.239013671875 133.88275035511364 55
stats: 302 4 175
stats: nomatch 14 689
stats: 200 10 514
stats: size_rcv 150202 53589782
stats: size_sent 4530 243317
stats: connected -1 3
# stats: dump at 1399470589
stats: users 2 11
stats: session 1 209236.94995117188 0.0 279493.1491699219 266.78515625 44403.66723180702 54
stats: users_count 0 57
stats: finish_users_count 1 55
stats: request 4 71.21026611328125 15.09862274528332 2632.864990234375 35.3369140625 248.76552436728954 689
stats: page 4 71.21026611328125 15.09862274528332 2632.864990234375 35.3369140625 248.76552436728954 689
stats: connect 0 0 0 189.98876953125 122.239013671875 133.89626593338815 57
stats: 302 2 177
stats: nomatch 4 693
stats: 200 2 516
stats: size_rcv 15803 53605585
stats: size_sent 1358 244675
stats: connected -1 2
# stats: dump at 1399470599
stats: users 2 11
stats: session 0 0 0 279493.1491699219 266.78515625 47400.63600852274 55
stats: users_count 0 57
stats: finish_users_count 0 55
stats: request 2 337.426025390625 261.10498046875 2632.864990234375 35.3369140625 247.74067439179743 693
stats: page 2 337.426025390625 261.10498046875 2632.864990234375 35.3369140625 247.74067439179743 693
stats: connect 0 0 0 189.98876953125 122.239013671875 133.89626593338815 57
stats: 302 1 178
stats: nomatch 2 695
stats: 200 1 517
stats: size_rcv 2 53605587
stats: size_sent 728 245403
stats: connected 0 2
# stats: dump at 1399470609
stats: users 4 11
stats: session 1 28592.89794921875 0.0 279493.1491699219 266.78515625 47400.63600852274 55
stats: users_count 3 60
stats: finish_users_count 1 56
stats: request 6 193.73050944010416 131.71878118423516 2632.864990234375 35.3369140625 247.99876173280126 695
stats: page 6 193.73050944010416 131.71878118423516 2632.864990234375 35.3369140625 247.99876173280126 695
stats: connect 1 127.859130859375 0.0 189.98876953125 122.239013671875 133.89626593338815 57
stats: 302 1 179
stats: nomatch 6 701
stats: 200 5 522
stats: size_rcv 52174 53657761
stats: size_sent 2302 247705
stats: connected 0 2
# stats: dump at 1399470619
stats: users 3 11
stats: session 1 12975.774169921875 0.0 279493.1491699219 266.78515625 47064.78354317803 56
stats: users_count 0 60
stats: finish_users_count 1 57
stats: request 10 153.55595703125 116.57687227091184 2632.864990234375 35.3369140625 247.53426884584522 701
stats: page 10 153.55595703125 116.57687227091184 2632.864990234375 35.3369140625 247.53426884584522 701
stats: connect 2 132.4644775390625 2.1534423828125 189.98876953125 122.239013671875 133.7921773976293 58
stats: 302 1 180
stats: nomatch 10 711
stats: 200 9 531
stats: size_rcv 88196 53745957
stats: size_sent 3121 250826
stats: connected 1 3
# stats: dump at 1399470629
stats: users 3 11
stats: session 0 0 0 279493.1491699219 266.78515625 46466.73074715599 57
stats: users_count 0 60
stats: finish_users_count 0 57
stats: request 8 177.99273681640625 173.53452901679628 2632.864990234375 35.3369140625 246.2124923083685 711
stats: page 8 177.99273681640625 173.53452901679628 2632.864990234375 35.3369140625 246.2124923083685 711
stats: connect 0 0 0 189.98876953125 122.239013671875 133.74792073567707 60
stats: 302 2 182
stats: nomatch 8 719
stats: 200 6 537
stats: size_rcv 54116 53800073
stats: size_sent 2977 253803
stats: connected 0 3
# stats: dump at 1399470639
stats: users 2 11
stats: session 1 38985.0869140625 0.0 279493.1491699219 266.78515625 46466.73074715599 57
stats: users_count 0 60
stats: finish_users_count 1 58
stats: request 6 399.3216145833333 347.03099971877486 2632.864990234375 35.3369140625 245.45344078690022 719
stats: page 6 399.3216145833333 347.03099971877486 2632.864990234375 35.3369140625 245.45344078690022 719
stats: connect 0 0 0 189.98876953125 122.239013671875 133.74792073567707 60
stats: 302 3 185
stats: nomatch 6 725
stats: 200 3 540
stats: size_rcv 1164648 54964721
stats: size_sent 2374 256177
stats: connected 0 3
# stats: dump at 1399470649
stats: users 2 11
stats: session 0 0 0 279493.1491699219 266.78515625 46337.736887964726 58
stats: users_count 0 60
stats: finish_users_count 0 58
stats: request 2 153.00390625 21.93701171875 2632.864990234375 35.3369140625 246.72683257004311 725
stats: page 2 153.00390625 21.93701171875 2632.864990234375 35.3369140625 246.72683257004311 725
stats: connect 0 0 0 189.98876953125 122.239013671875 133.74792073567707 60
stats: 302 0 185
stats: nomatch 2 727
stats: 200 2 542
stats: size_rcv 43836 55008557
stats: size_sent 590 256767
stats: connected -1 2
# stats: dump at 1399470659
stats: users 2 11
stats: session 0 0 0 279493.1491699219 266.78515625 46337.736887964726 58
stats: users_count 0 60
stats: finish_users_count 0 58
stats: request 6 133.87202962239584 101.14970726769488 2632.864990234375 35.3369140625 246.4689978346372 727
stats: page 6 133.87202962239584 101.14970726769488 2632.864990234375 35.3369140625 246.4689978346372 727
stats: connect 0 0 0 189.98876953125 122.239013671875 133.74792073567707 60
stats: 302 1 186
stats: nomatch 6 733
stats: 200 5 547
stats: size_rcv 33629 55042186
stats: size_sent 2223 258990
stats: connected 0 2
# stats: dump at 1399470669
stats: users 2 11
stats: session 0 0 0 279493.1491699219 266.78515625 46337.736887964726 58
stats: users_count 0 60
stats: finish_users_count 0 58
stats: request 8 331.4361267089844 463.7858448644344 2632.864990234375 35.3369140625 245.54733097341833 733
stats: page 8 331.4361267089844 463.7858448644344 2632.864990234375 35.3369140625 245.54733097341833 733
stats: connect 0 0 0 189.98876953125 122.239013671875 133.74792073567707 60
stats: 302 2 188
stats: nomatch 8 741
stats: 200 6 553
stats: size_rcv 1461183 56503369
stats: size_sent 2964 261954
stats: connected 0 2
# stats: dump at 1399470679
stats: users 2 11
stats: session 0 0 0 279493.1491699219 266.78515625 46337.736887964726 58
stats: users_count 0 60
stats: finish_users_count 0 58
stats: request 4 94.6407470703125 20.83774498843838 2632.864990234375 35.3369140625 246.47460542130565 741
stats: page 4 94.6407470703125 20.83774498843838 2632.864990234375 35.3369140625 246.47460542130565 741
stats: 302 0 188
stats: connect 0 0 0 189.98876953125 122.239013671875 133.74792073567707 60
stats: nomatch 4 745
stats: 200 4 557
stats: size_rcv 35916 56539285
stats: size_sent 1240 263194
stats: connected 0 2
# stats: dump at 1399470689
stats: users 2 11
stats: session 0 0 0 279493.1491699219 266.78515625 46337.736887964726 58
stats: users_count 0 60
stats: finish_users_count 0 58
stats: request 4 163.47723388671875 120.26400880511623 2632.864990234375 35.3369140625 245.6593900744547 745
stats: page 4 163.47723388671875 120.26400880511623 2632.864990234375 35.3369140625 245.6593900744547 745
stats: 302 1 189
stats: connect 0 0 0 189.98876953125 122.239013671875 133.74792073567707 60
stats: nomatch 4 749
stats: 200 3 560
stats: size_rcv 32695 56571980
stats: size_sent 1691 264885
stats: connected 0 2
# stats: dump at 1399470699
stats: users 2 11
stats: session 0 0 0 279493.1491699219 266.78515625 46337.736887964726 58
stats: users_count 0 60
stats: finish_users_count 0 58
stats: request 4 440.2977294921875 464.5525367571973 2632.864990234375 35.3369140625 245.22050005476052 749
stats: page 4 440.2977294921875 464.5525367571973 2632.864990234375 35.3369140625 245.22050005476052 749
stats: 302 1 190
stats: connect 0 0 0 189.98876953125 122.239013671875 133.74792073567707 60
stats: nomatch 4 753
stats: 200 3 563
stats: size_rcv 1144377 57716357
stats: size_sent 1704 266589
stats: connected 0 2
# stats: dump at 1399470709
stats: users 2 11
stats: session 0 0 0 279493.1491699219 266.78515625 46337.736887964726 58
stats: users_count 0 60
stats: finish_users_count 0 58
stats: request 2 236.3590087890625 118.2030029296875 2632.864990234375 35.3369140625 246.25676687780128 753
stats: page 2 236.3590087890625 118.2030029296875 2632.864990234375 35.3369140625 246.25676687780128 753
stats: 302 1 191
stats: connect 0 0 0 189.98876953125 122.239013671875 133.74792073567707 60
stats: nomatch 2 755
stats: 200 1 564
stats: size_rcv 15014 57731371
stats: size_sent 855 267444
stats: connected 0 2
# stats: dump at 1399470719
stats: users 2 11
stats: session 0 0 0 279493.1491699219 266.78515625 46337.736887964726 58
stats: users_count 0 60
stats: finish_users_count 0 58
stats: request 4 95.5697021484375 15.539969421644916 2632.864990234375 35.3369140625 246.23054765107617 755
stats: page 4 95.5697021484375 15.539969421644916 2632.864990234375 35.3369140625 246.23054765107617 755
stats: connect 0 0 0 189.98876953125 122.239013671875 133.74792073567707 60
stats: 302 0 191
stats: nomatch 4 759
stats: 200 4 568
stats: size_rcv 32419 57763790
stats: size_sent 1236 268680
stats: connected 0 2
# stats: dump at 1399470729
stats: users 2 11
stats: session 0 0 0 279493.1491699219 266.78515625 46337.736887964726 58
stats: users_count 0 60
stats: finish_users_count 0 58
stats: request 5 425.72548828125 548.9770248032997 2632.864990234375 35.3369140625 245.43655110033762 759
stats: page 5 425.72548828125 548.9770248032997 2632.864990234375 35.3369140625 245.43655110033762 759
stats: 302 1 192
stats: connect 0 0 0 189.98876953125 122.239013671875 133.74792073567707 60
stats: nomatch 5 764
stats: 200 4 572
stats: size_rcv 1441891 59205681
stats: size_sent 1993 270673
stats: connected 0 2
# stats: dump at 1399470739
stats: users 2 11
stats: session 0 0 0 279493.1491699219 266.78515625 46337.736887964726 58
stats: users_count 0 60
stats: finish_users_count 0 58
stats: request 5 140.1505859375 107.874951369163 2632.864990234375 35.3369140625 246.61645252167867 764
stats: 302 1 193
stats: page 5 140.1505859375 107.874951369163 2632.864990234375 35.3369140625 246.61645252167867 764
stats: connect 0 0 0 189.98876953125 122.239013671875 133.74792073567707 60
stats: nomatch 5 769
stats: 200 4 576
stats: size_rcv 21456 59227137
stats: size_sent 1885 272558
stats: connected 0 2
# stats: dump at 1399470749
stats: users 2 11
stats: session 0 0 0 279493.1491699219 266.78515625 46337.736887964726 58
stats: users_count 0 60
stats: finish_users_count 0 58
stats: request 3 680.2308756510416 566.0897646587373 2632.864990234375 35.3369140625 245.92421671814043 769
stats: page 3 680.2308756510416 566.0897646587373 2632.864990234375 35.3369140625 245.92421671814043 769
stats: 302 1 194
stats: connect 0 0 0 189.98876953125 122.239013671875 133.74792073567707 60
stats: nomatch 3 772
stats: 200 2 578
stats: size_rcv 1437684 60664821
stats: size_sent 1383 273941
stats: connected 0 2
# stats: dump at 1399470759
stats: users 2 11
stats: session 0 0 0 279493.1491699219 266.78515625 46337.736887964726 58
stats: users_count 0 60
stats: finish_users_count 0 58
stats: request 5 215.803564453125 123.82744872367377 2632.864990234375 35.3369140625 247.61193689534085 772
stats: page 5 215.803564453125 123.82744872367377 2632.864990234375 35.3369140625 247.61193689534085 772
stats: 302 2 196
stats: connect 0 0 0 189.98876953125 122.239013671875 133.74792073567707 60
stats: nomatch 5 777
stats: 200 3 581
stats: size_rcv 39417 60704238
stats: size_sent 1882 275823
stats: connected 0 2
# stats: dump at 1399470769
stats: users 2 11
stats: session 0 0 0 279493.1491699219 266.78515625 46337.736887964726 58
stats: users_count 0 60
stats: finish_users_count 0 58
stats: connect 0 0 0 189.98876953125 122.239013671875 133.74792073567707 60
stats: request 7 235.76035853794642 222.87284883044686 2632.864990234375 35.3369140625 247.4072498139881 777
stats: page 7 235.76035853794642 222.87284883044686 2632.864990234375 35.3369140625 247.4072498139881 777
stats: 302 2 198
stats: nomatch 7 784
stats: 200 5 586
stats: size_rcv 41478 60745716
stats: size_sent 2248 278071
stats: connected 0 2
# stats: dump at 1399470779
stats: users 2 11
stats: session 0 0 0 279493.1491699219 266.78515625 46337.736887964726 58
stats: users_count 0 60
stats: finish_users_count 0 58
stats: request 5 763.434619140625 705.8249539369987 2632.864990234375 35.3369140625 247.30325971330916 784
stats: connect 0 0 0 189.98876953125 122.239013671875 133.74792073567707 60
stats: page 5 763.434619140625 705.8249539369987 2632.864990234375 35.3369140625 247.30325971330916 784
stats: 302 1 199
stats: nomatch 5 789
stats: 200 4 590
stats: size_rcv 2876838 63622554
stats: size_sent 1890 279961
stats: connected 0 2
# stats: dump at 1399470789
stats: users 2 11
stats: session 0 0 0 279493.1491699219 266.78515625 46337.736887964726 58
stats: users_count 0 60
stats: finish_users_count 0 58
stats: connect 0 0 0 189.98876953125 122.239013671875 133.74792073567707 60
stats: request 5 224.4896484375 186.3400279606331 2632.864990234375 35.3369140625 250.57405413300063 789
stats: page 5 224.4896484375 186.3400279606331 2632.864990234375 35.3369140625 250.57405413300063 789
stats: 302 3 202
stats: nomatch 5 794
stats: 200 2 592
stats: size_rcv 20314 63642868
stats: size_sent 1751 281712
stats: connected 0 2
# stats: dump at 1399470799
stats: users 1 11
stats: session 1 252551.05419921875 0.0 279493.1491699219 266.78515625 46337.736887964726 58
stats: users_count 0 60
stats: finish_users_count 1 59
stats: request 3 248.49763997395834 233.61324699095505 2632.864990234375 35.3369140625 250.40979465129092 794
stats: page 3 248.49763997395834 233.61324699095505 2632.864990234375 35.3369140625 250.40979465129092 794
stats: connect 0 0 0 189.98876953125 122.239013671875 133.74792073567707 60
stats: 302 3 205
stats: nomatch 3 797
stats: 200 0 592
stats: size_rcv 3 63642871
stats: size_sent 1169 282881
stats: connected -1 1
# stats: dump at 1399470809
stats: users 1 11
stats: session 0 0 0 279493.1491699219 266.78515625 49832.87785934191 59
stats: users_count 0 60
stats: finish_users_count 0 59
stats: request 4 678.1544799804688 560.1470038536307 2632.864990234375 35.3369140625 250.40259708035995 797
stats: connect 0 0 0 189.98876953125 122.239013671875 133.74792073567707 60
stats: page 4 678.1544799804688 560.1470038536307 2632.864990234375 35.3369140625 250.40259708035995 797
stats: 302 3 208
stats: nomatch 4 801
stats: 200 1 593
stats: size_rcv 1426015 65068886
stats: size_sent 1378 284259
stats: connected 0 1
# stats: dump at 1399470819
stats: users 0 11
stats: session 1 211404.93505859375 0.0 279493.1491699219 266.78515625 49832.87785934191 59
stats: users_count 0 60
stats: finish_users_count 1 60
stats: request 2 93.429443359375 7.635498046875 2632.864990234375 35.3369140625 252.5386863832319 801
stats: page 2 93.429443359375 7.635498046875 2632.864990234375 35.3369140625 252.5386863832319 801
stats: connect 0 0 0 189.98876953125 122.239013671875 133.74792073567707 60
stats: 302 2 210
stats: nomatch 2 803
stats: 200 0 593
stats: size_rcv 2 65068888
stats: size_sent 755 285014
stats: connected -1 0
EndMonitor:{1399,470819,327278}
