# stats: dump at 1400151970
stats: users 10 10
stats: users_count 10 10
stats: finish_users_count 0 0
stats: request 12 163.39493815104166 62.07258598219069 230.773193359375 45.321044921875 0 0
stats: page 12 163.39493815104166 62.07258598219069 230.773193359375 45.321044921875 0 0
stats: connect 8 135.57537841796875 13.989418524040342 168.308837890625 121.951171875 0 0
stats: nomatch 12 12
stats: 200 12 12
stats: size_rcv 145188 145188
stats: size_sent 3247 3247
stats: connected 8 8
# stats: dump at 1400151980
stats: users 14 14
stats: users_count 4 14
stats: finish_users_count 0 0
stats: request 31 121.66541708669355 66.20842156078002 230.773193359375 39.658935546875 163.39493815104166 12
stats: page 31 121.66541708669355 66.20842156078002 230.773193359375 39.658935546875 163.39493815104166 12
stats: connect 5 127.70419921875 4.35429751015543 168.308837890625 121.7890625 135.57537841796875 8
stats: 302 1 1
stats: nomatch 31 43
stats: 200 30 42
stats: size_rcv 297038 442226
stats: size_sent 11036 14283
stats: connected 5 13
# stats: dump at 1400151990
stats: users 22 22
stats: users_count 8 22
stats: finish_users_count 0 0
stats: request 54 111.9364601417824 66.75425313215051 241.6279296875 34.3740234375 133.3108648255814 43
stats: page 54 111.9364601417824 66.75425313215051 241.6279296875 34.3740234375 133.3108648255814 43
stats: connect 5 127.391259765625 4.319767714741336 168.308837890625 120.7841796875 132.5480018028846 13
stats: 302 9 10
stats: nomatch 54 97
stats: 200 45 87
stats: size_rcv 496623 938849
stats: size_sent 19047 33330
stats: connected 5 18
# stats: dump at 1400152000
stats: users 30 30
stats: users_count 8 30
stats: finish_users_count 0 0
stats: request 72 131.03004625108508 64.7030170896911 247.3740234375 34.3740234375 121.41171170264175 97
stats: page 72 131.03004625108508 64.7030170896911 247.3740234375 34.3740234375 121.41171170264175 97
stats: connect 9 134.12803819444446 5.20112449099629 168.308837890625 120.7841796875 131.11557345920139 18
stats: 302 23 33
stats: nomatch 72 169
stats: 200 49 136
stats: size_rcv 614464 1553313
stats: size_sent 26024 59354
stats: connected 9 27
# stats: dump at 1400152010
stats: users 35 35
stats: users_count 5 35
stats: finish_users_count 0 0
stats: request 74 104.69009976773647 55.33653537831333 247.3740234375 34.3740234375 125.50946369961169 169
stats: page 74 104.69009976773647 55.33653537831333 247.3740234375 34.3740234375 125.50946369961169 169
stats: connect 6 129.61234537760416 8.927310514230097 168.308837890625 120.7841796875 132.11972837094908 27
stats: 302 24 57
stats: nomatch 74 243
stats: 200 50 186
stats: size_rcv 632343 2185656
stats: size_sent 26336 85690
stats: connected 6 33
# stats: dump at 1400152020
stats: users 48 48
stats: users_count 13 48
stats: finish_users_count 0 0
stats: request 109 107.73043515266627 53.154949562967744 247.3740234375 34.3740234375 119.16941048578961 243
stats: page 109 107.73043515266627 53.154949562967744 247.3740234375 34.3740234375 119.16941048578961 243
stats: connect 9 128.13560655381946 3.1507267147981906 168.308837890625 120.7841796875 131.66384055397728 33
stats: 302 43 100
stats: nomatch 109 352
stats: 200 66 252
stats: size_rcv 683307 2868963
stats: size_sent 37823 123513
stats: connected 9 42
# stats: dump at 1400152030
stats: users 56 56
stats: users_count 8 56
stats: finish_users_count 0 0
stats: request 122 109.28692326780225 53.750590859146335 247.3740234375 34.3740234375 115.62722778320313 352
stats: page 122 109.28692326780225 53.750590859146335 247.3740234375 34.3740234375 115.62722778320313 352
stats: connect 12 129.73575846354166 6.06151916439293 168.308837890625 120.7841796875 130.9077904110863 42
stats: 302 53 153
stats: nomatch 122 474
stats: 200 69 321
stats: size_rcv 711282 3580245
stats: size_sent 44986 168499
stats: connected 12 54
# stats: dump at 1400152040
stats: users 67 67
stats: users_count 11 67
stats: finish_users_count 0 0
stats: request 146 98.81659019156677 52.28880886163282 247.804931640625 34.3740234375 113.9953350598299 474
stats: page 146 98.81659019156677 52.28880886163282 247.804931640625 34.3740234375 113.9953350598299 474
stats: connect 8 130.97283935546875 7.709418023184223 168.308837890625 120.7841796875 130.64733886718747 54
stats: 302 63 216
stats: nomatch 146 620
stats: 200 83 404
stats: size_rcv 771755 4352000
stats: size_sent 52996 221495
stats: connected 8 62
# stats: dump at 1400152050
stats: users 71 71
stats: users_count 4 71
stats: finish_users_count 0 0
stats: request 173 104.18189323292991 50.93198823049278 300.02490234375 34.3740234375 110.42098546181955 620
stats: page 173 104.18189323292991 50.93198823049278 300.02490234375 34.3740234375 110.42098546181955 620
stats: connect 8 130.11782836914063 3.125839659270982 168.308837890625 120.7841796875 130.6893389301915 62
stats: 302 97 313
stats: nomatch 173 793
stats: 200 76 480
stats: size_rcv 702213 5054213
stats: size_sent 62317 283812
stats: connected 8 70
# stats: dump at 1400152060
stats: users 81 81
stats: users_count 10 81
stats: finish_users_count 0 0
stats: request 179 108.60539646255239 56.861976595715504 334.387939453125 34.3740234375 109.05987202474779 793
stats: page 179 108.60539646255239 56.861976595715504 334.387939453125 34.3740234375 109.05987202474779 793
stats: connect 9 129.67488606770834 3.350997474069911 168.308837890625 120.7841796875 130.62402343749997 70
stats: 302 87 400
stats: nomatch 179 972
stats: 200 92 572
stats: size_rcv 770656 5824869
stats: size_sent 63937 347749
stats: connected 9 79
# stats: dump at 1400152070
stats: users 91 91
stats: users_count 10 91
stats: finish_users_count 0 0
stats: request 213 105.53559295224471 48.9589297566143 334.387939453125 34.3740234375 108.97617745105131 972
stats: page 213 105.53559295224471 48.9589297566143 334.387939453125 34.3740234375 108.97617745105131 972
stats: connect 9 132.23296440972223 5.359995395226087 168.308837890625 120.7841796875 130.51589386372623 79
stats: 302 101 501
stats: nomatch 213 1185
stats: 200 112 684
stats: size_rcv 956052 6780921
stats: size_sent 77092 424841
stats: connected 9 88
# stats: dump at 1400152080
stats: users 102 102
stats: users_count 11 102
stats: finish_users_count 0 0
stats: request 233 108.27681774745172 50.69441118381012 334.387939453125 34.3740234375 108.35774327531645 1185
stats: page 233 108.27681774745172 50.69441118381012 334.387939453125 34.3740234375 108.35774327531645 1185
stats: connect 9 132.84347873263889 8.253747809215325 168.308837890625 120.7841796875 130.6915033513849 88
stats: 302 117 618
stats: nomatch 233 1418
stats: 200 116 800
stats: size_rcv 911999 7692920
stats: size_sent 86500 511341
stats: connected 9 97
# stats: dump at 1400152090
stats: users 113 113
stats: users_count 11 113
stats: finish_users_count 0 0
stats: request 283 117.13254420411882 114.74372217563656 1792.070068359375 34.3740234375 108.34444592130201 1418
stats: page 283 117.13254420411882 114.74372217563656 1792.070068359375 34.3740234375 108.34444592130201 1418
stats: connect 12 129.6160888671875 3.720806053653617 168.308837890625 120.7841796875 130.89117117026413 97
stats: 302 147 765
stats: nomatch 283 1701
stats: 200 136 936
stats: size_rcv 881194 8574114
stats: size_sent 105838 617179
stats: connected 12 109
# stats: dump at 1400152100
stats: users 122 122
stats: users_count 9 122
stats: finish_users_count 0 0
stats: request 309 101.26472823751016 44.99999104922466 1792.070068359375 34.3740234375 109.80654575318746 1701
stats: page 309 101.26472823751016 44.99999104922466 1792.070068359375 34.3740234375 109.80654575318746 1701
stats: connect 12 130.07080078125 5.555008974175366 168.308837890625 120.7841796875 130.7507951368979 109
stats: 302 168 933
stats: nomatch 309 2010
stats: 200 141 1077
stats: size_rcv 877412 9451526
stats: size_sent 111091 728270
stats: connected 12 121
# stats: dump at 1400152110
stats: users 131 131
stats: users_count 9 131
stats: finish_users_count 0 0
stats: request 324 98.49215208453899 43.42446085047337 1792.070068359375 34.3740234375 108.49340067241916 2010
stats: page 324 98.49215208453899 43.42446085047337 1792.070068359375 34.3740234375 108.49340067241916 2010
stats: connect 7 131.24285016741072 7.206910905666083 168.308837890625 120.7841796875 130.6833576801394 121
stats: 302 167 1100
stats: nomatch 324 2334
stats: 200 157 1234
stats: size_rcv 1103763 10555289
stats: size_sent 118790 847060
stats: connected 7 128
# stats: dump at 1400152120
stats: users 141 141
stats: users_count 10 141
stats: finish_users_count 0 0
stats: request 350 99.4546993582589 40.13393309310967 1792.070068359375 34.3740234375 107.10505253939722 2334
stats: page 350 99.4546993582589 40.13393309310967 1792.070068359375 34.3740234375 107.10505253939722 2334
stats: connect 9 131.389892578125 4.148586716715178 168.308837890625 120.7841796875 130.71395492553705 128
stats: 302 202 1302
stats: nomatch 350 2684
stats: 200 148 1382
stats: size_rcv 669802 11225091
stats: size_sent 129965 977025
stats: connected 9 137
# stats: dump at 1400152130
stats: users 146 146
stats: users_count 5 146
stats: finish_users_count 0 0
stats: page 361 93.70356188322367 34.030775320498314 1792.070068359375 34.3740234375 106.10742824230393 2684
stats: request 361 93.70356188322367 34.030775320498314 1792.070068359375 34.3740234375 106.10742824230393 2684
stats: connect 4 131.658447265625 2.262953676398623 168.308837890625 120.7841796875 130.75835958884576 137
stats: 302 208 1510
stats: nomatch 361 3045
stats: 200 153 1535
stats: size_rcv 773488 11998579
stats: size_sent 135219 1112244
stats: connected 4 141
# stats: dump at 1400152140
stats: users 153 153
stats: session 1 166487.28686523438 0 166487.28686523438 166487.28686523438 0 0
stats: users_count 8 154
stats: finish_users_count 1 1
stats: request 349 93.50063168763435 37.492328276251484 1792.070068359375 34.3740234375 104.63688776426518 3045
stats: page 349 93.50063168763435 37.492328276251484 1792.070068359375 34.3740234375 104.63688776426518 3045
stats: 302 203 1713
stats: connect 11 133.94364790482953 8.572212606600086 168.308837890625 120.7841796875 130.78389399102392 141
stats: nomatch 349 3394
stats: 200 146 1681
stats: size_rcv 710518 12709097
stats: size_sent 128383 1240627
stats: connected 10 151
# stats: dump at 1400152150
stats: users 166 167
stats: session 2 168677.4090576172 17161.953002929688 185839.36206054688 151515.4560546875 166487.28686523438 1
stats: users_count 15 169
stats: finish_users_count 2 3
stats: request 433 99.00155167436492 41.09881410339098 1792.070068359375 34.3740234375 103.49176302332701 3394
stats: page 433 99.00155167436492 41.09881410339098 1792.070068359375 34.3740234375 103.49176302332701 3394
stats: connect 14 128.93314034598217 5.006243698582485 168.308837890625 120.7841796875 131.0125603926809 152
stats: 302 241 1954
stats: nomatch 433 3827
stats: 200 192 1873
stats: size_rcv 897373 13606470
stats: size_sent 156177 1396804
stats: connected 12 163
# stats: dump at 1400152160
stats: users 173 173
stats: session 1 166110.99487304688 0.0 185839.36206054688 151515.4560546875 167947.3683268229 3
stats: users_count 8 177
stats: finish_users_count 1 4
stats: request 403 102.28397553020316 44.6132178716144 1792.070068359375 34.3740234375 102.98372500030621 3827
stats: page 403 102.28397553020316 44.6132178716144 1792.070068359375 34.3740234375 102.98372500030621 3827
stats: 302 226 2180
stats: connect 10 127.8101318359375 3.4589248971763427 168.308837890625 120.7841796875 130.83718761765815 166
stats: nomatch 403 4230
stats: 200 177 2050
stats: size_rcv 801232 14407702
stats: size_sent 149343 1546147
stats: connected 9 172
# stats: dump at 1400152170
stats: users 187 187
stats: session 2 195812.92541503906 8803.442504882813 204616.36791992188 151515.4560546875 167488.2749633789 4
stats: users_count 16 193
stats: finish_users_count 2 6
stats: request 455 110.58503069196426 47.69705097462571 1792.070068359375 34.3740234375 102.91705856142879 4230
stats: page 455 110.58503069196426 47.69705097462571 1792.070068359375 34.3740234375 102.91705856142879 4230
stats: connect 11 130.15407492897728 3.6288419374262095 168.308837890625 120.7841796875 130.66519581187856 176
stats: 302 250 2430
stats: nomatch 455 4685
stats: 200 205 2255
stats: size_rcv 1084639 15492341
stats: size_sent 168632 1714779
stats: connected 9 181
# stats: dump at 1400152180
stats: users 195 196
stats: session 3 205366.6787109375 8157.643451187543 211695.19897460938 151515.4560546875 176929.82511393228 6
stats: users_count 11 204
stats: finish_users_count 3 9
stats: request 459 106.73757967813864 43.32465646130339 1792.070068359375 34.3740234375 103.66176023045624 4685
stats: page 459 106.73757967813864 43.32465646130339 1792.070068359375 34.3740234375 103.66176023045624 4685
stats: connect 10 132.239892578125 8.087381050290494 168.308837890625 120.591064453125 130.63512987759023 187
stats: 302 270 2700
stats: nomatch 459 5144
stats: 200 189 2444
stats: size_rcv 859776 16352117
stats: size_sent 169909 1884688
stats: connected 7 188
# stats: dump at 1400152190
stats: users 207 207
stats: session 0 0 0 211695.19897460938 151515.4560546875 186408.77631293403 9
stats: users_count 12 216
stats: finish_users_count 0 9
stats: request 457 109.34512723092178 46.6323438841693 1792.070068359375 34.3740234375 103.9362161259629 5144
stats: page 457 109.34512723092178 46.6323438841693 1792.070068359375 34.3740234375 103.9362161259629 5144
stats: connect 13 130.04912860576923 3.9306422917609467 168.308837890625 120.591064453125 130.71658991315036 197
stats: 302 274 2974
stats: nomatch 457 5601
stats: 200 183 2627
stats: size_rcv 997835 17349952
stats: size_sent 168478 2053166
stats: connected 13 201
# stats: dump at 1400152200
stats: users 208 210
stats: session 6 200963.8691813151 17876.994421535615 229035.99584960938 151515.4560546875 186408.77631293403 9
stats: users_count 7 223
stats: finish_users_count 6 15
stats: page 542 119.05840861753344 56.84763647499778 1792.070068359375 34.3740234375 104.37754309881885 5601
stats: request 542 119.05840861753344 56.84763647499778 1792.070068359375 34.3740234375 104.37754309881885 5601
stats: connect 10 128.439501953125 5.704241990534153 168.308837890625 120.591064453125 130.6752708798363 210
stats: 302 328 3302
stats: nomatch 542 6143
stats: 200 214 2841
stats: size_rcv 1150995 18500947
stats: size_sent 203601 2256767
stats: connected 4 205
# stats: dump at 1400152210
stats: users 213 213
stats: session 6 203302.1211344401 25569.99371411062 241020.98803710938 151515.4560546875 192230.81346028644 15
stats: users_count 11 234
stats: finish_users_count 6 21
stats: request 482 111.11206814461227 48.1619834989202 1792.070068359375 34.3740234375 105.67284329597713 6143
stats: connect 11 130.7277166193182 4.764355711421323 168.308837890625 120.591064453125 130.57364501953123 220
stats: page 482 111.11206814461227 48.1619834989202 1792.070068359375 34.3740234375 105.67284329597713 6143
stats: 302 291 3593
stats: nomatch 482 6625
stats: 200 191 3032
stats: size_rcv 1147546 19648493
stats: size_sent 173366 2430133
stats: connected 5 210
# stats: dump at 1400152220
stats: users 215 215
stats: session 7 217543.43041992188 19623.89464398405 247035.43994140625 151515.4560546875 195394.04422433037 21
stats: users_count 9 243
stats: finish_users_count 7 28
stats: request 555 114.3118625950169 47.483262616812546 1792.070068359375 34.3740234375 106.06857256043632 6625
stats: page 555 114.3118625950169 47.483262616812546 1792.070068359375 34.3740234375 106.06857256043632 6625
stats: connect 6 131.40079752604166 2.131164928253592 168.308837890625 120.591064453125 130.58098176237823 231
stats: 302 357 3950
stats: nomatch 555 7180
stats: 200 198 3230
stats: size_rcv 751155 20399648
stats: size_sent 201658 2631791
stats: connected -1 209
# stats: dump at 1400152230
stats: users 215 217
stats: session 11 218145.00270774149 29151.478159432932 249995.53393554688 141071.76196289063 200931.39077322822 28
stats: users_count 11 254
stats: finish_users_count 11 39
stats: request 542 123.96000733322765 57.127291777331195 1792.070068359375 34.3740234375 106.70576280684192 7180
stats: page 542 123.96000733322765 57.127291777331195 1792.070068359375 34.3740234375 106.70576280684192 7180
stats: connect 12 127.96844482421875 5.520480582638349 168.308837890625 120.591064453125 130.60173659183806 237
stats: 302 324 4274
stats: nomatch 542 7722
stats: 200 219 3449
stats: size_rcv 898747 21298395
stats: size_sent 198310 2830101
stats: connected 1 210
# stats: dump at 1400152240
stats: users 217 219
stats: session 8 216694.69912719727 29803.688488146818 267418.8239746094 141071.76196289063 205786.51208809094 39
stats: users_count 10 264
stats: finish_users_count 8 47
stats: request 584 133.85370667340004 82.81407058175185 1792.070068359375 34.3740234375 107.91682218696378 7722
stats: page 584 133.85370667340004 82.81407058175185 1792.070068359375 34.3740234375 107.91682218696378 7722
stats: connect 12 130.36580403645831 4.620685928434123 168.308837890625 120.591064453125 130.47483096448292 249
stats: 302 365 4639
stats: nomatch 584 8306
stats: 200 219 3668
stats: size_rcv 1156907 22455302
stats: size_sent 223082 3053183
stats: connected 4 214
# stats: dump at 1400152250
stats: users 218 220
stats: session 5 222887.88935546874 27174.107864177313 267418.8239746094 141071.76196289063 207643.2247755984 47
stats: users_count 6 270
stats: finish_users_count 5 52
stats: page 531 104.05031963571092 33.18466909707305 1792.070068359375 34.3740234375 109.74046058572117 8306
stats: request 531 104.05031963571092 33.18466909707305 1792.070068359375 34.3740234375 109.74046058572117 8306
stats: connect 5 138.523828125 8.929157832899783 168.308837890625 120.591064453125 130.46981823215992 261
stats: 302 337 4976
stats: nomatch 531 8837
stats: 200 193 3861
stats: size_rcv 583086 23038388
stats: size_sent 186944 3240127
stats: connected 1 215
# stats: dump at 1400152260
stats: users 221 224
stats: session 10 230317.09072265626 29353.441663658796 294169.0710449219 141071.76196289063 209109.05790827825 52
stats: users_count 13 283
stats: finish_users_count 10 62
stats: request 526 111.64056326862524 47.68537249145512 1792.070068359375 34.3740234375 109.39854988701624 8837
stats: page 526 111.64056326862524 47.68537249145512 1792.070068359375 34.3740234375 109.39854988701624 8837
stats: connect 10 133.267529296875 6.944414923804377 168.308837890625 120.591064453125 130.6212093955592 266
stats: 302 344 5320
stats: nomatch 526 9363
stats: 200 182 4043
stats: size_rcv 729230 23767618
stats: size_sent 194422 3434549
stats: connected 1 216
# stats: dump at 1400152270
stats: users 226 227
stats: session 11 219378.98468572443 23770.983883405377 294169.0710449219 141071.76196289063 212529.7083622102 62
stats: users_count 16 299
stats: finish_users_count 11 73
stats: request 609 124.54702372934624 50.56631160640173 1792.070068359375 34.3740234375 109.52450300447072 9363
stats: page 609 124.54702372934624 50.56631160640173 1792.070068359375 34.3740234375 109.52450300447072 9363
stats: connect 18 129.84035915798611 7.0525943884069795 168.308837890625 120.591064453125 130.71709055140397 276
stats: 302 364 5684
stats: nomatch 609 9972
stats: 200 245 4288
stats: size_rcv 1349373 25116991
stats: size_sent 222967 3657516
stats: connected 6 222
# stats: dump at 1400152280
stats: users 223 227
stats: session 13 208874.39216496394 28949.958922433365 294169.0710449219 141071.76196289063 213561.79109589042 73
stats: users_count 10 309
stats: finish_users_count 13 86
stats: request 545 111.14688799096905 43.60533093822432 1792.070068359375 34.3740234375 110.44194334958195 9972
stats: page 545 111.14688799096905 43.60533093822432 1792.070068359375 34.3740234375 110.44194334958195 9972
stats: connect 7 131.82596261160714 7.94952225478001 168.308837890625 120.591064453125 130.6634131191539 294
stats: 302 343 6027
stats: nomatch 545 10517
stats: 200 202 4490
stats: size_rcv 786607 25903598
stats: size_sent 202124 3859640
stats: connected -7 215
# stats: dump at 1400152290
stats: users 225 230
stats: session 10 214004.21057128906 26324.75397192392 294169.0710449219 141071.76196289063 212853.23079237828 86
stats: users_count 12 321
stats: finish_users_count 10 96
stats: page 583 118.82354369907804 49.65980308910884 1792.070068359375 34.3740234375 110.47847418818193 10517
stats: request 583 118.82354369907804 49.65980308910884 1792.070068359375 34.3740234375 110.47847418818193 10517
stats: connect 16 129.67584228515625 2.3281315196989265 168.308837890625 120.591064453125 130.6904491538621 301
stats: 302 353 6380
stats: nomatch 583 11100
stats: 200 230 4720
stats: size_rcv 1252878 27156476
stats: size_sent 211762 4071402
stats: connected 6 221
# stats: dump at 1400152300
stats: users 224 230
stats: session 10 228756.76796875 29401.92104848476 294169.0710449219 141071.76196289063 212973.12451934814 96
stats: users_count 9 330
stats: finish_users_count 10 106
stats: request 542 114.94507601692227 50.196904673855535 1792.070068359375 34.244873046875 110.91677828951998 11100
stats: page 542 114.94507601692227 50.196904673855535 1792.070068359375 34.244873046875 110.91677828951998 11100
stats: connect 8 131.93914794921875 4.453852874681606 168.308837890625 120.591064453125 130.6392387125394 317
stats: 302 318 6698
stats: nomatch 542 11642
stats: 200 224 4944
stats: size_rcv 972313 28128789
stats: size_sent 196255 4267657
stats: connected -2 219
# stats: dump at 1400152310
stats: users 226 230
stats: session 5 224603.60971679687 18024.12612223349 294169.0710449219 141071.76196289063 214462.14748627285 106
stats: users_count 7 337
stats: finish_users_count 5 111
stats: request 611 110.27744164599527 41.69380898387293 1792.070068359375 34.244873046875 111.10431800505444 11642
stats: page 611 110.27744164599527 41.69380898387293 1792.070068359375 34.244873046875 111.10431800505444 11642
stats: connect 8 131.9686279296875 6.696833749297846 168.308837890625 120.591064453125 130.67123647836533 325
stats: 302 381 7079
stats: nomatch 611 12253
stats: 200 230 5174
stats: size_rcv 958797 29087586
stats: size_sent 229532 4497189
stats: connected 3 222
# stats: dump at 1400152320
stats: users 237 237
stats: session 5 228468.06015625 31053.97690981637 294169.0710449219 141071.76196289063 214918.97010926943 111
stats: users_count 16 353
stats: finish_users_count 5 116
stats: request 546 102.2931882977049 36.33741210300713 1792.070068359375 34.244873046875 111.06308553501566 12253
stats: page 546 102.2931882977049 36.33741210300713 1792.070068359375 34.244873046875 111.06308553501566 12253
stats: connect 11 130.92580344460228 6.718120039309037 168.308837890625 120.591064453125 130.70240504176047 333
stats: 302 345 7424
stats: nomatch 546 12799
stats: 200 201 5375
stats: size_rcv 815340 29902926
stats: size_sent 198183 4695372
stats: connected 6 228
# stats: dump at 1400152330
stats: users 238 239
stats: session 9 238156.3111436632 31506.470466321414 304584.541015625 141071.76196289063 215502.98261129446 116
stats: users_count 10 363
stats: finish_users_count 9 125
stats: request 581 111.70921801043463 44.593901939129864 1792.070068359375 34.244873046875 110.68896537784934 12799
stats: page 581 111.70921801043463 44.593901939129864 1792.070068359375 34.244873046875 110.68896537784934 12799
stats: connect 12 133.66644287109375 8.362370094772038 168.308837890625 120.591064453125 130.7095485953397 344
stats: 302 344 7768
stats: nomatch 581 13380
stats: 200 237 5612
stats: size_rcv 908467 30811393
stats: size_sent 216755 4912127
stats: connected 4 232
# stats: dump at 1400152340
stats: users 233 239
stats: session 10 221243.8147216797 27817.684889254837 304584.541015625 141071.76196289063 217134.022265625 125
stats: users_count 5 368
stats: finish_users_count 10 135
stats: request 618 131.1320046236601 60.59219268894846 1792.070068359375 34.244873046875 110.73326782773962 13380
stats: page 618 131.1320046236601 60.59219268894846 1792.070068359375 34.244873046875 110.73326782773962 13380
stats: connect 9 130.99788411458334 3.292016183831134 168.308837890625 120.591064453125 130.80921918890442 356
stats: 302 398 8166
stats: nomatch 618 13998
stats: 200 220 5832
stats: size_rcv 1016751 31828144
stats: size_sent 226519 5138646
stats: connected -2 230
# stats: dump at 1400152350
stats: users 236 239
stats: session 13 219081.40608097956 28205.338240823916 304584.541015625 141071.76196289063 217438.45133644386 135
stats: users_count 16 384
stats: finish_users_count 13 148
stats: page 577 117.7740510249675 49.261500636777164 1792.070068359375 34.244873046875 111.63385500732805 13998
stats: request 577 117.7740510249675 49.261500636777164 1792.070068359375 34.244873046875 111.63385500732805 13998
stats: connect 14 131.459228515625 7.535823451496341 168.308837890625 120.591064453125 130.81387120077048 365
stats: 302 344 8510
stats: nomatch 577 14575
stats: 200 233 6065
stats: size_rcv 1138550 32966694
stats: size_sent 207561 5346207
stats: connected 1 231
# stats: dump at 1400152360
stats: users 235 240
stats: session 8 209029.71853637695 24845.701212108448 304584.541015625 141071.76196289063 217582.7649288693 148
stats: users_count 7 391
stats: finish_users_count 8 156
stats: request 588 131.27057009327163 66.27666194051584 1792.070068359375 34.244873046875 111.87693515155982 14575
stats: page 588 131.27057009327163 66.27666194051584 1792.070068359375 34.244873046875 111.87693515155982 14575
stats: 302 365 8875
stats: connect 10 135.27373046875 8.715517470830697 168.308837890625 120.591064453125 130.83771025725588 379
stats: nomatch 588 15163
stats: 200 223 6288
stats: size_rcv 997612 33964306
stats: size_sent 220456 5566663
stats: connected 3 234
# stats: dump at 1400152370
stats: users 226 240
stats: session 14 215978.02675083705 17966.551538437296 304584.541015625 141071.76196289063 217144.14716515175 156
stats: users_count 5 396
stats: finish_users_count 14 170
stats: request 586 117.29938598216191 45.48967072403927 1792.070068359375 34.244873046875 112.6289932763192 15163
stats: page 586 117.29938598216191 45.48967072403927 1792.070068359375 34.244873046875 112.6289932763192 15163
stats: connect 4 135.25006103515625 9.96404409602031 168.308837890625 120.591064453125 130.95174676654878 389
stats: 302 384 9259
stats: nomatch 586 15749
stats: 200 202 6490
stats: size_rcv 840854 34805160
stats: size_sent 216861 5783524
stats: connected -11 223
# stats: dump at 1400152380
stats: users 221 240
stats: session 14 219502.65450613838 29615.624480548617 304584.541015625 141071.76196289063 217048.113719267 170
stats: users_count 9 405
stats: finish_users_count 14 184
stats: page 600 128.0789807128908 51.58368555765141 1792.070068359375 34.244873046875 112.80277257186964 15749
stats: request 600 128.0789807128908 51.58368555765141 1792.070068359375 34.244873046875 112.80277257186964 15749
stats: connect 10 130.2947021484375 4.5027227197560595 168.308837890625 120.591064453125 130.99549551228526 393
stats: 302 376 9635
stats: nomatch 600 16349
stats: 200 224 6714
stats: size_rcv 928792 35733952
stats: size_sent 215927 5999451
stats: connected -3 220
# stats: dump at 1400152390
stats: users 221 240
stats: session 8 213039.369140625 31901.07275737514 304584.541015625 141071.76196289063 217234.87225739853 184
stats: users_count 8 413
stats: finish_users_count 8 192
stats: request 564 103.52059005845524 32.02070712637583 1792.070068359375 34.244873046875 113.36340165527612 16349
stats: page 564 103.52059005845524 32.02070712637583 1792.070068359375 34.244873046875 113.36340165527612 16349
stats: connect 6 132.77115885416666 5.1296686440485795 168.308837890625 120.591064453125 130.97810609879028 403
stats: 302 361 9996
stats: nomatch 564 16913
stats: 200 203 6917
stats: size_rcv 592834 36326786
stats: size_sent 206882 6206333
stats: connected -3 217
# stats: dump at 1400152400
stats: users 225 240
stats: session 7 206138.76879882813 14833.673224347533 304584.541015625 141071.76196289063 217060.05962753296 192
stats: users_count 11 424
stats: finish_users_count 7 199
stats: request 561 106.19442819741536 38.87789955510787 1792.070068359375 34.244873046875 113.03517214303069 16913
stats: page 561 106.19442819741536 38.87789955510787 1792.070068359375 34.244873046875 113.03517214303069 16913
stats: 302 369 10365
stats: connect 11 130.89817116477272 5.961540622035376 168.308837890625 120.591064453125 131.00441005119188 409
stats: nomatch 561 17474
stats: 200 192 7109
stats: size_rcv 695185 37021971
stats: size_sent 209562 6415895
stats: connected 4 221
# stats: dump at 1400152410
stats: users 230 240
stats: session 10 219155.21176757812 24266.614351774748 304584.541015625 141071.76196289063 216675.89361848304 199
stats: users_count 15 439
stats: finish_users_count 10 209
stats: request 555 111.1381497219876 39.04533171181531 1792.070068359375 34.244873046875 112.81555114305986 17474
stats: 302 339 10704
stats: page 555 111.1381497219876 39.04533171181531 1792.070068359375 34.244873046875 112.81555114305986 17474
stats: connect 13 132.40985576923077 7.473342797185323 168.308837890625 120.591064453125 131.00162760416663 420
stats: nomatch 555 18029
stats: 200 216 7325
stats: size_rcv 992018 38013989
stats: size_sent 204622 6620517
stats: connected 3 224
# stats: dump at 1400152420
stats: users 235 240
stats: session 10 239355.51572265624 28400.877243963292 304584.541015625 141071.76196289063 216794.52128111917 209
stats: users_count 15 454
stats: finish_users_count 10 219
stats: request 630 131.01352345300094 63.46224730190516 1792.070068359375 34.244873046875 112.76391445834662 18029
stats: page 630 131.01352345300094 63.46224730190516 1792.070068359375 34.244873046875 112.76391445834662 18029
stats: connect 15 127.622802734375 4.229780993762934 168.308837890625 120.591064453125 131.04390697170896 433
stats: 302 378 11082
stats: nomatch 630 18659
stats: 200 252 7577
stats: size_rcv 1097183 39111172
stats: size_sent 230117 6850634
stats: connected 5 229
# stats: dump at 1400152430
stats: users 234 240
stats: session 10 238241.85935058593 25387.157035015414 304584.541015625 141071.76196289063 217824.7036757099 219
stats: users_count 9 463
stats: finish_users_count 10 229
stats: request 650 119.6219636418269 53.84393286274376 1792.070068359375 34.1728515625 113.38009183476724 18659
stats: page 650 119.6219636418269 53.84393286274376 1792.070068359375 34.1728515625 113.38009183476724 18659
stats: connect 12 133.7732137044271 8.04756130665667 168.308837890625 120.591064453125 130.92936107090537 448
stats: 302 409 11491
stats: nomatch 650 19309
stats: 200 241 7818
stats: size_rcv 1152098 40263270
stats: size_sent 239479 7090113
stats: connected 3 232
# stats: dump at 1400152440
stats: users 230 240
stats: session 13 214155.23058143028 23762.66141950299 304584.541015625 141071.76196289063 218716.28252614118 229
stats: users_count 9 472
stats: finish_users_count 13 242
stats: page 581 115.95794982384896 46.879645196536885 1792.070068359375 34.1728515625 113.59021233166447 19309
stats: request 581 115.95794982384896 46.879645196536885 1792.070068359375 34.1728515625 113.59021233166447 19309
stats: connect 6 133.59883626302084 9.203670790373318 168.308837890625 120.591064453125 131.0035485309103 460
stats: 302 351 11842
stats: nomatch 581 19890
stats: 200 230 8048
stats: size_rcv 948142 41211412
stats: size_sent 211786 7301899
stats: connected -8 224
# stats: dump at 1400152450
stats: users 229 240
stats: session 10 223687.28757324218 30611.387263262615 304584.541015625 141071.76196289063 218471.2673390286 242
stats: users_count 9 481
stats: finish_users_count 10 252
stats: request 589 120.3906929780348 47.48845972733364 1792.070068359375 34.1728515625 113.65937550325619 19890
stats: page 589 120.3906929780348 47.48845972733364 1792.070068359375 34.1728515625 113.65937550325619 19890
stats: connect 9 127.65980360243056 3.27629018286944 168.308837890625 120.591064453125 131.03696425278298 466
stats: 302 385 12227
stats: nomatch 589 20479
stats: 200 204 8252
stats: size_rcv 893127 42104539
stats: size_sent 219030 7520929
stats: connected -1 223
# stats: dump at 1400152460
stats: users 224 240
stats: session 14 219433.71140834264 32214.84782812561 316602.2570800781 141071.76196289063 218678.2522689577 252
stats: users_count 9 490
stats: finish_users_count 14 266
stats: page 519 111.9594063290282 39.0927763315614 1792.070068359375 34.1728515625 113.85297606933094 20479
stats: request 519 111.9594063290282 39.0927763315614 1792.070068359375 34.1728515625 113.85297606933094 20479
stats: connect 11 130.1801091974432 6.832108554011859 168.308837890625 120.591064453125 130.97297594572368 475
stats: 302 320 12547
stats: nomatch 519 20998
stats: 200 199 8451
stats: size_rcv 787611 42892150
stats: size_sent 192375 7713304
stats: connected -3 220
# stats: dump at 1400152470
stats: users 222 240
stats: session 12 221213.31953938803 19465.569651760678 316602.2570800781 141071.76196289063 218718.01327629376 266
stats: users_count 10 500
stats: finish_users_count 12 278
stats: request 603 135.72633617394797 83.84019436623893 1792.070068359375 34.1728515625 113.80617338835097 20998
stats: page 603 135.72633617394797 83.84019436623893 1792.070068359375 34.1728515625 113.80617338835097 20998
stats: connect 8 128.95098876953125 4.4702187001135085 168.308837890625 120.591064453125 130.95503040203832 486
stats: 302 381 12928
stats: nomatch 603 21601
stats: 200 222 8673
stats: size_rcv 840753 43732903
stats: size_sent 217787 7931091
stats: connected -4 216
# stats: dump at 1400152480
stats: users 220 240
stats: session 7 222559.8226841518 23292.60175789414 316602.2570800781 141071.76196289063 218825.72433801007 278
stats: users_count 5 505
stats: finish_users_count 7 285
stats: request 554 120.13829156207689 63.928674579462296 1792.070068359375 34.1728515625 114.41808293696978 21601
stats: page 554 120.13829156207689 63.928674579462296 1792.070068359375 34.1728515625 114.41808293696978 21601
stats: connect 10 136.48984375 7.901162914501694 168.308837890625 120.591064453125 130.92257628653215 494
stats: 302 354 13282
stats: nomatch 554 22155
stats: 200 200 8873
stats: size_rcv 894235 44627138
stats: size_sent 204732 8135823
stats: connected 3 219
# stats: dump at 1400152490
stats: users 221 240
stats: session 10 219884.99428710938 35718.3439515137 316602.2570800781 141071.76196289063 218917.4390342311 285
stats: users_count 11 516
stats: finish_users_count 10 295
stats: request 533 107.64799914619489 41.250917087502984 1792.070068359375 34.1728515625 114.56112042639923 22155
stats: page 533 107.64799914619489 41.250917087502984 1792.070068359375 34.1728515625 114.56112042639923 22155
stats: connect 8 134.48532104492188 6.8093416931794986 168.308837890625 120.591064453125 131.03303794255334 504
stats: 302 332 13614
stats: nomatch 533 22688
stats: 200 201 9074
stats: size_rcv 753328 45380466
stats: size_sent 198693 8334516
stats: connected -2 217
# stats: dump at 1400152500
stats: users 230 240
stats: session 5 217147.83090820312 11741.871256524071 316602.2570800781 141071.76196289063 218950.23751737952 295
stats: users_count 14 530
stats: finish_users_count 5 300
stats: connect 11 129.46251331676137 4.701581828363245 168.308837890625 120.591064453125 131.08697986602783 512
stats: request 549 113.81538432803958 43.648400030351176 1792.070068359375 34.1728515625 114.39871326656369 22688
stats: page 549 113.81538432803958 43.648400030351176 1792.070068359375 34.1728515625 114.39871326656369 22688
stats: 302 339 13953
stats: nomatch 549 23237
stats: 200 210 9284
stats: size_rcv 908803 46289269
stats: size_sent 201543 8536059
stats: connected 6 223
# stats: dump at 1400152510
stats: users 228 240
stats: session 10 222911.01171875 28475.45923642584 316602.2570800781 141071.76196289063 218920.19740722657 300
stats: users_count 8 538
stats: finish_users_count 10 310
stats: request 566 113.7327492649901 47.02290044270604 1792.070068359375 34.1728515625 114.3849314708392 23237
stats: page 566 113.7327492649901 47.02290044270604 1792.070068359375 34.1728515625 114.3849314708392 23237
stats: connect 12 134.8259073893229 7.952665555818718 168.308837890625 120.591064453125 131.05281326556525 523
stats: 302 343 14296
stats: nomatch 566 23803
stats: 200 223 9507
stats: size_rcv 898223 47187492
stats: size_sent 208151 8744210
stats: connected 2 225
# stats: dump at 1400152520
stats: users 228 240
stats: session 7 232434.88441685267 21704.52068654845 316602.2570800781 141071.76196289063 219048.93335275957 310
stats: users_count 7 545
stats: finish_users_count 7 317
stats: page 543 107.22840906638467 42.49492043915137 1792.070068359375 34.1728515625 114.36942354627043 23803
stats: request 543 107.22840906638467 42.49492043915137 1792.070068359375 34.1728515625 114.36942354627043 23803
stats: connect 8 135.037353515625 6.782575972079203 168.308837890625 120.591064453125 131.1374434141355 535
stats: 302 353 14649
stats: nomatch 543 24346
stats: 200 190 9697
stats: size_rcv 755363 47942855
stats: size_sent 200932 8945142
stats: connected 1 226
# stats: dump at 1400152530
stats: users 234 240
stats: session 11 224439.9727228338 35667.20297945936 316602.2570800781 141071.76196289063 219344.52217751872 317
stats: users_count 17 562
stats: finish_users_count 11 328
stats: request 586 127.00044911876067 57.88341902089384 1792.070068359375 34.1728515625 114.21015422635841 24346
stats: connect 11 133.06416459517047 3.2746785432626093 168.308837890625 120.591064453125 131.19490065319982 543
stats: page 586 127.00044911876067 57.88341902089384 1792.070068359375 34.1728515625 114.21015422635841 24346
stats: 302 385 15034
stats: nomatch 586 24932
stats: 200 201 9898
stats: size_rcv 937858 48880713
stats: size_sent 211831 9156973
stats: connected 0 226
# stats: dump at 1400152540
stats: users 226 240
stats: session 12 221008.67783610025 18075.027047717806 316602.2570800781 141071.76196289063 219515.40618970917 328
stats: users_count 4 566
stats: finish_users_count 12 340
stats: request 634 133.86219262926372 58.30463072013696 1792.070068359375 34.1728515625 114.51077643103304 24932
stats: page 634 133.86219262926372 58.30463072013696 1792.070068359375 34.1728515625 114.51077643103304 24932
stats: connect 9 131.69989691840277 3.5628561354561814 168.308837890625 120.591064453125 131.2320160022281 554
stats: 302 396 15430
stats: nomatch 634 25566
stats: 200 238 10136
stats: size_rcv 1113335 49994048
stats: size_sent 233200 9390173
stats: connected -3 223
# stats: dump at 1400152550
stats: users 219 240
stats: session 19 221800.62845651727 29761.39857371301 316602.2570800781 141071.76196289063 219568.10989487593 340
stats: users_count 12 578
stats: finish_users_count 19 359
stats: request 554 112.92412867356724 44.61508586909957 1792.070068359375 34.1728515625 114.9906636980939 25566
stats: page 554 112.92412867356724 44.61508586909957 1792.070068359375 34.1728515625 114.9906636980939 25566
stats: connect 12 132.14666748046878 4.902994577361148 168.308837890625 120.591064453125 131.23949544849023 563
stats: 302 349 15779
stats: nomatch 554 26120
stats: 200 205 10341
stats: size_rcv 1024293 51018341
stats: size_sent 200121 9590294
stats: connected -7 216
# stats: dump at 1400152560
stats: users 220 240
stats: session 14 228143.27423967634 25058.833618849316 316602.2570800781 141071.76196289063 219686.2654733472 359
stats: users_count 15 593
stats: finish_users_count 14 373
stats: request 575 104.68682362432061 36.22607744364227 1792.070068359375 34.1728515625 114.9468329016319 26120
stats: page 575 104.68682362432061 36.22607744364227 1792.070068359375 34.1728515625 114.9468329016319 26120
stats: connect 14 131.75395856584822 6.8244186574089465 168.308837890625 120.591064453125 131.258427734375 575
stats: 302 346 16125
stats: nomatch 575 26695
stats: 200 229 10570
stats: size_rcv 1031918 52050259
stats: size_sent 212693 9802987
stats: connected 1 217
# stats: dump at 1400152570
stats: users 220 240
stats: session 8 218384.84725952148 47322.707925457806 329631.1828613281 141071.76196289063 220003.68671390647 373
stats: users_count 8 601
stats: finish_users_count 8 381
stats: request 533 109.22393146106941 43.167750588641724 1792.070068359375 34.1728515625 114.72583626052105 26695
stats: page 533 109.22393146106941 43.167750588641724 1792.070068359375 34.1728515625 114.72583626052105 26695
stats: connect 7 135.58018275669642 4.832954594048955 168.308837890625 120.591064453125 131.2702060563455 589
stats: 302 332 16457
stats: nomatch 533 27228
stats: 200 201 10771
stats: size_rcv 774776 52825035
stats: size_sent 195382 9998369
stats: connected -2 215
# stats: dump at 1400152580
stats: users 219 240
stats: session 11 226146.07288707385 34785.316153684464 329631.1828613281 141071.76196289063 219969.69533428684 381
stats: users_count 10 611
stats: finish_users_count 11 392
stats: request 532 112.38847729675749 48.850897251664755 1792.070068359375 34.1728515625 114.61813406946376 27228
stats: connect 10 131.5580322265625 3.8437255502714036 168.308837890625 120.591064453125 131.32082658806104 596
stats: page 532 112.38847729675749 48.850897251664755 1792.070068359375 34.1728515625 114.61813406946376 27228
stats: 302 340 16797
stats: nomatch 532 27760
stats: 200 192 10963
stats: size_rcv 948779 53773814
stats: size_sent 195223 10193592
stats: connected 0 215
# stats: dump at 1400152590
stats: users 219 240
stats: session 8 204570.8601989746 27577.647120836118 329631.1828613281 141071.76196289063 220143.0120513293 392
stats: users_count 8 619
stats: finish_users_count 8 400
stats: 302 324 17121
stats: request 546 112.7890388013679 44.664307876183834 1792.070068359375 34.1728515625 114.57540433592342 27760
stats: page 546 112.7890388013679 44.664307876183834 1792.070068359375 34.1728515625 114.57540433592342 27760
stats: connect 10 134.3744873046875 5.503965324101074 168.308837890625 120.591064453125 131.32474087252476 606
stats: nomatch 546 28306
stats: 200 222 11185
stats: size_rcv 1119744 54893558
stats: size_sent 201497 10395089
stats: connected 2 217
# stats: dump at 1400152600
stats: users 210 240
stats: session 9 219264.0883517795 38503.96691883928 329631.1828613281 141071.76196289063 219831.56901428223 400
stats: users_count 0 619
stats: finish_users_count 9 409
stats: page 551 122.88570718367178 58.0160913486088 1792.070068359375 34.1728515625 114.54094677986227 28306
stats: request 551 122.88570718367178 58.0160913486088 1792.070068359375 34.1728515625 114.54094677986227 28306
stats: connect 3 135.11800130208334 9.753870473631515 168.308837890625 120.591064453125 131.37424974317673 616
stats: 302 374 17495
stats: nomatch 551 28857
stats: 200 177 11362
stats: size_rcv 577942 55471500
stats: size_sent 205770 10600859
stats: connected -7 210
# stats: dump at 1400152610
stats: users 215 240
stats: session 8 219456.36499023438 28619.711824156595 329631.1828613281 141071.76196289063 219819.0816647406 409
stats: users_count 13 632
stats: finish_users_count 8 417
stats: 302 352 17847
stats: request 553 105.86149897928914 35.860924919093925 1792.070068359375 34.1728515625 114.70028291953372 28857
stats: page 553 105.86149897928914 35.860924919093925 1792.070068359375 34.1728515625 114.70028291953372 28857
stats: connect 7 135.14630998883928 10.13007309026853 168.308837890625 120.591064453125 131.39239393490004 619
stats: nomatch 553 29410
stats: 200 201 11563
stats: size_rcv 656746 56128246
stats: size_sent 201171 10802030
stats: connected -1 209
# stats: dump at 1400152620
stats: users 213 240
stats: session 12 222139.4443766276 28076.062960467567 329631.1828613281 141071.76196289063 219812.1230714647 417
stats: users_count 10 642
stats: finish_users_count 12 429
stats: request 534 115.27344298630615 46.80537707382478 1792.070068359375 34.1728515625 114.53408613208198 29410
stats: page 534 115.27344298630615 46.80537707382478 1792.070068359375 34.1728515625 114.53408613208198 29410
stats: 302 345 18192
stats: connect 11 128.85109641335228 4.245387142344183 168.308837890625 120.591064453125 131.43437063198883 626
stats: nomatch 534 29944
stats: 200 189 11752
stats: size_rcv 814187 56942433
stats: size_sent 190742 10992772
stats: connected 0 209
# stats: dump at 1400152630
stats: users 218 240
stats: session 8 221239.9139099121 28641.22639074684 329631.1828613281 141071.76196289063 219877.22296811262 429
stats: users_count 13 655
stats: finish_users_count 8 437
stats: request 528 117.10662425648084 52.06899914772582 1792.070068359375 34.1728515625 114.54727129639389 29944
stats: page 528 117.10662425648084 52.06899914772582 1792.070068359375 34.1728515625 114.54727129639389 29944
stats: connect 12 133.96435546875 6.911333246591576 168.308837890625 120.591064453125 131.38976150105475 637
stats: 302 309 18501
stats: nomatch 528 30472
stats: 200 219 11971
stats: size_rcv 819289 57761722
stats: size_sent 199316 11192088
stats: connected 4 213
# stats: dump at 1400152640
stats: users 210 240
stats: session 13 219431.10533728966 21541.732085106712 329631.1828613281 141071.76196289063 219902.16925537668 437
stats: users_count 5 660
stats: finish_users_count 13 450
stats: request 549 121.984130859375 58.15900187086271 1792.070068359375 34.1728515625 114.59161818412446 30472
stats: page 549 121.984130859375 58.15900187086271 1792.070068359375 34.1728515625 114.59161818412446 30472
stats: connect 9 132.90861002604166 7.305840897235485 168.308837890625 120.591064453125 131.43736570384726 649
stats: 302 352 18853
stats: nomatch 549 31021
stats: 200 197 12168
stats: size_rcv 910373 58672095
stats: size_sent 200543 11392631
stats: connected -5 208
# stats: dump at 1400152650
stats: users 217 240
stats: session 9 223474.59480794272 41749.32595449758 329631.1828613281 141071.76196289063 219888.5607421875 450
stats: users_count 16 676
stats: finish_users_count 9 459
stats: request 553 113.80246286237002 46.97821901417444 1792.070068359375 34.1728515625 114.72244857188477 31021
stats: page 553 113.80246286237002 46.97821901417444 1792.070068359375 34.1728515625 114.72244857188477 31021
stats: 302 326 19179
stats: connect 16 133.01246643066406 6.765055951018697 168.308837890625 120.591064453125 131.45748910643047 658
stats: nomatch 553 31574
stats: 200 227 12395
stats: size_rcv 1036706 59708801
stats: size_sent 200883 11593514
stats: connected 7 215
# stats: dump at 1400152660
stats: users 219 240
stats: session 8 234156.33575439453 24603.79969072846 329631.1828613281 141071.76196289063 219958.8751356337 459
stats: users_count 10 686
stats: finish_users_count 8 467
stats: request 555 229.81551282728034 292.4601136349927 1792.070068359375 34.1728515625 114.70633556443049 31574
stats: page 555 229.81551282728034 292.4601136349927 1792.070068359375 34.1728515625 114.70633556443049 31574
stats: connect 6 135.55354817708334 7.635512009216656 168.308837890625 120.591064453125 131.4944025147209 674
stats: 302 342 19521
stats: nomatch 555 32129
stats: 200 213 12608
stats: size_rcv 976293 60685094
stats: size_sent 208838 11802352
stats: connected -2 213
# stats: dump at 1400152670
stats: users 225 240
stats: session 4 223926.13201904297 42062.12643233202 329631.1828613281 141071.76196289063 220202.0864524433 467
stats: users_count 10 696
stats: finish_users_count 4 471
stats: page 604 130.60763084967408 58.80257575824272 1792.070068359375 34.1728515625 116.69474458372402 32129
stats: request 604 130.60763084967408 58.80257575824272 1792.070068359375 34.1728515625 116.69474458372402 32129
stats: connect 13 139.35021033653845 10.586611190099125 168.308837890625 120.591064453125 131.53021850585938 680
stats: 302 384 19905
stats: nomatch 604 32733
stats: 200 220 12828
stats: size_rcv 1039900 61724994
stats: size_sent 220708 12023060
stats: connected 9 222
# stats: dump at 1400152680
stats: users 220 240
stats: session 13 229218.21506911056 22844.201070117702 329631.1828613281 141071.76196289063 220233.7131663847 471
stats: users_count 8 704
stats: finish_users_count 13 484
stats: request 557 113.15600629768849 42.26364294499575 1792.070068359375 34.1728515625 116.95146970224764 32733
stats: connect 5 134.25 6.751439098315413 168.308837890625 120.591064453125 131.67691387930645 693
stats: page 557 113.15600629768849 42.26364294499575 1792.070068359375 34.1728515625 116.95146970224764 32733
stats: 302 366 20271
stats: nomatch 557 33290
stats: 200 191 13019
stats: size_rcv 685962 62410956
stats: size_sent 205560 12228620
stats: connected -8 214
# stats: dump at 1400152690
stats: users 212 240
stats: session 15 227088.7687174479 30531.845058478946 329631.1828613281 141071.76196289063 220475.032432367 484
stats: users_count 7 711
stats: finish_users_count 15 499
stats: request 544 116.53160005457259 41.79096305369495 1792.070068359375 34.1728515625 116.88796495258289 33290
stats: page 544 116.53160005457259 41.79096305369495 1792.070068359375 34.1728515625 116.88796495258289 33290
stats: connect 10 135.57216796875 9.908880631894807 168.308837890625 120.591064453125 131.69534572830855 698
stats: 302 347 20618
stats: nomatch 544 33834
stats: 200 197 13216
stats: size_rcv 722031 63132987
stats: size_sent 197311 12425931
stats: connected -5 209
# stats: dump at 1400152700
stats: users 205 240
stats: session 11 211371.83538263495 23160.24335211897 329631.1828613281 141071.76196289063 220673.84214033536 499
stats: users_count 4 715
stats: finish_users_count 11 510
stats: request 524 113.96738346478409 43.91988575171812 1792.070068359375 34.1728515625 116.88223513924372 33834
stats: 302 326 20944
stats: page 524 113.96738346478409 43.91988575171812 1792.070068359375 34.1728515625 116.88223513924372 33834
stats: connect 6 135.39982096354166 8.486300630650517 168.308837890625 120.591064453125 131.75010310458597 708
stats: nomatch 524 34358
stats: 200 198 13414
stats: size_rcv 693789 63826776
stats: size_sent 194867 12620798
stats: connected -5 204
# stats: dump at 1400152710
stats: users 209 240
stats: session 11 216447.8572887074 18298.077094837507 329631.1828613281 141071.76196289063 220473.21062203203 510
stats: users_count 15 730
stats: finish_users_count 11 521
stats: request 488 112.22833952356558 48.303897938809726 1792.070068359375 34.1728515625 116.83778021528374 34358
stats: page 488 112.22833952356558 48.303897938809726 1792.070068359375 34.1728515625 116.83778021528374 34358
stats: connect 8 129.10125732421875 2.9836786784710054 168.308837890625 120.591064453125 131.7807730025604 714
stats: 302 319 21263
stats: nomatch 488 34846
stats: 200 169 13583
stats: size_rcv 772359 64599135
stats: size_sent 179885 12800683
stats: connected -2 202
# stats: dump at 1400152720
stats: users 215 240
stats: session 8 233983.7950744629 37622.54344135999 329631.1828613281 141071.76196289063 220388.22235587737 521
stats: users_count 14 744
stats: finish_users_count 8 529
stats: request 511 115.15350090967466 47.938953084401824 1792.070068359375 34.1728515625 116.7732274098668 34846
stats: page 511 115.15350090967466 47.938953084401824 1792.070068359375 34.1728515625 116.7732274098668 34846
stats: connect 14 130.31570870535717 3.7725222214105347 168.308837890625 120.591064453125 131.75108307814665 722
stats: 302 313 21576
stats: nomatch 511 35357
stats: 200 198 13781
stats: size_rcv 899079 65498214
stats: size_sent 185477 12986160
stats: connected 6 208
# stats: dump at 1400152730
stats: users 209 240
stats: session 14 209522.11015973773 22797.53660841052 329631.1828613281 141071.76196289063 220593.826480166 529
stats: users_count 8 752
stats: finish_users_count 14 543
stats: request 554 108.54709666558551 43.59656587247106 1792.070068359375 34.1728515625 116.74981817713784 35357
stats: page 554 108.54709666558551 43.59656587247106 1792.070068359375 34.1728515625 116.74981817713784 35357
stats: connect 13 130.88168569711542 7.699269021443908 168.308837890625 120.591064453125 131.72377976127294 736
stats: 302 322 21898
stats: nomatch 554 35911
stats: 200 232 14013
stats: size_rcv 1076707 66574921
stats: size_sent 199789 13185949
stats: connected -2 206
# stats: dump at 1400152740
stats: users 215 240
stats: session 8 204234.66806030273 16544.962043550684 329631.1828613281 141071.76196289063 220308.36786416968 543
stats: users_count 14 766
stats: finish_users_count 8 551
stats: request 522 112.07151449503115 68.55172023834653 1792.070068359375 34.1728515625 116.62327456327579 35911
stats: page 522 112.07151449503115 68.55172023834653 1792.070068359375 34.1728515625 116.62327456327579 35911
stats: connect 10 230.2138671875 296.83887433514496 1120.573974609375 120.591064453125 131.70916397644777 749
stats: 302 333 22231
stats: nomatch 522 36433
stats: 200 190 14203
stats: size_rcv 1053635 67628556
stats: size_sent 196093 13382042
stats: connected 2 208
# stats: dump at 1400152750
stats: users 221 240
stats: session 4 222851.64331054688 21707.636614454565 329631.1828613281 141071.76196289063 220074.9929123894 551
stats: users_count 10 776
stats: finish_users_count 4 555
stats: page 562 178.32905464579628 218.5430247143285 1792.070068359375 34.1728515625 116.55805844723749 36433
stats: request 562 178.32905464579628 218.5430247143285 1792.070068359375 34.1728515625 116.55805844723749 36433
stats: connect 15 128.04132486979168 3.898368233927741 1120.573974609375 120.591064453125 133.00698615314147 759
stats: 302 330 22561
stats: nomatch 562 36995
stats: 200 231 14434
stats: size_rcv 1236324 68864880
stats: size_sent 217940 13599982
stats: connected 11 219
# stats: dump at 1400152760
stats: users 218 240
stats: session 9 220085.96636284722 25561.95854992428 329631.1828613281 141071.76196289063 220095.0048071509 555
stats: users_count 6 782
stats: finish_users_count 9 564
stats: request 532 154.42518650140977 179.36599307872794 1792.070068359375 34.1728515625 117.49643660276094 36995
stats: connect 3 137.65462239583334 6.93990159016411 1120.573974609375 120.591064453125 132.9107524073401 774
stats: page 532 154.42518650140977 179.36599307872794 1792.070068359375 34.1728515625 117.49643660276094 36995
stats: 302 349 22910
stats: nomatch 532 37527
stats: 200 183 14617
stats: size_rcv 812066 69676946
stats: size_sent 182362 13782344
stats: connected -6 213
# stats: dump at 1400152770
stats: users 213 240
stats: session 14 236491.94428362165 30157.45071517673 329631.1828613281 141071.76196289063 220094.8605766567 564
stats: users_count 9 791
stats: finish_users_count 14 578
stats: request 582 123.94252082326571 52.379585808376255 1792.070068359375 34.1728515625 118.01995553435901 37527
stats: page 582 123.94252082326571 52.379585808376255 1792.070068359375 34.1728515625 118.01995553435901 37527
stats: connect 9 129.72751193576389 4.939918214866529 1120.573974609375 120.591064453125 132.9290685076818 777
stats: 302 378 23288
stats: nomatch 582 38109
stats: 200 204 14821
stats: size_rcv 915854 70592800
stats: size_sent 211612 13993956
stats: connected -4 209
# stats: dump at 1400152780
stats: users 210 240
stats: session 12 227041.71940104166 13269.09285344111 329631.1828613281 141071.76196289063 220492.0217737112 578
stats: users_count 9 800
stats: finish_users_count 12 590
stats: request 570 113.45169656318531 46.023053297329746 1792.070068359375 34.1728515625 118.11040485074474 38109
stats: page 570 113.45169656318531 46.023053297329746 1792.070068359375 34.1728515625 118.11040485074474 38109
stats: connect 11 129.41874556107953 4.058621387443571 1120.573974609375 120.591064453125 132.89240946296516 786
stats: 302 356 23644
stats: nomatch 570 38679
stats: 200 214 15035
stats: size_rcv 844463 71437263
stats: size_sent 209948 14203904
stats: connected -1 208
# stats: dump at 1400152790
stats: users 204 240
stats: session 12 214181.51375325522 20385.768511420196 329631.1828613281 141071.76196289063 220625.23596274166 590
stats: users_count 6 806
stats: finish_users_count 12 602
stats: request 542 110.62386307945113 40.88131277727428 1792.070068359375 34.1728515625 118.04175096300439 38679
stats: page 542 110.62386307945113 40.88131277727428 1792.070068359375 34.1728515625 118.04175096300439 38679
stats: connect 7 132.65827287946428 8.516810652073712 1120.573974609375 120.591064453125 132.84446679932557 797
stats: 302 360 24004
stats: nomatch 542 39221
stats: 200 183 15218
stats: size_rcv 745604 72182867
stats: size_sent 199298 14403202
stats: connected -6 202
# stats: dump at 1400152800
stats: users 208 240
stats: session 6 214369.6786702474 22726.512546586215 329631.1828613281 141071.76196289063 220496.78967285156 602
stats: users_count 10 816
stats: finish_users_count 6 608
stats: page 536 110.48230800343983 43.59108370394369 1792.070068359375 34.1728515625 117.93924222449986 39221
stats: connect 6 136.82958984375 9.34281505151328 1120.573974609375 120.591064453125 132.8428457079835 804
stats: request 536 110.48230800343983 43.59108370394369 1792.070068359375 34.1728515625 117.93924222449986 39221
stats: 302 354 24358
stats: nomatch 536 39757
stats: 200 181 15399
stats: size_rcv 704155 72887022
stats: size_sent 198518 14601720
stats: connected 0 202
# stats: dump at 1400152810
stats: users 205 240
stats: session 13 217815.8798828125 25097.249604468292 329631.1828613281 141071.76196289063 220436.32476164165 608
stats: users_count 10 826
stats: finish_users_count 13 621
stats: request 544 115.88306830911073 41.33692131293158 1792.070068359375 34.1728515625 117.83870856394982 39757
stats: page 544 115.88306830911073 41.33692131293158 1792.070068359375 34.1728515625 117.83870856394982 39757
stats: connect 14 130.82322474888392 3.85798931283257 1120.573974609375 120.591064453125 132.87237714602622 810
stats: 302 322 24680
stats: nomatch 544 40301
stats: 200 222 15621
stats: size_rcv 794622 73681644
stats: size_sent 195097 14796817
stats: connected 2 204
# stats: dump at 1400152820
stats: users 205 240
stats: session 11 216326.12138227982 31992.294687208676 329631.1828613281 141071.76196289063 220381.4684276243 621
stats: users_count 11 837
stats: finish_users_count 11 632
stats: request 490 102.71070332429841 37.236597687779806 1792.070068359375 34.1728515625 117.81231050190092 40301
stats: connect 7 131.67316545758928 9.585208427367654 1120.573974609375 120.591064453125 132.83756144995826 824
stats: page 490 102.71070332429841 37.236597687779806 1792.070068359375 34.1728515625 117.81231050190092 40301
stats: 302 301 24981
stats: nomatch 490 40791
stats: 200 189 15810
stats: size_rcv 662801 74344445
stats: size_sent 182834 14979651
stats: connected -5 199
# stats: dump at 1400152830
stats: users 208 240
stats: session 9 208069.55200195313 12182.480157096501 329631.1828613281 141071.76196289063 220310.88485563255 632
stats: users_count 12 849
stats: finish_users_count 9 641
stats: request 494 111.67269934526821 51.12658575481308 1792.070068359375 34.1728515625 117.63090314446852 40791
stats: 302 310 25291
stats: page 494 111.67269934526821 51.12658575481308 1792.070068359375 34.1728515625 117.63090314446852 40791
stats: connect 11 135.047607421875 5.8249055448070965 1120.573974609375 120.591064453125 132.82775306013085 831
stats: nomatch 494 41285
stats: 200 184 15994
stats: size_rcv 958938 75303383
stats: size_sent 182550 15162201
stats: connected 3 202
# stats: dump at 1400152840
stats: users 210 240
stats: session 7 217971.20731026787 21040.69041776601 329631.1828613281 141071.76196289063 220139.00966735935 641
stats: users_count 9 858
stats: finish_users_count 7 648
stats: page 528 105.18945959842566 43.562521520644964 1792.070068359375 33.7900390625 117.55960963164777 41285
stats: request 528 105.18945959842566 43.562521520644964 1792.070068359375 33.7900390625 117.55960963164777 41285
stats: 302 314 25605
stats: connect 10 129.4244873046875 4.183208971538657 1120.573974609375 120.591064453125 132.8567535327902 842
stats: nomatch 528 41813
stats: 200 214 16208
stats: size_rcv 843138 76146521
stats: size_sent 193524 15355725
stats: connected 2 204
# stats: dump at 1400152850
stats: users 209 240
stats: session 7 219058.95797293526 26715.79707967614 329631.1828613281 141071.76196289063 220115.59204930434 648
stats: users_count 6 864
stats: finish_users_count 7 655
stats: request 525 102.70346633184523 40.51466891643591 1792.070068359375 33.7900390625 117.40340368570891 41813
stats: page 525 102.70346633184523 40.51466891643591 1792.070068359375 33.7900390625 117.40340368570891 41813
stats: connect 10 133.12998046875 9.37587750092001 1120.573974609375 120.591064453125 132.8164687179064 852
stats: 302 303 25908
stats: nomatch 525 42338
stats: 200 222 16430
stats: size_rcv 928480 77075001
stats: size_sent 195306 15551031
stats: connected 3 207
# stats: dump at 1400152860
stats: users 207 240
stats: session 10 220097.99299316405 16341.465995653733 329631.1828613281 141071.76196289063 220104.29977673246 655
stats: users_count 8 872
stats: finish_users_count 10 665
stats: request 518 104.08905571307915 40.72697197593388 1792.070068359375 33.7900390625 117.22112140712281 42338
stats: page 518 104.08905571307915 40.72697197593388 1792.070068359375 33.7900390625 117.22112140712281 42338
stats: connect 8 131.73263549804688 8.148396873590004 1120.573974609375 120.591064453125 132.82010574517835 862
stats: 302 332 26240
stats: nomatch 518 42856
stats: 200 186 16616
stats: size_rcv 888089 77963090
stats: size_sent 189399 15740430
stats: connected -2 205
# stats: dump at 1400152870
stats: users 210 240
stats: session 4 222037.25262451172 8836.337738308584 329631.1828613281 141071.76196289063 220104.20493788182 665
stats: users_count 7 879
stats: finish_users_count 4 669
stats: page 522 106.40451342118652 38.859565452279426 1792.070068359375 33.7900390625 117.06239427371058 42856
stats: request 522 106.40451342118652 38.859565452279426 1792.070068359375 33.7900390625 117.06239427371058 42856
stats: connect 7 132.21428571428572 8.915982407253198 1120.573974609375 120.591064453125 132.81010601876795 870
stats: 302 335 26575
stats: nomatch 522 43378
stats: 200 187 16803
stats: size_rcv 669116 78632206
stats: size_sent 188928 15929358
stats: connected 3 208
# stats: dump at 1400152880
stats: users 216 240
stats: session 7 225938.18474469866 16370.776184629744 329631.1828613281 141071.76196289063 220115.76277158363 669
stats: users_count 13 892
stats: finish_users_count 7 676
stats: page 567 123.42677288290895 51.111070903836925 1792.070068359375 33.7900390625 116.93414000184426 43378
stats: request 567 123.42677288290895 51.111070903836925 1792.070068359375 33.7900390625 116.93414000184426 43378
stats: connect 11 129.5410822088068 3.368953699593693 1120.573974609375 120.591064453125 132.8053503264859 877
stats: 302 350 26925
stats: nomatch 567 43945
stats: 200 217 17020
stats: size_rcv 1009743 79641949
stats: size_sent 212605 16141963
stats: connected 4 212
# stats: dump at 1400152890
stats: users 219 240
stats: session 10 225293.07583007813 23850.3060458749 329631.1828613281 141071.76196289063 220176.05412337623 676
stats: users_count 13 905
stats: finish_users_count 10 686
stats: request 554 115.07116831424865 46.58429103841922 1792.070068359375 33.7900390625 117.0179111440348 43945
stats: page 554 115.07116831424865 46.58429103841922 1792.070068359375 33.7900390625 117.0179111440348 43945
stats: connect 9 133.73551432291666 5.3581398311993 1120.573974609375 120.591064453125 132.7649145727759 888
stats: 302 358 27283
stats: nomatch 554 44499
stats: 200 196 17216
stats: size_rcv 711594 80353543
stats: size_sent 199712 16341675
stats: connected -1 211
# stats: dump at 1400152900
stats: users 219 240
stats: session 10 208224.4352294922 26935.925408198862 329631.1828613281 141071.76196289063 220250.64627653518 686
stats: users_count 10 915
stats: finish_users_count 10 696
stats: request 568 114.66768807424626 50.25865206545678 1792.070068359375 33.7900390625 116.99367474484153 44499
stats: page 568 114.66768807424626 50.25865206545678 1792.070068359375 33.7900390625 116.99367474484153 44499
stats: connect 15 133.50634765624997 7.760069886893252 1120.573974609375 120.591064453125 132.77465303180742 897
stats: 302 338 27621
stats: nomatch 568 45067
stats: 200 230 17446
stats: size_rcv 1109413 81462956
stats: size_sent 208476 16550151
stats: connected 5 216
# stats: dump at 1400152910
stats: users 214 240
stats: session 14 212473.6425606864 38087.249733737975 329631.1828613281 141071.76196289063 220077.85588792822 696
stats: users_count 9 924
stats: finish_users_count 14 710
stats: page 552 103.67408907240717 39.38727400081591 1792.070068359375 33.7900390625 116.9643592716816 45067
stats: request 552 103.67408907240717 39.38727400081591 1792.070068359375 33.7900390625 116.9643592716816 45067
stats: 302 345 27966
stats: connect 7 132.18913922991072 4.184194996535126 1120.573974609375 120.591064453125 132.78668748286734 912
stats: nomatch 552 45619
stats: 200 207 17653
stats: size_rcv 835558 82298514
stats: size_sent 200979 16751130
stats: connected -7 209
# stats: dump at 1400152920
stats: users 206 240
stats: session 12 218327.87672932944 32514.483520798953 329631.1828613281 141071.76196289063 219927.91365330655 710
stats: users_count 4 928
stats: finish_users_count 12 722
stats: request 533 119.47559738874888 68.86944813825572 1792.070068359375 33.7900390625 116.80354405981814 45619
stats: page 533 119.47559738874888 68.86944813825572 1792.070068359375 33.7900390625 116.80354405981814 45619
stats: connect 6 131.18318684895834 3.6867433317622003 1120.573974609375 120.591064453125 132.78213597277954 919
stats: 302 341 28307
stats: nomatch 533 46152
stats: 200 192 17845
stats: size_rcv 921729 83220243
stats: size_sent 196619 16947749
stats: connected -6 203
# stats: dump at 1400152930
stats: users 207 240
stats: session 7 213278.43938337054 13117.622888021486 329631.1828613281 141071.76196289063 219901.32024182772 722
stats: users_count 8 936
stats: finish_users_count 7 729
stats: request 543 104.58249570168621 35.916805800412895 1792.070068359375 33.7900390625 116.83440305670496 46152
stats: 302 349 28656
stats: page 543 104.58249570168621 35.916805800412895 1792.070068359375 33.7900390625 116.83440305670496 46152
stats: connect 7 130.45755440848214 8.949374895449072 1120.573974609375 120.591064453125 132.77176441089532 925
stats: nomatch 543 46695
stats: 200 194 18039
stats: size_rcv 791738 84011981
stats: size_sent 199992 17147741
stats: connected 0 203
# stats: dump at 1400152940
stats: users 203 240
stats: session 12 221094.94763183594 28641.206799603806 329631.1828613281 141071.76196289063 219837.72604977118 729
stats: users_count 8 944
stats: finish_users_count 12 741
stats: request 503 103.42503766463717 35.303642372119064 1792.070068359375 33.7900390625 116.69192986484768 46695
stats: page 503 103.42503766463717 35.303642372119064 1792.070068359375 33.7900390625 116.69192986484768 46695
stats: connect 9 130.71519639756946 2.7332924049672167 1120.573974609375 120.591064453125 132.7543830052978 932
stats: 302 337 28993
stats: nomatch 503 47198
stats: 200 166 18205
stats: size_rcv 657272 84669253
stats: size_sent 184503 17332244
stats: connected -3 200
# stats: dump at 1400152950
stats: users 204 240
stats: session 11 225695.34343927557 29907.615224807167 329631.1828613281 141071.76196289063 219858.08591344836 741
stats: users_count 12 956
stats: finish_users_count 11 752
stats: request 486 109.66687463831019 44.74766415537954 1792.070068359375 33.7900390625 116.5505415268523 47198
stats: page 486 109.66687463831019 44.74766415537954 1792.070068359375 33.7900390625 116.5505415268523 47198
stats: connect 10 128.62275390625 3.417094666764144 1120.573974609375 120.591064453125 132.73487962647786 941
stats: 302 305 29298
stats: nomatch 486 47684
stats: 200 181 18386
stats: size_rcv 704390 85373643
stats: size_sent 180104 17512348
stats: connected 0 200
# stats: dump at 1400152960
stats: users 203 240
stats: session 10 215692.51318359375 23552.3747043958 329631.1828613281 141071.76196289063 219943.47132938466 752
stats: users_count 9 965
stats: finish_users_count 10 762
stats: request 540 108.08606047453704 43.44060290554893 1792.070068359375 33.7900390625 116.4803825194739 47684
stats: page 540 108.08606047453704 43.44060290554893 1792.070068359375 33.7900390625 116.4803825194739 47684
stats: connect 9 132.685791015625 5.508317757977401 1120.573974609375 120.591064453125 132.69163960838924 951
stats: 302 349 29647
stats: nomatch 540 48224
stats: 200 191 18577
stats: size_rcv 839611 86213254
stats: size_sent 196981 17709329
stats: connected 0 200
# stats: dump at 1400152970
stats: users 204 240
stats: session 10 228460.80356445312 30165.16455607637 329631.1828613281 141071.76196289063 219887.68447707768 762
stats: users_count 11 976
stats: finish_users_count 10 772
stats: page 546 107.04110907809637 45.9553140081787 1792.070068359375 33.7900390625 116.38638505131975 48224
stats: 302 340 29987
stats: request 546 107.04110907809637 45.9553140081787 1792.070068359375 33.7900390625 116.38638505131975 48224
stats: connect 12 130.3507080078125 4.5913188360431905 1120.573974609375 120.591064453125 132.69158477783208 960
stats: nomatch 546 48770
stats: 200 206 18783
stats: size_rcv 794823 87008077
stats: size_sent 197488 17906817
stats: connected 1 201
# stats: dump at 1400152980
stats: users 204 240
stats: session 11 228708.3593971946 30839.34548324658 329631.1828613281 141071.76196289063 219998.7352424582 772
stats: users_count 11 987
stats: finish_users_count 11 783
stats: request 551 110.49576187826112 43.76966222993872 1792.070068359375 33.7900390625 116.28176088315531 48770
stats: page 551 110.49576187826112 43.76966222993872 1792.070068359375 33.7900390625 116.28176088315531 48770
stats: connect 11 131.3035333806818 7.195209499869313 1120.573974609375 120.591064453125 132.66268506462197 972
stats: 302 323 30310
stats: nomatch 551 49321
stats: 200 228 19011
stats: size_rcv 1055687 88063764
stats: size_sent 202637 18109454
stats: connected -1 200
# stats: dump at 1400152990
stats: users 208 240
stats: session 5 251272.5386230469 46408.425596695066 329631.1828613281 141071.76196289063 220121.0926699194 783
stats: users_count 9 996
stats: finish_users_count 5 788
stats: request 525 122.52890206473212 54.076653841260644 1792.070068359375 33.7900390625 116.2171213695263 49321
stats: page 525 122.52890206473212 54.076653841260644 1792.070068359375 33.7900390625 116.2171213695263 49321
stats: connect 8 132.25015258789063 7.7621822822912 1120.573974609375 120.591064453125 132.6474758392676 983
stats: 302 324 30634
stats: nomatch 525 49846
stats: 200 201 19212
stats: size_rcv 980207 89043971
stats: size_sent 196092 18305546
stats: connected 3 203
# stats: dump at 1400153000
stats: users 206 240
stats: session 12 230038.52681477866 41097.48750292372 329631.1828613281 141071.76196289063 220318.75412901284 788
stats: users_count 10 1006
stats: finish_users_count 12 800
stats: page 512 108.92933368682861 41.899050791933874 1792.070068359375 33.7900390625 116.28359982045481 49846
stats: connect 10 131.68564453125 4.752153764370317 1120.573974609375 120.591064453125 132.6442683861788 991
stats: request 512 108.92933368682861 41.899050791933874 1792.070068359375 33.7900390625 116.28359982045481 49846
stats: 302 322 30956
stats: nomatch 512 50358
stats: 200 190 19402
stats: size_rcv 834443 89878414
stats: size_sent 183328 18488874
stats: connected 0 203
# stats: dump at 1400153010
stats: users 205 240
stats: session 8 201724.24700927734 21558.930429839227 329631.1828613281 141071.76196289063 220464.55071929932 800
stats: users_count 7 1013
stats: finish_users_count 8 808
stats: page 495 111.49371695470326 51.1005487634615 1792.070068359375 33.7900390625 116.20882750502496 50358
stats: request 495 111.49371695470326 51.1005487634615 1792.070068359375 33.7900390625 116.20882750502496 50358
stats: connect 9 131.96223958333334 3.776960518073415 1120.573974609375 120.591064453125 132.6346917242914 1001
stats: 302 305 31261
stats: nomatch 495 50853
stats: 200 190 19592
stats: size_rcv 772733 90651147
stats: size_sent 182739 18671613
stats: connected -1 202
# stats: dump at 1400153020
stats: users 207 240
stats: session 9 229871.23027886284 28563.72658512132 329631.1828613281 141071.76196289063 220279.00315781395 808
stats: users_count 11 1024
stats: finish_users_count 9 817
stats: page 549 118.96639975737136 50.41409176186206 1792.070068359375 33.7900390625 116.1629309065468 50853
stats: request 549 118.96639975737136 50.41409176186206 1792.070068359375 33.7900390625 116.1629309065468 50853
stats: connect 9 129.96497938368054 3.6188162445126224 1120.573974609375 120.591064453125 132.62869957650068 1010
stats: 302 339 31600
stats: nomatch 549 51402
stats: 200 210 19802
stats: size_rcv 916631 91567778
stats: size_sent 205628 18877241
stats: connected 0 202
# stats: dump at 1400153030
stats: users 215 240
stats: session 7 214574.42271205358 21556.22955825447 329631.1828613281 141071.76196289063 220384.6702864424 817
stats: users_count 15 1039
stats: finish_users_count 7 824
stats: request 531 108.82107894523894 44.38609930460243 1792.070068359375 33.7900390625 116.19287340682118 51402
stats: page 531 108.82107894523894 44.38609930460243 1792.070068359375 33.7900390625 116.19287340682118 51402
stats: connect 11 131.23002485795453 4.075409034078782 1120.573974609375 120.591064453125 132.60517309785948 1019
stats: 302 332 31932
stats: nomatch 531 51933
stats: 200 199 20001
stats: size_rcv 874933 92442711
stats: size_sent 189920 19067161
stats: connected 4 206
# stats: dump at 1400153040
stats: users 214 240
stats: session 10 221867.03286132813 31820.96530202795 329631.1828613281 139556.26806640625 220335.3113871454 824
stats: users_count 9 1048
stats: finish_users_count 10 834
stats: page 561 118.02183165524733 49.05906461604577 1792.070068359375 33.7900390625 116.11749892702797 51933
stats: request 561 118.02183165524733 49.05906461604577 1792.070068359375 33.7900390625 116.11749892702797 51933
stats: connect 13 133.49293870192307 8.190286298025967 1120.573974609375 120.591064453125 132.59048704869545 1030
stats: 302 335 32267
stats: nomatch 561 52494
stats: 200 226 20227
stats: size_rcv 1173300 93616011
stats: size_sent 208718 19275879
stats: connected 3 209
# stats: dump at 1400153050
stats: users 213 240
stats: session 12 212566.6298828125 24363.304923907963 329631.1828613281 139556.26806640625 220353.67735206365 834
stats: users_count 11 1059
stats: finish_users_count 12 846
stats: request 528 111.77267594770952 45.36787184514923 1792.070068359375 33.7900390625 116.13785040835025 52494
stats: page 528 111.77267594770952 45.36787184514923 1792.070068359375 33.7900390625 116.13785040835025 52494
stats: 302 336 32603
stats: connect 7 131.98186383928572 9.214421881179703 1120.573974609375 120.591064453125 132.6017352476331 1043
stats: nomatch 528 53022
stats: 200 192 20419
stats: size_rcv 742925 94358936
stats: size_sent 193172 19469051
stats: connected -5 204
# stats: dump at 1400153060
stats: users 216 240
stats: session 7 236487.69356863838 31337.275940588188 329631.1828613281 139556.26806640625 220243.22277803172 846
stats: users_count 10 1069
stats: finish_users_count 7 853
stats: request 552 126.69140978826992 63.02610986339154 1792.070068359375 33.7900390625 116.09438143103482 53022
stats: page 552 126.69140978826992 63.02610986339154 1792.070068359375 33.7900390625 116.09438143103482 53022
stats: connect 15 134.32877604166669 6.2326158702239915 1120.573974609375 120.591064453125 132.59760277157744 1050
stats: 302 325 32928
stats: nomatch 552 53574
stats: 200 227 20646
stats: size_rcv 1278124 95637060
stats: size_sent 207931 19676982
stats: connected 8 212
# stats: dump at 1400153070
stats: users 215 240
stats: session 9 215987.444797092 25050.353083772665 329631.1828613281 139556.26806640625 220376.53027572721 853
stats: users_count 8 1077
stats: finish_users_count 9 862
stats: page 552 123.51102569137794 73.25528799606846 1792.070068359375 33.7900390625 116.20356797027388 53574
stats: request 552 123.51102569137794 73.25528799606846 1792.070068359375 33.7900390625 116.20356797027388 53574
stats: 302 366 33294
stats: connect 11 133.15309836647728 4.403514485705994 1120.573974609375 120.591064453125 132.62198549369137 1065
stats: nomatch 552 54126
stats: 200 186 20832
stats: size_rcv 906655 96543715
stats: size_sent 196898 19873880
stats: connected 2 214
# stats: dump at 1400153080
stats: users 216 240
stats: session 8 227139.1407775879 27423.01350805021 329631.1828613281 139556.26806640625 220330.70455727278 862
stats: users_count 9 1086
stats: finish_users_count 8 870
stats: request 565 117.456861863938 51.90988054930172 1792.070068359375 33.7900390625 116.27809253632438 54126
stats: page 565 117.456861863938 51.90988054930172 1792.070068359375 33.7900390625 116.27809253632438 54126
stats: connect 6 131.20316569010416 4.270457090110558 1120.573974609375 120.591064453125 132.62741508625703 1076
stats: 302 356 33650
stats: nomatch 565 54691
stats: 200 209 21041
stats: size_rcv 875755 97419470
stats: size_sent 206872 20080752
stats: connected -2 212
# stats: dump at 1400153090
stats: users 216 240
stats: session 14 220176.07374790736 21380.726997747628 329631.1828613281 139556.26806640625 220393.31086734464 870
stats: users_count 14 1100
stats: finish_users_count 14 884
stats: request 610 118.11307673219774 45.81321846551178 1792.070068359375 33.7900390625 116.29027012806894 54691
stats: page 610 118.11307673219774 45.81321846551178 1792.070068359375 33.7900390625 116.29027012806894 54691
stats: connect 13 129.25621619591345 3.6425370511107915 1120.573974609375 120.591064453125 132.61951721529869 1082
stats: 302 385 34035
stats: nomatch 610 55301
stats: 200 225 21266
stats: size_rcv 828915 98248385
stats: size_sent 219998 20300750
stats: connected 0 212
# stats: dump at 1400153100
stats: users 216 240
stats: session 13 202693.08084810697 29371.544739574023 329631.1828613281 139556.26806640625 220389.87046047574 884
stats: users_count 13 1113
stats: finish_users_count 13 897
stats: request 534 108.05512914764745 44.78320394250906 1792.070068359375 33.7900390625 116.3103766727701 55301
stats: page 534 108.05512914764745 44.78320394250906 1792.070068359375 33.7900390625 116.3103766727701 55301
stats: 302 332 34367
stats: nomatch 534 55835
stats: 200 202 21468
stats: size_rcv 979774 99228159
stats: size_sent 197478 20498228
stats: connected 0 212
stats: connect 13 133.47601787860577 8.610428185667836 1120.573974609375 120.591064453125 132.57958761415532 1095
# stats: dump at 1400153110
stats: users 213 240
stats: session 11 218762.37353515625 26162.34471733865 329631.1828613281 139556.26806640625 220133.39524870226 897
stats: users_count 8 1121
stats: finish_users_count 11 908
stats: page 567 111.24940278122243 47.93470734998967 1792.070068359375 33.7900390625 116.23142436367338 55835
stats: request 567 111.24940278122243 47.93470734998967 1792.070068359375 33.7900390625 116.23142436367338 55835
stats: connect 9 133.12736002604166 3.9878266752462235 1120.573974609375 120.591064453125 132.59010529776347 1108
stats: 302 340 34707
stats: nomatch 567 56402
stats: 200 227 21695
stats: size_rcv 1066614 100294773
stats: size_sent 207178 20705406
stats: connected -3 209
# stats: dump at 1400153120
stats: users 214 240
stats: session 7 229393.29356166295 22922.44072706158 329631.1828613281 139556.26806640625 220116.7859548157 908
stats: users_count 8 1129
stats: finish_users_count 7 915
stats: request 372 1915.0448162119885 1954.4352545646561 5301.044921875 33.7900390625 116.18134092270941 56402
stats: page 372 1915.0448162119885 1954.4352545646561 5301.044921875 33.7900390625 116.18134092270941 56402
stats: connect 10 134.4833740234375 5.546800188930152 1120.573974609375 120.591064453125 132.59443411831361 1117
stats: 302 226 34933
stats: nomatch 372 56774
stats: 200 146 21841
stats: size_rcv 814636 101109409
stats: size_sent 134878 20840284
stats: connected 3 212
# stats: dump at 1400153130
stats: users 216 240
stats: session 8 222911.3907470703 21540.52369637063 329631.1828613281 139556.26806640625 220187.753772573 915
stats: users_count 10 1139
stats: finish_users_count 8 923
stats: request 543 125.09661809032573 61.43846936037577 5301.044921875 33.7900390625 127.96802519381258 56774
stats: page 543 125.09661809032573 61.43846936037577 5301.044921875 33.7900390625 127.96802519381258 56774
stats: connect 9 130.05216471354166 2.9332305687907603 1120.573974609375 120.591064453125 132.61119489830585 1127
stats: 302 349 35282
stats: nomatch 543 57317
stats: 200 194 22035
stats: size_rcv 927107 102036516
stats: size_sent 204809 21045093
stats: connected 1 213
# stats: dump at 1400153140
stats: users 215 240
stats: session 8 239776.3892211914 43018.816667115294 333507.34814453125 139556.26806640625 220211.36059358707 923
stats: users_count 7 1146
stats: finish_users_count 8 931
stats: 302 366 35648
stats: request 594 119.28963092842487 46.75894031662056 5301.044921875 33.7900390625 127.9408225478752 57317
stats: page 594 119.28963092842487 46.75894031662056 5301.044921875 33.7900390625 127.9408225478752 57317
stats: connect 6 132.75736490885416 2.2458639913794824 1120.573974609375 120.591064453125 132.59092089156036 1136
stats: nomatch 594 57911
stats: 200 228 22263
stats: size_rcv 870678 102907194
stats: size_sent 215666 21260759
stats: connected -2 211
# stats: dump at 1400153150
stats: users 213 240
stats: session 11 217581.19003018466 24902.29365680415 333507.34814453125 139556.26806640625 220379.4811403334 931
stats: users_count 9 1155
stats: finish_users_count 11 942
stats: request 522 109.17058227071362 45.76181895857966 5301.044921875 33.7900390625 127.85208624869277 57911
stats: page 522 109.17058227071362 45.76181895857966 5301.044921875 33.7900390625 127.85208624869277 57911
stats: connect 8 128.49826049804688 3.811410293712815 1120.573974609375 120.591064453125 132.59179537851637 1142
stats: 302 335 35983
stats: nomatch 522 58433
stats: 200 187 22450
stats: size_rcv 641212 103548406
stats: size_sent 190546 21451305
stats: connected -3 208
# stats: dump at 1400153160
stats: users 221 240
stats: session 7 212522.20825195313 16000.91490682263 333507.34814453125 139556.26806640625 220346.80470486457 942
stats: users_count 15 1170
stats: finish_users_count 7 949
stats: request 552 108.07638328662811 42.77678006268325 5301.044921875 33.7900390625 127.68519861539471 58433
stats: page 552 108.07638328662811 42.77678006268325 5301.044921875 33.7900390625 127.68519861539471 58433
stats: connect 11 132.33396218039772 2.5822340793232166 1120.573974609375 120.591064453125 132.56331861413048 1150
stats: 302 333 36316
stats: nomatch 552 58985
stats: 200 219 22669
stats: size_rcv 876985 104425391
stats: size_sent 204693 21655998
stats: connected 4 212
# stats: dump at 1400153170
stats: users 220 240
stats: session 7 234116.14031110491 21743.65207616854 333507.34814453125 139556.26806640625 220289.08903029092 949
stats: users_count 6 1176
stats: finish_users_count 7 956
stats: request 545 112.34171713732798 44.714435072485074 5301.044921875 33.7900390625 127.50169321467455 58985
stats: page 545 112.34171713732798 44.714435072485074 5301.044921875 33.7900390625 127.50169321467455 58985
stats: connect 14 135.17954799107142 6.781620660734903 1120.573974609375 120.591064453125 132.5611455557575 1161
stats: 302 340 36656
stats: nomatch 545 59530
stats: 200 205 22874
stats: size_rcv 972004 105397395
stats: size_sent 199326 21855324
stats: connected 8 220
# stats: dump at 1400153180
stats: users 221 240
stats: session 15 210140.07903645834 26465.253884697482 333507.34814453125 139556.26806640625 220390.33312962743 956
stats: users_count 16 1192
stats: finish_users_count 15 971
stats: page 560 118.88336138044085 53.05110220995607 5301.044921875 33.7900390625 127.36290290790227 59530
stats: 302 333 36989
stats: request 560 118.88336138044085 53.05110220995607 5301.044921875 33.7900390625 127.36290290790227 59530
stats: connect 14 133.08794294084822 5.872378030306908 1120.573974609375 120.591064453125 132.5923435422208 1175
stats: nomatch 560 60090
stats: 200 227 23101
stats: size_rcv 1109165 106506560
stats: size_sent 208930 22064254
stats: connected -2 218
# stats: dump at 1400153190
stats: users 227 240
stats: session 3 208885.53800455728 22026.630866851538 333507.34814453125 139556.26806640625 220231.98728884727 971
stats: users_count 9 1201
stats: finish_users_count 3 974
stats: request 554 108.7380040578464 47.401176485292076 5301.044921875 33.7900390625 127.28387905609034 60090
stats: 302 356 37345
stats: page 554 108.7380040578464 47.401176485292076 5301.044921875 33.7900390625 127.28387905609034 60090
stats: connect 7 132.17518833705358 3.261737678824402 1120.573974609375 120.591064453125 132.59817902714997 1189
stats: nomatch 554 60644
stats: 200 198 23299
stats: size_rcv 903902 107410462
stats: size_sent 199980 22264234
stats: connected 4 222
# stats: dump at 1400153200
stats: users 230 240
stats: session 9 213415.07492404513 16018.201842313434 333507.34814453125 139556.26806640625 220197.0392931051 974
stats: users_count 12 1213
stats: finish_users_count 9 983
stats: request 527 117.64157376660341 49.369181381034956 5301.044921875 33.7900390625 127.11445727076901 60644
stats: 302 302 37647
stats: page 527 117.64157376660341 49.369181381034956 5301.044921875 33.7900390625 127.11445727076901 60644
stats: connect 15 133.526513671875 3.1553042122164476 1120.573974609375 120.591064453125 132.595703329131 1196
stats: nomatch 527 61171
stats: 200 225 23524
stats: size_rcv 963748 108374210
stats: size_sent 191556 22455790
stats: connected 7 229
# stats: dump at 1400153210
stats: users 228 240
stats: session 10 224920.13872070314 15223.897210221421 333507.34814453125 139556.26806640625 220134.94602828156 983
stats: users_count 8 1221
stats: finish_users_count 10 993
stats: request 599 118.97249240270237 48.90516734632956 5301.044921875 33.7900390625 127.03284654662366 61171
stats: page 599 118.97249240270237 48.90516734632956 5301.044921875 33.7900390625 127.03284654662366 61171
stats: connect 7 132.525390625 3.9133211189155817 1120.573974609375 120.591064453125 132.60723277185699 1211
stats: 302 364 38011
stats: nomatch 599 61770
stats: 200 235 23759
stats: size_rcv 1028126 109402336
stats: size_sent 224031 22679821
stats: connected -4 225
# stats: dump at 1400153220
stats: users 234 240
stats: session 6 218511.8300374349 23252.928151808974 333507.34814453125 139556.26806640625 220183.1352799676 993
stats: users_count 12 1233
stats: finish_users_count 6 999
stats: request 594 123.85923155710756 52.7691233950401 5301.044921875 33.7900390625 126.95468316420163 61770
stats: page 594 123.85923155710756 52.7691233950401 5301.044921875 33.7900390625 126.95468316420163 61770
stats: 302 381 38392
stats: connect 7 133.62765066964286 2.248011241566786 1120.573974609375 120.591064453125 132.60676241469113 1218
stats: nomatch 594 62364
stats: 200 213 23972
stats: size_rcv 1138849 110541185
stats: size_sent 216633 22896454
stats: connected 1 226
# stats: dump at 1400153230
stats: users 237 240
stats: session 10 221032.61760253907 23365.375338808262 333507.34814453125 139556.26806640625 220173.09741064307 999
stats: users_count 13 1246
stats: finish_users_count 10 1009
stats: page 580 116.95319319100216 47.08765702831254 5301.044921875 33.7900390625 126.92519983640652 62364
stats: request 580 116.95319319100216 47.08765702831254 5301.044921875 33.7900390625 126.92519983640652 62364
stats: connect 17 129.17127182904412 3.2575468509763965 1120.573974609375 120.591064453125 132.6125960618623 1225
stats: 302 359 38751
stats: nomatch 580 62944
stats: 200 221 24193
stats: size_rcv 1021603 111562788
stats: size_sent 211709 23108163
stats: connected 7 233
# stats: dump at 1400153240
stats: users 228 240
stats: session 16 228199.4242553711 32712.353317221954 333507.34814453125 139556.26806640625 220181.6159457461 1009
stats: users_count 7 1253
stats: finish_users_count 16 1025
stats: request 610 124.48468237704918 49.47948918382875 5301.044921875 33.7900390625 126.83331238320471 62944
stats: connect 8 130.00848388671875 2.105380414726883 1120.573974609375 120.591064453125 132.56549259007653 1242
stats: page 610 124.48468237704918 49.47948918382875 5301.044921875 33.7900390625 126.83331238320471 62944
stats: 302 405 39156
stats: nomatch 610 63554
stats: 200 205 24398
stats: size_rcv 814252 112377040
stats: size_sent 225277 23333440
stats: connected -8 225
# stats: dump at 1400153250
stats: users 231 240
stats: session 7 217487.41957310267 27304.131056978076 333507.34814453125 139556.26806640625 220306.77197789634 1025
stats: users_count 10 1263
stats: finish_users_count 7 1032
stats: page 563 126.06366823240452 70.88855152028842 5301.044921875 33.7900390625 126.8107699106026 63554
stats: request 563 126.06366823240452 70.88855152028842 5301.044921875 33.7900390625 126.8107699106026 63554
stats: 302 335 39491
stats: connect 9 133.29814995659723 6.5083798650837545 1120.573974609375 120.591064453125 132.54912773437505 1250
stats: nomatch 563 64117
stats: 200 228 24626
stats: size_rcv 926405 113303445
stats: size_sent 207389 23540829
stats: connected 3 228
# stats: dump at 1400153260
stats: users 225 240
stats: session 11 218965.63405539774 26218.1647465117 333507.34814453125 139556.26806640625 220287.64846352275 1032
stats: users_count 5 1268
stats: finish_users_count 11 1043
stats: request 594 134.0609015776253 60.31326841917376 5301.044921875 33.7900390625 126.80420974333299 64117
stats: page 594 134.0609015776253 60.31326841917376 5301.044921875 33.7900390625 126.80420974333299 64117
stats: 302 382 39873
stats: connect 9 134.30333116319446 8.107275597045408 1120.573974609375 120.591064453125 132.55448214263558 1259
stats: nomatch 594 64711
stats: 200 212 24838
stats: size_rcv 928931 114232376
stats: size_sent 216952 23757781
stats: connected -3 225
# stats: dump at 1400153270
stats: users 221 240
stats: session 16 226268.79620361328 30080.678139490097 333507.34814453125 139556.26806640625 220273.7058379337 1043
stats: users_count 12 1280
stats: finish_users_count 16 1059
stats: request 566 119.09205826937946 44.929572994033876 5301.044921875 33.7900390625 126.87082090603438 64711
stats: page 566 119.09205826937946 44.929572994033876 5301.044921875 33.7900390625 126.87082090603438 64711
stats: 302 362 40235
stats: connect 9 132.49441189236111 2.570638496017767 1120.573974609375 120.591064453125 132.56689510886983 1268
stats: nomatch 566 65277
stats: 200 204 25042
stats: size_rcv 850612 115082988
stats: size_sent 208548 23966329
stats: connected -6 219
# stats: dump at 1400153280
stats: users 226 240
stats: session 9 221386.34255642362 31092.447130138124 333507.34814453125 139556.26806640625 220364.28321834057 1059
stats: users_count 14 1294
stats: finish_users_count 9 1068
stats: request 571 117.11425310926555 66.99477463732569 5301.044921875 33.7900390625 126.80337326517548 65277
stats: page 571 117.11425310926555 66.99477463732569 5301.044921875 33.7900390625 126.80337326517548 65277
stats: 302 370 40605
stats: connect 9 242.932861328125 310.5817446885763 1121.325927734375 120.591064453125 132.566384263961 1277
stats: nomatch 571 65848
stats: 200 201 25243
stats: size_rcv 727717 115810705
stats: size_sent 208738 24175067
stats: connected -1 218
# stats: dump at 1400153290
stats: users 231 240
stats: session 8 208858.8395690918 15772.473461054617 333507.34814453125 139556.26806640625 220372.89607793116 1068
stats: users_count 13 1307
stats: finish_users_count 8 1076
stats: request 558 116.23309479306671 52.631710977136954 5301.044921875 33.7900390625 126.71935419688145 65848
stats: page 558 116.23309479306671 52.631710977136954 5301.044921875 33.7900390625 126.71935419688145 65848
stats: 302 326 40931
stats: connect 13 131.30314753605768 4.41815373249078 1121.325927734375 120.591064453125 133.33877796036649 1286
stats: nomatch 558 66406
stats: 200 232 25475
stats: size_rcv 1224244 117034949
stats: size_sent 208284 24383351
stats: connected 6 224
# stats: dump at 1400153300
stats: users 236 240
stats: session 6 226457.08764648438 27675.183521739906 333507.34814453125 139556.26806640625 220287.2897098357 1076
stats: users_count 11 1318
stats: finish_users_count 6 1082
stats: 302 337 41268
stats: request 550 114.81813831676135 48.24172247077415 5301.044921875 33.7900390625 126.63123967790231 66406
stats: page 550 114.81813831676135 48.24172247077415 5301.044921875 33.7900390625 126.63123967790231 66406
stats: connect 11 130.9551669034091 4.24342109358731 1121.325927734375 120.591064453125 133.3184059853734 1299
stats: nomatch 550 66956
stats: 200 213 25688
stats: size_rcv 930856 117965805
stats: size_sent 199515 24582866
stats: connected 4 228
# stats: dump at 1400153310
stats: users 231 240
stats: session 10 235217.0610839844 20477.407513123057 333507.34814453125 139556.26806640625 220321.50300708142 1082
stats: users_count 5 1323
stats: finish_users_count 10 1092
stats: page 634 138.73991937968245 72.65745091389243 5301.044921875 33.7900390625 126.53420273201804 66956
stats: request 634 138.73991937968245 72.65745091389243 5301.044921875 33.7900390625 126.53420273201804 66956
stats: connect 12 134.57267252604166 5.974231041102351 1121.325927734375 120.591064453125 133.2985619930821 1310
stats: 302 386 41654
stats: nomatch 634 67590
stats: 200 248 25936
stats: size_rcv 952584 118918389
stats: size_sent 230844 24813710
stats: connected 3 231
# stats: dump at 1400153320
stats: users 221 240
stats: session 17 220796.10729262407 25880.14811112803 333507.34814453125 139556.26806640625 220457.90921657687 1092
stats: users_count 7 1330
stats: finish_users_count 17 1109
stats: page 558 214.10550418976814 258.7778659377103 5301.044921875 33.7900390625 126.64869340156412 67590
stats: 302 358 42012
stats: request 558 214.10550418976814 258.7778659377103 5301.044921875 33.7900390625 126.64869340156412 67590
stats: connect 4 132.9332275390625 2.9506058948619875 1121.325927734375 120.591064453125 133.31012729292743 1322
stats: nomatch 558 68148
stats: 200 200 26136
stats: size_rcv 834915 119753304
stats: size_sent 208864 25022574
stats: connected -14 217
